2014-03-20T18:05:56.289-0500: -1522
2014-03-20T18:05:56.956-0500: 870
2014-03-20T18:05:57.514-0500: 974
2014-03-20T18:05:58.118-0500: -723
2014-03-20T18:05:58.659-0500: -760
2014-03-20T18:05:59.194-0500: 2816
2014-03-20T18:05:59.739-0500: -1020
2014-03-20T18:06:00.233-0500: -1168
2014-03-20T18:06:00.716-0500: 2824
2014-03-20T18:06:01.162-0500: -1184
2014-03-20T18:06:01.609-0500: -891
2014-03-20T18:06:02.042-0500: 2812
2014-03-20T18:06:02.459-0500: -904
2014-03-20T18:06:02.903-0500: -676
2014-03-20T18:06:03.356-0500: -900
2014-03-20T18:06:03.817-0500: 3004
2014-03-20T18:06:04.256-0500: -688
2014-03-20T18:06:04.705-0500: -808
2014-03-20T18:06:05.159-0500: -544
2014-03-20T18:06:05.603-0500: -688
2014-03-20T18:06:06.064-0500: 3560
2014-03-20T18:06:06.466-0500: -336
2014-03-20T18:06:06.895-0500: -336
2014-03-20T18:06:07.356-0500: -384
2014-03-20T18:06:07.761-0500: -344
2014-03-20T18:06:08.134-0500: -320
2014-03-20T18:06:08.463-0500: -152
2014-03-20T18:06:08.772-0500: -232
2014-03-20T18:06:09.100-0500: -72
2014-03-20T18:06:09.422-0500: -144
2014-03-20T18:06:09.730-0500: 3816
2014-03-20T18:06:10.049-0500: -80
2014-03-20T18:06:10.367-0500: 48
2014-03-20T18:06:10.684-0500: 136
2014-03-20T18:06:11.015-0500: 16
2014-03-20T18:06:11.335-0500: -24
2014-03-20T18:06:11.657-0500: 40
2014-03-20T18:06:11.977-0500: 104
2014-03-20T18:06:12.303-0500: 48
2014-03-20T18:06:12.626-0500: 136
2014-03-20T18:06:12.943-0500: 168
2014-03-20T18:06:13.272-0500: 200
2014-03-20T18:06:13.598-0500: 336
2014-03-20T18:06:13.920-0500: 272
2014-03-20T18:06:14.241-0500: 160
2014-03-20T18:06:14.566-0500: 440
2014-03-20T18:06:14.891-0500: 224
2014-03-20T18:06:15.223-0500: 336
2014-03-20T18:06:15.539-0500: 272
2014-03-20T18:06:15.849-0500: 224
2014-03-20T18:06:16.152-0500: 200
2014-03-20T18:06:16.460-0500: 200
2014-03-20T18:06:16.782-0500: 272
2014-03-20T18:06:17.113-0500: 160
2014-03-20T18:06:17.436-0500: 240
2014-03-20T18:06:17.763-0500: -3672
2014-03-20T18:06:18.091-0500: 160
2014-03-20T18:06:18.408-0500: 160
2014-03-20T18:06:18.728-0500: 280
2014-03-20T18:06:19.066-0500: 232
2014-03-20T18:06:19.406-0500: 144
2014-03-20T18:06:19.734-0500: 216
2014-03-20T18:06:20.051-0500: 232
2014-03-20T18:06:20.362-0500: 168
2014-03-20T18:06:20.680-0500: 248
2014-03-20T18:06:21.015-0500: 176
2014-03-20T18:06:21.346-0500: 304
2014-03-20T18:06:21.686-0500: 168
2014-03-20T18:06:22.004-0500: 288
2014-03-20T18:06:22.339-0500: 224
2014-03-20T18:06:22.668-0500: 296
2014-03-20T18:06:23.012-0500: 256
2014-03-20T18:06:23.338-0500: 240
2014-03-20T18:06:23.674-0500: 296
2014-03-20T18:06:23.997-0500: 272
2014-03-20T18:06:24.316-0500: 320
2014-03-20T18:06:24.633-0500: 192
2014-03-20T18:06:24.961-0500: 104
2014-03-20T18:06:25.287-0500: 424
2014-03-20T18:06:25.613-0500: 384
2014-03-20T18:06:25.932-0500: 224
2014-03-20T18:06:26.271-0500: 160
2014-03-20T18:06:26.597-0500: 304
2014-03-20T18:06:26.916-0500: 264
2014-03-20T18:06:27.256-0500: 264
2014-03-20T18:06:27.587-0500: 264
2014-03-20T18:06:27.910-0500: 128
2014-03-20T18:06:28.240-0500: 168
2014-03-20T18:06:28.560-0500: 272
2014-03-20T18:06:28.883-0500: -3640
2014-03-20T18:06:29.225-0500: 240
2014-03-20T18:06:29.543-0500: 224
2014-03-20T18:06:29.862-0500: 120
2014-03-20T18:06:30.186-0500: 224
2014-03-20T18:06:30.512-0500: 112
2014-03-20T18:06:30.840-0500: 296
2014-03-20T18:06:31.176-0500: 128
2014-03-20T18:06:31.503-0500: 352
2014-03-20T18:06:31.821-0500: 168
2014-03-20T18:06:32.148-0500: 216
2014-03-20T18:06:32.471-0500: 352
2014-03-20T18:06:32.802-0500: 216
2014-03-20T18:06:33.131-0500: 200
2014-03-20T18:06:33.451-0500: 352
2014-03-20T18:06:33.769-0500: 224
2014-03-20T18:06:34.091-0500: 208
2014-03-20T18:06:34.408-0500: 448
2014-03-20T18:06:34.729-0500: 200
2014-03-20T18:06:35.085-0500: 296
2014-03-20T18:06:35.409-0500: 344
2014-03-20T18:06:35.738-0500: 264
2014-03-20T18:06:36.061-0500: 216
2014-03-20T18:06:36.386-0500: 248
2014-03-20T18:06:36.707-0500: 408
2014-03-20T18:06:37.042-0500: 336
2014-03-20T18:06:37.368-0500: 280
2014-03-20T18:06:37.688-0500: 504
2014-03-20T18:06:38.016-0500: 424
2014-03-20T18:06:38.337-0500: 208
2014-03-20T18:06:38.670-0500: 296
2014-03-20T18:06:39.002-0500: 208
2014-03-20T18:06:39.326-0500: 304
2014-03-20T18:06:39.667-0500: -3624
2014-03-20T18:06:39.990-0500: 120
2014-03-20T18:06:40.304-0500: 168
2014-03-20T18:06:40.622-0500: 248
2014-03-20T18:06:40.942-0500: 192
2014-03-20T18:06:41.273-0500: 160
2014-03-20T18:06:41.590-0500: 256
2014-03-20T18:06:41.912-0500: 208
2014-03-20T18:06:42.228-0500: 328
2014-03-20T18:06:42.541-0500: 144
2014-03-20T18:06:42.859-0500: 304
2014-03-20T18:06:43.196-0500: 256
2014-03-20T18:06:43.523-0500: 200
2014-03-20T18:06:43.847-0500: 320
2014-03-20T18:06:44.187-0500: 232
2014-03-20T18:06:44.505-0500: 296
2014-03-20T18:06:44.817-0500: 232
2014-03-20T18:06:45.159-0500: 376
2014-03-20T18:06:45.489-0500: 232
2014-03-20T18:06:45.810-0500: 360
2014-03-20T18:06:46.128-0500: 240
2014-03-20T18:06:46.469-0500: 296
2014-03-20T18:06:46.788-0500: 328
2014-03-20T18:06:47.124-0500: 304
2014-03-20T18:06:47.445-0500: 104
2014-03-20T18:06:47.763-0500: 304
2014-03-20T18:06:48.083-0500: 328
2014-03-20T18:06:48.405-0500: 328
2014-03-20T18:06:48.714-0500: 200
2014-03-20T18:06:49.036-0500: 272
2014-03-20T18:06:49.348-0500: 240
2014-03-20T18:06:49.664-0500: 128
2014-03-20T18:06:49.981-0500: 272
2014-03-20T18:06:50.298-0500: -3600
2014-03-20T18:06:50.611-0500: 224
2014-03-20T18:06:50.939-0500: 232
2014-03-20T18:06:51.287-0500: 144
2014-03-20T18:06:51.602-0500: 256
2014-03-20T18:06:51.921-0500: 160
2014-03-20T18:06:52.242-0500: 304
2014-03-20T18:06:52.572-0500: 72
2014-03-20T18:06:52.899-0500: 360
2014-03-20T18:06:53.245-0500: 176
2014-03-20T18:06:53.573-0500: 240
2014-03-20T18:06:53.902-0500: 264
2014-03-20T18:06:54.228-0500: 272
2014-03-20T18:06:54.558-0500: 272
2014-03-20T18:06:54.885-0500: 296
2014-03-20T18:06:55.233-0500: 248
2014-03-20T18:06:55.548-0500: 296
2014-03-20T18:06:55.870-0500: 272
2014-03-20T18:06:56.187-0500: 296
2014-03-20T18:06:56.503-0500: 304
2014-03-20T18:06:56.830-0500: 264
2014-03-20T18:06:57.167-0500: 360
2014-03-20T18:06:57.500-0500: 200
2014-03-20T18:06:57.829-0500: 264
2014-03-20T18:06:58.152-0500: 368
2014-03-20T18:06:58.481-0500: 232
2014-03-20T18:06:58.803-0500: 240
2014-03-20T18:06:59.141-0500: 104
2014-03-20T18:06:59.474-0500: 384
2014-03-20T18:06:59.812-0500: 232
2014-03-20T18:07:00.130-0500: 128
2014-03-20T18:07:00.454-0500: 248
2014-03-20T18:07:00.778-0500: 176
2014-03-20T18:07:01.111-0500: 264
2014-03-20T18:07:01.431-0500: -3640
2014-03-20T18:07:01.752-0500: 232
2014-03-20T18:07:02.065-0500: 200
2014-03-20T18:07:02.385-0500: 232
2014-03-20T18:07:02.705-0500: 112
2014-03-20T18:07:03.041-0500: 448
2014-03-20T18:07:03.355-0500: 40
2014-03-20T18:07:03.687-0500: 240
2014-03-20T18:07:04.017-0500: 312
2014-03-20T18:07:04.335-0500: 104
2014-03-20T18:07:04.659-0500: 360
2014-03-20T18:07:04.996-0500: -8
2014-03-20T18:07:05.332-0500: 432
2014-03-20T18:07:05.680-0500: 144
2014-03-20T18:07:06.018-0500: 368
2014-03-20T18:07:06.353-0500: 296
2014-03-20T18:07:06.680-0500: 256
2014-03-20T18:07:07.014-0500: 304
2014-03-20T18:07:07.355-0500: 232
2014-03-20T18:07:07.691-0500: 392
2014-03-20T18:07:08.025-0500: 192
2014-03-20T18:07:08.352-0500: 456
2014-03-20T18:07:08.693-0500: 136
2014-03-20T18:07:09.030-0500: 336
2014-03-20T18:07:09.361-0500: 176
2014-03-20T18:07:09.686-0500: 360
2014-03-20T18:07:10.017-0500: 336
2014-03-20T18:07:10.334-0500: 176
2014-03-20T18:07:10.664-0500: 264
2014-03-20T18:07:10.994-0500: 184
2014-03-20T18:07:11.333-0500: 328
2014-03-20T18:07:11.649-0500: 232
2014-03-20T18:07:11.975-0500: 200
2014-03-20T18:07:12.302-0500: -3656
2014-03-20T18:07:12.617-0500: 336
2014-03-20T18:07:12.944-0500: 160
2014-03-20T18:07:13.288-0500: 112
2014-03-20T18:07:13.605-0500: 168
2014-03-20T18:07:13.927-0500: 280
2014-03-20T18:07:14.244-0500: 240
2014-03-20T18:07:14.559-0500: 272
2014-03-20T18:07:14.872-0500: 136
2014-03-20T18:07:15.212-0500: 272
2014-03-20T18:07:15.543-0500: 296
2014-03-20T18:07:15.872-0500: 128
2014-03-20T18:07:16.187-0500: 392
2014-03-20T18:07:16.514-0500: 232
2014-03-20T18:07:16.844-0500: 288
2014-03-20T18:07:17.178-0500: 232
2014-03-20T18:07:17.513-0500: 296
2014-03-20T18:07:17.846-0500: 328
2014-03-20T18:07:18.177-0500: 232
2014-03-20T18:07:18.517-0500: 368
2014-03-20T18:07:18.841-0500: 200
2014-03-20T18:07:19.176-0500: 336
2014-03-20T18:07:19.507-0500: 320
2014-03-20T18:07:19.843-0500: 200
2014-03-20T18:07:20.163-0500: 296
2014-03-20T18:07:20.481-0500: 328
2014-03-20T18:07:20.806-0500: 176
2014-03-20T18:07:21.147-0500: 232
2014-03-20T18:07:21.492-0500: 240
2014-03-20T18:07:21.839-0500: 272
2014-03-20T18:07:22.186-0500: 296
2014-03-20T18:07:22.529-0500: 136
2014-03-20T18:07:22.850-0500: -3480
2014-03-20T18:07:23.193-0500: 280
2014-03-20T18:07:23.534-0500: 192
2014-03-20T18:07:23.866-0500: 416
2014-03-20T18:07:24.186-0500: 240
2014-03-20T18:07:24.511-0500: 240
2014-03-20T18:07:24.833-0500: 392
2014-03-20T18:07:25.165-0500: 256
2014-03-20T18:07:25.497-0500: 272
2014-03-20T18:07:25.827-0500: 401
2014-03-20T18:07:26.146-0500: 304
2014-03-20T18:07:26.473-0500: 304
2014-03-20T18:07:26.787-0500: 296
2014-03-20T18:07:27.104-0500: 224
2014-03-20T18:07:27.432-0500: 336
2014-03-20T18:07:27.735-0500: 240
2014-03-20T18:07:28.047-0500: 360
2014-03-20T18:07:28.374-0500: 296
2014-03-20T18:07:28.694-0500: 280
2014-03-20T18:07:29.030-0500: 232
2014-03-20T18:07:29.353-0500: 320
2014-03-20T18:07:29.670-0500: 320
2014-03-20T18:07:29.999-0500: 264
2014-03-20T18:07:30.331-0500: 208
2014-03-20T18:07:30.659-0500: 400
2014-03-20T18:07:31.017-0500: 176
2014-03-20T18:07:31.350-0500: 304
2014-03-20T18:07:31.685-0500: 336
2014-03-20T18:07:32.010-0500: 192
2014-03-20T18:07:32.334-0500: 240
2014-03-20T18:07:32.658-0500: 272
2014-03-20T18:07:33.008-0500: 128
2014-03-20T18:07:33.329-0500: -3568
2014-03-20T18:07:33.654-0500: 224
2014-03-20T18:07:33.984-0500: 144
2014-03-20T18:07:34.309-0500: 224
2014-03-20T18:07:34.632-0500: 128
2014-03-20T18:07:34.941-0500: 224
2014-03-20T18:07:35.285-0500: 192
2014-03-20T18:07:35.599-0500: 368
2014-03-20T18:07:35.917-0500: 152
2014-03-20T18:07:36.225-0500: 176
2014-03-20T18:07:36.543-0500: 232
2014-03-20T18:07:36.856-0500: 224
2014-03-20T18:07:37.188-0500: 208
2014-03-20T18:07:37.519-0500: 328
