Time      Active (kB) Inactive (kB) Dirty (kB) AnonPages (kB) Mapped (kB) PageTables (kB) AnonHugePages (kB)
23:05:59  2871668     564128        204        2592276        51896       15904           2340864           
23:06:01  2878008     564100        260        2597184        52124       16024           2340864           
23:06:03  2881532     564100        280        2601076        52136       16388           2340864           
23:06:05  2885608     564100        308        2604876        52184       16000           2340864           
23:06:07  2887676     564108        324        2606872        52132       15704           2340864           
23:06:09  2876684     564112        324        2596396        52152       16676           2340864           
23:06:11  2874272     564124        340        2593236        52136       16408           2340864           
23:06:13  2873784     564120        344        2593132        52148       16132           2340864           
23:06:15  2873820     564136        360        2592764        52184       15900           2340864           
23:06:17  2875612     564140        364        2594584        52152       16188           2340864           
23:06:19  2876088     564148        364        2594896        52228       16332           2340864           
23:06:21  2876884     564140        372        2596024        52280       16460           2340864           
23:06:23  2876084     564144        176        2595336        52224       16436           2340864           
23:06:25  2871240     564156        212        2590364        52132       16624           2340864           
23:06:27  2877020     564172        220        2595968        52136       16184           2340864           
23:06:29  2871324     564168        192        2590256        52136       16180           2340864           
23:06:31  2871384     564176        224        2590300        52136       16400           2340864           
23:06:33  2871332     564184        100        2590240        52136       16108           2340864           
23:06:35  2871384     564192        180        2590328        52136       16108           2340864           
23:06:37  2871792     564204        204        2590716        52248       16252           2340864           
23:06:39  2871520     564200        196        2590524        52136       16112           2340864           
23:06:41  2871632     564208        184        2590592        52136       16112           2340864           
23:06:43  2871712     564212        204        2590636        52136       16112           2340864           
23:06:45  2871856     564216        172        2590748        52136       16112           2340864           
23:06:47  2871848     564224        212        2590788        52136       16116           2340864           
23:06:49  2871988     564228        220        2590920        52136       16112           2340864           
23:06:51  2872120     564244        220        2591028        52136       16116           2340864           
23:06:53  2872200     564244        212        2591092        52136       16116           2340864           
23:06:55  2872152     564248        232        2591096        52136       16132           2340864           
23:06:57  2871916     564252        232        2590564        52132       16016           2340864           
23:06:59  2872520     564256        148        2591448        52136       16116           2340864           
23:07:01  2872732     564264        164        2591624        52136       16112           2340864           
23:07:03  2872812     564268        56         2591700        52136       16112           2340864           
23:07:05  2882016     564264        140        2601048        52680       16948           2340864           
23:07:07  2887624     564280        148        2606400        52660       16200           2340864           
23:07:09  2873760     564276        172        2592492        52284       16756           2340864           
23:07:11  2873008     564284        164        2591204        52140       16148           2340864           
23:07:13  2873564     564296        200        2592060        52156       16644           2340864           
23:07:15  2882404     564304        216        2600692        53276       16740           2340864           
23:07:17  2874148     564304        196        2591748        52136       16112           2340864           
23:07:19  2882008     564312        220        2601572        52680       16116           2340864           
23:07:21  2882536     564312        228        2601384        53244       16132           2340864           
23:07:23  2873472     564320        212        2592720        52268       16740           2340864           
23:07:25  2874228     564332        228        2592700        52136       16408           2340864           
23:07:27  2873832     564324        220        2592604        52136       16348           2340864           
23:07:29  2874352     564328        212        2592804        52220       16164           2340864           
23:07:31  2874484     564332        216        2592996        52136       16124           2340864           
23:07:33  2874312     564340        100        2593120        52136       16116           2340864           
23:07:35  2874692     564352        128        2593500        52248       16260           2340864           
23:07:37  2874496     564360        124        2593252        52136       16120           2340864           
