Linux 2.6.32-431.3.1.el6.x86_64 (mule-perflab03.managed.contegix.com) 	03/20/2014 	_x86_64_	(24 CPU)

06:05:58 PM       DEV       tps  rd_sec/s  wr_sec/s  avgrq-sz  avgqu-sz     await     svctm     %util
06:06:00 PM       sda      0.00      0.00      0.00      0.00      0.00      0.00      0.00      0.00

06:06:00 PM       DEV       tps  rd_sec/s  wr_sec/s  avgrq-sz  avgqu-sz     await     svctm     %util
06:06:02 PM       sda      0.00      0.00      0.00      0.00      0.00      0.00      0.00      0.00

06:06:02 PM       DEV       tps  rd_sec/s  wr_sec/s  avgrq-sz  avgqu-sz     await     svctm     %util
06:06:04 PM       sda      3.08      0.00     73.85     24.00      0.00      0.00      0.00      0.00

06:06:04 PM       DEV       tps  rd_sec/s  wr_sec/s  avgrq-sz  avgqu-sz     await     svctm     %util
06:06:06 PM       sda      0.00      0.00      0.00      0.00      0.00      0.00      0.00      0.00

06:06:06 PM       DEV       tps  rd_sec/s  wr_sec/s  avgrq-sz  avgqu-sz     await     svctm     %util
06:06:08 PM       sda      0.51      0.00      8.08     16.00      0.00      3.00      3.00      0.15

06:06:08 PM       DEV       tps  rd_sec/s  wr_sec/s  avgrq-sz  avgqu-sz     await     svctm     %util
06:06:10 PM       sda      2.55      0.00     44.90     17.60      0.00      0.00      0.00      0.00

06:06:10 PM       DEV       tps  rd_sec/s  wr_sec/s  avgrq-sz  avgqu-sz     await     svctm     %util
06:06:12 PM       sda      0.00      0.00      0.00      0.00      0.00      0.00      0.00      0.00

06:06:12 PM       DEV       tps  rd_sec/s  wr_sec/s  avgrq-sz  avgqu-sz     await     svctm     %util
06:06:14 PM       sda      1.03      0.00     28.72     28.00      0.00      0.50      0.50      0.05

06:06:14 PM       DEV       tps  rd_sec/s  wr_sec/s  avgrq-sz  avgqu-sz     await     svctm     %util
06:06:16 PM       sda      0.00      0.00      0.00      0.00      0.00      0.00      0.00      0.00

06:06:16 PM       DEV       tps  rd_sec/s  wr_sec/s  avgrq-sz  avgqu-sz     await     svctm     %util
06:06:18 PM       sda      2.06      0.00     16.49      8.00      0.00      0.00      0.00      0.00

06:06:18 PM       DEV       tps  rd_sec/s  wr_sec/s  avgrq-sz  avgqu-sz     await     svctm     %util
06:06:20 PM       sda      1.54      0.00     49.23     32.00      0.00      0.67      0.33      0.05

06:06:20 PM       DEV       tps  rd_sec/s  wr_sec/s  avgrq-sz  avgqu-sz     await     svctm     %util
06:06:22 PM       sda      0.00      0.00      0.00      0.00      0.00      0.00      0.00      0.00

06:06:22 PM       DEV       tps  rd_sec/s  wr_sec/s  avgrq-sz  avgqu-sz     await     svctm     %util
06:06:24 PM       sda     20.92      0.00    232.65     11.12      0.00      0.02      0.02      0.05

06:06:24 PM       DEV       tps  rd_sec/s  wr_sec/s  avgrq-sz  avgqu-sz     await     svctm     %util
06:06:26 PM       sda      0.00      0.00      0.00      0.00      0.00      0.00      0.00      0.00

06:06:26 PM       DEV       tps  rd_sec/s  wr_sec/s  avgrq-sz  avgqu-sz     await     svctm     %util
06:06:28 PM       sda      1.03      0.00     36.92     36.00      0.00      2.50      1.50      0.15

06:06:28 PM       DEV       tps  rd_sec/s  wr_sec/s  avgrq-sz  avgqu-sz     await     svctm     %util
06:06:30 PM       sda      2.04      0.00     57.14     28.00      0.00      0.25      0.25      0.05

06:06:30 PM       DEV       tps  rd_sec/s  wr_sec/s  avgrq-sz  avgqu-sz     await     svctm     %util
06:06:32 PM       sda      0.00      0.00      0.00      0.00      0.00      0.00      0.00      0.00

06:06:32 PM       DEV       tps  rd_sec/s  wr_sec/s  avgrq-sz  avgqu-sz     await     svctm     %util
06:06:34 PM       sda      1.54      0.00    131.28     85.33      0.00      3.00      1.00      0.15

06:06:34 PM       DEV       tps  rd_sec/s  wr_sec/s  avgrq-sz  avgqu-sz     await     svctm     %util
06:06:36 PM       sda      4.57      0.00     69.04     15.11      0.00      0.00      0.00      0.00

06:06:36 PM       DEV       tps  rd_sec/s  wr_sec/s  avgrq-sz  avgqu-sz     await     svctm     %util
06:06:38 PM       sda      0.51      0.00     20.30     40.00      0.00      3.00      3.00      0.15

06:06:38 PM       DEV       tps  rd_sec/s  wr_sec/s  avgrq-sz  avgqu-sz     await     svctm     %util
06:06:40 PM       sda      7.65      0.00    118.37     15.47      0.00      0.20      0.07      0.05

06:06:40 PM       DEV       tps  rd_sec/s  wr_sec/s  avgrq-sz  avgqu-sz     await     svctm     %util
06:06:42 PM       sda      0.00      0.00      0.00      0.00      0.00      0.00      0.00      0.00

06:06:42 PM       DEV       tps  rd_sec/s  wr_sec/s  avgrq-sz  avgqu-sz     await     svctm     %util
06:06:44 PM       sda      0.00      0.00      0.00      0.00      0.00      0.00      0.00      0.00

06:06:44 PM       DEV       tps  rd_sec/s  wr_sec/s  avgrq-sz  avgqu-sz     await     svctm     %util
06:06:46 PM       sda      7.18      0.00     94.36     13.14      0.00      0.29      0.07      0.05

06:06:46 PM       DEV       tps  rd_sec/s  wr_sec/s  avgrq-sz  avgqu-sz     await     svctm     %util
06:06:48 PM       sda      1.02      0.00      8.16      8.00      0.00      3.00      1.50      0.15

06:06:48 PM       DEV       tps  rd_sec/s  wr_sec/s  avgrq-sz  avgqu-sz     await     svctm     %util
06:06:50 PM       sda      7.18      0.00     90.26     12.57      0.00      0.00      0.00      0.00

06:06:50 PM       DEV       tps  rd_sec/s  wr_sec/s  avgrq-sz  avgqu-sz     await     svctm     %util
06:06:52 PM       sda      0.00      0.00      0.00      0.00      0.00      0.00      0.00      0.00

06:06:52 PM       DEV       tps  rd_sec/s  wr_sec/s  avgrq-sz  avgqu-sz     await     svctm     %util
06:06:54 PM       sda      0.51      0.00     20.41     40.00      0.00      3.00      3.00      0.15

06:06:54 PM       DEV       tps  rd_sec/s  wr_sec/s  avgrq-sz  avgqu-sz     await     svctm     %util
06:06:56 PM       sda      6.57      0.00     84.85     12.92      0.00      0.00      0.00      0.00

06:06:56 PM       DEV       tps  rd_sec/s  wr_sec/s  avgrq-sz  avgqu-sz     await     svctm     %util
06:06:58 PM       sda      7.11      0.00     85.28     12.00      0.00      0.00      0.00      0.00

06:06:58 PM       DEV       tps  rd_sec/s  wr_sec/s  avgrq-sz  avgqu-sz     await     svctm     %util
06:07:00 PM       sda      8.25      0.00    103.09     12.50      0.00      0.00      0.00      0.00

06:07:00 PM       DEV       tps  rd_sec/s  wr_sec/s  avgrq-sz  avgqu-sz     await     svctm     %util
06:07:02 PM       sda      0.00      0.00      0.00      0.00      0.00      0.00      0.00      0.00

06:07:02 PM       DEV       tps  rd_sec/s  wr_sec/s  avgrq-sz  avgqu-sz     await     svctm     %util
06:07:04 PM       sda      9.64      0.00    121.83     12.63      0.00      0.16      0.05      0.05

06:07:04 PM       DEV       tps  rd_sec/s  wr_sec/s  avgrq-sz  avgqu-sz     await     svctm     %util
06:07:06 PM       sda     11.28      0.00    131.28     11.64      0.00      0.00      0.00      0.00

06:07:06 PM       DEV       tps  rd_sec/s  wr_sec/s  avgrq-sz  avgqu-sz     await     svctm     %util
06:07:08 PM       sda      0.50      0.00      4.02      8.00      0.01     11.00     11.00      0.55

06:07:08 PM       DEV       tps  rd_sec/s  wr_sec/s  avgrq-sz  avgqu-sz     await     svctm     %util
06:07:10 PM       sda      0.00      0.00      0.00      0.00      0.00      0.00      0.00      0.00

06:07:10 PM       DEV       tps  rd_sec/s  wr_sec/s  avgrq-sz  avgqu-sz     await     svctm     %util
06:07:12 PM       sda      9.23      0.00    118.97     12.89      0.00      0.00      0.00      0.00

06:07:12 PM       DEV       tps  rd_sec/s  wr_sec/s  avgrq-sz  avgqu-sz     await     svctm     %util
06:07:14 PM       sda      0.00      0.00      0.00      0.00      0.00      0.00      0.00      0.00

06:07:14 PM       DEV       tps  rd_sec/s  wr_sec/s  avgrq-sz  avgqu-sz     await     svctm     %util
06:07:16 PM       sda      9.23      0.00    102.56     11.11      0.00      0.00      0.00      0.00

06:07:16 PM       DEV       tps  rd_sec/s  wr_sec/s  avgrq-sz  avgqu-sz     await     svctm     %util
06:07:18 PM       sda      1.02      0.00      8.12      8.00      0.00      3.00      1.50      0.15

06:07:18 PM       DEV       tps  rd_sec/s  wr_sec/s  avgrq-sz  avgqu-sz     await     svctm     %util
06:07:20 PM       sda      0.00      0.00      0.00      0.00      0.00      0.00      0.00      0.00

06:07:20 PM       DEV       tps  rd_sec/s  wr_sec/s  avgrq-sz  avgqu-sz     await     svctm     %util
06:07:22 PM       sda      8.76      0.00     94.85     10.82      0.00      0.29      0.06      0.05

06:07:22 PM       DEV       tps  rd_sec/s  wr_sec/s  avgrq-sz  avgqu-sz     await     svctm     %util
06:07:24 PM       sda      0.52      0.00     20.62     40.00      0.00      0.00      0.00      0.00

06:07:24 PM       DEV       tps  rd_sec/s  wr_sec/s  avgrq-sz  avgqu-sz     await     svctm     %util
06:07:26 PM       sda      6.63      0.00     85.71     12.92      0.00      0.00      0.00      0.00

06:07:26 PM       DEV       tps  rd_sec/s  wr_sec/s  avgrq-sz  avgqu-sz     await     svctm     %util
06:07:28 PM       sda      0.52      0.00     32.99     64.00      0.01     11.00     11.00      0.57

06:07:28 PM       DEV       tps  rd_sec/s  wr_sec/s  avgrq-sz  avgqu-sz     await     svctm     %util
06:07:30 PM       sda      0.00      0.00      0.00      0.00      0.00      0.00      0.00      0.00

06:07:30 PM       DEV       tps  rd_sec/s  wr_sec/s  avgrq-sz  avgqu-sz     await     svctm     %util
06:07:32 PM       sda      6.09      0.00     85.28     14.00      0.00      0.08      0.08      0.05

06:07:32 PM       DEV       tps  rd_sec/s  wr_sec/s  avgrq-sz  avgqu-sz     await     svctm     %util
06:07:34 PM       sda      7.81      0.00    100.00     12.80      0.00      0.00      0.00      0.00

06:07:34 PM       DEV       tps  rd_sec/s  wr_sec/s  avgrq-sz  avgqu-sz     await     svctm     %util
06:07:36 PM       sda      0.00      0.00      0.00      0.00      0.00      0.00      0.00      0.00

06:07:36 PM       DEV       tps  rd_sec/s  wr_sec/s  avgrq-sz  avgqu-sz     await     svctm     %util
06:07:38 PM       sda     10.61      0.00    157.58     14.86      0.00      0.00      0.00      0.00
