Linux 2.6.32-431.3.1.el6.x86_64 (mule-perflab03.managed.contegix.com) 	03/20/2014 	_x86_64_	(24 CPU)

06:05:58 PM kbmemfree kbmemused  %memused kbbuffers  kbcached  kbcommit   %commit
06:06:00 PM  33100724   3863444     10.45     63300    781836   3240024      7.87
06:06:02 PM  33095076   3869092     10.47     63300    781856   3255640      7.91
06:06:04 PM  33093500   3870668     10.47     63308    781856   3258588      7.92
06:06:06 PM  33090568   3873600     10.48     63308    781864   3264212      7.93
06:06:08 PM  33099636   3864532     10.45     63308    781868   3265384      7.93
06:06:10 PM  33099436   3864732     10.46     63316    781876   3265364      7.93
06:06:12 PM  33100084   3864084     10.45     63316    781888   3264932      7.93
06:06:14 PM  33100452   3863716     10.45     63324    781888   3264544      7.93
06:06:16 PM  33099232   3864936     10.46     63324    781908   3265900      7.93
06:06:18 PM  33100116   3864052     10.45     63324    781912   3264628      7.93
06:06:20 PM  33101084   3863084     10.45     63332    781920   3263644      7.93
06:06:22 PM  33098672   3865496     10.46     63332    781920   3264524      7.93
06:06:24 PM  33100704   3863464     10.45     63340    781920   3264708      7.93
06:06:26 PM  33100040   3864128     10.45     63340    781936   3264704      7.93
06:06:28 PM  33098412   3865756     10.46     63340    781940   3264528      7.93
06:06:30 PM  33099660   3864508     10.45     63348    781944   3264840      7.93
06:06:32 PM  33099100   3865068     10.46     63348    781956   3265228      7.93
06:06:34 PM  33100132   3864036     10.45     63348    781956   3266148      7.94
06:06:36 PM  33100632   3863536     10.45     63356    781964   3264960      7.93
06:06:38 PM  33100340   3863828     10.45     63356    781972   3264348      7.93
06:06:40 PM  33100964   3863204     10.45     63364    781980   3264728      7.93
06:06:42 PM  33102268   3861900     10.45     63364    781984   3264344      7.93
06:06:44 PM  33102340   3861828     10.45     63364    781988   3264148      7.93
06:06:46 PM  33102756   3861412     10.45     63372    782000   3264800      7.93
06:06:48 PM  33104132   3860036     10.44     63372    782000   3264600      7.93
06:06:50 PM  33102504   3861664     10.45     63380    782012   3264928      7.93
06:06:52 PM  33102036   3862132     10.45     63380    782020   3264948      7.93
06:06:54 PM  33102556   3861612     10.45     63380    782024   3266124      7.94
06:06:56 PM  33103728   3860440     10.44     63388    782028   3264844      7.93
06:06:58 PM  33104016   3860152     10.44     63388    782032   3264000      7.93
06:07:00 PM  33103956   3860212     10.44     63396    782036   3263872      7.93
06:07:02 PM  33103600   3860568     10.44     63396    782052   3264104      7.93
06:07:04 PM  33102600   3861568     10.45     63396    782056   3264704      7.93
06:07:06 PM  33101136   3863032     10.45     63404    782064   3264844      7.93
06:07:08 PM  33099856   3864312     10.45     63404    782068   3265472      7.93
06:07:10 PM  33098516   3865652     10.46     63404    782076   3265556      7.93
06:07:12 PM  33098092   3866076     10.46     63412    782084   3265892      7.93
06:07:14 PM  33100520   3863648     10.45     63412    782108   3264472      7.93
06:07:16 PM  33097880   3866288     10.46     63420    782116   3264444      7.93
06:07:18 PM  33098096   3866072     10.46     63420    782124   3264464      7.93
06:07:20 PM  33098660   3865508     10.46     63420    782136   3264872      7.93
06:07:22 PM  33096596   3867572     10.46     63428    782136   3264620      7.93
06:07:24 PM  33095876   3868292     10.46     63428    782144   3264672      7.93
06:07:26 PM  33096492   3867676     10.46     63432    782152   3264416      7.93
06:07:28 PM  33095980   3868188     10.46     63432    782160   3264308      7.93
06:07:30 PM  33095708   3868460     10.47     63432    782168   3264496      7.93
06:07:32 PM  33096164   3868004     10.46     63440    782176   3266088      7.94
06:07:34 PM  33097104   3867064     10.46     63440    782180   3264332      7.93
06:07:36 PM  33096532   3867636     10.46     63440    782188   3264340      7.93
06:07:38 PM  33096100   3868068     10.46     63448    782196   3264768      7.93
