Linux 2.6.32-431.3.1.el6.x86_64 (mule-perflab03.managed.contegix.com) 	03/20/2014 	_x86_64_	(24 CPU)

06:05:58 PM  pgpgin/s pgpgout/s   fault/s  majflt/s  pgfree/s pgscank/s pgscand/s pgsteal/s    %vmeff
06:06:00 PM      0.00      0.00  16852.31      0.00   8871.79      0.00      0.00      0.00      0.00
06:06:02 PM      0.00      0.00   2450.76      0.00   7515.23      0.00      0.00      0.00      0.00
06:06:04 PM      0.00     36.55   3583.76      0.00   8499.49      0.00      0.00      0.00      0.00
06:06:06 PM      0.00      0.00   8401.04      0.00  11292.23      0.00      0.00      0.00      0.00
06:06:08 PM      0.00      4.02   7611.06      0.00  13664.82      0.00      0.00      0.00      0.00
06:06:10 PM      0.00     22.34   6689.85      0.00  12854.82      0.00      0.00      0.00      0.00
06:06:12 PM      0.00      0.00   4098.97      0.00  11672.31      0.00      0.00      0.00      0.00
06:06:14 PM      0.00     14.29   3512.76      0.00  11734.18      0.00      0.00      0.00      0.00
06:06:16 PM      0.00      0.00   5691.28      0.00  12409.74      0.00      0.00      0.00      0.00
06:06:18 PM      0.00      8.25   2822.16      0.00  11517.01      0.00      0.00      0.00      0.00
06:06:20 PM      0.00     24.62   6335.90      0.00  12528.21      0.00      0.00      0.00      0.00
06:06:22 PM      0.00      0.00   8538.58      0.00  14708.63      0.00      0.00      0.00      0.00
06:06:24 PM      0.00    116.33   6368.37      0.00  12684.69      0.00      0.00      0.00      0.00
06:06:26 PM      0.00      0.00   4276.41      0.00  11514.36      0.00      0.00      0.00      0.00
06:06:28 PM      0.00     18.46   4082.56      0.00  11705.13      0.00      0.00      0.00      0.00
06:06:30 PM      0.00     28.57   3970.41      0.00  11676.53      0.00      0.00      0.00      0.00
06:06:32 PM      0.00      0.00   3526.80      0.00  11773.20      0.00      0.00      0.00      0.00
06:06:34 PM      0.00     99.49   1775.13      0.00  10584.77      0.00      0.00      0.00      0.00
06:06:36 PM      0.00      0.00   1203.06      0.00  10274.49      0.00      0.00      0.00      0.00
06:06:38 PM      0.00     10.15   1865.48      0.00  10604.06      0.00      0.00      0.00      0.00
06:06:40 PM      0.00     59.49   2266.15      0.00  10814.36      0.00      0.00      0.00      0.00
06:06:42 PM      0.00      0.00   1869.39      0.00  10834.18      0.00      0.00      0.00      0.00
06:06:44 PM      0.00      0.00   1920.00      0.00  10742.56      0.00      0.00      0.00      0.00
06:06:46 PM      0.00     46.94   1885.71      0.00  10675.51      0.00      0.00      0.00      0.00
06:06:48 PM      0.00      4.08   1893.37      0.00  10883.67      0.00      0.00      0.00      0.00
06:06:50 PM      0.00     45.36   1921.13      0.00  10941.24      0.00      0.00      0.00      0.00
06:06:52 PM      0.00      0.00   1872.96      0.00  10598.47      0.00      0.00      0.00      0.00
06:06:54 PM      0.00     10.20   1781.63      0.00  10325.00      0.00      0.00      0.00      0.00
06:06:56 PM      0.00     42.64   1189.34      0.00  10435.03      0.00      0.00      0.00      0.00
06:06:58 PM      0.00     42.42   1867.68      0.00  10472.22      0.00      0.00      0.00      0.00
06:07:00 PM      0.00     51.81   2332.12      0.00  10923.32      0.00      0.00      0.00      0.00
06:07:02 PM      0.00      0.00   1885.20      0.00  10745.41      0.00      0.00      0.00      0.00
06:07:04 PM      0.00     61.22   3502.55      0.00  11704.59      0.00      0.00      0.00      0.00
06:07:06 PM      0.00     65.31   8133.16      0.00  13675.00      0.00      0.00      0.00      0.00
06:07:08 PM      0.00      2.01   7470.35      0.00  12967.84      0.00      0.00      0.00      0.00
06:07:10 PM      0.00     60.10   6767.36      0.00  13031.09      0.00      0.00      0.00      0.00
06:07:12 PM      0.00      0.00   3962.05      0.00  11494.87      0.00      0.00      0.00      0.00
06:07:14 PM      0.00      0.00   3531.12      0.00  11485.20      0.00      0.00      0.00      0.00
06:07:16 PM      0.00     51.02   5829.59      0.00  12181.63      0.00      0.00      0.00      0.00
06:07:18 PM      0.00      4.04   3520.20      0.00  11485.86      0.00      0.00      0.00      0.00
06:07:20 PM      0.00      0.00   6473.71      0.00  12579.90      0.00      0.00      0.00      0.00
06:07:22 PM      0.00     47.18   8665.64      0.00  14568.72      0.00      0.00      0.00      0.00
06:07:24 PM      0.00     10.31   6477.84      0.00  12715.98      0.00      0.00      0.00      0.00
06:07:26 PM      0.00     43.08   4326.67      0.00  11613.85      0.00      0.00      0.00      0.00
06:07:28 PM      0.00     16.41   4069.74      0.00  11960.00      0.00      0.00      0.00      0.00
06:07:30 PM      0.00      0.00   3992.35      0.00  11526.53      0.00      0.00      0.00      0.00
06:07:32 PM      0.00     42.64   3388.83      0.00  11316.75      0.00      0.00      0.00      0.00
06:07:34 PM      0.00     49.48   1223.71      0.00  10404.12      0.00      0.00      0.00      0.00
06:07:36 PM      0.00      0.00   1893.85      0.00  10933.85      0.00      0.00      0.00      0.00
06:07:38 PM      0.00     78.79   1862.63      0.00   4525.25      0.00      0.00      0.00      0.00
