23:05:59
207
23:06:01
243
23:06:03
250
23:06:05
252
23:06:07
255
23:06:10
255
23:06:12
255
23:06:14
255
23:06:16
255
23:06:19
255
23:06:21
255
23:06:23
255
23:06:25
255
23:06:28
255
23:06:30
255
23:06:32
255
23:06:34
255
23:06:37
255
23:06:39
255
23:06:41
255
23:06:43
255
23:06:46
255
23:06:48
254
23:06:50
254
23:06:52
254
23:06:54
253
23:06:57
253
23:06:59
253
23:07:01
253
23:07:03
253
23:07:06
253
23:07:08
253
23:07:10
253
23:07:12
253
23:07:15
253
23:07:17
253
23:07:19
253
23:07:21
253
23:07:23
253
23:07:26
253
23:07:28
253
23:07:30
253
23:07:32
253
23:07:35
253
23:07:37
253
23:07:39
253
