Time      compact_pages_moved compact_stall compact_fail compact_success thp_fault_alloc thp_fault_fallback thp_collapse_alloc thp_collapse_alloc_failed thp_split
23:05:59  0                   0             0            0               10756           0                  316                0                         27       
23:06:01  0                   0             0            0               10756           0                  316                0                         27       
23:06:03  0                   0             0            0               10756           0                  316                0                         27       
23:06:05  0                   0             0            0               10756           0                  316                0                         27       
23:06:07  0                   0             0            0               10756           0                  316                0                         27       
23:06:09  0                   0             0            0               10756           0                  316                0                         27       
23:06:11  0                   0             0            0               10756           0                  316                0                         27       
23:06:13  0                   0             0            0               10756           0                  316                0                         27       
23:06:15  0                   0             0            0               10756           0                  316                0                         27       
23:06:17  0                   0             0            0               10756           0                  316                0                         27       
23:06:19  0                   0             0            0               10756           0                  316                0                         27       
23:06:21  0                   0             0            0               10756           0                  316                0                         27       
23:06:23  0                   0             0            0               10756           0                  316                0                         27       
23:06:25  0                   0             0            0               10756           0                  316                0                         27       
23:06:27  0                   0             0            0               10756           0                  316                0                         27       
23:06:29  0                   0             0            0               10756           0                  316                0                         27       
23:06:31  0                   0             0            0               10756           0                  316                0                         27       
23:06:33  0                   0             0            0               10756           0                  316                0                         27       
23:06:35  0                   0             0            0               10756           0                  316                0                         27       
23:06:37  0                   0             0            0               10756           0                  316                0                         27       
23:06:39  0                   0             0            0               10756           0                  316                0                         27       
23:06:41  0                   0             0            0               10756           0                  316                0                         27       
23:06:43  0                   0             0            0               10756           0                  316                0                         27       
23:06:45  0                   0             0            0               10756           0                  316                0                         27       
23:06:47  0                   0             0            0               10756           0                  316                0                         27       
23:06:49  0                   0             0            0               10756           0                  316                0                         27       
23:06:51  0                   0             0            0               10756           0                  316                0                         27       
23:06:53  0                   0             0            0               10756           0                  316                0                         27       
23:06:55  0                   0             0            0               10756           0                  316                0                         27       
23:06:57  0                   0             0            0               10756           0                  316                0                         27       
23:06:59  0                   0             0            0               10756           0                  316                0                         27       
23:07:01  0                   0             0            0               10756           0                  316                0                         27       
23:07:03  0                   0             0            0               10756           0                  316                0                         27       
23:07:05  0                   0             0            0               10756           0                  316                0                         27       
23:07:07  0                   0             0            0               10756           0                  316                0                         27       
23:07:09  0                   0             0            0               10756           0                  316                0                         27       
23:07:11  0                   0             0            0               10756           0                  316                0                         27       
23:07:13  0                   0             0            0               10756           0                  316                0                         27       
23:07:15  0                   0             0            0               10756           0                  316                0                         27       
23:07:17  0                   0             0            0               10756           0                  316                0                         27       
23:07:19  0                   0             0            0               10756           0                  316                0                         27       
23:07:21  0                   0             0            0               10756           0                  316                0                         27       
23:07:23  0                   0             0            0               10756           0                  316                0                         27       
23:07:25  0                   0             0            0               10756           0                  316                0                         27       
23:07:27  0                   0             0            0               10756           0                  316                0                         27       
23:07:29  0                   0             0            0               10756           0                  316                0                         27       
23:07:31  0                   0             0            0               10756           0                  316                0                         27       
23:07:33  0                   0             0            0               10756           0                  316                0                         27       
23:07:35  0                   0             0            0               10756           0                  316                0                         27       
23:07:37  0                   0             0            0               10756           0                  316                0                         27       
