Time      numa_hit numa_miss numa_foreign numa_interleave numa_local numa_other
23:05:59  112428508 0         0            41252           112401628  26880     
23:06:01  112442666 0         0            41252           112415786  26880     
23:06:03  112459280 0         0            41252           112432400  26880     
23:06:05  112477502 0         0            41252           112450622  26880     
23:06:07  112500611 0         0            41252           112473731  26880     
23:06:09  112525441 0         0            41252           112498561  26880     
23:06:11  112549013 0         0            41252           112522133  26880     
23:06:13  112571774 0         0            41252           112544894  26880     
23:06:15  112594725 0         0            41252           112567845  26880     
23:06:17  112620071 0         0            41252           112593191  26880     
23:06:19  112642951 0         0            41252           112616071  26880     
23:06:21  112666183 0         0            41252           112639303  26880     
23:06:23  112695408 0         0            41252           112668528  26880     
23:06:25  112720383 0         0            41252           112693503  26880     
23:06:27  112743613 0         0            41252           112716733  26880     
23:06:29  112766569 0         0            41252           112739689  26880     
23:06:31  112790070 0         0            41252           112763190  26880     
23:06:33  112811333 0         0            41252           112784453  26880     
23:06:35  112832210 0         0            41252           112805330  26880     
23:06:37  112853161 0         0            41252           112826281  26880     
23:06:39  112874215 0         0            41252           112847335  26880     
23:06:41  112894417 0         0            41252           112867537  26880     
23:06:43  112915924 0         0            41252           112889044  26880     
23:06:45  112936826 0         0            41252           112909946  26880     
23:06:47  112957878 0         0            41252           112930998  26880     
23:06:49  112979181 0         0            41252           112952300  26881     
23:06:51  113000311 0         0            41252           112973430  26881     
23:06:53  113021092 0         0            41252           112994211  26881     
23:06:55  113041937 0         0            41252           113015056  26881     
23:06:57  113063005 0         0            41252           113036124  26881     
23:06:59  113083742 0         0            41252           113056861  26881     
23:07:01  113103784 0         0            41252           113076903  26881     
23:07:03  113127301 0         0            41252           113100420  26881     
23:07:05  113152843 0         0            41252           113125962  26881     
23:07:07  113179866 0         0            41252           113152985  26881     
23:07:09  113204965 0         0            41252           113178084  26881     
23:07:11  113227998 0         0            41252           113201117  26881     
23:07:13  113251464 0         0            41252           113224583  26881     
23:07:15  113275760 0         0            41252           113248879  26881     
23:07:17  113298943 0         0            41252           113272062  26881     
23:07:19  113323316 0         0            41252           113296435  26881     
23:07:21  113347297 0         0            41252           113320416  26881     
23:07:23  113375781 0         0            41252           113348900  26881     
23:07:25  113398334 0         0            41252           113371453  26881     
23:07:27  113421731 0         0            41252           113394850  26881     
23:07:29  113444927 0         0            41252           113418046  26881     
23:07:31  113467663 0         0            41252           113440782  26881     
23:07:33  113488572 0         0            41252           113461691  26881     
23:07:35  113509743 0         0            41252           113482862  26881     
23:07:37  113529267 0         0            41252           113502386  26881     
