Linux 3.2.0-31-virtual (ip-10-124-138-93) 	06/17/2014 	_x86_64_	(2 CPU)

12:20:52 AM  pgpgin/s pgpgout/s   fault/s  majflt/s  pgfree/s pgscank/s pgscand/s pgsteal/s    %vmeff
12:20:54 AM     52.00      0.00   3559.50      0.50   1232.50      0.00      0.00      0.00      0.00
12:20:56 AM      0.00      0.00    219.00      0.00    583.50      0.00      0.00      0.00      0.00
12:20:58 AM      0.00     26.00    123.00      0.00    359.00      0.00      0.00      0.00      0.00
12:21:00 AM      0.00      0.00    125.50      0.00    365.00      0.00      0.00      0.00      0.00
12:21:02 AM      0.00     10.00    123.50      0.00    474.00      0.00      0.00      0.00      0.00
12:21:04 AM      0.00     10.00    122.50      0.00    362.00      0.00      0.00      0.00      0.00
12:21:06 AM      0.00      0.00    121.50      0.00    362.50      0.00      0.00      0.00      0.00
12:21:08 AM      0.00      0.00    121.50      0.00    362.00      0.00      0.00      0.00      0.00
12:21:10 AM      0.00     10.00    121.50      0.00    362.00      0.00      0.00      0.00      0.00
12:21:12 AM      0.00      2.00    121.50      0.00    361.00      0.00      0.00      0.00      0.00
12:21:14 AM      0.00      0.00    121.50      0.00    361.50      0.00      0.00      0.00      0.00
12:21:16 AM      0.00     14.00    121.50      0.00    466.00      0.00      0.00      0.00      0.00
12:21:18 AM      0.00      0.00    121.50      0.00    360.50      0.00      0.00      0.00      0.00
12:21:20 AM      0.00      0.00    121.50      0.00    362.00      0.00      0.00      0.00      0.00
12:21:22 AM      0.00      8.00    121.50      0.00    362.00      0.00      0.00      0.00      0.00
12:21:24 AM      0.00      0.00    121.50      0.00    362.00      0.00      0.00      0.00      0.00
12:21:26 AM      0.00      0.00    122.00      0.00    360.50      0.00      0.00      0.00      0.00
12:21:28 AM      0.00     90.00    116.50      0.00    357.50      0.00      0.00      0.00      0.00
12:21:30 AM      0.00      0.00    126.50      0.00    366.00      0.00      0.00      0.00      0.00
12:21:32 AM      0.00      0.00    122.50      0.00    461.50      0.00      0.00      0.00      0.00
12:21:34 AM      0.00     34.00    122.00      0.00    367.00      0.00      0.00      0.00      0.00
12:21:36 AM      0.00      0.00    121.50      0.00    368.00      0.00      0.00      0.00      0.00
12:21:38 AM      0.00     10.00    122.50      0.00    360.50      0.00      0.00      0.00      0.00
12:21:40 AM      0.00     34.00    121.50      0.00    362.50      0.00      0.00      0.00      0.00
12:21:42 AM      0.00      0.00    121.50      0.00    364.00      0.00      0.00      0.00      0.00
12:21:44 AM      0.00      0.00    121.50      0.00    364.00      0.00      0.00      0.00      0.00
12:21:46 AM      0.00     32.00    121.50      0.00    467.00      0.00      0.00      0.00      0.00
12:21:48 AM      0.00      0.00    121.50      0.00    360.50      0.00      0.00      0.00      0.00
12:21:50 AM      0.00      0.00    121.50      0.00    360.50      0.00      0.00      0.00      0.00
12:21:52 AM      0.00     30.00    121.50      0.00    358.50      0.00      0.00      0.00      0.00
12:21:54 AM      0.00      0.00    121.50      0.00    360.50      0.00      0.00      0.00      0.00
12:21:56 AM      0.00      0.00    122.00      0.00    362.50      0.00      0.00      0.00      0.00
12:21:58 AM      0.00     32.00    121.50      0.00    358.50      0.00      0.00      0.00      0.00
12:22:00 AM      0.00      0.00    124.50      0.00    365.00      0.00      0.00      0.00      0.00
12:22:02 AM      0.00     56.00    122.50      0.00    460.00      0.00      0.00      0.00      0.00
12:22:04 AM      0.00     40.00    121.50      0.00    361.50      0.00      0.00      0.00      0.00
12:22:06 AM      0.00      0.00    121.50      0.00    360.50      0.00      0.00      0.00      0.00
12:22:08 AM      0.00      6.00    122.50      0.00    362.00      0.00      0.00      0.00      0.00
12:22:10 AM      0.00     36.00    121.50      0.00    359.50      0.00      0.00      0.00      0.00
12:22:12 AM      0.00      0.00    121.50      0.00    362.00      0.00      0.00      0.00      0.00
12:22:14 AM      0.00      0.00    121.50      0.00    360.50      0.00      0.00      0.00      0.00
12:22:16 AM      0.00     30.00    121.50      0.00    470.00      0.00      0.00      0.00      0.00
12:22:18 AM      0.00      0.00    121.50      0.00    395.00      0.00      0.00      0.00      0.00
12:22:20 AM      0.00      0.00    121.50      0.00    360.50      0.00      0.00      0.00      0.00
12:22:22 AM      0.00     24.00    121.50      0.00    360.50      0.00      0.00      0.00      0.00
12:22:24 AM      0.00      0.00    121.50      0.00    360.50      0.00      0.00      0.00      0.00
12:22:26 AM      0.00      0.00    122.00      0.00    360.50      0.00      0.00      0.00      0.00
12:22:28 AM      0.00     24.00    123.50      0.00    360.50      0.00      0.00      0.00      0.00
12:22:30 AM      0.00      0.00    121.50      0.00    361.50      0.00      0.00      0.00      0.00
12:22:32 AM      0.00      0.00    122.50      0.00    392.00      0.00      0.00      0.00      0.00
12:22:34 AM      0.00     22.00    122.00      0.00    368.00      0.00      0.00      0.00      0.00
12:22:36 AM      0.00      0.00    121.50      0.00    359.00      0.00      0.00      0.00      0.00
12:22:38 AM      0.00     50.00    121.50      0.00    362.50      0.00      0.00      0.00      0.00
12:22:40 AM      0.00     40.00    121.50      0.00    360.50      0.00      0.00      0.00      0.00
12:22:42 AM      0.00     10.00    122.50      0.00    359.00      0.00      0.00      0.00      0.00
12:22:44 AM      0.00      0.00    121.50      0.00    362.00      0.00      0.00      0.00      0.00
12:22:46 AM      0.00     36.00    121.50      0.00    360.50      0.00      0.00      0.00      0.00
12:22:48 AM      0.00      0.00    151.50      0.00    434.50      0.00      0.00      0.00      0.00
12:22:50 AM      0.00      0.00    121.50      0.00    439.50      0.00      0.00      0.00      0.00
12:22:52 AM      0.00     38.00    121.50      0.00    439.50      0.00      0.00      0.00      0.00
12:22:54 AM      0.00      0.00    122.50      0.00    450.50      0.00      0.00      0.00      0.00
12:22:56 AM      0.00      0.00    123.50      0.00    431.00      0.00      0.00      0.00      0.00
12:22:58 AM      0.00     30.00    121.50      0.00    439.50      0.00      0.00      0.00      0.00
12:23:00 AM      0.00      0.00    124.50      0.00    441.50      0.00      0.00      0.00      0.00
12:23:02 AM      0.00      0.00    123.50      0.00    437.50      0.00      0.00      0.00      0.00
12:23:04 AM      0.00     28.00    121.50      0.00    440.00      0.00      0.00      0.00      0.00
12:23:06 AM      0.00      0.00    121.50      0.00    433.50      0.00      0.00      0.00      0.00
12:23:08 AM      0.00      0.00    121.50      0.00    440.00      0.00      0.00      0.00      0.00
12:23:10 AM      0.00     24.00    121.50      0.00    440.00      0.00      0.00      0.00      0.00
12:23:12 AM      0.00     50.00    121.50      0.00    438.50      0.00      0.00      0.00      0.00
12:23:14 AM      0.00      0.00    121.50      0.00    438.50      0.00      0.00      0.00      0.00
12:23:16 AM      0.00     40.00    121.50      0.00    436.50      0.00      0.00      0.00      0.00
12:23:18 AM      0.00     10.00    122.50      0.00    472.00      0.00      0.00      0.00      0.00
12:23:20 AM      0.00      0.00    121.50      0.00    439.50      0.00      0.00      0.00      0.00
12:23:22 AM      0.00     36.00    121.50      0.00    436.50      0.00      0.00      0.00      0.00
12:23:24 AM      0.00      0.00    121.50      0.00    439.50      0.00      0.00      0.00      0.00
12:23:26 AM      0.00      0.00    123.00      0.00    446.50      0.00      0.00      0.00      0.00
12:23:28 AM      0.00     30.00    122.00      0.00    438.50      0.00      0.00      0.00      0.00
12:23:30 AM      0.00      0.00    121.50      0.00    436.50      0.00      0.00      0.00      0.00
12:23:32 AM      0.00      0.00    123.00      0.00    440.00      0.00      0.00      0.00      0.00
12:23:34 AM      0.00     28.00    122.00      0.00    442.50      0.00      0.00      0.00      0.00
12:23:36 AM      0.00      0.00    121.50      0.00    439.50      0.00      0.00      0.00      0.00
12:23:38 AM      0.00      0.00    121.50      0.00    433.50      0.00      0.00      0.00      0.00
12:23:40 AM      0.00     20.00    121.50      0.00    439.00      0.00      0.00      0.00      0.00
12:23:42 AM      0.00      0.00    121.50      0.00    433.50      0.00      0.00      0.00      0.00
12:23:44 AM      0.00     20.00    121.50      0.00    439.50      0.00      0.00      0.00      0.00
12:23:46 AM      0.00      0.00    121.50      0.00    436.50      0.00      0.00      0.00      0.00
12:23:48 AM      0.00     50.00    121.50      0.00    439.50      0.00      0.00      0.00      0.00
12:23:50 AM      0.00     48.00    121.50      0.00    431.00      0.00      0.00      0.00      0.00
12:23:52 AM      0.00     10.00    122.50      0.00    438.50      0.00      0.00      0.00      0.00
12:23:54 AM      0.00      0.00    121.50      0.00    434.00      0.00      0.00      0.00      0.00
12:23:56 AM      0.00     34.00    122.00      0.00    438.00      0.00      0.00      0.00      0.00
12:23:58 AM      0.00      0.00    121.50      0.00    435.00      0.00      0.00      0.00      0.00
12:24:00 AM      0.00      0.00    124.50      0.00    443.00      0.00      0.00      0.00      0.00
12:24:02 AM      0.00     30.00    123.00      0.00    425.50      0.00      0.00      0.00      0.00
12:24:04 AM      0.00      0.00    121.50      0.00    436.00      0.00      0.00      0.00      0.00
12:24:06 AM      0.00      0.00    121.50      0.00    433.50      0.00      0.00      0.00      0.00
12:24:08 AM      0.00     30.00    121.50      0.00    438.00      0.00      0.00      0.00      0.00
12:24:10 AM      0.00      0.00   1734.50      0.00    434.50      0.00      0.00      0.00      0.00
12:24:12 AM      0.00      0.00    122.50      0.00   4940.00      0.00      0.00      0.00      0.00
12:24:14 AM      0.00     30.00    121.50      0.00    439.00      0.00      0.00      0.00      0.00
12:24:16 AM      0.00      0.00    121.50      0.00    436.50      0.00      0.00      0.00      0.00
12:24:18 AM      0.00      0.00    121.50      0.00    469.50      0.00      0.00      0.00      0.00
12:24:20 AM      0.00     24.00    121.50      0.00    439.50      0.00      0.00      0.00      0.00
12:24:22 AM      0.00     52.43    111.17      0.00    407.77      0.00      0.00      0.00      0.00
12:24:24 AM      0.00      0.00    122.50      0.00    440.50      0.00      0.00      0.00      0.00
12:24:26 AM      0.00     46.00    121.50      0.00    436.50      0.00      0.00      0.00      0.00
12:24:28 AM      0.00     10.00    122.50      0.00    439.50      0.00      0.00      0.00      0.00
12:24:30 AM      0.00      0.00    122.00      0.00    428.00      0.00      0.00      0.00      0.00
12:24:32 AM      0.00     36.00    122.50      0.00    437.00      0.00      0.00      0.00      0.00
12:24:34 AM      0.00      0.00    122.50      0.00    446.00      0.00      0.00      0.00      0.00
12:24:36 AM      0.00      0.00    121.50      0.00    439.50      0.00      0.00      0.00      0.00
12:24:38 AM      0.00     36.00    121.50      0.00    433.00      0.00      0.00      0.00      0.00
12:24:40 AM      0.00      0.00    121.50      0.00    439.50      0.00      0.00      0.00      0.00
12:24:42 AM      0.00      0.00    121.50      0.00    439.50      0.00      0.00      0.00      0.00
12:24:44 AM      0.00     28.00    121.50      0.00    439.00      0.00      0.00      0.00      0.00
12:24:46 AM      0.00      0.00    121.50      0.00    439.50      0.00      0.00      0.00      0.00
12:24:48 AM      0.00      0.00    157.00      0.00    572.00      0.00      0.00      0.00      0.00
12:24:50 AM      0.00     34.00    124.00      0.00    591.00      0.00      0.00      0.00      0.00
12:24:52 AM      0.00      0.00    121.50      0.00    595.00      0.00      0.00      0.00      0.00
12:24:54 AM      0.00      0.00    122.00      0.00    594.50      0.00      0.00      0.00      0.00
12:24:56 AM      0.00     28.00    121.50      0.00    584.50      0.00      0.00      0.00      0.00
12:24:58 AM      0.00     52.00    122.00      0.00    595.50      0.00      0.00      0.00      0.00
12:25:00 AM      0.00      0.00    124.50      0.00    585.50      0.00      0.00      0.00      0.00
12:25:02 AM      0.00     68.97    591.63      0.00    788.18      0.00      0.00      0.00      0.00
12:25:04 AM      0.00      0.00    121.50      0.00    591.50      0.00      0.00      0.00      0.00
12:25:06 AM      0.00      0.00    121.50      0.00    588.50      0.00      0.00      0.00      0.00
12:25:08 AM      0.00     52.00    121.50      0.00    594.00      0.00      0.00      0.00      0.00
12:25:10 AM      0.00      0.00    123.00      0.00    580.00      0.00      0.00      0.00      0.00
12:25:12 AM      0.00      0.00    122.00      0.00    599.00      0.00      0.00      0.00      0.00
12:25:14 AM      0.00     44.00    121.50      0.00    588.50      0.00      0.00      0.00      0.00
12:25:16 AM      0.00      0.00    121.50      0.00    594.00      0.00      0.00      0.00      0.00
12:25:18 AM      0.00      2.00    121.50      0.00    584.00      0.00      0.00      0.00      0.00
12:25:20 AM      0.00     34.00    121.50      0.00    574.00      0.00      0.00      0.00      0.00
12:25:22 AM      0.00      0.00    121.50      0.00    589.00      0.00      0.00      0.00      0.00
12:25:24 AM      0.00      0.00    123.50      0.00    588.00      0.00      0.00      0.00      0.00
12:25:26 AM      0.00     24.00    122.00      0.00    597.00      0.00      0.00      0.00      0.00
12:25:28 AM      0.00      0.00    121.50      0.00    603.50      0.00      0.00      0.00      0.00
12:25:30 AM      0.00      0.00    121.50      0.00    579.00      0.00      0.00      0.00      0.00
12:25:32 AM      0.00     94.00    123.50      0.00    596.50      0.00      0.00      0.00      0.00
12:25:34 AM      0.00      0.00    123.00      0.00    600.50      0.00      0.00      0.00      0.00
12:25:36 AM      0.00      0.00    121.50      0.00    590.00      0.00      0.00      0.00      0.00
12:25:38 AM      0.00     46.00    122.00      0.00    592.00      0.00      0.00      0.00      0.00
12:25:40 AM      0.00      0.00    122.00      0.00    594.50      0.00      0.00      0.00      0.00
12:25:42 AM      0.00     40.00    121.50      0.00    585.00      0.00      0.00      0.00      0.00
12:25:44 AM      0.00     37.62    152.97      0.00    662.38      0.00      0.00      0.00      0.00
12:25:46 AM      0.00      0.00     86.50      0.00    505.50      0.00      0.00      0.00      0.00
12:25:48 AM      0.00      0.00    121.50      0.00    585.50      0.00      0.00      0.00      0.00
12:25:50 AM      0.00     32.00    122.50      0.00    593.00      0.00      0.00      0.00      0.00
12:25:52 AM      0.00      0.00    121.50      0.00    589.50      0.00      0.00      0.00      0.00
12:25:54 AM      0.00      0.00    121.50      0.00    587.50      0.00      0.00      0.00      0.00
12:25:56 AM      0.00     26.00    122.00      0.00    594.00      0.00      0.00      0.00      0.00
12:25:58 AM      0.00      0.00    121.50      0.00    588.50      0.00      0.00      0.00      0.00
12:26:00 AM      0.00      0.00    124.50      0.00    592.00      0.00      0.00      0.00      0.00
12:26:02 AM      0.00     26.00    123.50      0.00    578.50      0.00      0.00      0.00      0.00
12:26:04 AM      0.00      0.00    121.50      0.00    594.00      0.00      0.00      0.00      0.00
12:26:06 AM      0.00      0.00    121.50      0.00    599.00      0.00      0.00      0.00      0.00
12:26:08 AM      0.00     66.00    122.50      0.00    595.00      0.00      0.00      0.00      0.00
12:26:10 AM      0.00      0.00    121.50      0.00    587.50      0.00      0.00      0.00      0.00
12:26:12 AM      0.00     52.00    121.50      0.00    591.00      0.00      0.00      0.00      0.00
12:26:14 AM      0.00      0.00    121.50      0.00    589.00      0.00      0.00      0.00      0.00
12:26:16 AM      0.00      0.00    121.50      0.00    594.50      0.00      0.00      0.00      0.00
12:26:18 AM      0.00     28.00    121.50      0.00    624.00      0.00      0.00      0.00      0.00
12:26:20 AM      0.00      0.00    121.50      0.00    598.50      0.00      0.00      0.00      0.00
12:26:22 AM      0.00      0.00    132.18      0.00    608.91      0.00      0.00      0.00      0.00
12:26:24 AM      0.00     26.00    121.50      0.00    582.50      0.00      0.00      0.00      0.00
12:26:26 AM      0.00      0.00    122.00      0.00    581.00      0.00      0.00      0.00      0.00
12:26:28 AM      0.00      0.00    121.50      0.00    588.50      0.00      0.00      0.00      0.00
12:26:30 AM      0.00     26.00    121.50      0.00    586.50      0.00      0.00      0.00      0.00
12:26:32 AM      0.00      0.00    122.50      0.00    595.00      0.00      0.00      0.00      0.00
12:26:34 AM      0.00      0.00    123.00      0.00    592.50      0.00      0.00      0.00      0.00
12:26:36 AM      0.00     26.00    121.50      0.00    588.50      0.00      0.00      0.00      0.00
12:26:38 AM      0.00     10.00    122.50      0.00    588.50      0.00      0.00      0.00      0.00
12:26:40 AM      0.00      0.00    121.50      0.00    588.50      0.00      0.00      0.00      0.00
12:26:42 AM      0.00     58.00    121.50      0.00    588.50      0.00      0.00      0.00      0.00
12:26:44 AM      0.00      0.00    122.00      0.00    587.00      0.00      0.00      0.00      0.00
12:26:46 AM      0.00      0.00    121.50      0.00    594.00      0.00      0.00      0.00      0.00
12:26:48 AM      0.00     60.00    169.50      0.00    849.50      0.00      0.00      0.00      0.00
12:26:50 AM      0.00      0.00    121.50      0.00    880.50      0.00      0.00      0.00      0.00
12:26:52 AM      0.00     38.00    121.50      0.00    874.00      0.00      0.00      0.00      0.00
12:26:54 AM      0.00      0.00    122.50      0.00    895.00      0.00      0.00      0.00      0.00
12:26:56 AM      0.00      0.00    121.50      0.00    886.50      0.00      0.00      0.00      0.00
12:26:58 AM      0.00     30.00    109.50      0.00    862.00      0.00      0.00      0.00      0.00
12:27:00 AM      0.00      0.00    125.00      0.00    895.00      0.00      0.00      0.00      0.00
12:27:02 AM      0.00      0.00    123.00      0.00    874.00      0.00      0.00      0.00      0.00
12:27:04 AM      0.00     30.00    121.50      0.00    887.00      0.00      0.00      0.00      0.00
12:27:06 AM      0.00      0.00    121.50      0.00    895.50      0.00      0.00      0.00      0.00
12:27:08 AM      0.00      0.00    121.50      0.00    866.50      0.00      0.00      0.00      0.00
12:27:10 AM      0.00     24.00    121.50      0.00    871.00      0.00      0.00      0.00      0.00
12:27:12 AM      0.00     10.00    122.50      0.00    903.50      0.00      0.00      0.00      0.00
12:27:14 AM      0.00      0.00    121.50      0.00    885.00      0.00      0.00      0.00      0.00
12:27:16 AM      0.00     26.00    121.50      0.00    891.00      0.00      0.00      0.00      0.00
12:27:18 AM      0.00     50.00    122.00      0.00    915.00      0.00      0.00      0.00      0.00
12:27:20 AM      0.00      0.00    121.50      0.00    882.00      0.00      0.00      0.00      0.00
12:27:22 AM      0.00     80.00    121.50      0.00    897.00      0.00      0.00      0.00      0.00
12:27:24 AM      0.00      0.00    121.50      0.00    900.50      0.00      0.00      0.00      0.00
12:27:26 AM      0.00      0.00    121.50      0.00    881.50      0.00      0.00      0.00      0.00
12:27:28 AM      0.00     38.00    121.50      0.00    882.50      0.00      0.00      0.00      0.00
12:27:30 AM      0.00      0.00    121.50      0.00    894.00      0.00      0.00      0.00      0.00
12:27:32 AM      0.00      0.00    122.50      0.00    902.00      0.00      0.00      0.00      0.00
12:27:34 AM      0.00     30.00    123.50      0.00    902.00      0.00      0.00      0.00      0.00
12:27:36 AM      0.00      0.00    121.50      0.00    900.50      0.00      0.00      0.00      0.00
12:27:38 AM      0.00      0.00    121.50      0.00    885.50      0.00      0.00      0.00      0.00
12:27:40 AM      0.00     22.00    121.50      0.00    897.00      0.00      0.00      0.00      0.00
12:27:42 AM      0.00     10.00    122.50      0.00    877.50      0.00      0.00      0.00      0.00
12:27:44 AM      0.00      0.00    123.00      0.00    878.50      0.00      0.00      0.00      0.00
12:27:46 AM      0.00     24.00    121.50      0.00    883.50      0.00      0.00      0.00      0.00
12:27:48 AM      0.00      0.00    121.50      0.00    885.00      0.00      0.00      0.00      0.00
12:27:50 AM      0.00      0.00    120.90      0.00    883.08      0.00      0.00      0.00      0.00
12:27:52 AM      0.00     56.00    121.50      0.00    888.50      0.00      0.00      0.00      0.00
12:27:54 AM      0.00      0.00    121.50      0.00    885.50      0.00      0.00      0.00      0.00
12:27:56 AM      0.00      0.00    123.27      0.00    890.59      0.00      0.00      0.00      0.00
12:27:58 AM      0.00     50.00    121.50      0.00    902.00      0.00      0.00      0.00      0.00
12:28:00 AM      0.00      0.00    124.50      0.00    864.50      0.00      0.00      0.00      0.00
12:28:02 AM      0.00     20.00    123.50      0.00    868.50      0.00      0.00      0.00      0.00
12:28:04 AM      0.00     34.00    121.50      0.00    902.50      0.00      0.00      0.00      0.00
12:28:06 AM      0.00      0.00    121.50      0.00    886.00      0.00      0.00      0.00      0.00
12:28:08 AM      0.00      0.00    121.50      0.00    891.50      0.00      0.00      0.00      0.00
12:28:10 AM      0.00     34.00    121.00      0.00    881.50      0.00      0.00      0.00      0.00
12:28:12 AM      0.00      0.00    121.50      0.00    853.00      0.00      0.00      0.00      0.00
12:28:14 AM      0.00      0.00    121.50      0.00    889.00      0.00      0.00      0.00      0.00
12:28:16 AM      0.00     34.00    122.00      0.00    890.00      0.00      0.00      0.00      0.00
12:28:18 AM      0.00      8.00    122.50      0.00    900.50      0.00      0.00      0.00      0.00
12:28:20 AM      0.00      0.00    121.50      0.00    897.00      0.00      0.00      0.00      0.00
12:28:22 AM      0.00     30.00    121.00      0.00    903.50      0.00      0.00      0.00      0.00
12:28:24 AM      0.00      0.00    123.00      0.00    887.50      0.00      0.00      0.00      0.00
12:28:26 AM      0.00      0.00    121.50      0.00    866.50      0.00      0.00      0.00      0.00
12:28:28 AM      0.00     80.00    121.50      0.00    904.50      0.00      0.00      0.00      0.00
12:28:30 AM      0.00      0.00    122.00      0.00    888.50      0.00      0.00      0.00      0.00
12:28:32 AM      0.00      0.00    123.00      0.00    893.00      0.00      0.00      0.00      0.00
12:28:34 AM      0.00     36.00    122.00      0.00    893.50      0.00      0.00      0.00      0.00
12:28:36 AM      0.00      0.00    121.50      0.00    904.50      0.00      0.00      0.00      0.00
12:28:38 AM      0.00     22.00    121.50      0.00    889.00      0.00      0.00      0.00      0.00
12:28:40 AM      0.00     34.00    121.50      0.00    907.00      0.00      0.00      0.00      0.00
12:28:42 AM      0.00      0.00    121.50      0.00    863.50      0.00      0.00      0.00      0.00
12:28:44 AM      0.00      0.00    121.50      0.00    893.00      0.00      0.00      0.00      0.00
12:28:46 AM      0.00     32.00    121.50      0.00    885.00      0.00      0.00      0.00      0.00
12:28:48 AM      0.00      0.00    181.00      0.00   1051.00      0.00      0.00      0.00      0.00
12:28:50 AM      0.00      0.00    121.50      0.00   1056.50      0.00      0.00      0.00      0.00
12:28:52 AM      0.00     42.72    118.45      0.00   1029.13      0.00      0.00      0.00      0.00
12:28:54 AM      0.00      0.00    123.50      0.00   1037.50      0.00      0.00      0.00      0.00
12:28:56 AM      0.00      0.00    121.50      0.00   1048.00      0.00      0.00      0.00      0.00
12:28:58 AM      0.00     30.00    122.00      0.00    973.50      0.00      0.00      0.00      0.00
12:29:00 AM      0.00      0.00    124.50      0.00   1065.50      0.00      0.00      0.00      0.00
12:29:02 AM      0.00     48.00    123.00      0.00    995.00      0.00      0.00      0.00      0.00
12:29:04 AM      0.00     50.00    121.50      0.00   1066.00      0.00      0.00      0.00      0.00
12:29:06 AM      0.00      0.00    121.50      0.00   1056.50      0.00      0.00      0.00      0.00
12:29:08 AM      0.00      0.00    121.50      0.00   1030.00      0.00      0.00      0.00      0.00
12:29:10 AM      0.00     34.00    122.50      0.00   1067.50      0.00      0.00      0.00      0.00
12:29:12 AM      0.00     20.00    121.50      0.00   1025.00      0.00      0.00      0.00      0.00
12:29:14 AM      0.00      0.00    121.50      0.00   1052.50      0.00      0.00      0.00      0.00
12:29:16 AM      0.00     34.00    121.50      0.00   1035.00      0.00      0.00      0.00      0.00
12:29:18 AM      0.00      0.00    121.50      0.00   1075.00      0.00      0.00      0.00      0.00
12:29:20 AM      0.00      0.00    121.50      0.00   1035.50      0.00      0.00      0.00      0.00
12:29:22 AM      0.00     40.00    110.00      0.00   1037.00      0.00      0.00      0.00      0.00
12:29:24 AM      0.00      0.00    122.00      0.00   1008.50      0.00      0.00      0.00      0.00
12:29:26 AM      0.00      0.00    122.00      0.00   1062.50      0.00      0.00      0.00      0.00
12:29:28 AM      0.00     46.00    122.50      0.00   1068.50      0.00      0.00      0.00      0.00
12:29:30 AM      0.00      0.00    122.00      0.00   1044.00      0.00      0.00      0.00      0.00
12:29:32 AM      0.00     28.00    132.00      0.00   1201.00      0.00      0.00      0.00      0.00
12:29:34 AM      0.00      0.00    125.00      0.00   1068.00      0.00      0.00      0.00      0.00
12:29:36 AM      0.00      0.00    121.50      0.00   1036.50      0.00      0.00      0.00      0.00
12:29:38 AM      0.00     70.00    121.50      0.00   1032.00      0.00      0.00      0.00      0.00
12:29:40 AM      0.00      0.00    121.50      0.00   1057.00      0.00      0.00      0.00      0.00
12:29:42 AM      0.00      0.00    121.50      0.00   1052.00      0.00      0.00      0.00      0.00
12:29:44 AM      0.00     34.00    121.50      0.00   1037.00      0.00      0.00      0.00      0.00
12:29:46 AM      0.00      0.00    121.50      0.00   1043.50      0.00      0.00      0.00      0.00
12:29:48 AM      0.00     22.00    121.50      0.00   1038.00      0.00      0.00      0.00      0.00
12:29:50 AM      0.00     32.00    121.50      0.00   1038.00      0.00      0.00      0.00      0.00
12:29:52 AM      0.00      0.00    129.50      0.00   1050.50      0.00      0.00      0.00      0.00
12:29:54 AM      0.00      0.00    129.50      0.00   1060.50      0.00      0.00      0.00      0.00
12:29:56 AM      0.00     26.00    121.50      0.00   1032.00      0.00      0.00      0.00      0.00
12:29:58 AM      0.00      0.00    121.50      0.00   1041.00      0.00      0.00      0.00      0.00
12:30:00 AM      0.00      0.00    124.50      0.00   1055.00      0.00      0.00      0.00      0.00
12:30:02 AM      0.00     36.00    124.50      0.00   1006.50      0.00      0.00      0.00      0.00
12:30:04 AM      0.00      0.00    121.50      0.00    998.50      0.00      0.00      0.00      0.00
12:30:06 AM      0.00      0.00    122.50      0.00   7213.50      0.00      0.00      0.00      0.00
12:30:08 AM      0.00     27.45    121.57      0.00   1032.35      0.00      0.00      0.00      0.00
12:30:10 AM      0.00      0.00    121.00      0.00   1064.00      0.00      0.00      0.00      0.00
12:30:12 AM      0.00     46.00    121.50      0.00   1047.00      0.00      0.00      0.00      0.00
12:30:14 AM      0.00     58.00    121.50      0.00   1033.50      0.00      0.00      0.00      0.00
12:30:16 AM      0.00      0.00    119.80      0.00   1021.78      0.00      0.00      0.00      0.00
12:30:18 AM      0.00      0.00    122.00      0.00   1090.00      0.00      0.00      0.00      0.00
12:30:20 AM      0.00     26.00    121.50      0.00   1065.00      0.00      0.00      0.00      0.00
12:30:22 AM      0.00     26.00    121.50      0.00   1057.00      0.00      0.00      0.00      0.00
12:30:24 AM      0.00      0.00    121.50      0.00   1050.50      0.00      0.00      0.00      0.00
12:30:26 AM      0.00     22.00    121.50      0.00   1015.00      0.00      0.00      0.00      0.00
12:30:28 AM      0.00      0.00    121.50      0.00   1066.00      0.00      0.00      0.00      0.00
12:30:30 AM      0.00      0.00    121.50      0.00   1021.00      0.00      0.00      0.00      0.00
12:30:32 AM      0.00     24.00    126.00      0.00   1015.00      0.00      0.00      0.00      0.00
12:30:34 AM      0.00      0.00    121.50      0.00   1024.50      0.00      0.00      0.00      0.00
12:30:36 AM      0.00      0.00    121.50      0.00   7202.50      0.00      0.00      0.00      0.00
12:30:38 AM      0.00     34.00    123.00      0.00   1053.50      0.00      0.00      0.00      0.00
12:30:40 AM      0.00      0.00    121.50      0.00   1024.50      0.00      0.00      0.00      0.00
12:30:42 AM      0.00     44.00    121.50      0.00   1039.00      0.00      0.00      0.00      0.00
12:30:44 AM      0.00     26.00    121.00      0.00   1033.00      0.00      0.00      0.00      0.00
12:30:46 AM      0.00      0.00    121.50      0.00   1051.00      0.00      0.00      0.00      0.00
12:30:48 AM      0.00     52.00    349.00      0.00   1751.00      0.00      0.00      0.00      0.00
12:30:50 AM      0.00     60.00    121.50      0.00   1854.00      0.00      0.00      0.00      0.00
12:30:52 AM      0.00      0.00    121.50      0.00   1790.00      0.00      0.00      0.00      0.00
12:30:54 AM      0.00      0.00    122.00      0.00   1841.50      0.00      0.00      0.00      0.00
12:30:56 AM      0.00     34.00    122.00      0.00   7853.00      0.00      0.00      0.00      0.00
12:30:58 AM      0.00     28.00    122.00      0.00   1734.50      0.00      0.00      0.00      0.00
12:31:00 AM      0.00      0.00    124.50      0.00   1859.50      0.00      0.00      0.00      0.00
12:31:02 AM      0.00     32.00    122.50      0.00   1683.50      0.00      0.00      0.00      0.00
12:31:04 AM      0.00      0.00    121.50      0.00   1824.50      0.00      0.00      0.00      0.00
12:31:06 AM      0.00      0.00    121.50      0.00   1766.00      0.00      0.00      0.00      0.00
12:31:08 AM      0.00     30.00    121.50      0.00   1841.00      0.00      0.00      0.00      0.00
12:31:10 AM      0.00      0.00    122.00      0.00   7792.50      0.00      0.00      0.00      0.00
12:31:12 AM      0.00      7.77    129.13      0.00   1773.79      0.00      0.00      0.00      0.00
12:31:14 AM      0.00     32.00    121.50      0.00   1779.50      0.00      0.00      0.00      0.00
12:31:16 AM      0.00      0.00    119.50      0.00   1854.50      0.00      0.00      0.00      0.00
12:31:18 AM      0.00      0.00    121.50      0.00   1763.00      0.00      0.00      0.00      0.00
12:31:20 AM      0.00     30.00    122.00      0.00   1770.50      0.00      0.00      0.00      0.00
12:31:22 AM      0.00     54.00    121.50      0.00   1804.00      0.00      0.00      0.00      0.00
12:31:24 AM      0.00      0.00    122.50      0.00   7672.50      0.00      0.00      0.00      0.00
12:31:26 AM      0.00     60.00    121.50      0.00   1828.00      0.00      0.00      0.00      0.00
12:31:28 AM      0.00      0.00    121.50      0.00   1719.00      0.00      0.00      0.00      0.00
12:31:30 AM      0.00      0.00    121.50      0.00   1831.50      0.00      0.00      0.00      0.00
12:31:32 AM      0.00     62.00    122.50      0.00   1777.50      0.00      0.00      0.00      0.00
12:31:34 AM      0.00      0.00    122.50      0.00   1811.00      0.00      0.00      0.00      0.00
12:31:36 AM      0.00      0.00    122.00      0.00   7556.50      0.00      0.00      0.00      0.00
12:31:38 AM      0.00     34.00    121.50      0.00   1857.00      0.00      0.00      0.00      0.00
12:31:40 AM      0.00      0.00    121.50      0.00   1805.00      0.00      0.00      0.00      0.00
12:31:42 AM      0.00      0.00    121.50      0.00   1864.50      0.00      0.00      0.00      0.00
12:31:44 AM      0.00     26.00    121.50      0.00   1852.50      0.00      0.00      0.00      0.00
12:31:46 AM      0.00      0.00    121.50      0.00   1764.50      0.00      0.00      0.00      0.00
12:31:48 AM      0.00     10.00    130.00      0.00   1779.00      0.00      0.00      0.00      0.00
12:31:50 AM      0.00     28.00    121.50      0.00   1778.00      0.00      0.00      0.00      0.00
12:31:52 AM      0.00      0.00    121.50      0.00   1786.50      0.00      0.00      0.00      0.00
12:31:54 AM      0.00      0.00    121.50      0.00   1791.00      0.00      0.00      0.00      0.00
12:31:56 AM      0.00     24.00    121.50      0.00   1852.00      0.00      0.00      0.00      0.00
12:31:58 AM      0.00     48.00    121.50      0.00   1814.50      0.00      0.00      0.00      0.00
12:32:00 AM      0.00      0.00    124.50      0.00   1792.50      0.00      0.00      0.00      0.00
12:32:02 AM      0.00     52.00    123.50      0.00   8206.50      0.00      0.00      0.00      0.00
12:32:04 AM      0.00      0.00    121.50      0.00   1782.00      0.00      0.00      0.00      0.00
12:32:06 AM      0.00      0.00    121.50      0.00   1802.50      0.00      0.00      0.00      0.00
12:32:08 AM      0.00     32.00    121.50      0.00   1726.50      0.00      0.00      0.00      0.00
12:32:10 AM      0.00      0.00    121.50      0.00   1778.50      0.00      0.00      0.00      0.00
12:32:12 AM      0.00     20.00    121.50      0.00   1785.00      0.00      0.00      0.00      0.00
12:32:14 AM      0.00     32.00    122.00      0.00   7267.50      0.00      0.00      0.00      0.00
12:32:16 AM      0.00      0.00    121.50      0.00   1856.50      0.00      0.00      0.00      0.00
12:32:18 AM      0.00      0.00    121.50      0.00   1901.00      0.00      0.00      0.00      0.00
12:32:20 AM      0.00     26.00    121.50      0.00   1840.00      0.00      0.00      0.00      0.00
12:32:22 AM      0.00      8.00    122.50      0.00   1802.00      0.00      0.00      0.00      0.00
12:32:24 AM      0.00      0.00    123.00      0.00   7052.50      0.00      0.00      0.00      0.00
12:32:26 AM      0.00     26.00    121.50      0.00   1810.50      0.00      0.00      0.00      0.00
12:32:28 AM      0.00      0.00    121.50      0.00   1856.50      0.00      0.00      0.00      0.00
12:32:30 AM      0.00      0.00    121.50      0.00   1758.00      0.00      0.00      0.00      0.00
12:32:32 AM      0.00     54.00    122.50      0.00   1810.00      0.00      0.00      0.00      0.00
12:32:34 AM      0.00      0.00    122.50      0.00   6752.50      0.00      0.00      0.00      0.00
12:32:36 AM      0.00      0.00    111.65      0.00   1766.02      0.00      0.00      0.00      0.00
12:32:38 AM      0.00     50.00    121.50      0.00   1817.00      0.00      0.00      0.00      0.00
12:32:40 AM      0.00      0.00    121.50      0.00   1798.50      0.00      0.00      0.00      0.00
12:32:42 AM      0.00      0.00    121.50      0.00   1770.00      0.00      0.00      0.00      0.00
12:32:44 AM      0.00     34.00    121.50      0.00   1815.50      0.00      0.00      0.00      0.00
12:32:46 AM      0.00      0.00    122.00      0.00   6609.00      0.00      0.00      0.00      0.00
12:32:48 AM      0.00     18.00    506.50      0.00   2637.50      0.00      0.00      0.00      0.00
12:32:50 AM      0.00     32.00    121.00      0.00   2551.50      0.00      0.00      0.00      0.00
12:32:52 AM      0.00      0.00    122.50      0.00   7232.50      0.00      0.00      0.00      0.00
12:32:54 AM      0.00      0.00    122.50      0.00   2570.50      0.00      0.00      0.00      0.00
12:32:56 AM      0.00     28.00    121.50      0.00   2560.00      0.00      0.00      0.00      0.00
12:32:58 AM      0.00      8.00    124.50      0.00   6902.00      0.00      0.00      0.00      0.00
12:33:00 AM      0.00      0.00    125.00      0.00   2472.50      0.00      0.00      0.00      0.00
12:33:02 AM      0.00     24.00    122.50      0.00   2518.00      0.00      0.00      0.00      0.00
12:33:04 AM      0.00      0.00    122.00      0.00   6700.50      0.00      0.00      0.00      0.00
12:33:06 AM      0.00      0.00    121.50      0.00   2464.50      0.00      0.00      0.00      0.00
12:33:08 AM      0.00     74.00    121.00      0.00   2636.00      0.00      0.00      0.00      0.00
12:33:10 AM      0.00      0.00    122.50      0.00   6512.00      0.00      0.00      0.00      0.00
12:33:12 AM      0.00      0.00    121.50      0.00   2615.00      0.00      0.00      0.00      0.00
12:33:14 AM      0.00     34.00    119.50      0.00   2509.00      0.00      0.00      0.00      0.00
12:33:16 AM      0.00      0.00    122.00      0.00   6374.00      0.00      0.00      0.00      0.00
12:33:18 AM      0.00      0.00    121.50      0.00   2484.50      0.00      0.00      0.00      0.00
12:33:20 AM      0.00     32.00    121.50      0.00   2649.00      0.00      0.00      0.00      0.00
12:33:22 AM      0.00     32.00    122.50      0.00   6082.00      0.00      0.00      0.00      0.00
12:33:24 AM      0.00      0.00    121.50      0.00   2548.50      0.00      0.00      0.00      0.00
12:33:26 AM      0.00     38.00    122.00      0.00   6006.50      0.00      0.00      0.00      0.00
12:33:28 AM      0.00      0.00    121.50      0.00   2469.00      0.00      0.00      0.00      0.00
12:33:30 AM      0.00      0.00    121.50      0.00   2618.50      0.00      0.00      0.00      0.00
12:33:32 AM      0.00     38.00    124.00      0.00   5791.50      0.00      0.00      0.00      0.00
12:33:34 AM      0.00      0.00    123.50      0.00   2634.00      0.00      0.00      0.00      0.00
12:33:36 AM      0.00      0.00    129.00      0.00   2512.00      0.00      0.00      0.00      0.00
12:33:38 AM      0.00     30.00    121.50      0.00   2648.50      0.00      0.00      0.00      0.00
12:33:40 AM      0.00      0.00    122.00      0.00   2450.50      0.00      0.00      0.00      0.00
12:33:42 AM      0.00     48.00    121.50      0.00   2571.50      0.00      0.00      0.00      0.00
12:33:44 AM      0.00     48.00    121.50      0.00   2537.50      0.00      0.00      0.00      0.00
12:33:46 AM      0.00      0.00    122.00      0.00   2528.00      0.00      0.00      0.00      0.00
12:33:48 AM      0.00      0.00    121.50      0.00   2510.00      0.00      0.00      0.00      0.00
12:33:50 AM      0.00     32.00    127.00      0.00   2541.00      0.00      0.00      0.00      0.00
12:33:52 AM      0.00      0.00    121.50      0.00   2622.50      0.00      0.00      0.00      0.00
12:33:54 AM      0.00      0.00    121.50      0.00   2622.00      0.00      0.00      0.00      0.00
12:33:56 AM      0.00     30.00    122.00      0.00   2641.00      0.00      0.00      0.00      0.00
12:33:58 AM      0.00     22.00    121.50      0.00   2549.00      0.00      0.00      0.00      0.00
12:34:00 AM      0.00      0.00    135.96      0.00   2525.12      0.00      0.00      0.00      0.00
12:34:02 AM      0.00     38.00    123.50      0.00   2476.00      0.00      0.00      0.00      0.00
12:34:04 AM      0.00      0.00    122.00      0.00   2564.50      0.00      0.00      0.00      0.00
12:34:06 AM      0.00      0.00    381.50      0.00   2632.00      0.00      0.00      0.00      0.00
12:34:08 AM      0.00     28.00    121.50      0.00   2520.50      0.00      0.00      0.00      0.00
12:34:10 AM      0.00      0.00    121.50      0.00   2512.50      0.00      0.00      0.00      0.00
12:34:12 AM      0.00      0.00    126.50      0.00   2600.00      0.00      0.00      0.00      0.00
12:34:14 AM      0.00     22.00    121.50      0.00   2557.00      0.00      0.00      0.00      0.00
12:34:16 AM      0.00      0.00    173.50      0.00   2551.50      0.00      0.00      0.00      0.00
12:34:18 AM      0.00     50.00    121.50      0.00   2562.50      0.00      0.00      0.00      0.00
12:34:20 AM      0.00     62.00    121.50      0.00   2535.50      0.00      0.00      0.00      0.00
12:34:22 AM      0.00      0.00    122.00      0.00   2612.00      0.00      0.00      0.00      0.00
12:34:24 AM      0.00      0.00    122.00      0.00   2405.00      0.00      0.00      0.00      0.00
12:34:26 AM      0.00     34.00    121.50      0.00   2363.50      0.00      0.00      0.00      0.00
12:34:28 AM      0.00      0.00    122.00      0.00   3614.00      0.00      0.00      0.00      0.00
12:34:30 AM      0.00      0.00    121.50      0.00   2511.50      0.00      0.00      0.00      0.00
12:34:32 AM      0.00     64.00    123.00      0.00   2600.50      0.00      0.00      0.00      0.00
12:34:34 AM      0.00      0.00    122.00      0.00   2559.00      0.00      0.00      0.00      0.00
12:34:36 AM      0.00      0.00    122.00      0.00   2332.00      0.00      0.00      0.00      0.00
12:34:38 AM      0.00     44.00    124.00      0.00   5539.50      0.00      0.00      0.00      0.00
12:34:40 AM      0.00      0.00    121.50      0.00   2636.50      0.00      0.00      0.00      0.00
12:34:42 AM      0.00      0.00    122.50      0.00   2589.00      0.00      0.00      0.00      0.00
12:34:44 AM      0.00     32.00    121.50      0.00   2448.50      0.00      0.00      0.00      0.00
12:34:46 AM      0.00      0.00    122.00      0.00   5159.00      0.00      0.00      0.00      0.00
12:34:48 AM      0.00      0.00    594.50      0.00   3108.00      0.00      0.00      0.00      0.00
12:34:50 AM      0.00     34.00    122.00      0.00   3322.50      0.00      0.00      0.00      0.00
12:34:52 AM      0.00     44.00    122.00      0.00   5344.50      0.00      0.00      0.00      0.00
12:34:54 AM      0.00      0.00    122.50      0.00   3292.00      0.00      0.00      0.00      0.00
12:34:56 AM      0.00     46.00    122.00      0.00   3654.50      0.00      0.00      0.00      0.00
12:34:58 AM      0.00      0.00    122.00      0.00   4835.50      0.00      0.00      0.00      0.00
12:35:00 AM      0.00      0.00    124.50      0.00   3281.00      0.00      0.00      0.00      0.00
12:35:02 AM      0.00     42.00    582.50      0.00   3730.00      0.00      0.00      0.00      0.00
12:35:04 AM      0.00      0.00    121.50      0.00   3328.50      0.00      0.00      0.00      0.00
12:35:06 AM      0.00      0.00    122.00      0.00   4363.00      0.00      0.00      0.00      0.00
12:35:08 AM      0.00     92.00    128.00      0.00   3187.00      0.00      0.00      0.00      0.00
12:35:10 AM      0.00      0.00    121.50      0.00   3287.50      0.00      0.00      0.00      0.00
12:35:12 AM      0.00     44.00    430.00      0.00   3300.50      0.00      0.00      0.00      0.00
12:35:14 AM      0.00      0.00    121.50      0.00   3394.00      0.00      0.00      0.00      0.00
12:35:16 AM      0.00      0.00    127.00      0.00   3159.50      0.00      0.00      0.00      0.00
12:35:18 AM      0.00     28.00    121.50      0.00   3324.00      0.00      0.00      0.00      0.00
12:35:20 AM      0.00      0.00    431.50      0.00   3290.00      0.00      0.00      0.00      0.00
12:35:22 AM      0.00     22.00    121.50      0.00   3354.50      0.00      0.00      0.00      0.00
12:35:24 AM      0.00     36.00   1953.50      0.00   3287.50      0.00      0.00      0.00      0.00
12:35:26 AM      0.00      0.00    129.00      0.00   3326.50      0.00      0.00      0.00      0.00
12:35:28 AM      0.00     48.00    727.00      0.00   3255.50      0.00      0.00      0.00      0.00
12:35:30 AM      0.00     44.00    187.50      0.00   3281.50      0.00      0.00      0.00      0.00
12:35:32 AM      0.00      0.00   2391.50      0.00   3239.50      0.00      0.00      0.00      0.00
12:35:34 AM      0.00      0.00    113.93      0.00   3236.32      0.00      0.00      0.00      0.00
12:35:36 AM      0.00     34.00    670.50      0.00   3173.00      0.00      0.00      0.00      0.00
12:35:38 AM      0.00     10.00    123.00      0.00   3351.00      0.00      0.00      0.00      0.00
12:35:40 AM      0.00      0.00   2409.00      0.00   3229.50      0.00      0.00      0.00      0.00
12:35:42 AM      0.00    102.46    121.67      0.00   3356.16      0.00      0.00      0.00      0.00
12:35:44 AM      0.00      0.00    502.00      0.00   3300.50      0.00      0.00      0.00      0.00
12:35:46 AM      0.00      0.00    121.50      0.00   3094.00      0.00      0.00      0.00      0.00
12:35:48 AM      0.00     26.00   2400.50      0.00   3353.00      0.00      0.00      0.00      0.00
12:35:50 AM      0.00      0.00    121.50      0.00   3076.00      0.00      0.00      0.00      0.00
12:35:52 AM      0.00      0.00    406.00      0.00   3279.00      0.00      0.00      0.00      0.00
12:35:54 AM      0.00     20.00    121.50      0.00   3268.00      0.00      0.00      0.00      0.00
12:35:56 AM      0.00      0.00    121.50      0.00   3276.00      0.00      0.00      0.00      0.00
12:35:58 AM      0.00      0.00    176.00      0.00   3391.50      0.00      0.00      0.00      0.00
12:36:00 AM      0.00     20.00    124.00      0.00   3328.00      0.00      0.00      0.00      0.00
12:36:02 AM      0.00     50.00    174.50      0.00   3112.00      0.00      0.00      0.00      0.00
12:36:04 AM      0.00      0.00    122.00      0.00   3264.00      0.00      0.00      0.00      0.00
12:36:06 AM      0.00     56.00    178.50      0.00   3242.50      0.00      0.00      0.00      0.00
12:36:08 AM      0.00      0.00    151.00      0.00   3362.50      0.00      0.00      0.00      0.00
12:36:10 AM      0.00      0.00    119.50      0.00   3332.00      0.00      0.00      0.00      0.00
12:36:12 AM      0.00     42.00    169.00      0.00   3387.50      0.00      0.00      0.00      0.00
12:36:14 AM      0.00      0.00    121.50      0.00   3299.50      0.00      0.00      0.00      0.00
12:36:16 AM      0.00      0.00    163.00      0.00   3384.50      0.00      0.00      0.00      0.00
12:36:18 AM      0.00     34.00    121.50      0.00   3292.50      0.00      0.00      0.00      0.00
12:36:20 AM      0.00      0.00    161.50      0.00   3376.00      0.00      0.00      0.00      0.00
12:36:22 AM      0.00     26.00    165.50      0.00   3403.00      0.00      0.00      0.00      0.00
12:36:24 AM      0.00     26.00    121.50      0.00   3207.00      0.00      0.00      0.00      0.00
12:36:26 AM      0.00      0.00    139.50      0.00   3347.00      0.00      0.00      0.00      0.00
12:36:28 AM      0.00      0.00    158.50      0.00   3381.00      0.00      0.00      0.00      0.00
12:36:30 AM      0.00     26.00    128.50      0.00   3302.50      0.00      0.00      0.00      0.00
12:36:32 AM      0.00      0.00    122.50      0.00   3357.50      0.00      0.00      0.00      0.00
12:36:34 AM      0.00      0.00    159.50      0.00   3436.00      0.00      0.00      0.00      0.00
12:36:36 AM      0.00     26.00    122.00      0.00   3382.50      0.00      0.00      0.00      0.00
12:36:38 AM      0.00     46.00    121.50      0.00   3256.00      0.00      0.00      0.00      0.00
12:36:40 AM      0.00      0.00    124.50      0.00   3696.50      0.00      0.00      0.00      0.00
12:36:42 AM      0.00     50.00    122.00      0.00   3367.50      0.00      0.00      0.00      0.00
12:36:44 AM      0.00      0.00    121.50      0.00   3338.00      0.00      0.00      0.00      0.00
12:36:46 AM      0.00      0.00    122.00      0.00   3696.00      0.00      0.00      0.00      0.00
12:36:48 AM      0.00     44.00    647.50      0.00   3900.50      0.00      0.00      0.00      0.00
12:36:50 AM      0.00      0.00    121.50      0.00   4079.00      0.00      0.00      0.00      0.00
12:36:52 AM      0.00     36.00    125.50      0.00   4038.00      0.00      0.00      0.00      0.00
12:36:54 AM      0.00      0.00    123.00      0.00   4276.50      0.00      0.00      0.00      0.00
12:36:56 AM      0.00      0.00    121.50      0.00   4056.00      0.00      0.00      0.00      0.00
12:36:58 AM      0.00     50.00    122.00      0.00   3979.00      0.00      0.00      0.00      0.00
12:37:00 AM      0.00      0.00    125.50      0.00   4024.00      0.00      0.00      0.00      0.00
12:37:02 AM      0.00      0.00    122.50      0.00   3921.50      0.00      0.00      0.00      0.00
12:37:04 AM      0.00     24.00    148.00      0.00   4072.50      0.00      0.00      0.00      0.00
12:37:06 AM      0.00      0.00    121.50      0.00   4023.00      0.00      0.00      0.00      0.00
12:37:08 AM      0.00      0.00    122.50      0.00   3842.00      0.00      0.00      0.00      0.00
12:37:10 AM      0.00     20.00    121.50      0.00   3908.00      0.00      0.00      0.00      0.00
12:37:12 AM      0.00     50.00    456.50      0.00   4031.50      0.00      0.00      0.00      0.00
12:37:14 AM      0.00      0.00   1804.50      0.00   4042.50      0.00      0.00      0.00      0.00
12:37:16 AM      0.00     56.00    784.50      0.00   3916.00      0.00      0.00      0.00      0.00
12:37:18 AM      0.00      0.00    692.50      0.00   3990.50      0.00      0.00      0.00      0.00
12:37:20 AM      0.00      0.00    121.50      0.00   4048.50      0.00      0.00      0.00      0.00
12:37:22 AM      0.00     70.00   3528.00      0.00   3955.00      0.00      0.00      0.00      0.00
12:37:24 AM      0.00      0.00    121.50      0.00   4032.50      0.00      0.00      0.00      0.00
12:37:26 AM      0.00      0.00    781.00      0.00   4002.50      0.00      0.00      0.00      0.00
12:37:28 AM      0.00     44.00    121.50      0.00   4013.50      0.00      0.00      0.00      0.00
12:37:30 AM      0.00      0.00   3630.50      0.00   4019.50      0.00      0.00      0.00      0.00
12:37:32 AM      0.00     30.00    122.50      0.00   4084.50      0.00      0.00      0.00      0.00
12:37:34 AM      0.00     34.00    747.50      0.00   4037.00      0.00      0.00      0.00      0.00
12:37:36 AM      0.00      0.00    121.50      0.00   4056.00      0.00      0.00      0.00      0.00
12:37:38 AM      0.00      0.00   2869.00      0.00   4049.50      0.00      0.00      0.00      0.00
12:37:40 AM      0.00     30.00    827.00      0.00   3953.00      0.00      0.00      0.00      0.00
12:37:42 AM      0.00      0.00    121.50      0.00   4069.50      0.00      0.00      0.00      0.00
12:37:44 AM      0.00      0.00    521.00      0.00   4042.50      0.00      0.00      0.00      0.00
12:37:46 AM      0.00     30.00    121.50      0.00   4081.00      0.00      0.00      0.00      0.00
12:37:48 AM      0.00     48.00   3412.00      0.00   4077.50      0.00      0.00      0.00      0.00
12:37:50 AM      0.00      0.00    121.50      0.00   4052.50      0.00      0.00      0.00      0.00
12:37:52 AM      0.00     44.00    448.00      0.00   3962.00      0.00      0.00      0.00      0.00
12:37:54 AM      0.00      0.00    121.50      0.00   3840.50      0.00      0.00      0.00      0.00
12:37:56 AM      0.00      0.00    121.50      0.00   4034.50      0.00      0.00      0.00      0.00
12:37:58 AM      0.00     42.00   3533.50      0.00   4101.00      0.00      0.00      0.00      0.00
12:38:00 AM      0.00      0.00    124.50      0.00   3966.00      0.00      0.00      0.00      0.00
12:38:02 AM      0.00      0.00    195.00      0.00   3941.00      0.00      0.00      0.00      0.00
12:38:04 AM      0.00     28.00    121.50      0.00   3985.00      0.00      0.00      0.00      0.00
12:38:06 AM      0.00      0.00    150.50      0.00   4054.00      0.00      0.00      0.00      0.00
12:38:08 AM      0.00     11.65    128.16      0.00   4032.52      0.00      0.00      0.00      0.00
12:38:10 AM      0.00     26.00    177.00      0.00   4109.50      0.00      0.00      0.00      0.00
12:38:12 AM      0.00      0.00    121.00      0.00   4063.00      0.00      0.00      0.00      0.00
12:38:14 AM      0.00      0.00    138.00      0.00   4055.00      0.00      0.00      0.00      0.00
12:38:16 AM      0.00     24.00    121.50      0.00   4065.50      0.00      0.00      0.00      0.00
12:38:18 AM      0.00      0.00    124.50      0.00   4305.50      0.00      0.00      0.00      0.00
12:38:20 AM      0.00      0.00    121.50      0.00   3857.50      0.00      0.00      0.00      0.00
12:38:22 AM      0.00     56.00    120.00      0.00   4106.00      0.00      0.00      0.00      0.00
12:38:24 AM      0.00      0.00    121.50      0.00   4009.50      0.00      0.00      0.00      0.00
12:38:26 AM      0.00      0.00    125.50      0.00   4262.50      0.00      0.00      0.00      0.00
12:38:28 AM      0.00     60.00    126.50      0.00   4110.00      0.00      0.00      0.00      0.00
12:38:30 AM      0.00      0.00    121.50      0.00   4074.50      0.00      0.00      0.00      0.00
12:38:32 AM      0.00      8.00    125.50      0.00   4293.00      0.00      0.00      0.00      0.00
12:38:34 AM      0.00     34.00    122.00      0.00   4062.50      0.00      0.00      0.00      0.00
12:38:36 AM      0.00      0.00    122.50      0.00   4094.50      0.00      0.00      0.00      0.00
12:38:38 AM      0.00      0.00    141.00      0.00   4361.50      0.00      0.00      0.00      0.00
12:38:40 AM      0.00     32.00    121.50      0.00   4056.00      0.00      0.00      0.00      0.00
12:38:42 AM      0.00     28.00    138.00      0.00   4047.50      0.00      0.00      0.00      0.00
12:38:44 AM      0.00      0.00    122.00      0.00   4352.50      0.00      0.00      0.00      0.00
12:38:46 AM      0.00     28.00    121.50      0.00   4099.50      0.00      0.00      0.00      0.00
12:38:48 AM      0.00      0.00    734.50      0.00   4456.00      0.00      0.00      0.00      0.00
12:38:50 AM      0.00      0.00    122.50      0.00   4782.00      0.00      0.00      0.00      0.00
12:38:52 AM      0.00     30.00    121.50      0.00   4809.00      0.00      0.00      0.00      0.00
12:38:54 AM      0.00      0.00    122.50      0.00   4920.00      0.00      0.00      0.00      0.00
12:38:56 AM      0.00      0.00    121.50      0.00   4750.50      0.00      0.00      0.00      0.00
12:38:58 AM      0.00     72.00    122.50      0.00   4799.00      0.00      0.00      0.00      0.00
12:39:00 AM      0.00      0.00    125.00      0.00   4964.00      0.00      0.00      0.00      0.00
12:39:02 AM      0.00      0.00    122.50      0.00   4488.00      0.00      0.00      0.00      0.00
12:39:04 AM      0.00     34.00    123.00      0.00   5051.50      0.00      0.00      0.00      0.00
12:39:06 AM      0.00      0.00    121.50      0.00   4844.00      0.00      0.00      0.00      0.00
12:39:08 AM      0.00      8.00    132.00      0.00   4793.50      0.00      0.00      0.00      0.00
12:39:10 AM      0.00     36.00    121.50      0.00   4540.50      0.00      0.00      0.00      0.00
12:39:12 AM      0.00      0.00    351.00      0.00   4778.50      0.00      0.00      0.00      0.00
12:39:14 AM      0.00      0.00    121.50      0.00   4790.50      0.00      0.00      0.00      0.00
12:39:16 AM      0.00     30.00   3098.50      0.00   4723.00      0.00      0.00      0.00      0.00
12:39:18 AM      0.00     20.00    121.50      0.00   4791.50      0.00      0.00      0.00      0.00
12:39:20 AM      0.00      0.00    662.00      0.00   4694.50      0.00      0.00      0.00      0.00
12:39:22 AM      0.00     62.00    121.50      0.00   4788.00      0.00      0.00      0.00      0.00
12:39:24 AM      0.00      0.00   4116.00      0.00   4772.50      0.00      0.00      0.00      0.00
12:39:26 AM      0.00      0.00    121.50      0.00   4685.50      0.00      0.00      0.00      0.00
12:39:28 AM      0.00     36.00    654.00      0.00   4758.50      0.00      0.00      0.00      0.00
12:39:30 AM      0.00      0.00    121.50      0.00   4735.50      0.00      0.00      0.00      0.00
12:39:32 AM      0.00     48.00   4263.00      0.00   4772.50      0.00      0.00      0.00      0.00
12:39:34 AM      0.00     48.00    122.00      0.00   4719.50      0.00      0.00      0.00      0.00
12:39:36 AM      0.00      0.00    121.50      0.00   4745.00      0.00      0.00      0.00      0.00
12:39:38 AM      0.00      0.00    729.00      0.00   4656.00      0.00      0.00      0.00      0.00
12:39:40 AM      0.00     32.00    121.50      0.00   4721.00      0.00      0.00      0.00      0.00
12:39:42 AM      0.00      8.00   4369.00      0.00   4779.50      0.00      0.00      0.00      0.00
12:39:44 AM      0.00      0.00    121.50      0.00   4801.50      0.00      0.00      0.00      0.00
12:39:46 AM      0.00     28.00    737.50      0.00   4623.00      0.00      0.00      0.00      0.00
12:39:48 AM      0.00      0.00    121.50      0.00   4666.50      0.00      0.00      0.00      0.00
12:39:50 AM      0.00      0.00    121.50      0.00   4587.00      0.00      0.00      0.00      0.00
12:39:52 AM      0.00     54.00   4373.50      0.00   4485.50      0.00      0.00      0.00      0.00
12:39:54 AM      0.00      0.00    121.50      0.00   4745.00      0.00      0.00      0.00      0.00
12:39:56 AM      0.00      0.00    602.00      0.00   4775.00      0.00      0.00      0.00      0.00
12:39:58 AM      0.00     24.00    121.50      0.00   4793.50      0.00      0.00      0.00      0.00
12:40:00 AM      0.00      0.00    124.50      0.00   4737.00      0.00      0.00      0.00      0.00
12:40:02 AM      0.00      0.00   4399.00      0.00   4386.00      0.00      0.00      0.00      0.00
12:40:04 AM      0.00     22.00    121.50      0.00   4790.00      0.00      0.00      0.00      0.00
12:40:06 AM      0.00      0.00    121.50      0.00   4807.00      0.00      0.00      0.00      0.00
12:40:08 AM      0.00     50.00    636.00      0.00   4709.00      0.00      0.00      0.00      0.00
12:40:10 AM      0.00     54.00    121.50      0.00   4755.50      0.00      0.00      0.00      0.00
12:40:12 AM      0.00      0.00    214.00      0.00   4785.50      0.00      0.00      0.00      0.00
12:40:14 AM      0.00      0.00    121.50      0.00   4798.50      0.00      0.00      0.00      0.00
12:40:16 AM      0.00     46.00    203.50      0.00   4673.50      0.00      0.00      0.00      0.00
12:40:18 AM      0.00      8.00    123.00      0.00   4873.50      0.00      0.00      0.00      0.00
12:40:20 AM      0.00      0.00    121.50      0.00   4818.50      0.00      0.00      0.00      0.00
12:40:22 AM      0.00     34.00    208.50      0.00   4841.00      0.00      0.00      0.00      0.00
12:40:24 AM      0.00      0.00    121.50      0.00   4794.50      0.00      0.00      0.00      0.00
12:40:26 AM      0.00      0.00    178.50      0.00   4576.00      0.00      0.00      0.00      0.00
12:40:28 AM      0.00     28.00    121.50      0.00   4743.50      0.00      0.00      0.00      0.00
12:40:30 AM      0.00      0.00    202.50      0.00   4872.00      0.00      0.00      0.00      0.00
12:40:32 AM      0.00     32.00    122.50      0.00   4741.00      0.00      0.00      0.00      0.00
12:40:34 AM      0.00     27.86    161.69      0.00   4749.25      0.00      0.00      0.00      0.00
12:40:36 AM      0.00      0.00    121.50      0.00   4859.00      0.00      0.00      0.00      0.00
12:40:38 AM      0.00      0.00    192.50      0.00   4867.50      0.00      0.00      0.00      0.00
12:40:40 AM      0.00     28.00    154.00      0.00   4808.00      0.00      0.00      0.00      0.00
12:40:42 AM      0.00    104.00    121.50      0.00   4782.50      0.00      0.00      0.00      0.00
12:40:44 AM      0.00      0.00    187.00      0.00   4854.50      0.00      0.00      0.00      0.00
12:40:46 AM      0.00     52.00    121.50      0.00   4786.50      0.00      0.00      0.00      0.00
12:40:48 AM      0.00      0.00   1261.00      0.00   5160.50      0.00      0.00      0.00      0.00
12:40:50 AM      0.00      0.00    146.00      0.00   7619.50      0.00      0.00      0.00      0.00
12:40:52 AM      0.00     42.00    463.00      0.00   7901.00      0.00      0.00      0.00      0.00
12:40:54 AM      0.00      0.00    399.00      0.00   7587.50      0.00      0.00      0.00      0.00
12:40:56 AM      0.00      0.00    468.50      0.00   7956.50      0.00      0.00      0.00      0.00
12:40:58 AM      0.00     32.00    122.00      0.00   7565.50      0.00      0.00      0.00      0.00
12:41:00 AM      0.00      0.00    231.00      0.00   7690.50      0.00      0.00      0.00      0.00
12:41:02 AM      0.00      0.00   1972.50      0.00   7456.50      0.00      0.00      0.00      0.00
12:41:04 AM      0.00     26.00    121.50      0.00   7600.00      0.00      0.00      0.00      0.00
12:41:06 AM      0.00      0.00    924.50      0.00   7429.00      0.00      0.00      0.00      0.00
12:41:08 AM      0.00     22.00    121.50      0.00   7660.00      0.00      0.00      0.00      0.00
12:41:10 AM      0.00     24.00   6296.50      0.00   7327.50      0.00      0.00      0.00      0.00
12:41:12 AM      0.00      0.00    670.00      0.00   7651.50      0.00      0.00      0.00      0.00
12:41:14 AM      0.00      0.00    637.50      0.00   7268.00      0.00      0.00      0.00      0.00
12:41:16 AM      0.00     22.00   7938.00      0.00   7588.50      0.00      0.00      0.00      0.00
12:41:18 AM      0.00     46.00    121.50      0.00   7640.00      0.00      0.00      0.00      0.00
12:41:20 AM      0.00      0.00    893.50      0.00   7571.00      0.00      0.00      0.00      0.00
12:41:22 AM      0.00     94.00    121.50      0.00   7633.00      0.00      0.00      0.00      0.00
12:41:24 AM      0.00      0.00   8204.50      0.00   7546.50      0.00      0.00      0.00      0.00
12:41:26 AM      0.00      0.00    121.50      0.00   7584.00      0.00      0.00      0.00      0.00
12:41:28 AM      0.00     52.00    833.00      0.00   7605.50      0.00      0.00      0.00      0.00
12:41:30 AM      0.00      0.00    121.50      0.00   7562.00      0.00      0.00      0.00      0.00
12:41:32 AM      0.00     36.00   8401.50      0.00   7499.50      0.00      0.00      0.00      0.00
12:41:34 AM      0.00      0.00    122.00      0.00   7616.00      0.00      0.00      0.00      0.00
12:41:36 AM      0.00      0.00   1094.00      0.00   7602.50      0.00      0.00      0.00      0.00
12:41:38 AM      0.00     34.00    121.50      0.00   7569.50      0.00      0.00      0.00      0.00
12:41:40 AM      0.00      0.00   2848.00      0.00   7598.00      0.00      0.00      0.00      0.00
12:41:42 AM      0.00     24.00   5755.00      0.00   7237.00      0.00      0.00      0.00      0.00
12:41:44 AM      0.00     26.00    121.50      0.00   7581.50      0.00      0.00      0.00      0.00
12:41:46 AM      0.00      0.00    843.50      0.00   7490.50      0.00      0.00      0.00      0.00
12:41:48 AM      0.00      0.00    121.50      0.00   7528.00      0.00      0.00      0.00      0.00
12:41:50 AM      0.00     24.00   1796.50      0.00   7628.50      0.00      0.00      0.00      0.00
12:41:52 AM      0.00     48.00    121.50      0.00   7588.00      0.00      0.00      0.00      0.00
12:41:54 AM      0.00      0.00    519.00      0.00   7512.50      0.00      0.00      0.00      0.00
12:41:56 AM      0.00     52.00    121.50      0.00   7589.50      0.00      0.00      0.00      0.00
12:41:58 AM      0.00      0.00    121.50      0.00   7580.50      0.00      0.00      0.00      0.00
12:42:00 AM      0.00      0.00    288.00      0.00   7454.00      0.00      0.00      0.00      0.00
12:42:02 AM      0.00     42.00    132.00      0.00   6748.50      0.00      0.00      0.00      0.00
12:42:04 AM      0.00      0.00    239.50      0.00   7424.50      0.00      0.00      0.00      0.00
12:42:06 AM      0.00      0.00    121.50      0.00   7543.00      0.00      0.00      0.00      0.00
12:42:08 AM      0.00     32.00    188.50      0.00   7586.00      0.00      0.00      0.00      0.00
12:42:10 AM      0.00      0.00    121.50      0.00   7315.50      0.00      0.00      0.00      0.00
12:42:12 AM      0.00      0.00    121.50      0.00   7580.00      0.00      0.00      0.00      0.00
12:42:14 AM      0.00     23.65    147.78      0.00   7397.54      0.00      0.00      0.00      0.00
12:42:16 AM      0.00      0.00    122.73      0.00   7282.32      0.00      0.00      0.00      0.00
12:42:18 AM      0.00     20.00    191.50      0.00   7615.00      0.00      0.00      0.00      0.00
12:42:20 AM      0.00     22.00    121.50      0.00   7429.50      0.00      0.00      0.00      0.00
12:42:22 AM      0.00      0.00    157.50      0.00   7591.50      0.00      0.00      0.00      0.00
12:42:24 AM      0.00      0.00    121.50      0.00   7333.50      0.00      0.00      0.00      0.00
12:42:26 AM      0.00     18.00    121.50      0.00   7523.00      0.00      0.00      0.00      0.00
12:42:28 AM      0.00     48.00    178.50      0.00   7548.00      0.00      0.00      0.00      0.00
12:42:30 AM      0.00      0.00    121.50      0.00   7575.00      0.00      0.00      0.00      0.00
12:42:32 AM      0.00     56.00    151.00      0.00   7624.00      0.00      0.00      0.00      0.00
12:42:34 AM      0.00      0.00    122.00      0.00   7520.00      0.00      0.00      0.00      0.00
12:42:36 AM      0.00      0.00    189.50      0.00   7562.50      0.00      0.00      0.00      0.00
12:42:38 AM      0.00     44.00    123.00      0.00   7526.00      0.00      0.00      0.00      0.00
12:42:40 AM      0.00      0.00    167.00      0.00   7260.50      0.00      0.00      0.00      0.00
12:42:42 AM      0.00      0.00    121.50      0.00   7558.00      0.00      0.00      0.00      0.00
12:42:44 AM      0.00     34.00    121.50      0.00   7610.00      0.00      0.00      0.00      0.00
12:42:46 AM      0.00      0.00    193.50      0.00   7508.50      0.00      0.00      0.00      0.00
12:42:48 AM      0.00      0.00    440.80      0.00   5458.21      0.00      0.00      0.00      0.00
12:42:50 AM      0.00     38.00   2350.00      0.00   9958.00      0.00      0.00      0.00      0.00
12:42:52 AM      0.00     25.74    121.78      0.00  10223.76      0.00      0.00      0.00      0.00
12:42:54 AM      0.00      0.00    124.00      0.00  10842.50      0.00      0.00      0.00      0.00
12:42:56 AM      0.00     30.00    122.00      0.00   9863.50      0.00      0.00      0.00      0.00
12:42:58 AM      0.00      0.00    329.50      0.00  10645.50      0.00      0.00      0.00      0.00
12:43:00 AM      0.00      0.00    159.00      0.00  10183.00      0.00      0.00      0.00      0.00
12:43:02 AM      0.00     53.20    119.21      0.00  10033.99      0.00      0.00      0.00      0.00
12:43:04 AM      0.00      0.00    125.50      0.00  10391.50      0.00      0.00      0.00      0.00
12:43:06 AM      0.00      0.00    120.50      0.00  10489.50      0.00      0.00      0.00      0.00
12:43:08 AM      0.00     58.00    123.50      0.00  10217.50      0.00      0.00      0.00      0.00
12:43:10 AM      0.00      0.00    122.50      0.00   9912.50      0.00      0.00      0.00      0.00
12:43:12 AM      0.00     32.00    121.50      0.00  10046.00      0.00      0.00      0.00      0.00
12:43:14 AM      0.00      0.00    122.00      0.00  10591.50      0.00      0.00      0.00      0.00
12:43:16 AM      0.00      0.00    122.00      0.00  10983.00      0.00      0.00      0.00      0.00
12:43:18 AM      0.00     26.00    121.50      0.00   9751.00      0.00      0.00      0.00      0.00
12:43:20 AM      0.00      0.00    122.00      0.00  10631.50      0.00      0.00      0.00      0.00
12:43:22 AM      0.00     70.00    121.50      0.00  10752.50      0.00      0.00      0.00      0.00
12:43:24 AM      0.00     34.00    123.00      0.00  10689.50      0.00      0.00      0.00      0.00
12:43:26 AM      0.00      0.00    125.50      0.00  10512.00      0.00      0.00      0.00      0.00
12:43:28 AM      0.00     22.00    121.50      0.00  10314.50      0.00      0.00      0.00      0.00
12:43:30 AM      0.00     26.00    122.50      0.00  10735.50      0.00      0.00      0.00      0.00
12:43:32 AM      0.00      0.00     96.50      0.00  10343.00      0.00      0.00      0.00      0.00
12:43:34 AM      0.00      0.00    122.50      0.00  10625.50      0.00      0.00      0.00      0.00
12:43:36 AM      0.00     26.00    122.00      0.00  10340.00      0.00      0.00      0.00      0.00
12:43:38 AM      0.00     56.00    123.00      0.00  10273.50      0.00      0.00      0.00      0.00
12:43:40 AM      0.00      0.00    122.50      0.00  10740.50      0.00      0.00      0.00      0.00
12:43:42 AM      0.00     60.00    122.00      0.00  10741.00      0.00      0.00      0.00      0.00
12:43:44 AM      0.00      0.00    121.50      0.00  10051.00      0.00      0.00      0.00      0.00
12:43:46 AM      0.00      0.00    122.33      0.00   9666.02      0.00      0.00      0.00      0.00
12:43:48 AM      0.00     34.00    121.50      0.00  11038.50      0.00      0.00      0.00      0.00
12:43:50 AM      0.00      0.00    123.50      0.00  10582.50      0.00      0.00      0.00      0.00
12:43:52 AM      0.00      0.00    122.00      0.00   9519.00      0.00      0.00      0.00      0.00
12:43:54 AM      0.00     33.33    119.12      0.00   9975.49      0.00      0.00      0.00      0.00
12:43:56 AM      0.00      0.00    122.50      0.00  10869.50      0.00      0.00      0.00      0.00
12:43:58 AM      0.00      0.00    121.50      0.00  10834.00      0.00      0.00      0.00      0.00
12:44:00 AM      0.00     34.00    128.00      0.00  10488.50      0.00      0.00      0.00      0.00
12:44:02 AM      0.00     26.00    123.50      0.00  10548.50      0.00      0.00      0.00      0.00
12:44:04 AM      0.00      0.00    121.50      0.00  10563.50      0.00      0.00      0.00      0.00
12:44:06 AM      0.00     32.00    122.00      0.00  10113.00      0.00      0.00      0.00      0.00
12:44:08 AM      0.00      8.00    123.00      0.00  10810.50      0.00      0.00      0.00      0.00
12:44:10 AM      0.00      0.00    122.39      0.00  10410.45      0.00      0.00      0.00      0.00
12:44:12 AM      0.00     67.00    120.20      0.00  10564.53      0.00      0.00      0.00      0.00
12:44:14 AM      0.00      0.00    121.50      0.00  10425.00      0.00      0.00      0.00      0.00
12:44:16 AM      0.00      0.00    122.00      0.00  10830.50      0.00      0.00      0.00      0.00
12:44:18 AM      0.00     34.00    122.50      0.00  10934.00      0.00      0.00      0.00      0.00
12:44:20 AM      0.00      0.00    121.50      0.00  10474.00      0.00      0.00      0.00      0.00
12:44:22 AM      0.00      0.00    123.50      0.00   9672.50      0.00      0.00      0.00      0.00
12:44:24 AM      0.00     33.17    152.20      0.00  10130.73      0.00      0.00      0.00      0.00
12:44:26 AM      0.00      0.00    122.66      0.00   9746.80      0.00      0.00      0.00      0.00
12:44:28 AM      0.00      0.00    121.39      0.00   9832.34      0.00      0.00      0.00      0.00
12:44:30 AM      0.00     32.00    121.50      0.00   9815.50      0.00      0.00      0.00      0.00
12:44:32 AM      0.00      0.00    123.00      0.00  10493.50      0.00      0.00      0.00      0.00
12:44:34 AM      0.00      0.00    112.94      0.00  10765.67      0.00      0.00      0.00      0.00
12:44:36 AM      0.00     28.00    122.50      0.00   9669.00      0.00      0.00      0.00      0.00
12:44:38 AM      0.00     12.00    121.50      0.00   9978.00      0.00      0.00      0.00      0.00
12:44:40 AM      0.00      0.00    122.00      0.00  10108.00      0.00      0.00      0.00      0.00
12:44:42 AM      0.00     32.00    124.00      0.00  10872.50      0.00      0.00      0.00      0.00
12:44:44 AM      0.00      0.00    121.50      0.00  10852.50      0.00      0.00      0.00      0.00
12:44:46 AM      0.00      0.00    122.00      0.00  10705.50      0.00      0.00      0.00      0.00
12:44:48 AM      0.00     75.62   1530.85      0.00   8168.16      0.00      0.00      0.00      0.00
