Linux 3.2.0-31-virtual (ip-10-124-138-93) 	06/17/2014 	_x86_64_	(2 CPU)

12:20:52 AM     CPU      %usr     %nice      %sys   %iowait    %steal      %irq     %soft    %guest     %idle
12:20:54 AM     all      4.52      0.00      3.02      0.75      2.51      0.00      0.00      0.00     89.20
12:20:56 AM     all      1.25      0.00      0.50      0.00      0.00      0.00      0.00      0.00     98.25
12:20:58 AM     all      0.49      0.00      1.96      0.00      2.94      0.00      0.00      0.00     94.61
12:21:00 AM     all      0.51      0.00      0.25      0.00      0.00      0.00      0.00      0.00     99.24
12:21:02 AM     all      1.00      0.00      0.25      0.00      0.25      0.00      0.00      0.00     98.50
12:21:04 AM     all      0.50      0.00      0.50      0.00      0.25      0.00      0.00      0.00     98.74
12:21:06 AM     all      0.50      0.00      0.25      0.00      0.00      0.00      0.00      0.00     99.24
12:21:08 AM     all      0.00      0.00      0.25      0.00      0.00      0.00      0.00      0.00     99.75
12:21:10 AM     all      0.25      0.00      0.50      0.00      0.00      0.00      0.00      0.00     99.24
12:21:12 AM     all      0.25      0.00      0.25      0.00      0.00      0.00      0.00      0.00     99.49
12:21:14 AM     all      0.00      0.00      0.25      0.00      0.00      0.00      0.00      0.00     99.75
12:21:16 AM     all      0.00      0.00      0.50      0.00      1.49      0.00      0.00      0.00     98.01
12:21:18 AM     all      0.00      0.00      0.51      0.00      0.00      0.00      0.00      0.00     99.49
12:21:20 AM     all      0.50      0.00      0.25      0.00      0.00      0.00      0.00      0.00     99.24
12:21:22 AM     all      0.00      0.00      0.25      0.00      0.00      0.00      0.00      0.00     99.75
12:21:24 AM     all      0.00      0.00      0.25      0.00      0.00      0.00      0.00      0.00     99.75
12:21:26 AM     all      0.25      0.00      0.25      0.00      1.25      0.00      0.00      0.00     98.25
12:21:28 AM     all      0.00      0.00      0.51      0.00      0.00      0.00      0.00      0.00     99.49
12:21:30 AM     all      0.00      0.00      0.50      0.00      1.51      0.00      0.00      0.00     97.98
12:21:32 AM     all      0.25      0.00      0.51      0.00      0.00      0.00      0.00      0.00     99.24
12:21:34 AM     all      0.25      0.00      0.25      0.25      0.00      0.00      0.00      0.00     99.24
12:21:36 AM     all      0.00      0.00      0.25      0.00      0.00      0.00      0.00      0.00     99.75
12:21:38 AM     all      0.00      0.00      0.50      0.00      1.00      0.00      0.00      0.00     98.50
12:21:40 AM     all      0.00      0.00      0.00      0.00      0.00      0.00      0.00      0.00    100.00
12:21:42 AM     all      0.00      0.00      0.51      0.00      0.00      0.00      0.00      0.00     99.49
12:21:44 AM     all      0.25      0.00      0.50      0.00      0.00      0.00      0.00      0.00     99.24
12:21:46 AM     all      0.00      0.00      0.50      0.25      0.00      0.00      0.00      0.00     99.24
12:21:48 AM     all      0.00      0.00      0.99      0.00      1.73      0.00      0.25      0.00     97.03
12:21:50 AM     all      0.25      0.00      0.50      0.00      0.00      0.00      0.00      0.00     99.24
12:21:52 AM     all      0.50      0.00      0.50      0.00      0.00      0.00      0.25      0.00     98.74
12:21:54 AM     all      0.00      0.00      0.74      0.00      1.48      0.00      0.49      0.00     97.28
12:21:56 AM     all      0.25      0.00      1.25      0.00      0.00      0.00      0.00      0.00     98.50
12:21:58 AM     all      0.00      0.00      0.49      0.00      2.22      0.00      0.00      0.00     97.28
12:22:00 AM     all      0.50      0.00      0.50      0.00      0.25      0.00      0.25      0.00     98.49
12:22:02 AM     all      0.00      0.00      1.01      1.01      0.00      0.00      0.00      0.00     97.98
12:22:04 AM     all      0.00      0.00      0.51      0.00      0.00      0.00      0.00      0.00     99.49
12:22:06 AM     all      0.25      0.00      0.75      0.00      1.00      0.00      0.00      0.00     98.00
12:22:08 AM     all      0.25      0.00      0.51      0.00      0.00      0.00      0.00      0.00     99.24
12:22:10 AM     all      0.25      0.00      0.74      0.00      1.49      0.00      0.00      0.00     97.52
12:22:12 AM     all      0.25      0.00      0.25      0.00      0.00      0.00      0.00      0.00     99.49
12:22:14 AM     all      0.25      0.00      0.75      0.00      1.00      0.00      0.00      0.00     98.00
12:22:16 AM     all      0.25      0.00      0.51      0.25      0.00      0.00      0.00      0.00     98.99
12:22:18 AM     all      0.25      0.00      1.01      0.00      0.00      0.00      0.00      0.00     98.74
12:22:20 AM     all      0.25      0.00      0.49      0.00      2.70      0.00      0.00      0.00     96.56
12:22:22 AM     all      0.25      0.00      0.51      0.00      0.00      0.00      0.00      0.00     99.24
12:22:24 AM     all      0.50      0.00      0.75      0.00      1.49      0.00      0.00      0.00     97.26
12:22:26 AM     all      0.51      0.00      0.76      0.00      0.00      0.00      0.00      0.00     98.74
12:22:28 AM     all      1.25      0.00      1.00      0.25      1.50      0.00      0.00      0.00     96.01
12:22:30 AM     all      0.00      0.00      0.76      0.00      0.00      0.00      0.00      0.00     99.24
12:22:32 AM     all      0.50      0.00      0.75      0.00      0.25      0.00      0.00      0.00     98.50
12:22:34 AM     all      1.50      0.00      0.50      0.00      0.00      0.00      0.00      0.00     98.00
12:22:36 AM     all      1.47      0.00      0.98      0.00      0.98      0.00      0.00      0.00     96.57
12:22:38 AM     all      1.49      0.00      0.99      0.00      0.00      0.00      0.00      0.00     97.52
12:22:40 AM     all      1.49      0.00      0.99      0.00      0.00      0.00      0.00      0.00     97.52
12:22:42 AM     all      1.94      0.00      1.46      0.00      0.97      0.00      0.00      0.00     95.63
12:22:44 AM     all      3.18      0.00      0.49      0.00      0.00      0.00      0.00      0.00     96.33
12:22:46 AM     all      2.18      0.00      1.46      0.24      0.73      0.00      0.00      0.00     95.39
12:22:48 AM     all      4.74      0.00      1.42      0.00      1.42      0.00      0.00      0.00     92.42
12:22:50 AM     all      5.48      0.00      1.43      0.00      0.00      0.00      0.00      0.00     93.10
12:22:52 AM     all      5.74      0.00      0.72      0.24      0.00      0.00      0.00      0.00     93.30
12:22:54 AM     all      4.80      0.00      1.44      0.00      0.00      0.00      0.00      0.00     93.76
12:22:56 AM     all      2.86      0.00      1.19      0.00      2.62      0.00      0.00      0.00     93.33
12:22:58 AM     all      3.17      0.00      1.46      0.00      0.00      0.00      0.00      0.00     95.37
12:23:00 AM     all      2.95      0.00      1.23      0.00      0.00      0.00      0.00      0.00     95.82
12:23:02 AM     all      5.08      0.00      0.73      0.00      0.48      0.00      0.00      0.00     93.70
12:23:04 AM     all      2.46      0.00      0.99      0.25      0.00      0.00      0.00      0.00     96.31
12:23:06 AM     all      2.68      0.00      0.73      0.00      1.46      0.00      0.00      0.00     95.13
12:23:08 AM     all      2.72      0.00      1.24      0.00      0.99      0.00      0.00      0.00     95.05
12:23:10 AM     all      1.00      0.00      1.00      0.00      0.50      0.00      0.00      0.00     97.51
12:23:12 AM     all      0.50      0.00      0.50      0.00      0.50      0.00      0.25      0.00     98.25
12:23:14 AM     all      0.50      0.00      0.50      0.00      0.50      0.00      0.00      0.00     98.49
12:23:16 AM     all      1.00      0.00      0.50      0.25      1.25      0.00      0.00      0.00     97.01
12:23:18 AM     all      0.51      0.00      0.51      0.00      0.00      0.00      0.00      0.00     98.98
12:23:20 AM     all      0.25      0.00      0.51      0.00      0.00      0.00      0.00      0.00     99.24
12:23:22 AM     all      0.00      0.00      0.25      0.00      1.50      0.00      0.00      0.00     98.25
12:23:24 AM     all      0.25      0.00      0.25      0.00      0.25      0.00      0.00      0.00     99.24
12:23:26 AM     all      0.50      0.00      0.75      0.00      2.00      0.00      0.00      0.00     96.75
12:23:28 AM     all      0.77      0.00      0.00      0.00      0.00      0.00      0.00      0.00     99.23
12:23:30 AM     all      0.00      0.00      0.50      0.00      1.26      0.00      0.00      0.00     98.24
12:23:32 AM     all      0.51      0.00      0.51      0.00      0.25      0.00      0.00      0.00     98.73
12:23:34 AM     all      1.48      0.00      0.25      0.25      1.48      0.00      0.00      0.00     96.54
12:23:36 AM     all      1.98      0.00      1.48      0.00      0.00      0.00      0.00      0.00     96.54
12:23:38 AM     all      4.29      0.00      0.95      0.00      2.86      0.00      0.00      0.00     91.90
12:23:40 AM     all      5.49      0.00      0.95      0.00      0.00      0.00      0.24      0.00     93.32
12:23:42 AM     all      2.91      0.00      0.48      0.00      1.45      0.00      0.24      0.00     94.92
12:23:44 AM     all      1.75      0.00      0.25      0.00      0.00      0.00      0.00      0.00     97.99
12:23:46 AM     all      0.50      0.00      0.50      0.00      1.50      0.00      0.00      0.00     97.50
12:23:48 AM     all      0.26      0.00      0.26      0.00      0.00      0.00      0.00      0.00     99.49
12:23:50 AM     all      0.25      0.00      0.25      0.25      2.72      0.00      0.00      0.00     96.54
12:23:52 AM     all      0.00      0.00      0.50      0.00      1.50      0.00      0.00      0.00     97.99
12:23:54 AM     all      0.25      0.00      0.50      0.00      2.48      0.00      0.00      0.00     96.78
12:23:56 AM     all      0.25      0.00      0.25      0.00      0.00      0.00      0.00      0.00     99.49
12:23:58 AM     all      0.00      0.00      0.98      0.00      3.19      0.00      0.25      0.00     95.59
12:24:00 AM     all      0.25      0.00      0.76      0.00      0.00      0.00      0.25      0.00     98.74
12:24:02 AM     all      0.25      0.00      0.25      0.25      1.50      0.00      0.50      0.00     97.25
12:24:04 AM     all      0.25      0.00      0.50      0.00      1.49      0.00      0.00      0.00     97.76
12:24:06 AM     all      0.25      0.00      0.50      0.00      1.50      0.00      0.00      0.00     97.75
12:24:08 AM     all      0.00      0.00      0.26      0.00      0.00      0.00      0.00      0.00     99.74
12:24:10 AM     all     16.87      0.00      0.74      0.00      6.95      0.00      0.00      0.00     75.43
12:24:12 AM     all      6.70      0.00      0.99      0.00      4.96      0.00      0.00      0.00     87.34
12:24:14 AM     all      0.00      0.00      0.51      0.25      0.25      0.00      0.00      0.00     98.99
12:24:16 AM     all      0.25      0.00      0.50      0.00      0.75      0.00      0.00      0.00     98.49
12:24:18 AM     all      0.00      0.00      0.25      0.00      0.76      0.00      0.00      0.00     98.99
12:24:20 AM     all      0.00      0.00      0.51      0.00      0.00      0.00      0.00      0.00     99.49
12:24:22 AM     all      0.25      0.00      0.74      0.00      1.47      0.00      0.00      0.00     97.54
12:24:24 AM     all      0.25      0.00      0.25      0.00      0.00      0.00      0.00      0.00     99.49
12:24:26 AM     all      0.50      0.00      0.50      0.25      0.00      0.00      0.00      0.00     98.74
12:24:28 AM     all      1.25      0.00      0.75      0.00      0.25      0.00      0.00      0.00     97.76
12:24:30 AM     all      3.39      0.00      0.97      0.00      1.21      0.00      0.00      0.00     94.43
12:24:32 AM     all      4.11      0.00      1.21      0.24      0.00      0.00      0.00      0.00     94.44
12:24:34 AM     all      6.13      0.00      1.18      0.00      0.00      0.00      0.24      0.00     92.45
12:24:36 AM     all      3.84      0.00      0.72      0.00      1.44      0.00      0.24      0.00     93.76
12:24:38 AM     all      2.44      0.00      0.73      0.00      1.22      0.00      0.24      0.00     95.37
12:24:40 AM     all      1.99      0.00      0.50      0.00      0.00      0.00      0.25      0.00     97.27
12:24:42 AM     all      0.76      0.00      0.51      0.00      0.00      0.00      0.00      0.00     98.74
12:24:44 AM     all      0.25      0.00      0.51      0.00      0.00      0.00      0.00      0.00     99.24
12:24:46 AM     all      0.25      0.00      0.25      0.00      0.25      0.00      0.00      0.00     99.24
12:24:48 AM     all      1.26      0.00      1.01      0.00      3.02      0.00      0.00      0.00     94.71
12:24:50 AM     all      0.77      0.00      0.77      0.26      1.53      0.00      0.00      0.00     96.68
12:24:52 AM     all      0.26      0.00      0.26      0.00      0.00      0.00      0.00      0.00     99.48
12:24:54 AM     all      0.26      0.00      0.51      0.00      0.00      0.00      0.00      0.00     99.23
12:24:56 AM     all      0.25      0.00      0.50      0.00      2.99      0.00      0.00      0.00     96.27
12:24:58 AM     all      0.25      0.00      0.51      0.00      1.52      0.00      0.00      0.00     97.73
12:25:00 AM     all      0.25      0.00      0.74      0.00      2.97      0.00      0.50      0.00     95.54
12:25:02 AM     all      0.50      0.00      1.01      0.00      0.50      0.00      1.51      0.00     96.47
12:25:04 AM     all      0.50      0.00      0.76      0.00      0.76      0.00      0.50      0.00     97.48
12:25:06 AM     all      0.00      0.00      0.51      0.00      1.52      0.00      0.25      0.00     97.73
12:25:08 AM     all      0.26      0.00      0.26      0.26      0.00      0.00      0.00      0.00     99.23
12:25:10 AM     all      1.26      0.00      1.52      0.00      3.03      0.00      0.00      0.00     94.19
12:25:12 AM     all      0.00      0.00      0.51      0.00      0.00      0.00      0.00      0.00     99.49
12:25:14 AM     all      0.51      0.00      0.25      0.00      1.27      0.00      0.00      0.00     97.97
12:25:16 AM     all      0.26      0.00      0.51      0.00      0.00      0.00      0.00      0.00     99.23
12:25:18 AM     all      0.75      0.00      0.50      0.00      2.75      0.00      0.00      0.00     96.00
12:25:20 AM     all      0.25      0.00      0.49      0.25      4.17      0.00      0.00      0.00     94.85
12:25:22 AM     all      0.51      0.00      0.51      0.00      0.26      0.00      0.00      0.00     98.72
12:25:24 AM     all      1.01      0.00      1.26      0.00      1.51      0.00      0.00      0.00     96.22
12:25:26 AM     all      0.51      0.00      0.51      0.00      1.27      0.00      0.00      0.00     97.72
12:25:28 AM     all      0.26      0.00      0.51      0.00      0.26      0.00      0.00      0.00     98.98
12:25:30 AM     all      0.76      0.00      0.76      0.00      3.28      0.00      0.00      0.00     95.20
12:25:32 AM     all      0.51      0.00      0.51      0.00      0.26      0.00      0.00      0.00     98.72
12:25:34 AM     all      1.28      0.00      0.26      0.00      0.00      0.00      0.00      0.00     98.47
12:25:36 AM     all      1.51      0.00      0.76      0.00      0.00      0.00      0.00      0.00     97.73
12:25:38 AM     all      2.48      0.00      0.74      0.25      0.74      0.00      0.00      0.00     95.78
12:25:40 AM     all      1.01      0.00      1.51      0.00      0.25      0.00      0.00      0.00     97.24
12:25:42 AM     all      4.99      0.00      1.43      0.00      1.43      0.00      0.00      0.00     92.16
12:25:44 AM     all      6.73      0.00      2.24      0.00      2.24      0.00      0.00      0.00     88.79
12:25:46 AM     all      7.31      0.00      2.28      0.00      1.37      0.00      0.23      0.00     88.81
12:25:48 AM     all      7.41      0.00      1.62      0.00      1.16      0.00      0.00      0.00     89.81
12:25:50 AM     all      8.37      0.00      2.33      0.23      1.40      0.00      0.00      0.00     87.67
12:25:52 AM     all      7.13      0.00      1.84      0.00      1.38      0.00      0.46      0.00     89.20
12:25:54 AM     all      4.38      0.00      1.22      0.00      1.46      0.00      0.00      0.00     92.94
12:25:56 AM     all      5.99      0.00      1.38      0.00      1.38      0.00      0.23      0.00     91.01
12:25:58 AM     all      3.43      0.00      1.47      0.00      0.00      0.00      0.25      0.00     94.85
12:26:00 AM     all      1.00      0.00      0.75      0.00      1.50      0.00      0.00      0.00     96.75
12:26:02 AM     all      1.00      0.00      0.75      0.25      2.00      0.00      0.00      0.00     96.01
12:26:04 AM     all      0.51      0.00      1.02      0.00      0.00      0.00      0.00      0.00     98.48
12:26:06 AM     all      0.51      0.00      0.51      0.00      0.00      0.00      0.00      0.00     98.98
12:26:08 AM     all      0.00      0.00      1.02      0.26      0.00      0.00      0.00      0.00     98.72
12:26:10 AM     all      0.25      0.00      1.00      0.00      1.50      0.00      0.00      0.00     97.24
12:26:12 AM     all      0.51      0.00      0.76      0.25      0.25      0.00      0.00      0.00     98.22
12:26:14 AM     all      0.25      0.00      0.75      0.00      1.51      0.00      0.00      0.00     97.49
12:26:16 AM     all      0.00      0.00      0.77      0.00      0.00      0.00      0.00      0.00     99.23
12:26:18 AM     all      0.25      0.00      0.76      0.00      1.27      0.00      0.00      0.00     97.72
12:26:20 AM     all      0.25      0.00      0.76      0.00      0.25      0.00      0.00      0.00     98.73
12:26:22 AM     all      0.25      0.00      2.24      0.00      4.48      0.00      0.00      0.00     93.03
12:26:24 AM     all      0.25      0.00      0.75      0.00      1.75      0.00      0.25      0.00     97.00
12:26:26 AM     all      0.25      0.00      0.50      0.00      2.49      0.00      0.00      0.00     96.76
12:26:28 AM     all      0.25      0.00      0.76      0.00      0.00      0.00      0.51      0.00     98.48
12:26:30 AM     all      0.25      0.00      1.23      0.25      2.46      0.00      0.49      0.00     95.33
12:26:32 AM     all      0.00      0.00      1.76      0.00      0.00      0.00      0.76      0.00     97.48
12:26:34 AM     all      0.50      0.00      0.50      0.00      1.50      0.00      0.75      0.00     96.74
12:26:36 AM     all      0.00      0.00      0.25      0.00      1.51      0.00      0.50      0.00     97.73
12:26:38 AM     all      0.25      0.00      0.75      0.00      1.75      0.00      0.25      0.00     97.00
12:26:40 AM     all      0.00      0.00      0.25      0.00      2.75      0.00      0.00      0.00     97.00
12:26:42 AM     all      0.00      0.00      0.26      0.26      0.26      0.00      0.00      0.00     99.23
12:26:44 AM     all      0.25      0.00      0.51      0.00      1.01      0.00      0.00      0.00     98.23
12:26:46 AM     all      0.26      0.00      0.26      0.00      0.00      0.00      0.00      0.00     99.49
12:26:48 AM     all      1.55      0.00      0.26      0.00      1.55      0.00      0.00      0.00     96.64
12:26:50 AM     all      0.26      0.00      0.26      0.00      1.81      0.00      0.00      0.00     97.67
12:26:52 AM     all      0.26      0.00      0.26      0.26      2.56      0.00      0.00      0.00     96.68
12:26:54 AM     all      0.51      0.00      0.51      0.00      2.79      0.00      0.00      0.00     96.19
12:26:56 AM     all      0.26      0.00      0.26      0.00      0.00      0.00      0.00      0.00     99.47
12:26:58 AM     all      0.51      0.00      0.77      0.00      1.54      0.00      0.00      0.00     97.18
12:27:00 AM     all      1.76      0.00      0.76      0.00      2.77      0.00      0.00      0.00     94.71
12:27:02 AM     all      6.75      0.00      2.41      0.00      0.96      0.00      0.00      0.00     89.88
12:27:04 AM     all      5.66      0.00      2.36      0.24      2.59      0.00      0.00      0.00     89.15
12:27:06 AM     all     11.53      0.00      3.33      0.00      1.55      0.00      0.00      0.00     83.59
12:27:08 AM     all     13.85      0.00      2.38      0.00      3.46      0.00      0.43      0.00     79.87
12:27:10 AM     all      9.85      0.00      5.14      0.00      4.28      0.00      0.43      0.00     80.30
12:27:12 AM     all     10.11      0.00      2.07      0.00      0.00      0.00      0.69      0.00     87.13
12:27:14 AM     all      2.45      0.00      0.49      0.00      3.92      0.00      0.25      0.00     92.89
12:27:16 AM     all      1.02      0.00      0.77      0.00      1.02      0.00      0.26      0.00     96.93
12:27:18 AM     all      0.25      0.00      0.51      0.00      3.05      0.00      0.00      0.00     96.18
12:27:20 AM     all      0.26      0.00      0.78      0.00      1.57      0.00      0.00      0.00     97.39
12:27:22 AM     all      0.00      0.00      0.52      0.26      1.55      0.00      0.00      0.00     97.67
12:27:24 AM     all      0.51      0.00      0.51      0.00      2.54      0.00      0.00      0.00     96.44
12:27:26 AM     all      0.26      0.00      0.51      0.00      1.54      0.00      0.26      0.00     97.43
12:27:28 AM     all      0.25      0.00      1.51      0.00      2.27      0.00      0.50      0.00     95.47
12:27:30 AM     all      0.25      0.00      2.01      0.00      1.76      0.00      0.75      0.00     95.23
12:27:32 AM     all      0.26      0.00      0.78      0.00      0.00      0.00      0.26      0.00     98.69
12:27:34 AM     all      1.03      0.00      0.26      0.26      1.29      0.00      0.00      0.00     97.16
12:27:36 AM     all      0.26      0.00      0.26      0.00      0.26      0.00      0.00      0.00     99.21
12:27:38 AM     all      0.26      0.00      0.77      0.00      2.84      0.00      0.00      0.00     96.13
12:27:40 AM     all      0.26      0.00      0.26      0.00      0.78      0.00      0.00      0.00     98.70
12:27:42 AM     all      0.75      0.00      0.50      0.00      4.48      0.00      0.00      0.00     94.28
12:27:44 AM     all      1.29      0.00      0.26      0.00      1.54      0.00      0.00      0.00     96.92
12:27:46 AM     all      0.26      0.00      0.51      0.00      2.55      0.00      0.00      0.00     96.68
12:27:48 AM     all      0.76      0.00      0.76      0.00      2.78      0.00      0.00      0.00     95.70
12:27:50 AM     all      1.25      0.00      0.75      0.00      2.51      0.00      0.25      0.00     95.24
12:27:52 AM     all      3.23      0.00      1.24      0.25      1.24      0.00      0.00      0.00     94.03
12:27:54 AM     all      3.84      0.00      2.16      0.00      2.88      0.00      0.24      0.00     90.89
12:27:56 AM     all      7.93      0.00      2.33      0.00      1.40      0.00      0.00      0.00     88.34
12:27:58 AM     all     11.06      0.00      4.34      0.22      1.30      0.00      0.00      0.00     83.08
12:28:00 AM     all     12.31      0.00      3.82      0.00      2.97      0.00      0.64      0.00     80.25
12:28:02 AM     all     10.59      0.00      3.15      0.00      1.13      0.00      0.23      0.00     84.91
12:28:04 AM     all      9.93      0.00      2.48      0.00      1.58      0.00      0.45      0.00     85.55
12:28:06 AM     all      6.60      0.00      1.42      0.00      2.36      0.00      0.47      0.00     89.15
12:28:08 AM     all      3.02      0.00      1.01      0.00      0.00      0.00      0.25      0.00     95.72
12:28:10 AM     all      1.51      0.00      0.76      0.00      3.78      0.00      0.25      0.00     93.70
12:28:12 AM     all      0.50      0.00      2.01      0.00      5.51      0.00      0.00      0.00     91.98
12:28:14 AM     all      0.00      0.00      0.26      0.00      1.56      0.00      0.00      0.00     98.18
12:28:16 AM     all      0.77      0.00      0.77      0.26      1.28      0.00      0.00      0.00     96.94
12:28:18 AM     all      0.51      0.00      0.25      0.00      3.05      0.00      0.00      0.00     96.19
12:28:20 AM     all      0.25      0.00      0.51      0.00      3.05      0.00      0.00      0.00     96.19
12:28:22 AM     all      0.26      0.00      0.78      0.00      0.00      0.00      0.00      0.00     98.96
12:28:24 AM     all      0.77      0.00      1.54      0.00      1.54      0.00      1.03      0.00     95.12
12:28:26 AM     all      0.75      0.00      2.24      0.00      2.49      0.00      1.00      0.00     93.53
12:28:28 AM     all      0.25      0.00      1.99      0.00      1.49      0.00      2.24      0.00     94.03
12:28:30 AM     all      0.51      0.00      1.29      0.00      2.06      0.00      0.51      0.00     95.63
12:28:32 AM     all      0.26      0.00      0.78      0.00      1.29      0.00      0.00      0.00     97.67
12:28:34 AM     all      2.56      0.00      0.26      0.26      1.79      0.00      0.00      0.00     95.14
12:28:36 AM     all      0.26      0.00      0.79      0.00      0.00      0.00      0.00      0.00     98.95
12:28:38 AM     all      0.26      0.00      0.77      0.00      1.54      0.00      0.00      0.00     97.43
12:28:40 AM     all      0.26      0.00      0.51      0.00      1.80      0.00      0.00      0.00     97.43
12:28:42 AM     all      0.75      0.00      0.50      0.00      4.23      0.00      0.00      0.00     94.53
12:28:44 AM     all      0.00      0.00      0.76      0.00      3.05      0.00      0.00      0.00     96.19
12:28:46 AM     all      0.25      0.00      1.01      0.00      3.03      0.00      0.00      0.00     95.71
12:28:48 AM     all      3.14      0.00      1.05      0.00      0.00      0.00      0.00      0.00     95.81
12:28:50 AM     all      0.52      0.00      0.78      0.00      1.82      0.00      0.00      0.00     96.88
12:28:52 AM     all      1.02      0.00      1.02      0.25      3.31      0.00      0.00      0.00     94.40
12:28:54 AM     all      3.79      0.00      1.26      0.00      1.52      0.00      0.00      0.00     93.43
12:28:56 AM     all      2.07      0.00      1.04      0.00      0.26      0.00      0.00      0.00     96.63
12:28:58 AM     all      5.67      0.00      1.89      0.00      3.78      0.00      0.00      0.00     88.65
12:29:00 AM     all      4.47      0.00      1.74      0.00      1.74      0.00      0.00      0.00     92.06
12:29:02 AM     all      9.20      0.00      3.30      0.00      0.71      0.00      0.24      0.00     86.56
12:29:04 AM     all     12.47      0.00      2.41      0.22      1.53      0.00      0.00      0.00     83.37
12:29:06 AM     all     14.38      0.00      3.70      0.00      0.44      0.00      0.44      0.00     81.05
12:29:08 AM     all     16.46      0.00      3.91      0.00      2.47      0.00      0.41      0.00     76.75
12:29:10 AM     all     16.95      0.00      3.14      0.00      2.51      0.00      0.42      0.00     76.99
12:29:12 AM     all     14.19      0.00      2.40      0.00      1.31      0.00      0.66      0.00     81.44
12:29:14 AM     all     12.11      0.00      2.02      0.00      1.35      0.00      0.90      0.00     83.63
12:29:16 AM     all      8.78      0.00      2.08      0.00      2.54      0.00      0.23      0.00     86.37
12:29:18 AM     all      5.81      0.00      1.45      0.00      1.45      0.00      0.73      0.00     90.56
12:29:20 AM     all      3.48      0.00      0.75      0.00      2.74      0.00      0.25      0.00     92.79
12:29:22 AM     all      1.52      0.00      0.51      0.25      2.78      0.00      0.25      0.00     94.68
12:29:24 AM     all      1.02      0.00      0.51      0.00      2.81      0.00      0.00      0.00     95.65
12:29:26 AM     all      1.34      0.00      0.27      0.00      0.27      0.00      0.00      0.00     98.13
12:29:28 AM     all      0.27      0.00      0.00      0.27      0.00      0.00      0.00      0.00     99.47
12:29:30 AM     all      0.00      0.00      0.27      0.00      0.27      0.00      0.00      0.00     99.47
12:29:32 AM     all      4.26      0.00      0.27      0.00      0.27      0.00      0.00      0.00     95.21
12:29:34 AM     all      2.11      0.00      0.26      0.00      2.37      0.00      0.00      0.00     95.25
12:29:36 AM     all      0.78      0.00      0.00      0.00      1.81      0.00      0.00      0.00     97.41
12:29:38 AM     all      0.79      0.00      0.53      0.00      0.00      0.00      0.26      0.00     98.42
12:29:40 AM     all      0.00      0.00      1.03      0.00      2.82      0.00      0.00      0.00     96.15
12:29:42 AM     all      0.52      0.00      1.03      0.00      1.29      0.00      0.77      0.00     96.39
12:29:44 AM     all      0.00      0.00      1.78      0.25      1.78      0.00      1.02      0.00     95.17
12:29:46 AM     all      0.76      0.00      1.26      0.00      2.77      0.00      2.02      0.00     93.20
12:29:48 AM     all      0.25      0.00      1.02      0.00      3.05      0.00      1.78      0.00     93.89
12:29:50 AM     all      0.51      0.00      1.78      0.00      1.27      0.00      1.27      0.00     95.17
12:29:52 AM     all      0.26      0.00      1.56      0.00      1.82      0.00      0.78      0.00     95.57
12:29:54 AM     all      0.78      0.00      0.52      0.00      1.82      0.00      0.00      0.00     96.88
12:29:56 AM     all      0.26      0.00      0.51      0.26      2.82      0.00      0.00      0.00     96.15
12:29:58 AM     all      0.26      0.00      0.78      0.00      1.56      0.00      0.00      0.00     97.40
12:30:00 AM     all      0.26      0.00      0.78      0.00      3.13      0.00      0.00      0.00     95.82
12:30:02 AM     all      3.05      0.00      1.02      0.00      3.30      0.00      0.00      0.00     92.64
12:30:04 AM     all      0.52      0.00      0.78      0.00      2.60      0.00      0.00      0.00     96.10
12:30:06 AM     all      1.05      0.00      1.05      0.00      1.57      0.00      0.00      0.00     96.33
12:30:08 AM     all      1.04      0.00      0.52      0.78      1.83      0.00      0.00      0.00     95.82
12:30:10 AM     all      1.07      0.00      1.60      0.00      0.00      0.00      0.00      0.00     97.33
12:30:12 AM     all      0.79      0.00      0.79      0.00      1.58      0.00      0.00      0.00     96.84
12:30:14 AM     all      0.00      0.00      0.81      0.00      0.27      0.00      0.00      0.00     98.92
12:30:16 AM     all      1.01      0.00      0.50      0.00      4.28      0.00      0.00      0.00     94.21
12:30:18 AM     all      0.79      0.00      1.05      0.00      0.26      0.00      0.00      0.00     97.90
12:30:20 AM     all      0.26      0.00      0.79      0.26      0.00      0.00      0.00      0.00     98.68
12:30:22 AM     all      0.77      0.00      0.77      0.00      3.32      0.00      0.00      0.00     95.15
12:30:24 AM     all      1.30      0.00      0.52      0.00      1.55      0.00      0.00      0.00     96.63
12:30:26 AM     all      1.77      0.00      1.01      0.00      2.53      0.00      0.00      0.00     94.70
12:30:28 AM     all      1.31      0.00      1.04      0.00      0.00      0.00      0.00      0.00     97.65
12:30:30 AM     all      2.50      0.00      1.00      0.00      3.00      0.00      0.00      0.00     93.50
12:30:32 AM     all      6.30      0.00      1.94      0.24      4.36      0.00      0.00      0.00     87.17
12:30:34 AM     all      5.21      0.00      2.84      0.00      3.08      0.00      0.00      0.00     88.86
12:30:36 AM     all      7.28      0.00      2.91      0.00      0.00      0.00      0.24      0.00     89.56
12:30:38 AM     all      6.90      0.00      2.38      0.00      1.43      0.00      0.24      0.00     89.05
12:30:40 AM     all      7.05      0.00      3.41      0.00      4.32      0.00      0.00      0.00     85.23
12:30:42 AM     all      9.11      0.00      2.96      0.00      2.51      0.00      0.00      0.00     85.42
12:30:44 AM     all     11.26      0.00      3.09      0.66      2.65      0.00      0.00      0.00     82.34
12:30:46 AM     all     14.69      0.00      3.07      0.00      1.32      0.00      0.22      0.00     80.70
12:30:48 AM     all     23.08      0.00      5.26      0.00      2.43      0.00      0.40      0.00     68.83
12:30:50 AM     all     28.90      0.00      7.09      0.18      1.24      0.00      0.53      0.00     62.06
12:30:52 AM     all     28.37      0.00      5.75      0.00      2.33      0.00      0.72      0.00     62.84
12:30:54 AM     all     25.75      0.00      5.97      0.00      1.12      0.00      2.24      0.00     64.93
12:30:56 AM     all     19.03      0.00      4.86      0.00      3.64      0.00      1.21      0.00     71.26
12:30:58 AM     all     19.60      0.00      4.60      0.00      3.60      0.00      1.00      0.00     71.20
12:31:00 AM     all     26.32      0.00      6.02      0.00      0.00      0.00      1.50      0.00     66.17
12:31:02 AM     all     14.07      0.00      3.41      0.00      7.04      0.00      1.49      0.00     73.99
12:31:04 AM     all     18.14      0.00      2.81      0.00      1.51      0.00      1.30      0.00     76.24
12:31:06 AM     all     10.66      0.00      2.13      0.00      3.79      0.00      0.95      0.00     82.46
12:31:08 AM     all      8.96      0.00      1.99      0.25      0.50      0.00      0.75      0.00     87.56
12:31:10 AM     all      3.39      0.00      1.04      0.00      4.95      0.00      0.78      0.00     89.84
12:31:12 AM     all      2.13      0.00      0.80      1.33      5.59      0.00      0.00      0.00     90.16
12:31:14 AM     all      1.62      0.00      0.81      0.81      1.89      0.00      0.00      0.00     94.88
12:31:16 AM     all      0.84      0.00      0.56      0.00      0.00      0.00      0.28      0.00     98.33
12:31:18 AM     all      1.05      0.00      2.36      0.00      6.04      0.00      0.00      0.00     90.55
12:31:20 AM     all      0.53      0.00      1.32      0.00      5.80      0.00      0.00      0.00     92.35
12:31:22 AM     all      0.55      0.00      0.55      0.00      1.65      0.00      0.00      0.00     97.25
12:31:24 AM     all      1.90      0.00      1.36      0.00      3.52      0.00      0.00      0.00     93.22
12:31:26 AM     all      0.28      0.00      0.55      0.28      1.38      0.00      0.00      0.00     97.51
12:31:28 AM     all      1.30      0.00      1.04      0.00      6.25      0.00      0.26      0.00     91.15
12:31:30 AM     all      0.55      0.00      0.55      0.00      1.92      0.00      0.00      0.00     96.98
12:31:32 AM     all      0.56      0.00      0.28      0.28      3.62      0.00      0.00      0.00     95.26
12:31:34 AM     all      1.09      0.00      0.82      0.00      3.27      0.00      0.27      0.00     94.55
12:31:36 AM     all      1.36      0.00      1.90      0.00      1.63      0.00      0.27      0.00     94.84
12:31:38 AM     all      0.27      0.00      2.19      0.00      0.00      0.00      1.10      0.00     96.44
12:31:40 AM     all      1.29      0.00      2.32      0.00      3.35      0.00      2.06      0.00     90.98
12:31:42 AM     all      0.25      0.00      4.53      0.00      1.76      0.00      2.52      0.00     90.93
12:31:44 AM     all      0.00      0.00      7.30      0.25      0.00      0.00      3.78      0.00     88.66
12:31:46 AM     all      1.02      0.00      4.07      0.00      3.05      0.00      1.78      0.00     90.08
12:31:48 AM     all      1.84      0.00      2.37      0.00      3.42      0.00      2.11      0.00     90.26
12:31:50 AM     all      1.29      0.00      2.07      1.29      4.65      0.00      0.52      0.00     90.18
12:31:52 AM     all      1.09      0.00      0.82      0.00      1.63      0.00      0.82      0.00     95.65
12:31:54 AM     all      1.61      0.00      0.54      0.00      2.95      0.00      0.00      0.00     94.91
12:31:56 AM     all      0.27      0.00      0.00      0.27      1.63      0.00      0.00      0.00     97.83
12:31:58 AM     all      0.28      0.00      0.83      0.00      1.66      0.00      0.00      0.00     97.24
12:32:00 AM     all      1.85      0.00      1.06      0.00      4.49      0.00      0.26      0.00     92.35
12:32:02 AM     all      2.40      0.00      2.93      0.27      1.07      0.00      0.00      0.00     93.33
12:32:04 AM     all      2.11      0.00      1.32      0.00      3.68      0.00      0.00      0.00     92.89
12:32:06 AM     all      1.11      0.00      0.83      0.00      0.00      0.00      0.00      0.00     98.06
12:32:08 AM     all      3.65      0.00      1.30      0.26      4.95      0.00      0.00      0.00     89.84
12:32:10 AM     all      2.37      0.00      1.06      0.00      3.17      0.00      0.00      0.00     93.40
12:32:12 AM     all      3.08      0.00      2.06      0.00      5.14      0.00      0.26      0.00     89.46
12:32:14 AM     all      0.56      0.00      0.84      0.00      0.56      0.00      0.00      0.00     98.04
12:32:16 AM     all      0.28      0.00      0.85      0.00      0.00      0.00      0.00      0.00     98.87
12:32:18 AM     all      0.28      0.00      0.56      0.00      0.56      0.00      0.00      0.00     98.60
12:32:20 AM     all      0.83      0.00      0.83      0.28      1.65      0.00      0.00      0.00     96.42
12:32:22 AM     all      2.07      0.00      1.04      0.00      5.18      0.00      0.26      0.00     91.45
12:32:24 AM     all      3.28      0.00      1.64      0.00      0.27      0.00      0.00      0.00     94.81
12:32:26 AM     all      2.43      0.00      1.35      0.00      1.89      0.00      0.00      0.00     94.34
12:32:28 AM     all      1.91      0.00      1.91      0.00      0.55      0.00      0.00      0.00     95.63
12:32:30 AM     all      4.03      0.00      2.61      0.00     10.19      0.00      0.47      0.00     82.70
12:32:32 AM     all      2.94      0.00      2.14      0.00      0.80      0.00      0.00      0.00     94.12
12:32:34 AM     all      8.29      0.00      2.44      0.00      6.10      0.00      0.24      0.00     82.93
12:32:36 AM     all      3.67      0.00      2.10      0.00      3.15      0.00      0.00      0.00     91.08
12:32:38 AM     all      4.17      0.00      1.82      0.26      1.82      0.00      0.26      0.00     91.67
12:32:40 AM     all      7.30      0.00      3.16      0.00      3.16      0.00      0.24      0.00     86.13
12:32:42 AM     all      7.67      0.00      4.08      0.00      3.12      0.00      0.24      0.00     84.89
12:32:44 AM     all     10.98      0.00      3.82      0.24      1.67      0.00      0.24      0.00     83.05
12:32:46 AM     all     10.80      0.00      3.22      0.00      5.52      0.00      0.23      0.00     80.23
12:32:48 AM     all     25.16      0.00      7.40      0.00      0.21      0.00      0.00      0.00     67.23
12:32:50 AM     all     23.77      0.00      5.74      0.00      2.66      0.00      0.00      0.00     67.83
12:32:52 AM     all     25.94      0.00      6.14      0.00      2.57      0.00      0.40      0.00     64.95
12:32:54 AM     all     28.71      0.00      6.75      0.00      2.44      0.00      0.19      0.00     61.91
12:32:56 AM     all     31.32      0.00      6.94      0.00      2.14      0.00      0.53      0.00     59.07
12:32:58 AM     all     29.14      0.00      8.01      0.00      2.37      0.00      0.36      0.00     60.11
12:33:00 AM     all     28.68      0.00      6.62      0.00      2.57      0.00      0.74      0.00     61.40
12:33:02 AM     all     30.90      0.00      5.48      0.18      2.01      0.00      1.46      0.00     59.96
12:33:04 AM     all     30.36      0.00      6.36      0.00      2.00      0.00      1.82      0.00     59.45
12:33:06 AM     all     28.05      0.00      6.92      0.00      3.46      0.00      0.91      0.00     60.66
12:33:08 AM     all     33.28      0.00      7.56      0.00      1.18      0.00      2.52      0.00     55.46
12:33:10 AM     all     29.07      0.00      5.56      0.00      2.22      0.00      2.04      0.00     61.11
12:33:12 AM     all     31.29      0.00      7.01      0.00      0.36      0.00      2.16      0.00     59.17
12:33:14 AM     all     25.15      0.00      4.95      0.20      2.38      0.00      2.38      0.00     64.95
12:33:16 AM     all     23.44      0.00      4.30      0.00      1.08      0.00      1.94      0.00     69.25
12:33:18 AM     all     15.88      0.00      3.58      0.00      4.25      0.00      1.57      0.00     74.72
12:33:20 AM     all     22.17      0.00      3.10      0.00      0.00      0.00      1.55      0.00     73.17
12:33:22 AM     all     15.97      0.00      3.01      0.00      3.24      0.00      1.16      0.00     76.62
12:33:24 AM     all     14.46      0.00      1.45      0.00      3.37      0.00      0.96      0.00     79.76
12:33:26 AM     all     10.85      0.00      1.81      0.00      1.55      0.00      0.78      0.00     85.01
12:33:28 AM     all      6.27      0.00      1.04      0.00      4.70      0.00      0.52      0.00     87.47
12:33:30 AM     all      3.41      0.00      0.85      0.00      1.99      0.00      0.00      0.00     93.75
12:33:32 AM     all      2.61      0.00      1.74      0.00      0.58      0.00      0.29      0.00     94.78
12:33:34 AM     all      1.74      0.00      0.87      0.00      2.33      0.00      0.00      0.00     95.06
12:33:36 AM     all      3.17      0.00      1.44      0.00      3.75      0.00      0.00      0.00     91.64
12:33:38 AM     all      0.60      0.00      0.89      0.30      0.30      0.00      0.00      0.00     97.92
12:33:40 AM     all      3.71      0.00      1.06      0.00      6.37      0.00      0.00      0.00     88.86
12:33:42 AM     all      0.87      0.00      0.87      0.00      3.48      0.00      0.00      0.00     94.78
12:33:44 AM     all      0.88      0.00      0.88      0.00      2.06      0.00      0.29      0.00     95.88
12:33:46 AM     all      3.08      0.00      0.56      0.00      3.36      0.00      0.00      0.00     93.00
12:33:48 AM     all      1.39      0.00      0.56      0.00      5.56      0.00      0.00      0.00     92.50
12:33:50 AM     all      1.99      0.00      0.28      0.28      7.12      0.00      0.00      0.00     90.31
12:33:52 AM     all      0.59      0.00      0.29      0.00      2.05      0.00      0.00      0.00     97.07
12:33:54 AM     all      0.59      0.00      0.59      0.00      1.76      0.00      0.00      0.00     97.06
12:33:56 AM     all      0.89      0.00      0.60      0.00      0.30      0.00      0.00      0.00     98.21
12:33:58 AM     all      0.57      0.00      0.57      0.00      3.72      0.00      0.00      0.00     95.13
12:34:00 AM     all      2.24      0.00      1.68      0.00      3.64      0.00      0.00      0.00     92.44
12:34:02 AM     all      4.40      0.00      2.75      0.00      2.47      0.00      0.27      0.00     90.11
12:34:04 AM     all      1.40      0.00      1.40      0.00      3.64      0.00      0.28      0.00     93.28
12:34:06 AM     all      0.89      0.00      2.66      0.00      0.30      0.00      0.89      0.00     95.27
12:34:08 AM     all      2.76      0.00      4.97      0.28      1.93      0.00      1.66      0.00     88.40
12:34:10 AM     all      3.39      0.00      7.81      0.00      2.08      0.00      3.12      0.00     83.59
12:34:12 AM     all      1.37      0.00      5.74      0.00      0.82      0.00      3.28      0.00     88.80
12:34:14 AM     all      0.79      0.00      6.28      0.00      3.66      0.00      3.93      0.00     85.34
12:34:16 AM     all      2.26      0.00      6.28      0.00      4.52      0.00      3.77      0.00     83.17
12:34:18 AM     all      1.25      0.00      6.75      0.00      3.00      0.00      5.75      0.00     83.25
12:34:20 AM     all      1.82      0.00      5.99      0.00      3.12      0.00      4.17      0.00     84.90
12:34:22 AM     all      2.39      0.00      4.77      0.00      2.12      0.00      3.18      0.00     87.53
12:34:24 AM     all      3.77      0.00      5.03      0.00      7.79      0.00      2.76      0.00     80.65
12:34:26 AM     all      4.65      0.00      3.88      0.26      5.17      0.00      0.78      0.00     85.27
12:34:28 AM     all      3.51      0.00      1.62      0.00      3.24      0.00      1.62      0.00     90.00
12:34:30 AM     all      3.84      0.00      1.10      0.00      3.56      0.00      0.27      0.00     91.23
12:34:32 AM     all      2.26      0.00      1.13      0.00      3.39      0.00      0.00      0.00     93.22
12:34:34 AM     all      1.69      0.00      1.13      0.00      3.39      0.00      0.00      0.00     93.79
12:34:36 AM     all      2.75      0.00      1.37      0.00      3.57      0.00      0.00      0.00     92.31
12:34:38 AM     all      5.11      0.00      2.15      0.27      3.23      0.00      0.00      0.00     89.25
12:34:40 AM     all      0.30      0.00      0.89      0.00      0.89      0.00      0.00      0.00     97.92
12:34:42 AM     all      1.18      0.00      0.89      0.00      3.85      0.00      0.00      0.00     94.08
12:34:44 AM     all      7.24      0.00      2.14      0.27      1.88      0.00      0.27      0.00     88.20
12:34:46 AM     all      4.09      0.00      1.36      0.00      3.27      0.00      0.27      0.00     91.01
12:34:48 AM     all     14.48      0.00      4.92      0.00      4.92      0.00      0.27      0.00     75.41
12:34:50 AM     all      7.61      0.00      2.82      0.00      2.25      0.00      0.00      0.00     87.32
12:34:52 AM     all      6.86      0.00      2.57      0.00      2.86      0.00      0.00      0.00     87.71
12:34:54 AM     all      5.52      0.00      1.74      0.00      4.07      0.00      0.00      0.00     88.66
12:34:56 AM     all      6.73      0.00      2.92      0.00      0.00      0.00      0.00      0.00     90.35
12:34:58 AM     all      8.84      0.00      3.04      0.00      1.93      0.00      0.28      0.00     85.91
12:35:00 AM     all      8.08      0.00      2.51      0.00      2.51      0.00      0.00      0.00     86.91
12:35:02 AM     all     12.76      0.00      4.43      0.26      3.65      0.00      0.00      0.00     78.91
12:35:04 AM     all      6.03      0.00      2.59      0.00      2.01      0.00      0.00      0.00     89.37
12:35:06 AM     all     10.47      0.00      3.86      0.00      0.28      0.00      0.00      0.00     85.40
12:35:08 AM     all      8.33      0.00      2.15      0.27      4.84      0.00      0.27      0.00     84.14
12:35:10 AM     all      6.78      0.00      4.24      0.00      1.98      0.00      0.56      0.00     86.44
12:35:12 AM     all      6.86      0.00      2.86      0.00      3.71      0.00      0.00      0.00     86.57
12:35:14 AM     all      4.52      0.00      1.81      0.00      0.30      0.00      0.30      0.00     93.07
12:35:16 AM     all     12.30      0.00      1.60      0.00      3.48      0.00      0.00      0.00     82.62
12:35:18 AM     all      6.29      0.00      2.86      0.00      4.57      0.00      0.29      0.00     86.00
12:35:20 AM     all      9.37      0.00      3.31      0.00      3.58      0.00      0.00      0.00     83.75
12:35:22 AM     all      6.18      0.00      1.76      0.00      0.59      0.00      0.59      0.00     90.88
12:35:24 AM     all     12.79      0.00      3.66      0.26      2.35      0.00      0.26      0.00     80.68
12:35:26 AM     all     15.74      0.00      4.36      0.00      5.33      0.00      0.48      0.00     74.09
12:35:28 AM     all     12.63      0.00      3.23      0.00      0.27      0.00      0.27      0.00     83.60
12:35:30 AM     all     10.96      0.00      3.74      0.00      2.14      0.00      0.27      0.00     82.89
12:35:32 AM     all     13.21      0.00      4.15      0.00      1.81      0.00      0.26      0.00     80.57
12:35:34 AM     all     11.57      0.00      2.48      0.00      0.00      0.00      0.00      0.00     85.95
12:35:36 AM     all     11.96      0.00      4.33      0.25      3.56      0.00      0.76      0.00     79.13
12:35:38 AM     all     13.23      0.00      4.58      0.00      3.05      0.00      0.00      0.00     79.13
12:35:40 AM     all     13.53      0.00      5.01      0.00      3.26      0.00      0.50      0.00     77.69
12:35:42 AM     all     15.78      0.00      5.83      0.00      3.16      0.00      0.24      0.00     75.00
12:35:44 AM     all     15.75      0.00      5.73      0.00      2.86      0.24      0.24      0.00     75.18
12:35:46 AM     all     18.75      0.00      4.33      0.00      3.37      0.00      0.48      0.00     73.08
12:35:48 AM     all     19.81      0.00      5.66      0.00      1.65      0.00      0.47      0.00     72.41
12:35:50 AM     all     13.88      0.00      5.02      0.00      4.31      0.00      0.48      0.00     76.32
12:35:52 AM     all     19.63      0.00      5.61      0.00      1.64      0.00      0.47      0.00     72.66
12:35:54 AM     all     24.27      0.00      8.30      0.00      2.28      0.00      0.41      0.00     64.73
12:35:56 AM     all     24.26      0.00      6.96      0.00      1.90      0.00      1.05      0.00     65.82
12:35:58 AM     all     29.21      0.00      7.71      0.00      0.41      0.00      0.20      0.00     62.47
12:36:00 AM     all     29.35      0.00      7.83      0.20      1.96      0.00      0.39      0.00     60.27
12:36:02 AM     all     21.91      0.00      7.23      0.00      2.34      0.00      1.49      0.00     67.02
12:36:04 AM     all     26.82      0.00      6.86      0.00      0.21      0.00      1.04      0.00     65.07
12:36:06 AM     all     29.51      0.00      7.71      0.00      3.57      0.00      0.38      0.00     58.83
12:36:08 AM     all     35.68      0.00      7.93      0.00      0.18      0.00      1.08      0.00     55.14
12:36:10 AM     all     35.36      0.00      8.75      0.00      1.43      0.00      0.71      0.00     53.75
12:36:12 AM     all     33.94      0.00      9.03      0.18      0.18      0.00      0.90      0.00     55.78
12:36:14 AM     all     34.11      0.00      7.18      0.00      1.44      0.00      1.44      0.00     55.83
12:36:16 AM     all     38.46      0.00      7.53      0.00      1.00      0.00      1.34      0.00     51.67
12:36:18 AM     all     36.33      0.00      7.30      0.00      3.23      0.00      1.02      0.00     52.12
12:36:20 AM     all     37.97      0.00      8.64      0.00      0.17      0.00      1.02      0.00     52.20
12:36:22 AM     all     38.01      0.00      7.94      0.00      0.34      0.00      1.52      0.00     52.20
12:36:24 AM     all     33.86      0.00      7.89      0.00      2.28      0.00      1.75      0.00     54.21
12:36:26 AM     all     38.82      0.00      7.83      0.00      1.92      0.00      1.76      0.00     49.68
12:36:28 AM     all     36.01      0.00      6.82      0.00      1.05      0.00      1.92      0.00     54.20
12:36:30 AM     all     35.83      0.00      6.78      0.00      1.57      0.00      1.91      0.00     53.91
12:36:32 AM     all     37.33      0.00      9.17      0.00      0.17      0.00      1.67      0.00     51.67
12:36:34 AM     all     38.19      0.00      8.09      0.00      1.13      0.00      2.59      0.00     50.00
12:36:36 AM     all     36.32      0.00      7.75      0.00      0.17      0.00      2.75      0.00     53.01
12:36:38 AM     all     33.95      0.00      8.11      0.00      3.21      0.00      1.86      0.00     52.87
12:36:40 AM     all     36.59      0.00      8.77      0.00      0.17      0.00      2.70      0.00     51.77
12:36:42 AM     all     34.49      0.00      6.45      0.17      2.09      0.00      2.96      0.00     53.83
12:36:44 AM     all     33.21      0.00      7.48      0.00      0.36      0.00      2.19      0.00     56.75
12:36:46 AM     all     32.63      0.00      6.68      0.00      0.00      0.00      1.72      0.00     58.97
12:36:48 AM     all     36.02      0.00      5.43      0.00      2.62      0.00      2.21      0.00     53.72
12:36:50 AM     all     31.63      0.00      5.31      0.00      1.63      0.00      1.84      0.00     59.59
12:36:52 AM     all     30.82      0.00      6.50      0.00      0.21      0.00      1.89      0.00     60.59
12:36:54 AM     all     29.31      0.00      6.65      0.00      3.33      0.00      2.49      0.00     58.21
12:36:56 AM     all     29.40      0.00      6.01      0.00      0.21      0.00      1.93      0.00     62.45
12:36:58 AM     all     25.79      0.00      4.07      0.23      2.94      0.00      1.81      0.00     65.16
12:37:00 AM     all     24.82      0.00      4.45      0.00      0.47      0.00      2.81      0.00     67.45
12:37:02 AM     all     19.06      0.00      5.45      0.00      2.97      0.00      1.73      0.00     70.79
12:37:04 AM     all     17.24      0.00      2.92      0.00      0.27      0.00      2.92      0.00     76.66
12:37:06 AM     all     17.29      0.00      5.05      0.00      0.27      0.00      0.53      0.00     76.86
12:37:08 AM     all     15.89      0.00      3.84      0.00      3.29      0.00      0.27      0.00     76.71
12:37:10 AM     all     11.11      0.00      2.78      0.00      3.89      0.00      0.83      0.00     81.39
12:37:12 AM     all     11.21      0.00      3.24      0.00      1.47      0.00      0.59      0.00     83.48
12:37:14 AM     all      9.76      0.00      3.05      0.00      0.91      0.00      0.30      0.00     85.98
12:37:16 AM     all      7.72      0.00      4.75      0.00      5.04      0.00      0.00      0.00     82.49
12:37:18 AM     all      9.04      0.00      3.61      0.00      0.30      0.00      0.00      0.00     87.05
12:37:20 AM     all      9.01      0.00      3.60      0.00      0.60      0.00      0.30      0.00     86.49
12:37:22 AM     all     12.57      0.00      4.09      0.00      0.29      0.00      0.29      0.00     82.75
12:37:24 AM     all      8.02      0.00      2.16      0.00      0.62      0.00      0.00      0.00     89.20
12:37:26 AM     all     12.24      0.00      2.39      0.00      0.30      0.00      0.00      0.00     85.07
12:37:28 AM     all      7.53      0.00      2.71      0.30      1.81      0.00      0.00      0.00     87.65
12:37:30 AM     all      8.41      0.00      3.00      0.00      2.10      0.00      0.00      0.00     86.49
12:37:32 AM     all      5.90      0.00      3.11      0.00      0.31      0.00      0.00      0.00     90.68
12:37:34 AM     all      8.28      0.00      2.76      0.00      0.31      0.00      0.00      0.00     88.65
12:37:36 AM     all      7.95      0.00      2.45      0.00      0.31      0.00      0.00      0.00     89.30
12:37:38 AM     all      9.61      0.00      3.60      0.00      0.30      0.00      0.30      0.00     86.19
12:37:40 AM     all      8.58      0.00      1.78      0.30      2.37      0.00      0.00      0.00     86.98
12:37:42 AM     all      8.11      0.00      3.30      0.00      0.60      0.00      0.30      0.00     87.69
12:37:44 AM     all      9.42      0.00      2.43      0.00      0.30      0.00      0.00      0.00     87.84
12:37:46 AM     all      9.34      0.00      2.11      0.00      0.30      0.00      0.00      0.00     88.25
12:37:48 AM     all      6.01      0.00      3.16      0.00      0.32      0.00      0.00      0.00     90.51
12:37:50 AM     all      8.18      0.00      3.03      0.00      0.30      0.00      0.00      0.00     88.48
12:37:52 AM     all      7.51      0.00      2.40      0.00      2.40      0.00      0.00      0.00     87.69
12:37:54 AM     all      9.24      0.00      6.44      0.00      5.32      0.00      0.56      0.00     78.43
12:37:56 AM     all      8.51      0.00      2.13      0.00      0.30      0.00      0.00      0.00     89.06
12:37:58 AM     all      8.79      0.00      3.33      0.30      0.30      0.00      0.30      0.00     86.97
12:38:00 AM     all      8.09      0.00      4.05      0.00      2.89      0.00      0.00      0.00     84.97
12:38:02 AM     all     10.23      0.00      4.26      0.00      2.56      0.00      0.00      0.00     82.95
12:38:04 AM     all      6.48      0.00      2.16      0.00      2.47      0.00      0.00      0.00     88.89
12:38:06 AM     all      9.65      0.00      4.39      0.00      0.88      0.00      0.58      0.00     84.50
12:38:08 AM     all      8.04      0.00      2.68      0.00      2.08      0.00      0.30      0.00     86.90
12:38:10 AM     all      8.05      0.00      3.45      0.29      3.45      0.00      0.00      0.00     84.77
12:38:12 AM     all      6.06      0.00      2.73      0.00      2.12      0.00      0.30      0.00     88.79
12:38:14 AM     all      8.33      0.00      4.46      0.00      0.30      0.00      0.30      0.00     86.61
12:38:16 AM     all      7.44      0.00      5.06      0.00      0.00      0.00      0.30      0.00     87.20
12:38:18 AM     all      8.41      0.00      5.80      0.00      0.58      0.00      1.16      0.00     84.06
12:38:20 AM     all      8.02      0.00      4.30      0.00      7.16      0.00      0.57      0.00     79.94
12:38:22 AM     all      7.06      0.00      4.71      0.00      4.41      0.00      0.29      0.00     83.53
12:38:24 AM     all      7.78      0.00      6.94      0.00      4.44      0.00      1.67      0.00     79.17
12:38:26 AM     all     10.37      0.00      8.78      0.00      6.38      0.00      1.86      0.00     72.61
12:38:28 AM     all      6.71      0.00      6.41      0.00      0.58      0.00      1.75      0.00     84.55
12:38:30 AM     all      7.34      0.00      7.34      0.00      0.56      0.00      2.26      0.00     82.49
12:38:32 AM     all     10.79      0.00      7.11      0.00      1.58      0.00      3.16      0.00     77.37
12:38:34 AM     all      7.76      0.00      8.31      0.28      0.28      0.00      2.49      0.00     80.89
12:38:36 AM     all      8.29      0.00      8.29      0.00      0.28      0.00      3.04      0.00     80.11
12:38:38 AM     all      8.36      0.00      9.16      0.00      0.54      0.00      3.50      0.00     78.44
12:38:40 AM     all      7.61      0.00      8.97      0.00      0.27      0.00      4.08      0.00     79.08
12:38:42 AM     all      8.75      0.00      7.96      0.00      0.53      0.00      5.04      0.00     77.72
12:38:44 AM     all      8.20      0.00      9.02      0.00      0.27      0.00      3.28      0.00     79.23
12:38:46 AM     all      6.10      0.00     10.34      0.27      2.65      0.00      3.98      0.00     76.66
12:38:48 AM     all     15.90      0.00      8.09      0.00      3.23      0.00      3.50      0.00     69.27
12:38:50 AM     all     11.65      0.00     10.30      0.00      0.27      0.00      4.07      0.00     73.71
12:38:52 AM     all     10.53      0.00     10.79      0.00      0.53      0.00      5.79      0.00     72.37
12:38:54 AM     all     13.06      0.00     12.11      0.00      9.74      0.00      4.99      0.00     60.10
12:38:56 AM     all      7.47      0.00     11.08      0.00      5.67      0.00      7.22      0.00     68.56
12:38:58 AM     all     13.32      0.00     10.18      0.00      0.26      0.00      5.22      0.00     71.02
12:39:00 AM     all     12.70      0.00     10.85      0.00      0.53      0.00      4.50      0.00     71.43
12:39:02 AM     all     13.22      0.00      9.13      0.00      7.21      0.00      5.05      0.00     65.38
12:39:04 AM     all     13.44      0.00      9.30      0.00      1.03      0.00      6.46      0.00     69.77
12:39:06 AM     all      9.92      0.00     10.70      0.00      0.26      0.00      7.83      0.00     71.28
12:39:08 AM     all     11.05      0.00     10.79      0.00      0.79      0.00      6.05      0.00     71.32
12:39:10 AM     all     12.63      0.00      8.33      0.76      3.79      0.00      4.80      0.00     69.70
12:39:12 AM     all     13.51      0.00      9.61      0.00      0.26      0.00      6.23      0.00     70.39
12:39:14 AM     all     12.89      0.00      8.25      0.00      1.80      0.00      6.44      0.00     70.62
12:39:16 AM     all     15.28      0.00      8.04      0.00      0.00      0.00      4.29      0.00     72.39
12:39:18 AM     all     14.51      0.00      9.23      0.00      0.26      0.00      3.69      0.00     72.30
12:39:20 AM     all     16.00      0.00      6.67      0.00      1.87      0.00      4.00      0.00     71.47
12:39:22 AM     all     15.30      0.00      6.28      0.00      0.27      0.00      3.55      0.00     74.59
12:39:24 AM     all     15.19      0.00      8.01      0.00      0.28      0.00      2.49      0.00     74.03
12:39:26 AM     all     17.12      0.00      4.89      0.00      0.27      0.00      2.72      0.00     75.00
12:39:28 AM     all     13.31      0.00      6.23      0.28      0.00      0.00      3.40      0.00     76.77
12:39:30 AM     all     14.52      0.00      5.38      0.00      3.49      0.00      2.42      0.00     74.19
12:39:32 AM     all     15.97      0.00      6.44      0.00      0.56      0.00      2.24      0.00     74.79
12:39:34 AM     all     15.49      0.00      5.51      0.00      3.15      0.00      1.31      0.00     74.54
12:39:36 AM     all     15.85      0.00      4.61      0.00      0.29      0.00      0.58      0.00     78.67
12:39:38 AM     all     16.07      0.00      4.99      0.00      1.94      0.00      0.55      0.00     76.45
12:39:40 AM     all     16.34      0.00      5.26      0.28      1.66      0.00      0.28      0.00     76.18
12:39:42 AM     all     17.18      0.00      7.04      0.00      0.56      0.00      0.28      0.00     74.93
12:39:44 AM     all     17.43      0.00      4.00      0.00      0.29      0.00      0.00      0.00     78.29
12:39:46 AM     all     16.53      0.00      5.60      0.00      1.96      0.00      0.28      0.00     75.63
12:39:48 AM     all     13.01      0.00      4.91      0.00      2.02      0.00      0.29      0.00     79.77
12:39:50 AM     all     16.20      0.00      5.31      0.00      1.96      0.00      0.00      0.00     76.54
12:39:52 AM     all     20.95      0.00      5.84      0.00      1.33      0.00      0.27      0.00     71.62
12:39:54 AM     all     17.98      0.00      4.78      0.00      0.56      0.00      0.00      0.00     76.69
12:39:56 AM     all     17.00      0.00      4.61      0.00      0.29      0.00      0.00      0.00     78.10
12:39:58 AM     all     14.87      0.00      4.96      0.00      0.29      0.00      0.00      0.00     79.88
12:40:00 AM     all     18.44      0.00      4.19      0.00      0.28      0.00      0.28      0.00     76.82
12:40:02 AM     all     17.94      0.00      6.07      0.00      5.01      0.00      0.79      0.00     70.18
12:40:04 AM     all     16.48      0.00      5.11      0.85      0.85      0.00      0.28      0.00     76.42
12:40:06 AM     all     15.62      0.00      6.53      0.00      0.28      0.00      0.00      0.00     77.56
12:40:08 AM     all     17.63      0.00      5.51      0.00      1.93      0.00      0.00      0.00     74.93
12:40:10 AM     all     17.65      0.00      6.72      0.00      3.36      0.00      0.56      0.00     71.71
12:40:12 AM     all     20.71      0.00      4.90      0.00      0.27      0.00      0.27      0.00     73.84
12:40:14 AM     all     16.09      0.00      4.89      0.00      0.57      0.00      0.00      0.00     78.45
12:40:16 AM     all     18.63      0.00      4.38      1.37      2.19      0.00      0.00      0.00     73.42
12:40:18 AM     all     16.81      0.00      3.77      0.00      0.29      0.00      0.00      0.00     79.13
12:40:20 AM     all     16.05      0.00      5.16      0.00      0.57      0.00      0.00      0.00     78.22
12:40:22 AM     all     19.17      0.00      5.00      0.28      0.28      0.00      0.00      0.00     75.28
12:40:24 AM     all     16.34      0.00      5.63      0.00      0.56      0.00      0.28      0.00     77.18
12:40:26 AM     all     20.21      0.00      5.05      0.00      3.46      0.00      0.27      0.00     71.01
12:40:28 AM     all     17.90      0.00      3.69      0.00      0.57      0.00      0.00      0.00     77.84
12:40:30 AM     all     16.57      0.00      4.36      0.00      0.29      0.00      0.00      0.00     78.78
12:40:32 AM     all     17.86      0.00      5.22      0.00      1.92      0.00      0.00      0.00     75.00
12:40:34 AM     all     17.27      0.00      5.85      0.28      0.28      0.00      0.28      0.00     76.04
12:40:36 AM     all     16.03      0.00      4.66      0.00      0.29      0.00      0.00      0.00     79.01
12:40:38 AM     all     17.56      0.00      4.82      0.00      0.57      0.00      0.00      0.00     77.05
12:40:40 AM     all     17.75      0.00      6.20      0.00      0.28      0.00      0.00      0.00     75.77
12:40:42 AM     all     16.67      0.00      3.67      0.00      2.26      0.00      0.00      0.00     77.40
12:40:44 AM     all     17.09      0.00      5.41      0.00      0.28      0.00      0.00      0.00     77.21
12:40:46 AM     all     17.05      0.00      4.83      0.00      0.57      0.00      0.00      0.00     77.56
12:40:48 AM     all     31.50      0.00      6.82      0.00      6.82      0.00      0.52      0.00     54.33
12:40:50 AM     all     37.77      0.00      9.31      0.00      0.80      0.00      0.27      0.00     51.86
12:40:52 AM     all     39.32      0.00      8.07      0.26      0.26      0.00      0.78      0.00     51.30
12:40:54 AM     all     39.64      0.00      9.46      0.00      1.02      0.00      0.26      0.00     49.62
12:40:56 AM     all     37.80      0.00     10.76      0.00      0.52      0.00      0.00      0.00     50.92
12:40:58 AM     all     37.31      0.00      9.14      0.00      2.03      0.00      0.25      0.00     51.27
12:41:00 AM     all     39.20      0.00     11.06      0.00      1.51      0.00      0.25      0.00     47.99
12:41:02 AM     all     37.56      0.00     10.98      0.00      3.41      0.00      0.24      0.00     47.80
12:41:04 AM     all     36.62      0.00     10.39      0.00      0.78      0.00      1.04      0.00     51.17
12:41:06 AM     all     36.41      0.00     13.22      0.00      2.99      0.00      0.50      0.00     46.88
12:41:08 AM     all     37.18      0.00     11.03      0.00      0.26      0.00      0.26      0.00     51.28
12:41:10 AM     all     37.04      0.00     13.58      0.25      3.70      0.00      0.00      0.00     45.43
12:41:12 AM     all     37.66      0.00     10.91      0.00      0.26      0.00      0.00      0.00     51.17
12:41:14 AM     all     36.66      0.00      8.98      0.00      3.49      0.00      0.75      0.00     50.12
12:41:16 AM     all     38.94      0.00     13.07      0.00      0.25      0.00      0.00      0.00     47.74
12:41:18 AM     all     36.99      0.00      9.69      0.00      2.81      0.00      0.77      0.00     49.74
12:41:20 AM     all     39.12      0.00      9.59      0.00      0.52      0.00      0.26      0.00     50.52
12:41:22 AM     all     38.52      0.00      9.69      0.26      0.77      0.00      0.00      0.00     50.77
12:41:24 AM     all     40.00      0.00     11.14      0.00      0.25      0.00      0.51      0.00     48.10
12:41:26 AM     all     35.45      0.00     10.05      0.00      0.26      0.00      0.53      0.00     53.70
12:41:28 AM     all     39.80      0.00      9.44      0.00      0.26      0.00      0.26      0.00     50.26
12:41:30 AM     all     37.97      0.00     10.63      0.00      0.25      0.00      0.25      0.00     50.89
12:41:32 AM     all     38.02      0.00     11.98      0.00      0.52      0.00      0.26      0.00     49.22
12:41:34 AM     all     39.33      0.00      8.74      0.00      0.26      0.00      0.26      0.00     51.41
12:41:36 AM     all     41.18      0.00      8.18      0.00      0.26      0.00      0.00      0.00     50.38
12:41:38 AM     all     39.05      0.00     10.45      0.25      0.25      0.00      0.25      0.00     49.75
12:41:40 AM     all     40.51      0.00      9.11      0.00      0.51      0.00      0.25      0.00     49.62
12:41:42 AM     all     37.95      0.00      9.23      0.00      2.82      0.00      1.03      0.00     48.97
12:41:44 AM     all     36.34      0.00     10.82      0.00      0.26      0.00      0.52      0.00     52.06
12:41:46 AM     all     36.08      0.00     10.82      0.00      0.26      0.00      1.03      0.00     51.80
12:41:48 AM     all     38.58      0.00     10.15      0.00      0.25      0.00      0.25      0.00     50.76
12:41:50 AM     all     38.69      0.00     11.06      0.00      0.50      0.00      0.25      0.00     49.50
12:41:52 AM     all     37.53      0.00     10.83      0.00      0.50      0.00      0.50      0.00     50.63
12:41:54 AM     all     38.62      0.00     10.49      0.00      0.00      0.00      0.26      0.00     50.64
12:41:56 AM     all     35.68      0.00     12.31      0.25      0.75      0.00      0.25      0.00     50.75
12:41:58 AM     all     38.19      0.00     10.30      0.00      0.25      0.00      0.50      0.00     50.75
12:42:00 AM     all     39.01      0.00      9.88      0.00      1.48      0.00      0.49      0.00     49.14
12:42:02 AM     all     33.85      0.00     11.87      0.00      9.23      0.00      1.32      0.00     43.74
12:42:04 AM     all     41.08      0.00      8.31      0.00      0.49      0.00      0.73      0.00     49.39
12:42:06 AM     all     39.01      0.00      9.63      0.00      0.49      0.00      0.49      0.00     50.37
12:42:08 AM     all     39.90      0.00      9.73      0.50      0.50      0.00      0.50      0.00     48.88
12:42:10 AM     all     39.95      0.00      9.31      0.00      1.96      0.00      1.23      0.00     47.55
12:42:12 AM     all     37.50      0.00     10.46      0.00      0.51      0.00      0.51      0.00     51.02
12:42:14 AM     all     38.15      0.00     10.72      0.00      2.74      0.00      0.50      0.00     47.88
12:42:16 AM     all     38.27      0.00      9.63      0.00      2.47      0.00      0.99      0.00     48.64
12:42:18 AM     all     40.61      0.00      8.12      0.00      0.25      0.00      0.51      0.00     50.51
12:42:20 AM     all     38.76      0.00     10.77      0.00      2.63      0.00      0.72      0.00     47.13
12:42:22 AM     all     38.66      0.00      9.28      0.00      0.26      0.00      0.26      0.00     51.55
12:42:24 AM     all     37.31      0.00     11.44      0.00      2.49      0.00      0.75      0.00     48.01
12:42:26 AM     all     39.10      0.00     10.53      0.00      0.75      0.00      0.75      0.00     48.87
12:42:28 AM     all     37.92      0.00      9.61      0.00      0.26      0.00      0.78      0.00     51.43
12:42:30 AM     all     39.44      0.00      8.40      0.00      0.25      0.00      1.02      0.00     50.89
12:42:32 AM     all     38.14      0.00      9.28      0.26      0.52      0.00      0.26      0.00     51.55
12:42:34 AM     all     36.67      0.00     10.77      0.00      0.26      0.00      0.51      0.00     51.79
12:42:36 AM     all     37.75      0.00     10.75      0.00      0.25      0.00      1.50      0.00     49.75
12:42:38 AM     all     36.60      0.00     10.05      0.00      0.77      0.00      0.77      0.00     51.80
12:42:40 AM     all     39.22      0.00      8.82      0.00      0.49      0.00      0.74      0.00     50.74
12:42:42 AM     all     39.50      0.00      9.75      0.00      0.25      0.00      0.25      0.00     50.25
12:42:44 AM     all     38.11      0.00      9.21      0.26      0.26      0.00      0.51      0.00     51.66
12:42:46 AM     all     41.36      0.00      9.00      0.00      0.49      0.00      0.49      0.00     48.66
12:42:48 AM     all     38.50      0.00      6.98      0.00      1.81      0.00      0.78      0.00     51.94
12:42:50 AM     all     49.89      0.00     12.36      0.00     23.18      0.00      1.55      0.00     13.02
12:42:52 AM     all     52.14      0.00     15.48      0.00     14.76      0.00      2.38      0.00     15.24
12:42:54 AM     all     54.83      0.00     15.70      0.00     13.53      0.00      2.42      0.00     13.53
12:42:56 AM     all     45.18      0.00     13.07      0.00     20.87      0.00      3.44      0.00     17.43
12:42:58 AM     all     53.73      0.00     16.14      0.00     19.04      0.00      1.93      0.00      9.16
12:43:00 AM     all     55.21      0.00     13.74      0.00     19.43      0.00      1.42      0.00     10.19
12:43:02 AM     all     51.13      0.00     15.61      0.00     21.04      0.00      2.49      0.00      9.73
12:43:04 AM     all     51.47      0.00     14.29      0.00     19.27      0.00      2.95      0.00     12.02
12:43:06 AM     all     51.18      0.00     14.22      0.00     18.72      0.00      2.84      0.00     13.03
12:43:08 AM     all     53.08      0.00     15.40      0.00     18.01      0.00      2.84      0.00     10.66
12:43:10 AM     all     50.46      0.00     13.24      0.00     19.86      0.23      1.83      0.00     14.38
12:43:12 AM     all     50.61      0.00     15.48      0.00     19.16      0.00      1.97      0.00     12.78
12:43:14 AM     all     54.65      0.00     15.04      0.00     19.09      0.00      2.39      0.00      8.83
12:43:16 AM     all     55.93      0.00     14.04      0.00     12.11      0.00      2.18      0.00     15.74
12:43:18 AM     all     47.91      0.00     13.95      0.00     20.47      0.00      1.63      0.00     16.05
12:43:20 AM     all     55.58      0.00     15.20      0.00     12.35      0.00      2.85      0.00     14.01
12:43:22 AM     all     51.83      0.00     16.28      0.00     16.74      0.00      1.83      0.00     13.30
12:43:24 AM     all     57.21      0.00     13.26      0.00     16.28      0.00      1.63      0.00     11.63
12:43:26 AM     all     53.07      0.00     15.48      0.00     16.71      0.00      1.23      0.00     13.51
12:43:28 AM     all     50.80      0.00     14.35      0.00     20.73      0.00      2.28      0.00     11.85
12:43:30 AM     all     55.40      0.00     13.38      0.00     15.96      0.00      1.88      0.00     13.38
12:43:32 AM     all     53.41      0.00     14.15      0.00     17.56      0.00      2.93      0.00     11.95
12:43:34 AM     all     54.20      0.00     14.39      0.00     16.07      0.00      3.12      0.00     12.23
12:43:36 AM     all     51.07      0.00     13.84      0.00     20.29      0.00      3.34      0.00     11.46
12:43:38 AM     all     52.11      0.00     14.55      0.00     19.95      0.00      2.58      0.00     10.80
12:43:40 AM     all     54.82      0.00     14.35      0.00     16.00      0.00      3.29      0.00     11.53
12:43:42 AM     all     52.88      0.00     13.70      0.00     18.99      0.00      2.88      0.00     11.54
12:43:44 AM     all     50.59      0.00     12.94      0.00     18.35      0.00      3.29      0.00     14.82
12:43:46 AM     all     50.35      0.00     14.29      0.00     18.97      0.00      2.58      0.00     13.82
12:43:48 AM     all     54.14      0.00     13.24      0.00     21.51      0.00      2.84      0.00      8.27
12:43:50 AM     all     53.66      0.00     14.88      0.00     15.37      0.00      2.93      0.00     13.17
12:43:52 AM     all     49.76      0.00     14.35      0.00     22.97      0.00      2.63      0.00     10.29
12:43:54 AM     all     52.10      0.00     12.38      0.23     20.09      0.00      2.80      0.00     12.38
12:43:56 AM     all     53.73      0.00     14.46      0.00     14.70      0.00      3.37      0.00     13.73
12:43:58 AM     all     54.69      0.00     13.38      0.00     18.78      0.00      3.52      0.00      9.62
12:44:00 AM     all     51.03      0.00     13.21      0.00     18.68      0.00      4.33      0.00     12.76
12:44:02 AM     all     52.29      0.00     15.83      0.00     16.51      0.00      2.75      0.00     12.61
12:44:04 AM     all     53.77      0.00     15.57      0.00     14.84      0.00      3.41      0.00     12.41
12:44:06 AM     all     52.78      0.00     12.69      0.00     22.72      0.00      3.79      0.00      8.02
12:44:08 AM     all     54.92      0.00     14.87      0.00     13.43      0.00      3.60      0.00     13.19
12:44:10 AM     all     50.70      0.00     16.20      0.00     15.96      0.00      3.76      0.00     13.38
12:44:12 AM     all     52.06      0.00     13.99      0.23     18.35      0.00      4.13      0.00     11.24
12:44:14 AM     all     47.48      0.00     18.47      0.00     19.42      0.00      3.36      0.00     11.27
12:44:16 AM     all     55.71      0.00     12.82      0.00     18.41      0.00      4.20      0.00      8.86
12:44:18 AM     all     52.98      0.00     12.84      0.00     16.97      0.00      3.67      0.00     13.53
12:44:20 AM     all     49.77      0.00     17.06      0.00     17.76      0.00      4.21      0.00     11.21
12:44:22 AM     all     47.74      0.00     12.59      0.00     23.28      0.00      3.33      0.00     13.06
12:44:25 AM     all     48.83      0.00     14.79      0.00     19.72      0.00      4.69      0.00     11.97
12:44:27 AM     all     49.41      0.00     10.82      0.00     23.29      0.00      3.76      0.00     12.71
12:44:29 AM     all     48.33      0.00     14.05      0.00     19.52      0.00      5.00      0.00     13.10
12:44:31 AM     all     46.99      0.00     12.47      0.00     19.82      0.00      2.90      0.00     17.82
12:44:33 AM     all     51.85      0.00     14.35      0.00     15.74      0.00      3.70      0.00     14.35
12:44:35 AM     all     54.65      0.00     13.37      0.00     16.23      0.00      3.58      0.00     12.17
12:44:37 AM     all     47.14      0.00     12.86      0.00     22.38      0.00      3.10      0.00     14.52
12:44:39 AM     all     48.58      0.00     13.92      0.00     19.10      0.00      3.77      0.00     14.62
12:44:41 AM     all     50.57      0.00     12.53      0.00     16.63      0.00      3.64      0.00     16.63
12:44:43 AM     all     52.34      0.00     13.32      0.00     16.36      0.00      3.27      0.00     14.72
12:44:45 AM     all     51.32      0.00     14.63      0.00     17.99      0.00      5.28      0.00     10.79
12:44:47 AM     all     52.52      0.00     14.63      0.00     16.79      0.00      4.56      0.00     11.51
12:44:49 AM     all     40.38      0.00     10.58      0.00     12.02      0.00      2.16      0.00     34.86
