Linux 3.2.0-31-virtual (ip-10-124-138-93) 	06/17/2014 	_x86_64_	(2 CPU)

12:20:52 AM  active/s passive/s    iseg/s    oseg/s
12:20:54 AM      0.00      0.00     76.00     55.00
12:20:56 AM      0.00      0.00     77.50     51.50
12:20:58 AM      0.00      0.00     74.00     50.00
12:21:00 AM      0.00      0.00     74.50     49.50
12:21:02 AM      0.50      0.50     81.00     56.50
12:21:04 AM      0.00      0.00     75.00     50.00
12:21:06 AM      0.00      0.00     76.50     51.50
12:21:08 AM      0.00      0.00     75.00     50.00
12:21:10 AM      0.00      0.00     76.50     51.50
12:21:12 AM      0.00      0.00     75.00     50.00
12:21:14 AM      0.00      0.00     76.50     51.50
12:21:16 AM      0.00      0.00     73.50     49.00
12:21:18 AM      0.00      0.00     75.00     50.00
12:21:20 AM      0.00      0.00     76.50     51.50
12:21:22 AM      0.00      0.00     73.50     49.00
12:21:24 AM      0.00      0.00     76.50     51.50
12:21:26 AM      0.00      0.00     75.00     50.00
12:21:28 AM      0.00      0.00     75.00     50.50
12:21:30 AM      0.00      0.00     73.50     49.00
12:21:32 AM      0.50      0.50     82.50     57.50
12:21:34 AM      0.00      0.00     80.00     54.50
12:21:36 AM      0.00      0.00     76.50     51.50
12:21:38 AM      0.00      0.00     73.50     49.00
12:21:40 AM      0.00      0.00     76.50     51.50
12:21:42 AM      0.00      0.00     75.00     50.00
12:21:44 AM      0.00      0.00     76.50     51.50
12:21:46 AM      0.00      0.00     75.00     50.00
12:21:48 AM      0.00      0.00     75.00     50.50
12:21:50 AM      0.00      0.00     75.00     50.00
12:21:52 AM      0.00      0.00     73.50     49.50
12:21:54 AM      0.00      0.00     72.00     49.00
12:21:56 AM      0.00      0.00     76.50     51.50
12:21:58 AM      0.00      0.00     70.50     47.00
12:22:00 AM      0.00      0.00     76.50     51.50
12:22:02 AM      0.50      0.50     81.00     56.00
12:22:04 AM      0.00      0.00     75.50     51.00
12:22:06 AM      0.00      0.00     73.00     48.50
12:22:08 AM      0.00      0.00     76.50     51.50
12:22:10 AM      0.00      0.00     72.50     48.50
12:22:12 AM      0.00      0.00     76.00     51.00
12:22:14 AM      0.00      0.00     73.50     49.00
12:22:16 AM      0.00      0.00     76.50     51.50
12:22:18 AM      0.00      0.00     73.50     49.00
12:22:20 AM      0.00      0.00     73.50     49.50
12:22:22 AM      0.00      0.00     75.00     50.00
12:22:24 AM      0.00      0.00     73.50     49.50
12:22:26 AM      0.00      0.00     75.00     50.00
12:22:28 AM      0.00      0.00     75.00     50.50
12:22:30 AM      0.00      0.00     73.50     49.00
12:22:32 AM      0.50      0.50     81.00     56.00
12:22:34 AM      0.00      0.00     81.50     56.00
12:22:36 AM      0.00      0.00     72.00     49.00
12:22:38 AM      0.00      0.00     76.50     51.50
12:22:40 AM      0.00      0.00     73.50     49.00
12:22:42 AM      0.00      0.00     75.00     50.50
12:22:44 AM      0.00      0.00     75.00     50.00
12:22:46 AM      0.00      0.00     73.50     49.50
12:22:48 AM      0.50      1.00    132.50     92.00
12:22:50 AM      0.00      0.00    151.50    101.50
12:22:52 AM      0.00      0.00    150.00    100.00
12:22:54 AM      0.00      0.00    152.50    103.50
12:22:56 AM      0.00      0.00    141.00     96.00
12:22:58 AM      0.00      0.00    151.50    101.50
12:23:00 AM      0.00      0.00    150.00    100.00
12:23:02 AM      0.50      0.50    153.00    104.50
12:23:04 AM      0.00      0.00    150.00    100.00
12:23:06 AM      0.00      0.00    148.50     99.50
12:23:08 AM      0.00      0.00    147.00     98.00
12:23:10 AM      0.00      0.00    151.50    101.50
12:23:12 AM      0.00      0.00    150.00    100.00
12:23:14 AM      0.00      0.00    150.00    101.00
12:23:16 AM      0.00      0.00    148.50    100.00
12:23:18 AM      0.00      0.00    148.50     99.50
12:23:20 AM      0.00      0.00    144.39     96.59
12:23:22 AM      0.00      0.00    150.50    100.50
12:23:24 AM      0.00      0.00    150.00    100.00
12:23:26 AM      0.00      0.00    147.00     98.50
12:23:28 AM      0.00      0.00    147.00     98.00
12:23:30 AM      0.00      0.00    151.50    101.50
12:23:32 AM      0.50      0.50    152.00    103.50
12:23:34 AM      0.00      0.00    157.00    106.50
12:23:36 AM      0.00      0.00    148.77     99.01
12:23:38 AM      0.00      0.00    147.00     99.50
12:23:40 AM      0.00      0.00    147.00     98.00
12:23:42 AM      0.00      0.00    148.50     99.50
12:23:44 AM      0.00      0.00    149.25     99.50
12:23:46 AM      0.00      0.00    148.50     99.50
12:23:48 AM      0.00      0.00    150.00    100.00
12:23:50 AM      0.00      0.00    144.00     98.00
12:23:52 AM      0.00      0.00    148.50     99.50
12:23:54 AM      0.00      0.00    145.50     97.00
12:23:56 AM      0.00      0.00    151.50    101.50
12:23:58 AM      0.00      0.00    142.50     95.00
12:24:00 AM      0.00      0.00    150.73    100.98
12:24:02 AM      0.50      0.50    144.00     98.00
12:24:04 AM      0.00      0.00    144.06     96.53
12:24:06 AM      0.00      0.00    147.00     99.00
12:24:08 AM      0.00      0.00    150.00    100.50
12:24:10 AM      0.00      0.00     69.00     46.00
12:24:12 AM      0.00      0.00    133.50     91.50
12:24:14 AM      0.00      0.00    150.00    100.00
12:24:16 AM      0.00      0.00    148.50     99.50
12:24:18 AM      0.00      0.00    147.00     98.00
12:24:20 AM      0.00      0.00    151.50    101.50
12:24:22 AM      0.00      0.00    147.00     98.00
12:24:24 AM      0.00      0.00    151.50    101.50
12:24:26 AM      0.00      0.00    147.00     98.00
12:24:28 AM      0.00      0.00    151.50    101.50
12:24:30 AM      0.00      0.00    139.50     93.00
12:24:32 AM      0.50      0.50    153.00    104.50
12:24:34 AM      0.00      0.00    154.90    103.92
12:24:36 AM      0.00      0.00    150.00    101.50
12:24:38 AM      0.00      0.00    146.00     98.00
12:24:40 AM      0.00      0.00    151.50    101.50
12:24:42 AM      0.00      0.00    150.00    100.00
12:24:44 AM      0.00      0.00    151.50    101.50
12:24:46 AM      0.00      0.00    147.00     98.00
12:24:48 AM      0.50      2.00    268.50    184.50
12:24:50 AM      0.00      0.00    298.50    199.00
12:24:52 AM      0.00      0.00    301.50    201.50
12:24:54 AM      0.00      0.00    300.00    200.00
12:24:56 AM      0.00      0.00    290.00    194.00
12:24:58 AM      0.00      0.00    294.50    197.50
12:25:00 AM      0.00      0.00    288.00    194.00
12:25:02 AM      0.50      0.50    289.50    195.50
12:25:04 AM      0.00      0.00    289.50    193.00
12:25:06 AM      0.00      0.00    301.50    201.50
12:25:08 AM      0.00      0.00    300.00    200.00
12:25:10 AM      0.00      0.00    287.50    195.50
12:25:12 AM      0.00      0.00    297.00    198.00
12:25:14 AM      0.00      0.00    294.50    196.50
12:25:16 AM      0.00      0.00    294.00    196.00
12:25:18 AM      0.00      0.00    289.00    193.00
12:25:20 AM      0.00      0.00    288.50    194.50
12:25:22 AM      0.00      0.00    300.00    200.50
12:25:24 AM      0.00      0.00    290.00    195.00
12:25:26 AM      0.00      0.00    290.50    194.50
12:25:28 AM      0.00      0.00    300.00    200.00
12:25:30 AM      0.00      0.00    286.50    192.50
12:25:32 AM      0.50      0.50    306.00    206.00
12:25:34 AM      0.00      0.00    307.00    206.50
12:25:36 AM      0.00      0.00    300.00    200.00
12:25:38 AM      0.00      0.00    295.50    197.50
12:25:40 AM      0.00      0.00    295.50    196.50
12:25:42 AM      0.00      0.00    295.50    198.00
12:25:44 AM      0.00      0.00    288.00    192.00
12:25:46 AM      0.00      0.00    298.50    201.50
12:25:48 AM      0.00      0.00    294.00    196.00
12:25:50 AM      0.00      0.00    300.00    201.50
12:25:52 AM      0.00      0.00    283.50    191.00
12:25:54 AM      0.00      0.00    301.50    201.50
12:25:56 AM      0.00      0.00    294.00    196.00
12:25:58 AM      0.00      0.00    294.09    196.55
12:26:00 AM      0.00      0.00    297.00    198.00
12:26:02 AM      0.50      0.50    289.50    195.50
12:26:04 AM      0.00      0.00    300.00    200.00
12:26:06 AM      0.00      0.00    301.50    201.50
12:26:08 AM      0.00      0.00    300.00    200.00
12:26:10 AM      0.00      0.00    291.00    196.00
12:26:12 AM      0.00      0.00    301.50    201.50
12:26:14 AM      0.00      0.00    292.50    195.00
12:26:16 AM      0.00      0.00    297.01    198.51
12:26:18 AM      0.00      0.00    297.00    198.00
12:26:20 AM      0.00      0.00    301.50    202.00
12:26:22 AM      0.00      0.00    283.50    189.00
12:26:24 AM      0.00      0.00    295.50    197.50
12:26:26 AM      0.00      0.00    286.50    192.00
12:26:28 AM      0.00      0.00    300.00    200.50
12:26:30 AM      0.00      0.00    292.50    196.00
12:26:32 AM      0.49      0.49    304.39    205.85
12:26:34 AM      0.00      0.00    304.00    204.50
12:26:36 AM      0.00      0.00    291.00    194.50
12:26:38 AM      0.00      0.00    294.00    196.00
12:26:40 AM      0.00      0.00    289.50    194.50
12:26:42 AM      0.00      0.00    300.00    200.00
12:26:44 AM      0.00      0.00    295.50    197.50
12:26:46 AM      0.00      0.00    300.00    200.00
12:26:48 AM      0.50      4.00    538.50    370.50
12:26:50 AM      0.00      0.00    586.50    391.00
12:26:52 AM      0.00      0.00    579.00    391.50
12:26:54 AM      0.00      0.00    574.00    386.00
12:26:56 AM      0.00      0.00    583.50    389.50
12:26:58 AM      0.00      0.00    582.00    388.00
12:27:00 AM      0.00      0.00    589.50    393.50
12:27:02 AM      0.50      0.50    579.00    387.50
12:27:04 AM      0.00      0.00    582.00    390.00
12:27:06 AM      0.00      0.00    573.50    381.50
12:27:08 AM      0.00      0.00    581.50    392.00
12:27:10 AM      0.00      0.00    571.50    382.00
12:27:12 AM      0.00      0.00    589.55    394.53
12:27:14 AM      0.00      0.00    589.50    393.00
12:27:16 AM      0.00      0.00    586.00    392.50
12:27:18 AM      0.00      0.00    579.50    387.00
12:27:20 AM      0.00      0.00    579.00    386.00
12:27:22 AM      0.00      0.00    595.50    399.50
12:27:24 AM      0.00      0.00    594.00    399.00
12:27:26 AM      0.00      0.00    582.00    388.50
12:27:28 AM      0.00      0.00    577.50    385.00
12:27:30 AM      0.00      0.00    592.50    395.50
12:27:32 AM      0.50      0.50    603.00    404.00
12:27:34 AM      0.00      0.00    599.50    401.50
12:27:36 AM      0.00      0.00    596.00    396.00
12:27:38 AM      0.00      0.00    584.50    392.50
12:27:40 AM      0.00      0.00    591.50    395.00
12:27:42 AM      0.00      0.00    571.00    382.50
12:27:44 AM      0.00      0.00    585.00    390.00
12:27:46 AM      0.00      0.00    583.50    390.50
12:27:48 AM      0.00      0.00    571.50    382.00
12:27:50 AM      0.00      0.00    585.00    392.50
12:27:52 AM      0.00      0.00    589.50    394.00
12:27:54 AM      0.00      0.00    576.00    386.50
12:27:56 AM      0.00      0.00    583.50    389.00
12:27:58 AM      0.00      0.00    577.50    384.50
12:28:00 AM      0.00      0.00    579.00    392.00
12:28:02 AM      0.50      0.50    577.50    387.50
12:28:04 AM      0.00      0.00    585.00    394.00
12:28:06 AM      0.00      0.00    580.50    387.50
12:28:08 AM      0.00      0.00    612.00    408.50
12:28:10 AM      0.00      0.00    546.08    365.69
12:28:12 AM      0.00      0.00    569.50    378.50
12:28:14 AM      0.00      0.00    589.50    393.50
12:28:16 AM      0.00      0.00    585.00    390.00
12:28:18 AM      0.00      0.00    568.50    383.50
12:28:20 AM      0.00      0.00    586.50    391.00
12:28:22 AM      0.00      0.00    597.00    398.50
12:28:24 AM      0.00      0.00    583.50    390.00
12:28:26 AM      0.00      0.00    564.00    376.00
12:28:28 AM      0.00      0.00    583.50    391.50
12:28:30 AM      0.00      0.00    600.00    400.00
12:28:32 AM      0.50      0.50    594.00    400.50
12:28:34 AM      0.00      0.00    589.00    394.00
12:28:36 AM      0.00      0.00    601.50    401.50
12:28:38 AM      0.00      0.00    580.30    388.67
12:28:40 AM      0.00      0.00    577.00    387.50
12:28:42 AM      0.00      0.00    583.00    389.50
12:28:44 AM      0.00      0.00    588.50    394.00
12:28:46 AM      0.00      0.00    577.00    386.50
12:28:48 AM      0.50      5.00    717.00    485.50
12:28:50 AM      0.00      0.00    721.50    485.00
12:28:52 AM      0.00      0.00    726.00    486.50
12:28:54 AM      0.00      0.00    750.00    500.00
12:28:56 AM      0.00      0.00    726.00    484.50
12:28:58 AM      0.00      0.00    665.00    444.00
12:29:00 AM      0.00      0.00    744.00    498.50
12:29:02 AM      0.50      0.50    691.50    463.00
12:29:04 AM      0.00      0.00    744.00    498.50
12:29:06 AM      0.00      0.00    748.50    498.50
12:29:08 AM      0.00      0.00    718.50    482.00
12:29:10 AM      0.00      0.00    729.00    487.00
12:29:12 AM      0.00      0.00    736.50    491.50
12:29:14 AM      0.00      0.00    744.00    498.00
12:29:16 AM      0.00      0.00    718.50    481.00
12:29:18 AM      0.00      0.00    735.00    490.50
12:29:20 AM      0.00      0.00    721.50    484.00
12:29:22 AM      0.00      0.00    724.50    485.50
12:29:24 AM      0.00      0.00    720.00    482.00
12:29:26 AM      0.00      0.00    750.00    500.50
12:29:28 AM      0.00      0.00    750.00    500.00
12:29:30 AM      0.00      0.00    735.00    490.50
12:29:32 AM      0.50      0.50    750.00    502.00
12:29:34 AM      0.00      0.00    749.50    504.50
12:29:36 AM      0.00      0.00    705.00    470.00
12:29:38 AM      0.00      0.00    729.21    485.15
12:29:40 AM      0.00      0.00    738.00    495.50
12:29:42 AM      0.00      0.00    747.00    499.50
12:29:44 AM      0.00      0.00    732.00    487.00
12:29:46 AM      0.00      0.00    726.00    484.50
12:29:48 AM      0.00      0.00    709.50    479.00
12:29:50 AM      0.00      0.00    721.50    485.50
12:29:52 AM      0.00      0.50    740.00    494.00
12:29:54 AM      0.00      0.49    735.96    492.12
12:29:56 AM      0.00      0.00    728.00    485.00
12:29:58 AM      0.00      0.00    729.00    486.00
12:30:00 AM      0.00      0.00    739.50    499.50
12:30:02 AM      0.50      0.50    693.00    464.50
12:30:04 AM      0.00      0.00    694.00    463.00
12:30:06 AM      0.00      0.00    738.50    495.50
12:30:08 AM      0.00      0.00    721.50    481.00
12:30:10 AM      0.00      0.00    751.50    501.50
12:30:12 AM      0.00      0.00    735.00    490.00
12:30:14 AM      0.00      0.00    729.50    487.50
12:30:16 AM      0.00      0.00    712.00    474.00
12:30:18 AM      0.00      0.00    751.50    501.50
12:30:20 AM      0.00      0.00    741.00    494.00
12:30:22 AM      0.00      0.00    735.00    493.50
12:30:24 AM      0.00      0.00    733.50    490.00
12:30:26 AM      0.00      0.00    720.00    480.00
12:30:28 AM      0.00      0.00    750.00    500.50
12:30:30 AM      0.00      0.00    706.50    467.50
12:30:32 AM      0.50      0.50    715.50    494.00
12:30:34 AM      0.00      0.00    710.50    475.00
12:30:36 AM      0.00      0.00    735.00    490.50
12:30:38 AM      0.00      0.00    727.50    485.00
12:30:40 AM      0.00      0.00    733.50    493.50
12:30:42 AM      0.00      0.00    723.00    485.00
12:30:44 AM      0.00      0.00    717.00    476.00
12:30:46 AM      0.00      0.00    738.00    496.50
12:30:48 AM      0.50     10.00   1262.50    863.50
12:30:50 AM      0.00      0.00   1495.50    998.00
12:30:52 AM      0.00      0.00   1434.00    965.00
12:30:54 AM      0.00      0.00   1447.50    965.50
12:30:56 AM      0.00      0.00   1408.50    939.50
12:30:58 AM      0.00      0.00   1369.00    922.00
12:31:00 AM      0.00      0.00   1448.51    971.29
12:31:02 AM      0.50      0.50   1387.00    925.50
12:31:04 AM      0.00      0.00   1456.50    972.50
12:31:06 AM      0.00      0.00   1437.50    960.50
12:31:08 AM      0.00      0.00   1475.50    985.00
12:31:10 AM      0.00      0.00   1418.00    948.50
12:31:12 AM      0.00      0.00   1405.50    945.50
12:31:14 AM      0.00      0.00   1431.50    954.50
12:31:16 AM      0.00      0.00   1440.20    959.80
12:31:18 AM      0.00      0.00   1369.50    913.50
12:31:20 AM      0.00      0.00   1482.50    994.00
12:31:22 AM      0.00      0.00   1445.50    964.50
12:31:24 AM      0.00      0.00   1405.50    947.00
12:31:26 AM      0.00      0.00   1495.50    998.00
12:31:28 AM      0.00      0.00   1365.00    924.00
12:31:30 AM      0.00      0.00   1441.50    966.50
12:31:32 AM      0.50      0.50   1461.00    980.00
12:31:34 AM      0.00      0.00   1450.00    973.00
12:31:36 AM      0.00      0.00   1458.00    977.50
12:31:38 AM      0.00      0.00   1483.50    991.50
12:31:40 AM      0.00      0.00   1468.50    978.50
12:31:42 AM      0.00      0.00   1489.50    996.50
12:31:44 AM      0.00      0.00   1491.00    994.50
12:31:46 AM      0.00      0.00   1426.50    951.50
12:31:48 AM      0.00      0.00   1387.56    930.35
12:31:50 AM      0.00      0.00   1424.00    948.50
12:31:52 AM      0.00      0.00   1464.00    976.00
12:31:54 AM      0.00      0.00   1432.50    955.00
12:31:56 AM      0.00      0.00   1482.00    984.50
12:31:58 AM      0.00      0.00   1477.50    989.50
12:32:00 AM      0.00      0.00   1428.00    965.00
12:32:02 AM      0.50      0.50   1429.50    955.50
12:32:04 AM      0.00      0.00   1425.00    953.00
12:32:06 AM      0.00      0.00   1446.00    964.50
12:32:08 AM      0.00      0.00   1383.00    930.00
12:32:10 AM      0.00      0.00   1428.00    955.50
12:32:12 AM      0.00      0.00   1411.50    941.00
12:32:14 AM      0.00      0.00   1492.50    995.50
12:32:16 AM      0.00      0.00   1492.50    995.00
12:32:18 AM      0.00      0.00   1500.00   1000.50
12:32:20 AM      0.00      0.00   1480.50    990.00
12:32:22 AM      0.00      0.00   1440.00    966.00
12:32:24 AM      0.00      0.00   1470.00    980.50
12:32:26 AM      0.00      0.00   1452.00    968.00
12:32:28 AM      0.00      0.00   1494.00    996.50
12:32:30 AM      0.00      0.00   1404.00    941.00
12:32:32 AM      0.50      0.50   1462.50    978.50
12:32:34 AM      0.00      0.00   1399.00    937.00
12:32:36 AM      0.00      0.00   1431.00    961.00
12:32:38 AM      0.00      0.00   1418.93    948.54
12:32:40 AM      0.00      0.00   1447.50    968.50
12:32:42 AM      0.00      0.00   1452.50    968.00
12:32:44 AM      0.00      0.00   1449.50    966.50
12:32:46 AM      0.00      0.00   1453.50    974.00
12:32:48 AM      0.50     15.00   2002.00   1352.50
12:32:50 AM      0.00      0.00   2167.50   1447.00
12:32:52 AM      0.00      0.00   2166.00   1448.50
12:32:54 AM      0.00      0.00   2188.50   1467.00
12:32:56 AM      0.00      0.00   2170.50   1448.50
12:32:58 AM      0.00      0.00   2086.00   1391.50
12:33:00 AM      0.00      0.00   2095.50   1393.50
12:33:02 AM      0.50      0.50   2131.50   1435.50
12:33:04 AM      0.00      0.00   2122.50   1415.50
12:33:06 AM      0.00      0.00   2085.00   1395.00
12:33:08 AM      0.00      0.00   2230.50   1493.50
12:33:10 AM      0.00      0.00   2107.50   1409.00
12:33:12 AM      0.00      0.00   2242.50   1495.50
12:33:14 AM      0.00      0.00   2113.50   1408.00
12:33:16 AM      0.00      0.00   2131.19   1429.21
12:33:18 AM      0.00      0.00   2128.50   1423.50
12:33:20 AM      0.00      0.00   2241.00   1495.00
12:33:22 AM      0.00      0.00   2087.00   1391.50
12:33:24 AM      0.00      0.00   2167.00   1448.00
12:33:26 AM      0.00      0.00   2137.50   1431.00
12:33:28 AM      0.00      0.00   2149.50   1441.00
12:33:30 AM      0.00      0.00   2217.00   1484.50
12:33:32 AM      0.50      0.50   2177.50   1455.00
12:33:34 AM      0.00      0.00   2224.50   1487.50
12:33:36 AM      0.00      0.00   2136.00   1426.00
12:33:38 AM      0.00      0.00   2229.00   1487.00
12:33:40 AM      0.00      0.00   2082.00   1399.50
12:33:42 AM      0.00      0.00   2156.00   1447.00
12:33:44 AM      0.00      0.00   2174.50   1450.50
12:33:46 AM      0.00      0.00   2113.50   1409.50
12:33:48 AM      0.00      0.00   2145.00   1434.50
12:33:50 AM      0.00      0.00   2160.50   1445.50
12:33:52 AM      0.00      0.00   2234.50   1493.50
12:33:54 AM      0.00      0.00   2209.50   1477.50
12:33:56 AM      0.00      0.00   2176.00   1445.00
12:33:58 AM      0.00      0.00   2222.00   1489.50
12:34:00 AM      0.00      0.00   2112.00   1408.00
12:34:02 AM      0.50      0.50   2115.00   1412.50
12:34:04 AM      0.00      0.00   2170.50   1448.50
12:34:06 AM      0.00      0.00   2229.00   1482.50
12:34:08 AM      0.00      0.00   2118.00   1415.50
12:34:10 AM      0.00      0.00   2143.50   1429.50
12:34:12 AM      0.00      0.00   2163.00   1442.00
12:34:14 AM      0.00      0.00   2214.00   1484.00
12:34:16 AM      0.00      0.00   2150.50   1440.50
12:34:18 AM      0.00      0.00   2141.50   1434.50
12:34:20 AM      0.00      0.00   2143.00   1440.00
12:34:22 AM      0.00      0.00   2122.50   1415.50
12:34:24 AM      0.00      0.00   2074.50   1388.00
12:34:26 AM      0.00      0.00   2007.00   1350.00
12:34:28 AM      0.00      0.00   2057.00   1371.50
12:34:30 AM      0.00      0.00   2165.50   1451.00
12:34:32 AM      0.50      0.50   2160.00   1447.50
12:34:34 AM      0.00      0.00   2134.00   1418.00
12:34:36 AM      0.00      0.00   2003.50   1352.00
12:34:38 AM      0.00      0.00   2079.50   1388.00
12:34:40 AM      0.00      0.00   2212.50   1479.00
12:34:42 AM      0.00      0.00   2158.00   1443.50
12:34:44 AM      0.00      0.00   2091.00   1394.50
12:34:46 AM      0.00      0.00   2053.50   1373.00
12:34:48 AM      0.50     20.00   2411.50   1628.50
12:34:50 AM      0.00      0.00   2848.00   1900.00
12:34:52 AM      0.00      0.00   2919.50   1950.50
12:34:54 AM      0.00      0.00   2838.00   1901.00
12:34:56 AM      0.00      0.00   2936.50   1958.00
12:34:58 AM      0.00      0.00   2808.00   1867.50
12:35:00 AM      0.00      0.00   2824.00   1888.50
12:35:02 AM      0.50      0.50   2828.50   1887.00
12:35:04 AM      0.00      0.00   2903.00   1946.00
12:35:06 AM      0.00      0.00   2887.50   1925.00
12:35:08 AM      0.00      0.00   2748.50   1837.00
12:35:10 AM      0.00      0.00   2865.00   1916.50
12:35:12 AM      0.00      0.00   2872.00   1915.50
12:35:14 AM      0.00      0.00   2972.50   1981.50
12:35:16 AM      0.00      0.00   2694.50   1806.50
12:35:18 AM      0.00      0.00   2952.50   1970.50
12:35:20 AM      0.00      0.00   2855.00   1910.50
12:35:22 AM      0.00      0.00   2919.40   1945.77
12:35:24 AM      0.00      0.00   2846.50   1906.50
12:35:26 AM      0.00      0.00   2896.50   1931.00
12:35:28 AM      0.00      0.00   2839.00   1893.00
12:35:30 AM      0.00      0.00   2861.50   1909.50
12:35:32 AM      0.50      0.50   2835.50   1889.00
12:35:34 AM      0.00      0.00   2791.50   1865.00
12:35:36 AM      0.00      0.00   2806.50   1864.00
12:35:38 AM      0.00      0.00   2912.00   1956.00
12:35:40 AM      0.00      0.00   2787.50   1862.50
12:35:42 AM      0.00      0.00   2930.50   1965.50
12:35:44 AM      0.00      0.00   2822.50   1872.50
12:35:46 AM      0.00      0.00   2741.50   1840.00
12:35:48 AM      0.00      0.00   2843.00   1902.00
12:35:50 AM      0.00      0.00   2743.00   1825.50
12:35:52 AM      0.00      0.00   2849.00   1900.50
12:35:54 AM      0.00      0.00   2846.50   1897.50
12:35:56 AM      0.00      0.00   2837.50   1885.50
12:35:58 AM      0.00      0.00   2929.50   1960.00
12:36:00 AM      0.00      0.00   2888.50   1932.00
12:36:02 AM      0.50      0.50   2697.00   1801.00
12:36:04 AM      0.00      0.00   2836.50   1890.50
12:36:06 AM      0.00      0.00   2797.50   1882.50
12:36:08 AM      0.00      0.00   2925.00   1950.00
12:36:10 AM      0.00      0.00   2901.00   1938.00
12:36:12 AM      0.00      0.00   2917.50   1944.50
12:36:14 AM      0.00      0.00   2883.00   1929.50
12:36:16 AM      0.00      0.00   2916.00   1950.00
12:36:18 AM      0.00      0.00   2818.50   1891.00
12:36:20 AM      0.00      0.00   2932.00   1952.00
12:36:22 AM      0.00      0.00   2911.00   1942.50
12:36:24 AM      0.00      0.00   2786.00   1859.00
12:36:26 AM      0.00      0.00   2833.50   1900.50
12:36:28 AM      0.00      0.00   2891.50   1932.50
12:36:30 AM      0.00      0.00   2837.00   1892.00
12:36:32 AM      0.50      0.50   2947.50   1969.00
12:36:34 AM      0.00      0.00   2946.50   1968.00
12:36:36 AM      0.00      0.00   2923.50   1948.50
12:36:38 AM      0.00      0.00   2836.50   1903.50
12:36:40 AM      0.00      0.00   2969.00   1978.50
12:36:42 AM      0.00      0.00   2885.50   1935.50
12:36:44 AM      0.00      0.00   2917.00   1946.00
12:36:46 AM      0.00      0.00   2932.00   1954.00
12:36:48 AM      0.50     25.00   2953.00   2018.00
12:36:50 AM      0.00      0.00   3591.04   2396.52
12:36:52 AM      0.00      0.00   3589.00   2400.00
12:36:54 AM      0.00      0.00   3497.00   2332.50
12:36:56 AM      0.00      0.00   3600.00   2402.00
12:36:58 AM      0.00      0.00   3473.00   2314.50
12:37:00 AM      0.00      0.00   3560.50   2375.00
12:37:02 AM      0.50      0.50   3469.50   2315.00
12:37:04 AM      0.00      0.00   3583.50   2389.50
12:37:06 AM      0.00      0.00   3576.00   2383.00
12:37:08 AM      0.00      0.00   3383.00   2257.50
12:37:10 AM      0.00      0.00   3462.50   2306.50
12:37:12 AM      0.00      0.00   3567.00   2380.50
12:37:14 AM      0.00      0.00   3572.50   2373.50
12:37:16 AM      0.00      0.00   3456.00   2313.00
12:37:18 AM      0.00      0.00   3493.50   2329.00
12:37:20 AM      0.00      0.00   3576.00   2384.50
12:37:22 AM      0.00      0.00   3498.00   2333.00
12:37:24 AM      0.00      0.00   3572.50   2381.50
12:37:26 AM      0.00      0.00   3525.50   2350.50
12:37:28 AM      0.00      0.00   3552.00   2360.50
12:37:30 AM      0.00      0.00   3555.00   2379.00
12:37:32 AM      0.50      0.50   3612.50   2415.00
12:37:34 AM      0.00      0.00   3574.00   2382.00
12:37:36 AM      0.00      0.00   3599.50   2397.00
12:37:38 AM      0.00      0.00   3569.00   2380.50
12:37:40 AM      0.00      0.00   3490.00   2326.50
12:37:42 AM      0.00      0.00   3621.50   2408.50
12:37:44 AM      0.00      0.00   3569.50   2387.50
12:37:46 AM      0.00      0.00   3624.00   2414.50
12:37:48 AM      0.00      0.00   3598.00   2401.50
12:37:50 AM      0.00      0.00   3585.00   2388.50
12:37:52 AM      0.00      0.00   3506.50   2339.50
12:37:54 AM      0.00      0.00   3397.00   2276.50
12:37:56 AM      0.00      0.00   3573.00   2382.50
12:37:58 AM      0.00      0.00   3580.50   2388.50
12:38:00 AM      0.00      0.00   3499.50   2334.00
12:38:02 AM      0.50      0.50   3468.00   2315.00
12:38:04 AM      0.00      0.00   3505.50   2337.50
12:38:06 AM      0.00      0.00   3542.00   2357.00
12:38:08 AM      0.00      0.00   3571.00   2391.50
12:38:10 AM      0.00      0.00   3478.50   2319.00
12:38:12 AM      0.00      0.00   3577.50   2394.00
12:38:14 AM      0.00      0.00   3556.50   2371.00
12:38:16 AM      0.00      0.00   3592.50   2395.00
12:38:18 AM      0.00      0.00   3604.50   2400.50
12:38:20 AM      0.00      0.00   3411.00   2273.00
12:38:22 AM      0.00      0.00   3577.50   2390.00
12:38:24 AM      0.00      0.00   3526.00   2341.00
12:38:26 AM      0.00      0.00   3437.00   2308.50
12:38:28 AM      0.00      0.00   3631.50   2413.50
12:38:30 AM      0.00      0.00   3583.50   2397.50
12:38:32 AM      0.50      0.50   3472.00   2318.00
12:38:34 AM      0.00      0.00   3586.50   2387.50
12:38:36 AM      0.00      0.00   3595.50   2400.50
12:38:38 AM      0.00      0.00   3573.00   2382.00
12:38:40 AM      0.00      0.00   3575.50   2380.00
12:38:42 AM      0.00      0.00   3533.00   2359.50
12:38:44 AM      0.00      0.00   3606.00   2405.00
12:38:46 AM      0.00      0.00   3601.50   2401.50
12:38:48 AM      0.50     30.00   3274.00   2233.50
12:38:50 AM      0.00      0.00   4267.50   2844.00
12:38:52 AM      0.00      0.00   4303.50   2870.50
12:38:54 AM      0.00      0.00   4105.00   2731.00
12:38:56 AM      0.00      0.00   4263.50   2848.00
12:38:58 AM      0.00      0.00   4258.00   2841.00
12:39:00 AM      0.00      0.00   4255.50   2837.00
12:39:02 AM      0.50      0.50   4041.00   2696.00
12:39:04 AM      0.00      0.00   4263.00   2842.00
12:39:06 AM      0.00      0.00   4308.00   2872.00
12:39:08 AM      0.00      0.00   4248.00   2833.00
12:39:10 AM      0.00      0.00   4087.50   2742.00
12:39:12 AM      0.00      0.00   4309.50   2873.50
12:39:14 AM      0.00      0.00   4230.00   2828.00
12:39:16 AM      0.00      0.00   4210.50   2807.50
12:39:18 AM      0.00      0.00   4305.00   2870.00
12:39:20 AM      0.00      0.00   4125.00   2748.50
12:39:22 AM      0.00      0.00   4318.50   2882.00
12:39:24 AM      0.00      0.00   4237.50   2818.50
12:39:26 AM      0.00      0.00   4189.50   2800.00
12:39:28 AM      0.00      0.00   4269.00   2846.50
12:39:30 AM      0.00      0.00   4189.50   2812.00
12:39:32 AM      0.50      0.50   4318.00   2880.00
12:39:34 AM      0.00      0.00   4129.50   2750.50
12:39:36 AM      0.00      0.00   4305.00   2883.50
12:39:38 AM      0.00      0.00   4113.00   2732.00
12:39:40 AM      0.00      0.00   4236.00   2848.50
12:39:42 AM      0.00      0.00   4252.50   2830.50
12:39:44 AM      0.00      0.00   4266.00   2849.00
12:39:46 AM      0.00      0.00   4105.50   2736.50
12:39:48 AM      0.00      0.00   4227.00   2810.00
12:39:50 AM      0.00      0.00   4053.00   2723.50
12:39:52 AM      0.00      0.00   4050.00   2696.50
12:39:54 AM      0.00      0.00   4212.00   2812.50
12:39:56 AM      0.00      0.00   4296.00   2854.00
12:39:58 AM      0.00      0.00   4249.50   2843.50
12:40:00 AM      0.00      0.00   4212.00   2807.50
12:40:02 AM      0.50      0.50   3928.50   2621.50
12:40:04 AM      0.00      0.00   4300.50   2859.50
12:40:06 AM      0.00      0.00   4272.00   2857.00
12:40:08 AM      0.00      0.00   4204.50   2808.50
12:40:10 AM      0.00      0.00   4246.00   2829.50
12:40:12 AM      0.00      0.00   4193.00   2796.50
12:40:14 AM      0.00      0.00   4224.63   2826.60
12:40:16 AM      0.00      0.00   4248.00   2817.50
12:40:18 AM      0.00      0.00   4308.50   2877.00
12:40:20 AM      0.00      0.00   4278.00   2851.00
12:40:22 AM      0.00      0.00   4264.50   2841.00
12:40:24 AM      0.00      0.00   4297.50   2867.00
12:40:26 AM      0.00      0.00   4003.50   2671.50
12:40:28 AM      0.00      0.00   4230.00   2817.50
12:40:30 AM      0.00      0.00   4302.00   2871.50
12:40:32 AM      0.50      0.50   4261.00   2850.00
12:40:34 AM      0.00      0.00   4221.00   2813.00
12:40:36 AM      0.00      0.00   4294.50   2865.00
12:40:38 AM      0.00      0.00   4273.50   2849.50
12:40:40 AM      0.00      0.00   4272.00   2848.00
12:40:42 AM      0.00      0.00   4249.50   2836.00
12:40:44 AM      0.00      0.00   4291.50   2855.50
12:40:46 AM      0.00      0.00   4273.50   2855.00
12:40:48 AM      0.50     48.50   3808.00   2683.50
12:40:50 AM      0.00      1.50   6976.00   4645.50
12:40:52 AM      0.00      0.00   6881.00   4591.50
12:40:54 AM      0.00      0.00   6951.00   4642.00
12:40:56 AM      0.00      0.00   6954.00   4630.00
12:40:58 AM      0.00      0.00   6901.00   4621.50
12:41:00 AM      0.00      0.00   6891.04   4596.52
12:41:02 AM      0.50      0.50   6777.00   4521.00
12:41:04 AM      0.00      0.00   6898.50   4562.00
12:41:06 AM      0.00      0.00   6796.50   4569.00
12:41:08 AM      0.00      0.00   6958.50   4644.50
12:41:10 AM      0.00      0.00   6696.00   4470.00
12:41:12 AM      0.00      0.00   6946.50   4624.00
12:41:14 AM      0.00      0.00   6625.50   4428.00
12:41:16 AM      0.00      0.00   6918.00   4606.00
12:41:18 AM      0.00      0.00   6946.50   4636.00
12:41:20 AM      0.00      0.00   6936.00   4624.00
12:41:22 AM      0.00      0.00   6954.00   4637.50
12:41:24 AM      0.00      0.00   6864.00   4569.50
12:41:26 AM      0.00      0.00   6906.00   4611.00
12:41:28 AM      0.00      0.00   6900.00   4600.50
12:41:30 AM      0.00      0.00   6945.00   4622.00
12:41:32 AM      0.50      0.50   6833.50   4567.50
12:41:34 AM      0.00      0.00   6937.50   4619.00
12:41:36 AM      0.00      0.00   6930.50   4623.50
12:41:38 AM      0.00      0.00   6915.00   4607.00
12:41:40 AM      0.00      0.00   6921.50   4600.50
12:41:42 AM      0.00      0.00   6602.50   4461.50
12:41:44 AM      0.00      0.00   6904.00   4614.50
12:41:46 AM      0.00      0.00   6767.00   4511.00
12:41:48 AM      0.00      0.00   6956.50   4634.50
12:41:50 AM      0.00      0.00   6898.50   4603.00
12:41:52 AM      0.00      0.00   6931.00   4621.00
12:41:54 AM      0.00      0.00   6866.50   4571.50
12:41:56 AM      0.00      0.00   6890.00   4594.50
12:41:58 AM      0.00      0.00   6874.50   4590.00
12:42:00 AM      0.00      0.00   6823.00   4537.50
12:42:02 AM      0.50      0.50   6047.50   4059.00
12:42:04 AM      0.00      0.00   6791.00   4529.00
12:42:06 AM      0.00      0.00   6845.00   4558.50
12:42:08 AM      0.00      0.00   6941.00   4621.00
12:42:10 AM      0.00      0.00   6620.50   4426.00
12:42:12 AM      0.00      0.00   6962.00   4637.00
12:42:14 AM      0.00      0.00   6683.00   4474.50
12:42:16 AM      0.00      0.00   6715.00   4482.00
12:42:18 AM      0.00      0.00   6922.50   4610.00
12:42:20 AM      0.00      0.00   6754.50   4505.00
12:42:22 AM      0.00      0.00   6907.50   4607.50
12:42:24 AM      0.00      0.00   6656.50   4437.00
12:42:26 AM      0.00      0.00   6895.50   4592.00
12:42:28 AM      0.00      0.00   6825.50   4556.50
12:42:30 AM      0.00      0.00   6930.50   4622.50
12:42:32 AM      0.50      0.50   6913.50   4611.00
12:42:34 AM      0.00      0.00   6872.50   4582.00
12:42:36 AM      0.00      0.00   6861.50   4571.50
12:42:38 AM      0.00      0.00   6862.50   4579.50
12:42:40 AM      0.00      0.00   6610.00   4405.50
12:42:42 AM      0.00      0.00   6907.00   4606.00
12:42:44 AM      0.00      0.00   6910.00   4606.50
12:42:46 AM      0.00      0.00   6849.00   4566.50
12:42:48 AM      0.50     97.50   4648.50   3068.00
12:42:50 AM      0.50      2.50   6975.00   5286.00
12:42:52 AM      0.00      0.00   9648.00   6610.50
12:42:54 AM      0.00      0.00   9966.00   6827.50
12:42:56 AM      0.00      0.00   8821.00   6135.50
12:42:58 AM      0.00      0.00   9735.78   6658.82
12:43:00 AM      0.00      0.00   9561.00   6650.50
12:43:02 AM      0.50      0.50   9155.00   6446.50
12:43:04 AM      0.00      0.00   9502.50   6653.00
12:43:06 AM      0.00      0.00   9485.00   6491.00
12:43:08 AM      0.00      0.00   9213.00   6431.50
12:43:10 AM      0.00      0.00   9158.00   6340.50
12:43:12 AM      0.00      0.00   9202.00   6401.50
12:43:14 AM      0.00      0.00   9708.00   6723.50
12:43:16 AM      0.00      0.00   9848.50   6756.50
12:43:18 AM      0.00      0.00   8894.50   6359.00
12:43:20 AM      0.00      0.00   9668.45   6598.54
12:43:22 AM      0.00      0.00   9925.37   6756.59
12:43:24 AM      0.00      0.00  10026.00   6938.00
12:43:26 AM      0.00      0.00   9229.50   6416.50
12:43:28 AM      0.00      0.00   9473.17   6446.83
12:43:30 AM      0.00      0.00   9882.00   6891.00
12:43:32 AM      0.49      0.49   9373.66   6416.10
12:43:34 AM      0.00      0.00  10066.50   6957.00
12:43:37 AM      0.00      0.00   9035.44   6240.29
12:43:39 AM      0.00      0.00   9817.50   6719.50
12:43:41 AM      0.00      0.00   9663.50   6609.50
12:43:43 AM      0.00      0.00   9765.00   6821.00
12:43:45 AM      0.00      0.00   9270.59   6369.12
12:43:47 AM      0.00      0.00   8913.50   6338.50
12:43:49 AM      0.00      0.00  10043.07   6791.09
12:43:51 AM      0.00      0.00   9645.27   6642.79
12:43:53 AM      0.00      0.00   8329.00   6051.50
12:43:55 AM      0.00      0.00   9465.50   6557.00
12:43:57 AM      0.00      0.00   9906.97   6765.67
12:43:59 AM      0.00      0.00   9904.50   6793.50
12:44:01 AM      0.00      0.00   9517.00   6649.50
12:44:03 AM      0.50      0.50   9513.00   6658.50
12:44:05 AM      0.00      0.00  10107.50   6865.50
12:44:07 AM      0.00      0.00   9182.00   6512.50
12:44:09 AM      0.00      0.00   9685.00   6629.00
12:44:11 AM      0.00      0.00   9650.00   6674.00
12:44:13 AM      0.00      0.00   9815.00   6693.50
12:44:15 AM      0.00      0.00   9489.50   6548.00
12:44:17 AM      0.00      0.00   9809.00   6671.00
12:44:19 AM      0.00      0.00  10010.00   6897.50
12:44:21 AM      0.00      0.00   9460.00   6474.50
12:44:23 AM      0.00      0.00   8964.88   6234.15
12:44:25 AM      0.00      0.00   8912.50   6243.00
12:44:27 AM      0.00      0.00   8680.49   6160.49
12:44:29 AM      0.00      0.00   9192.50   6441.50
12:44:31 AM      0.00      0.00   9056.00   6285.00
12:44:33 AM      0.50      0.50   9802.00   6811.50
12:44:35 AM      0.00      0.00   9429.50   6503.00
12:44:37 AM      0.00      0.00   8944.66   6282.04
12:44:39 AM      0.00      0.00   8976.50   6307.00
12:44:41 AM      0.00      0.00   9735.00   6693.00
12:44:43 AM      0.00      0.00   9577.50   6534.50
12:44:45 AM      0.00      0.00  10149.02   6839.71
12:44:47 AM      0.00      0.00   9815.92   6649.25
