Linux 3.2.0-31-virtual (ip-10-124-138-93) 	06/17/2014 	_x86_64_	(2 CPU)

12:20:52 AM kbmemfree kbmemused  %memused kbbuffers  kbcached  kbcommit   %commit  kbactive   kbinact
12:20:54 AM   5221568   2407932     31.56     14796    346984   2619228     34.33   2002048    261504
12:20:56 AM   5222404   2407096     31.55     14796    346984   2613396     34.25   2001024    261448
12:20:58 AM   5222528   2406972     31.55     14804    346980   2613396     34.25   2001032    261452
12:21:00 AM   5222528   2406972     31.55     14804    346988   2613396     34.25   2001040    261460
12:21:02 AM   5223396   2406104     31.54     14804    346988   2613396     34.25   2001052    261464
12:21:04 AM   5223396   2406104     31.54     14812    346984   2613396     34.25   2001052    261464
12:21:06 AM   5223396   2406104     31.54     14812    346996   2613396     34.25   2001052    261476
12:21:08 AM   5223272   2406228     31.54     14812    346996   2613396     34.25   2001052    261480
12:21:10 AM   5223272   2406228     31.54     14820    347000   2613396     34.25   2001052    261480
12:21:12 AM   5223396   2406104     31.54     14820    347000   2613396     34.25   2001052    261492
12:21:14 AM   5223396   2406104     31.54     14820    347004   2613396     34.25   2001052    261492
12:21:16 AM   5224264   2405236     31.53     14828    347000   2613396     34.25   2001052    261496
12:21:18 AM   5224264   2405236     31.53     14828    347012   2613396     34.25   2001052    261512
12:21:20 AM   5224140   2405360     31.53     14828    347016   2613396     34.25   2001056    261508
12:21:22 AM   5224140   2405360     31.53     14836    347008   2613396     34.25   2001056    261512
12:21:24 AM   5224140   2405360     31.53     14836    347024   2613396     34.25   2001056    261524
12:21:26 AM   5224140   2405360     31.53     14836    347024   2613396     34.25   2001060    261524
12:21:28 AM   5224140   2405360     31.53     14844    347024   2613396     34.25   2001060    261528
12:21:30 AM   5223968   2405532     31.53     14844    347032   2613396     34.25   2001060    261536
12:21:32 AM   5224836   2404664     31.52     14844    347032   2613528     34.26   2001060    261540
12:21:34 AM   5224836   2404664     31.52     14852    347032   2613528     34.26   2001064    261544
12:21:36 AM   5224884   2404616     31.52     14852    347040   2613528     34.26   2001068    261552
12:21:38 AM   5224884   2404616     31.52     14852    347044   2613528     34.26   2001068    261556
12:21:40 AM   5225008   2404492     31.52     14860    347040   2613528     34.26   2001068    261556
12:21:42 AM   5224900   2404600     31.52     14860    347048   2613528     34.26   2001068    261568
12:21:44 AM   5224916   2404584     31.52     14860    347056   2613528     34.26   2001068    261572
12:21:46 AM   5225776   2403724     31.51     14868    347048   2613528     34.26   2001072    261572
12:21:48 AM   5225776   2403724     31.51     14868    347060   2613528     34.26   2001072    261580
12:21:50 AM   5225776   2403724     31.51     14868    347060   2613528     34.26   2001072    261584
12:21:52 AM   5225776   2403724     31.51     14876    347060   2613528     34.26   2001072    261584
12:21:54 AM   5225652   2403848     31.51     14876    347072   2613528     34.26   2001072    261600
12:21:56 AM   5225652   2403848     31.51     14876    347072   2613528     34.26   2001076    261600
12:21:58 AM   5225776   2403724     31.51     14884    347068   2613528     34.26   2001076    261600
12:22:00 AM   5225776   2403724     31.51     14884    347076   2613528     34.26   2001076    261612
12:22:02 AM   5226520   2402980     31.50     14884    347080   2613528     34.26   2001076    261616
12:22:04 AM   5226520   2402980     31.50     14892    347076   2613528     34.26   2001080    261616
12:22:06 AM   5226520   2402980     31.50     14892    347088   2613528     34.26   2001080    261632
12:22:08 AM   5226396   2403104     31.50     14892    347096   2613528     34.26   2001084    261628
12:22:10 AM   5226496   2403004     31.50     14900    347092   2613528     34.26   2001088    261636
12:22:12 AM   5226496   2403004     31.50     14900    347108   2613528     34.26   2001088    261648
12:22:14 AM   5226496   2403004     31.50     14900    347112   2613528     34.26   2001096    261648
12:22:16 AM   5227364   2402136     31.48     14908    347112   2613528     34.26   2001100    261652
12:22:18 AM   5227116   2402384     31.49     14908    347120   2613528     34.26   2001100    261656
12:22:20 AM   5227116   2402384     31.49     14908    347124   2613528     34.26   2001100    261660
12:22:22 AM   5227116   2402384     31.49     14916    347120   2613528     34.26   2001100    261664
12:22:24 AM   5227116   2402384     31.49     14916    347132   2613528     34.26   2001104    261676
12:22:26 AM   5227116   2402384     31.49     14916    347136   2613528     34.26   2001108    261676
12:22:28 AM   5227116   2402384     31.49     14924    347136   2613528     34.26   2001108    261680
12:22:30 AM   5227240   2402260     31.49     14924    347140   2613528     34.26   2001116    261688
12:22:32 AM   5227364   2402136     31.48     14924    347148   2613528     34.26   2001116    261692
12:22:34 AM   5227488   2402012     31.48     14932    347148   2613528     34.26   2001124    261696
12:22:36 AM   5227488   2402012     31.48     14932    347152   2613528     34.26   2001124    261700
12:22:38 AM   5227364   2402136     31.48     14932    347152   2613528     34.26   2001124    261704
12:22:40 AM   5227364   2402136     31.48     14940    347148   2613528     34.26   2001124    261704
12:22:42 AM   5227364   2402136     31.48     14940    347160   2613528     34.26   2001124    261716
12:22:44 AM   5227364   2402136     31.48     14940    347164   2613528     34.26   2001124    261724
12:22:46 AM   5227364   2402136     31.48     14948    347160   2613528     34.26   2001128    261720
12:22:48 AM   5227356   2402144     31.48     14948    347168   2613528     34.26   2001264    261728
12:22:50 AM   5227232   2402268     31.49     14948    347172   2613528     34.26   2001272    261728
12:22:52 AM   5227356   2402144     31.48     14956    347172   2613528     34.26   2001272    261736
12:22:54 AM   5227364   2402136     31.48     14956    347184   2613528     34.26   2001212    261748
12:22:56 AM   5227364   2402136     31.48     14956    347192   2613528     34.26   2001216    261748
12:22:58 AM   5227364   2402136     31.48     14964    347184   2613528     34.26   2001220    261748
12:23:00 AM   5227364   2402136     31.48     14964    347196   2613528     34.26   2001220    261756
12:23:02 AM   5227240   2402260     31.49     14964    347200   2613528     34.26   2001220    261764
12:23:04 AM   5227364   2402136     31.48     14972    347196   2613528     34.26   2001228    261760
12:23:06 AM   5227364   2402136     31.48     14972    347208   2613528     34.26   2001228    261772
12:23:08 AM   5227364   2402136     31.48     14972    347208   2613528     34.26   2001228    261776
12:23:10 AM   5227364   2402136     31.48     14980    347204   2613528     34.26   2001228    261776
12:23:12 AM   5227240   2402260     31.49     14980    347212   2613528     34.26   2001228    261788
12:23:14 AM   5227364   2402136     31.48     14980    347216   2613528     34.26   2001228    261788
12:23:16 AM   5227364   2402136     31.48     14988    347220   2613528     34.26   2001228    261796
12:23:18 AM   5227116   2402384     31.49     14988    347220   2613528     34.26   2001228    261804
12:23:20 AM   5227116   2402384     31.49     14988    347232   2613528     34.26   2001228    261808
12:23:22 AM   5227116   2402384     31.49     14996    347232   2613528     34.26   2001236    261812
12:23:24 AM   5227116   2402384     31.49     14996    347240   2613528     34.26   2001240    261816
12:23:26 AM   5227240   2402260     31.49     14996    347240   2613528     34.26   2001240    261820
12:23:28 AM   5227240   2402260     31.49     15004    347248   2613528     34.26   2001244    261824
12:23:30 AM   5227348   2402152     31.49     15004    347252   2613528     34.26   2001248    261832
12:23:32 AM   5227348   2402152     31.49     15004    347260   2613528     34.26   2001248    261844
12:23:34 AM   5227348   2402152     31.49     15012    347268   2613528     34.26   2001256    261844
12:23:36 AM   5227348   2402152     31.49     15012    347268   2613528     34.26   2001260    261852
12:23:38 AM   5227472   2402028     31.48     15012    347272   2613528     34.26   2001264    261848
12:23:40 AM   5227348   2402152     31.49     15020    347276   2613528     34.26   2001264    261860
12:23:42 AM   5227348   2402152     31.49     15020    347276   2613528     34.26   2001264    261864
12:23:44 AM   5227348   2402152     31.49     15028    347284   2613528     34.26   2001264    261876
12:23:46 AM   5227348   2402152     31.49     15028    347284   2613528     34.26   2001268    261876
12:23:48 AM   5227348   2402152     31.49     15032    347284   2613528     34.26   2001268    261880
12:23:50 AM   5227348   2402152     31.49     15040    347284   2613528     34.26   2001268    261884
12:23:52 AM   5227348   2402152     31.49     15040    347300   2613528     34.26   2001268    261904
12:23:54 AM   5227348   2402152     31.49     15040    347304   2613528     34.26   2001276    261896
12:23:56 AM   5227348   2402152     31.49     15048    347296   2613528     34.26   2001276    261900
12:23:58 AM   5227348   2402152     31.49     15048    347308   2613528     34.26   2001276    261908
12:24:00 AM   5227348   2402152     31.49     15048    347308   2613528     34.26   2001276    261912
12:24:02 AM   5227348   2402152     31.49     15056    347312   2613528     34.26   2001276    261924
12:24:04 AM   5227348   2402152     31.49     15056    347320   2613528     34.26   2001284    261928
12:24:06 AM   5227348   2402152     31.49     15056    347320   2613528     34.26   2001288    261928
12:24:08 AM   5227348   2402152     31.49     15064    347324   2613528     34.26   2001288    261932
12:24:10 AM   5215072   2414428     31.65     15064    347328   2613528     34.26   2013636    261940
12:24:12 AM   5250784   2378716     31.18     15064    347332   2555284     33.49   1977500    261936
12:24:14 AM   5250784   2378716     31.18     15072    347328   2555284     33.49   1977504    261944
12:24:16 AM   5250784   2378716     31.18     15072    347340   2555284     33.49   1977508    261948
12:24:18 AM   5250660   2378840     31.18     15072    347344   2555284     33.49   1977508    261952
12:24:20 AM   5250784   2378716     31.18     15080    347344   2555284     33.49   1977508    261960
12:24:22 AM   5250784   2378716     31.18     15080    347352   2555284     33.49   1977508    261968
12:24:24 AM   5250784   2378716     31.18     15080    347352   2555284     33.49   1977512    261968
12:24:26 AM   5250784   2378716     31.18     15088    347356   2555284     33.49   1977512    261972
12:24:28 AM   5250784   2378716     31.18     15088    347360   2555284     33.49   1977512    261980
12:24:30 AM   5250776   2378724     31.18     15088    347360   2555284     33.49   1977512    261984
12:24:32 AM   5250900   2378600     31.18     15096    347364   2555284     33.49   1977512    261988
12:24:34 AM   5250776   2378724     31.18     15096    347368   2555284     33.49   1977516    262000
12:24:36 AM   5250776   2378724     31.18     15096    347376   2555284     33.49   1977520    262000
12:24:38 AM   5250776   2378724     31.18     15104    347380   2555284     33.49   1977524    262008
12:24:40 AM   5250776   2378724     31.18     15104    347384   2555284     33.49   1977528    262008
12:24:42 AM   5250776   2378724     31.18     15104    347388   2555284     33.49   1977528    262012
12:24:44 AM   5250776   2378724     31.18     15112    347384   2555284     33.49   1977528    262016
12:24:46 AM   5250652   2378848     31.18     15112    347392   2555284     33.49   1977528    262024
12:24:48 AM   5250692   2378808     31.18     15112    347396   2555284     33.49   1977660    262032
12:24:50 AM   5250692   2378808     31.18     15120    347400   2555284     33.49   1977680    262040
12:24:52 AM   5250692   2378808     31.18     15120    347416   2555284     33.49   1977676    262056
12:24:54 AM   5250692   2378808     31.18     15120    347420   2555284     33.49   1977688    262052
12:24:56 AM   5250676   2378824     31.18     15128    347428   2555284     33.49   1977692    262056
12:24:58 AM   5250800   2378700     31.18     15128    347428   2555284     33.49   1977628    262064
12:25:00 AM   5250676   2378824     31.18     15128    347432   2555284     33.49   1977632    262060
12:25:02 AM   5250676   2378824     31.18     15136    347432   2555312     33.49   1977636    262072
12:25:04 AM   5250668   2378832     31.18     15136    347444   2555312     33.49   1977636    262080
12:25:06 AM   5250652   2378848     31.18     15136    347448   2555312     33.49   1977644    262076
12:25:08 AM   5250776   2378724     31.18     15144    347448   2555312     33.49   1977644    262084
12:25:10 AM   5250652   2378848     31.18     15144    347452   2555312     33.49   1977644    262088
12:25:12 AM   5250684   2378816     31.18     15144    347496   2555312     33.49   1977644    262140
12:25:14 AM   5250808   2378692     31.18     15152    347504   2555312     33.49   1977644    262148
12:25:16 AM   5250684   2378816     31.18     15152    347508   2555312     33.49   1977648    262152
12:25:18 AM   5250684   2378816     31.18     15152    347512   2555312     33.49   1977648    262156
12:25:20 AM   5250684   2378816     31.18     15160    347520   2555312     33.49   1977652    262164
12:25:22 AM   5250800   2378700     31.18     15160    347524   2555312     33.49   1977656    262172
12:25:24 AM   5250660   2378840     31.18     15160    347528   2555312     33.49   1977660    262168
12:25:26 AM   5250652   2378848     31.18     15168    347520   2555312     33.49   1977668    262172
12:25:28 AM   5250832   2378668     31.18     15168    347532   2555312     33.49   1977668    262180
12:25:30 AM   5250708   2378792     31.18     15168    347536   2555312     33.49   1977668    262184
12:25:32 AM   5250692   2378808     31.18     15176    347532   2555312     33.49   1977672    262188
12:25:34 AM   5250676   2378824     31.18     15176    347544   2555312     33.49   1977672    262200
12:25:36 AM   5250660   2378840     31.18     15176    347544   2555312     33.49   1977676    262200
12:25:38 AM   5250652   2378848     31.18     15184    347548   2555312     33.49   1977676    262208
12:25:40 AM   5250652   2378848     31.18     15184    347552   2555312     33.49   1977676    262212
12:25:42 AM   5250652   2378848     31.18     15184    347552   2555312     33.49   1977676    262216
12:25:44 AM   5250652   2378848     31.18     15192    347556   2555312     33.49   1977676    262224
12:25:46 AM   5250652   2378848     31.18     15192    347560   2555312     33.49   1977676    262232
12:25:48 AM   5250652   2378848     31.18     15192    347564   2555312     33.49   1977680    262228
12:25:50 AM   5250644   2378856     31.18     15200    347572   2555312     33.49   1977680    262244
12:25:52 AM   5250520   2378980     31.18     15200    347576   2555312     33.49   1977696    262240
12:25:54 AM   5250692   2378808     31.18     15200    347580   2555312     33.49   1977696    262244
12:25:56 AM   5250692   2378808     31.18     15208    347580   2555312     33.49   1977696    262252
12:25:58 AM   5250692   2378808     31.18     15208    347584   2555312     33.49   1977696    262256
12:26:00 AM   5250692   2378808     31.18     15208    347584   2555312     33.49   1977696    262260
12:26:02 AM   5250692   2378808     31.18     15216    347584   2555312     33.49   1977696    262264
12:26:04 AM   5250692   2378808     31.18     15216    347588   2555312     33.49   1977700    262272
12:26:06 AM   5250584   2378916     31.18     15216    347596   2555312     33.49   1977700    262276
12:26:08 AM   5250708   2378792     31.18     15228    347600   2555312     33.49   1977704    262288
12:26:10 AM   5250576   2378924     31.18     15228    347604   2555312     33.49   1977708    262296
12:26:12 AM   5250700   2378800     31.18     15236    347608   2555312     33.49   1977708    262300
12:26:14 AM   5250692   2378808     31.18     15236    347620   2555312     33.49   1977716    262308
12:26:16 AM   5250692   2378808     31.18     15236    347620   2555312     33.49   1977720    262304
12:26:18 AM   5250388   2379112     31.18     15244    347624   2555312     33.49   1977720    262312
12:26:20 AM   5250420   2379080     31.18     15244    347632   2555312     33.49   1977720    262324
12:26:22 AM   5250544   2378956     31.18     15244    347632   2555312     33.49   1977724    262320
12:26:24 AM   5250560   2378940     31.18     15252    347636   2555312     33.49   1977724    262328
12:26:26 AM   5250436   2379064     31.18     15252    347640   2555312     33.49   1977724    262332
12:26:28 AM   5250444   2379056     31.18     15252    347644   2555312     33.49   1977724    262336
12:26:30 AM   5250444   2379056     31.18     15260    347644   2555312     33.49   1977724    262344
12:26:32 AM   5250552   2378948     31.18     15260    347648   2555312     33.49   1977724    262352
12:26:34 AM   5250428   2379072     31.18     15260    347656   2555312     33.49   1977732    262356
12:26:36 AM   5250428   2379072     31.18     15268    347648   2555312     33.49   1977736    262352
12:26:38 AM   5250428   2379072     31.18     15268    347660   2555312     33.49   1977736    262364
12:26:40 AM   5250544   2378956     31.18     15268    347660   2555312     33.49   1977736    262364
12:26:42 AM   5250412   2379088     31.18     15284    347656   2555312     33.49   1977736    262372
12:26:44 AM   5250412   2379088     31.18     15284    347668   2555312     33.49   1977736    262388
12:26:46 AM   5250412   2379088     31.18     15284    347668   2555312     33.49   1977736    262388
12:26:48 AM   5250156   2379344     31.19     15292    347680   2555312     33.49   1977944    262404
12:26:50 AM   5250032   2379468     31.19     15292    347684   2555312     33.49   1977948    262404
12:26:52 AM   5250156   2379344     31.19     15300    347680   2555312     33.49   1977952    262404
12:26:54 AM   5250164   2379336     31.19     15300    347696   2555312     33.49   1977888    262420
12:26:56 AM   5250164   2379336     31.19     15300    347696   2555312     33.49   1977892    262416
12:26:58 AM   5250280   2379220     31.18     15308    347696   2555312     33.49   1977892    262420
12:27:00 AM   5250280   2379220     31.18     15308    347704   2555312     33.49   1977892    262432
12:27:02 AM   5250156   2379344     31.19     15308    347708   2555312     33.49   1977896    262432
12:27:04 AM   5250264   2379236     31.18     15316    347708   2555312     33.49   1977904    262432
12:27:06 AM   5250140   2379360     31.19     15316    347716   2555312     33.49   1977908    262440
12:27:08 AM   5250264   2379236     31.18     15316    347720   2555312     33.49   1977908    262444
12:27:10 AM   5250264   2379236     31.18     15324    347716   2555312     33.49   1977908    262444
12:27:12 AM   5250140   2379360     31.19     15324    347724   2555312     33.49   1977908    262456
12:27:14 AM   5250140   2379360     31.19     15324    347724   2555312     33.49   1977908    262456
12:27:16 AM   5250264   2379236     31.18     15332    347720   2555312     33.49   1977908    262460
12:27:18 AM   5250140   2379360     31.19     15336    347736   2555312     33.49   1977908    262480
12:27:20 AM   5250016   2379484     31.19     15336    347740   2555312     33.49   1977912    262480
12:27:22 AM   5250016   2379484     31.19     15344    347744   2555312     33.49   1977916    262484
12:27:24 AM   5250016   2379484     31.19     15344    347748   2555312     33.49   1977916    262492
12:27:26 AM   5250016   2379484     31.19     15344    347752   2555312     33.49   1977920    262492
12:27:28 AM   5250016   2379484     31.19     15352    347752   2555312     33.49   1977920    262496
12:27:30 AM   5249892   2379608     31.19     15352    347760   2555312     33.49   1977924    262504
12:27:32 AM   5250016   2379484     31.19     15352    347764   2555312     33.49   1977924    262508
12:27:34 AM   5249892   2379608     31.19     15360    347768   2555312     33.49   1977936    262512
12:27:36 AM   5249892   2379608     31.19     15360    347780   2555312     33.49   1977948    262512
12:27:38 AM   5250016   2379484     31.19     15360    347780   2555312     33.49   1977948    262512
12:27:40 AM   5249892   2379608     31.19     15368    347776   2555312     33.49   1977948    262516
12:27:42 AM   5250024   2379476     31.19     15368    347788   2555312     33.49   1977948    262528
12:27:44 AM   5249900   2379600     31.19     15368    347788   2555312     33.49   1977948    262528
12:27:46 AM   5249900   2379600     31.19     15376    347784   2555312     33.49   1977948    262532
12:27:48 AM   5249900   2379600     31.19     15376    347800   2555312     33.49   1977948    262548
12:27:50 AM   5250024   2379476     31.19     15376    347804   2555312     33.49   1977956    262544
12:27:52 AM   5249900   2379600     31.19     15384    347796   2555312     33.49   1977956    262544
12:27:54 AM   5249900   2379600     31.19     15384    347808   2555312     33.49   1977956    262556
12:27:56 AM   5249900   2379600     31.19     15384    347812   2555312     33.49   1977956    262560
12:27:58 AM   5249900   2379600     31.19     15392    347804   2555312     33.49   1977956    262560
12:28:00 AM   5250024   2379476     31.19     15392    347816   2555312     33.49   1977956    262572
12:28:02 AM   5249900   2379600     31.19     15392    347816   2555312     33.49   1977956    262572
12:28:04 AM   5249964   2379536     31.19     15400    347816   2555312     33.49   1977964    262576
12:28:06 AM   5249964   2379536     31.19     15400    347824   2555312     33.49   1977964    262588
12:28:08 AM   5249972   2379528     31.19     15400    347824   2555312     33.49   1977964    262588
12:28:10 AM   5249972   2379528     31.19     15408    347828   2555312     33.49   1977964    262596
12:28:12 AM   5249948   2379552     31.19     15408    347832   2555312     33.49   1977964    262604
12:28:14 AM   5249824   2379676     31.19     15408    347840   2555312     33.49   1977968    262608
12:28:16 AM   5249816   2379684     31.19     15416    347844   2555312     33.49   1977976    262608
12:28:18 AM   5249808   2379692     31.19     15416    347856   2555312     33.49   1977980    262620
12:28:20 AM   5249932   2379568     31.19     15416    347860   2555312     33.49   1977988    262616
12:28:22 AM   5249856   2379644     31.19     15424    347852   2555312     33.49   1977988    262616
12:28:24 AM   5249964   2379536     31.19     15424    347864   2555312     33.49   1977988    262628
12:28:26 AM   5249824   2379676     31.19     15424    347868   2555312     33.49   1977988    262632
12:28:28 AM   5249832   2379668     31.19     15436    347868   2555312     33.49   1977992    262636
12:28:30 AM   5249832   2379668     31.19     15436    347876   2555312     33.49   1977992    262648
12:28:32 AM   5249824   2379676     31.19     15436    347876   2555312     33.49   1977992    262648
12:28:34 AM   5249816   2379684     31.19     15444    347876   2555312     33.49   1977996    262652
12:28:36 AM   5249932   2379568     31.19     15444    347884   2555312     33.49   1977996    262664
12:28:38 AM   5249800   2379700     31.19     15444    347888   2555312     33.49   1978000    262664
12:28:40 AM   5249916   2379584     31.19     15452    347880   2555312     33.49   1978000    262664
12:28:42 AM   5249900   2379600     31.19     15452    347896   2555312     33.49   1978000    262676
12:28:44 AM   5249900   2379600     31.19     15452    347900   2555312     33.49   1978004    262676
12:28:46 AM   5249824   2379676     31.19     15460    347896   2555312     33.49   1978004    262680
12:28:48 AM   5249708   2379792     31.19     15460    347920   2555312     33.49   1978276    262704
12:28:50 AM   5249724   2379776     31.19     15460    347920   2555312     33.49   1978280    262700
12:28:52 AM   5249576   2379924     31.19     15468    347924   2555312     33.49   1978280    262708
12:28:54 AM   5249576   2379924     31.19     15468    347940   2555312     33.49   1978280    262724
12:28:56 AM   5249452   2380048     31.20     15468    347940   2555312     33.49   1978292    262716
12:28:58 AM   5249576   2379924     31.19     15476    347936   2555312     33.49   1978228    262720
12:29:00 AM   5249460   2380040     31.20     15476    347948   2555312     33.49   1978228    262732
12:29:02 AM   5249452   2380048     31.20     15476    347952   2555312     33.49   1978232    262732
12:29:04 AM   5249584   2379916     31.19     15484    347952   2555312     33.49   1978236    262736
12:29:06 AM   5249592   2379908     31.19     15484    347956   2555312     33.49   1978236    262740
12:29:08 AM   5249576   2379924     31.19     15484    347960   2555312     33.49   1978236    262744
12:29:10 AM   5249460   2380040     31.20     15492    347952   2555312     33.49   1978236    262748
12:29:12 AM   5249576   2379924     31.19     15492    347964   2555312     33.49   1978236    262756
12:29:14 AM   5249560   2379940     31.19     15492    347964   2555312     33.49   1978236    262760
12:29:16 AM   5249568   2379932     31.19     15500    347960   2555312     33.49   1978236    262760
12:29:18 AM   5249328   2380172     31.20     15500    347976   2555312     33.49   1978236    262776
12:29:20 AM   5249452   2380048     31.20     15500    347984   2555312     33.49   1978240    262776
12:29:22 AM   5249568   2379932     31.19     15512    347984   2555312     33.49   1978240    262792
12:29:24 AM   5249436   2380064     31.20     15512    347988   2555312     33.49   1978248    262792
12:29:26 AM   5249444   2380056     31.20     15512    347996   2555312     33.49   1978248    262796
12:29:28 AM   5249412   2380088     31.20     15520    347992   2555312     33.49   1978252    262800
12:29:30 AM   5249560   2379940     31.19     15520    348000   2555312     33.49   1978252    262804
12:29:32 AM   5250064   2379436     31.19     15528    348000   2552316     33.45   1977252    262812
12:29:34 AM   5250056   2379444     31.19     15528    348012   2552316     33.45   1977232    262824
12:29:36 AM   5250056   2379444     31.19     15528    348016   2552316     33.45   1977256    262820
12:29:38 AM   5250180   2379320     31.19     15536    348016   2552316     33.45   1977256    262824
12:29:40 AM   5250088   2379412     31.19     15536    348024   2552316     33.45   1977256    262832
12:29:42 AM   5250096   2379404     31.19     15536    348028   2552316     33.45   1977256    262840
12:29:44 AM   5250112   2379388     31.19     15544    348028   2552316     33.45   1977260    262844
12:29:46 AM   5250112   2379388     31.19     15544    348040   2552316     33.45   1977260    262856
12:29:48 AM   5250112   2379388     31.19     15544    348040   2552316     33.45   1977268    262852
12:29:50 AM   5250096   2379404     31.19     15552    348044   2552316     33.45   1977268    262860
12:29:52 AM   5250096   2379404     31.19     15552    348048   2552316     33.45   1977272    262864
12:29:54 AM   5250096   2379404     31.19     15552    348052   2552316     33.45   1977272    262864
12:29:56 AM   5250104   2379396     31.19     15560    348052   2552316     33.45   1977272    262868
12:29:58 AM   5250104   2379396     31.19     15560    348056   2552316     33.45   1977272    262880
12:30:00 AM   5250096   2379404     31.19     15560    348060   2552316     33.45   1977272    262880
12:30:02 AM   5250088   2379412     31.19     15568    348052   2552316     33.45   1977272    262884
12:30:04 AM   5250096   2379404     31.19     15568    348064   2552316     33.45   1977276    262892
12:30:06 AM   5299316   2330184     30.54     15568    348068   2503224     32.81   1928092    262896
12:30:08 AM   5299308   2330192     30.54     15576    348060   2503224     32.81   1928092    262900
12:30:10 AM   5299192   2330308     30.54     15576    348072   2503224     32.81   1928092    262908
12:30:12 AM   5299184   2330316     30.54     15580    348108   2503224     32.81   1928080    262964
12:30:14 AM   5299308   2330192     30.54     15588    348124   2503224     32.81   1928080    262976
12:30:16 AM   5299308   2330192     30.54     15588    348136   2503224     32.81   1928088    262992
12:30:18 AM   5299168   2330332     30.54     15588    348140   2503224     32.81   1928100    262980
12:30:20 AM   5299316   2330184     30.54     15596    348140   2503224     32.81   1928104    262984
12:30:22 AM   5299332   2330168     30.54     15596    348148   2503224     32.81   1928108    262992
12:30:24 AM   5299316   2330184     30.54     15596    348152   2503224     32.81   1928108    262992
12:30:26 AM   5299324   2330176     30.54     15604    348144   2503224     32.81   1928108    262996
12:30:28 AM   5299332   2330168     30.54     15604    348156   2503224     32.81   1928108    263004
12:30:30 AM   5299332   2330168     30.54     15604    348160   2503224     32.81   1928108    263008
12:30:32 AM   5299192   2330308     30.54     15612    348152   2503224     32.81   1928132    263012
12:30:34 AM   5299308   2330192     30.54     15612    348168   2503224     32.81   1928136    263024
12:30:36 AM   5348172   2281328     29.90     15612    348168   2454232     32.17   1879148    263024
12:30:38 AM   5348180   2281320     29.90     15620    348168   2454232     32.17   1879148    263028
12:30:40 AM   5348164   2281336     29.90     15620    348176   2454232     32.17   1879152    263036
12:30:42 AM   5348172   2281328     29.90     15620    348180   2454232     32.17   1879152    263036
12:30:44 AM   5348172   2281328     29.90     15628    348176   2454232     32.17   1879152    263040
12:30:46 AM   5348164   2281336     29.90     15628    348188   2454232     32.17   1879152    263056
12:30:48 AM   5347844   2281656     29.91     15628    348208   2454232     32.17   1879388    263064
12:30:50 AM   5347852   2281648     29.91     15636    348200   2454232     32.17   1879448    263060
12:30:52 AM   5347860   2281640     29.91     15636    348212   2454232     32.17   1879448    263068
12:30:54 AM   5347844   2281656     29.91     15636    348220   2454232     32.17   1879448    263076
12:30:56 AM   5396956   2232544     29.26     15644    348212   2405420     31.53   1830460    263076
12:30:58 AM   5396932   2232568     29.26     15644    348224   2405420     31.53   1830396    263088
12:31:00 AM   5396956   2232544     29.26     15644    348224   2405420     31.53   1830396    263088
12:31:02 AM   5397080   2232420     29.26     15652    348224   2405420     31.53   1830396    263096
12:31:04 AM   5396908   2232592     29.26     15652    348232   2405420     31.53   1830404    263100
12:31:06 AM   5396956   2232544     29.26     15652    348236   2405420     31.53   1830404    263100
12:31:08 AM   5396964   2232536     29.26     15660    348240   2405420     31.53   1830404    263112
12:31:10 AM   5445076   2184424     28.63     15660    348240   2357440     30.90   1782440    263116
12:31:12 AM   5445068   2184432     28.63     15660    348244   2357440     30.90   1782440    263116
12:31:14 AM   5445076   2184424     28.63     15668    348244   2357440     30.90   1782440    263128
12:31:16 AM   5445060   2184440     28.63     15668    348256   2357440     30.90   1782444    263132
12:31:18 AM   5444928   2184572     28.63     15668    348260   2357440     30.90   1782448    263132
12:31:20 AM   5445092   2184408     28.63     15676    348264   2357440     30.90   1782448    263144
12:31:22 AM   5445068   2184432     28.63     15680    348264   2357440     30.90   1782452    263144
12:31:24 AM   5491940   2137560     28.02     15680    348268   2310412     30.28   1735448    263152
12:31:26 AM   5491784   2137716     28.02     15688    348276   2310412     30.28   1735448    263160
12:31:28 AM   5491948   2137552     28.02     15688    348276   2310412     30.28   1735452    263164
12:31:30 AM   5491800   2137700     28.02     15688    348280   2310412     30.28   1735452    263164
12:31:32 AM   5491816   2137684     28.02     15696    348276   2310412     30.28   1735452    263168
12:31:34 AM   5491856   2137644     28.02     15696    348296   2310412     30.28   1735456    263192
12:31:36 AM   5537688   2091812     27.42     15696    348300   2264624     29.68   1689764    263184
12:31:38 AM   5537688   2091812     27.42     15704    348292   2264624     29.68   1689684    263184
12:31:40 AM   5537696   2091804     27.42     15704    348304   2264624     29.68   1689684    263192
12:31:42 AM   5537632   2091868     27.42     15704    348308   2264624     29.68   1689684    263196
12:31:44 AM   5537696   2091804     27.42     15712    348300   2264624     29.68   1689684    263200
12:31:46 AM   5537820   2091680     27.42     15712    348316   2264624     29.68   1689684    263212
12:31:48 AM   5537712   2091788     27.42     15712    348316   2289112     30.00   1689688    263212
12:31:50 AM   5537696   2091804     27.42     15720    348316   2289112     30.00   1689736    263216
12:31:52 AM   5537744   2091756     27.42     15720    348328   2289112     30.00   1689740    263224
12:31:54 AM   5537696   2091804     27.42     15720    348332   2289112     30.00   1689744    263224
12:31:56 AM   5537696   2091804     27.42     15728    348328   2289112     30.00   1689748    263224
12:31:58 AM   5537516   2091984     27.42     15728    348336   2289112     30.00   1689748    263236
12:32:00 AM   5537588   2091912     27.42     15728    348340   2289112     30.00   1689748    263236
12:32:02 AM   5589000   2040500     26.74     15736    348336   2213160     29.01   1638464    263244
12:32:04 AM   5589064   2040436     26.74     15736    348348   2213160     29.01   1638476    263248
12:32:06 AM   5588884   2040616     26.75     15736    348352   2213160     29.01   1638476    263252
12:32:08 AM   5589064   2040436     26.74     15744    348344   2213160     29.01   1638476    263256
12:32:10 AM   5588924   2040576     26.75     15744    348356   2213160     29.01   1638476    263264
12:32:12 AM   5589056   2040444     26.74     15744    348356   2213160     29.01   1638476    263268
12:32:14 AM   5632440   1997060     26.18     15752    348364   2169944     28.44   1595128    263272
12:32:16 AM   5632496   1997004     26.17     15752    348376   2169944     28.44   1595132    263292
12:32:18 AM   5632456   1997044     26.18     15752    348380   2169944     28.44   1595144    263280
12:32:20 AM   5632432   1997068     26.18     15760    348384   2169944     28.44   1595144    263292
12:32:22 AM   5632432   1997068     26.18     15760    348384   2169944     28.44   1595144    263296
12:32:24 AM   5674260   1955240     25.63     15760    348388   2128260     27.90   1553460    263296
12:32:26 AM   5674040   1955460     25.63     15768    348380   2128260     27.90   1553460    263300
12:32:28 AM   5674252   1955248     25.63     15768    348392   2128260     27.90   1553460    263308
12:32:30 AM   5674212   1955288     25.63     15768    348396   2128260     27.90   1553460    263312
12:32:32 AM   5674212   1955288     25.63     15776    348388   2128260     27.90   1553460    263316
12:32:34 AM   5714280   1915220     25.10     15776    348400   2088368     27.37   1513664    263324
12:32:36 AM   5714108   1915392     25.11     15776    348400   2088368     27.37   1513580    263328
12:32:38 AM   5714132   1915368     25.10     15784    348404   2088368     27.37   1513580    263336
12:32:40 AM   5714164   1915336     25.10     15784    348408   2088368     27.37   1513580    263344
12:32:42 AM   5714132   1915368     25.10     15784    348412   2088368     27.37   1513584    263340
12:32:44 AM   5714148   1915352     25.10     15792    348424   2088368     27.37   1513584    263360
12:32:46 AM   5752448   1877052     24.60     15792    348424   2050084     26.87   1475308    263356
12:32:48 AM   5751516   1877984     24.61     15792    348456   2050084     26.87   1476104    263380
12:32:50 AM   5751352   1878148     24.62     15800    348448   2050084     26.87   1476160    263384
12:32:52 AM   5788636   1840864     24.13     15800    348460   2012836     26.38   1438960    263392
12:32:54 AM   5788896   1840604     24.12     15800    348476   2012836     26.38   1438904    263404
12:32:56 AM   5788716   1840784     24.13     15808    348468   2012836     26.38   1438912    263404
12:32:58 AM   5824064   1805436     23.66     15808    348480   1977628     25.92   1403716    263408
12:33:00 AM   5824056   1805444     23.66     15808    348480   1977628     25.92   1403648    263412
12:33:02 AM   5824092   1805408     23.66     15816    348484   1977628     25.92   1403648    263420
12:33:04 AM   5857616   1771884     23.22     15816    348488   1944216     25.48   1370252    263428
12:33:06 AM   5857716   1771784     23.22     15816    348492   1944216     25.48   1370248    263424
12:33:08 AM   5857488   1772012     23.23     15824    348496   1944216     25.48   1370248    263432
12:33:10 AM   5889380   1740120     22.81     15824    348496   1912280     25.06   1338348    263440
12:33:12 AM   5889308   1740192     22.81     15824    348500   1912280     25.06   1338312    263440
12:33:14 AM   5889624   1739876     22.80     15832    348496   1912280     25.06   1338312    263448
12:33:16 AM   5919800   1709700     22.41     15832    348512   1881996     24.67   1307984    263460
12:33:18 AM   5919884   1709616     22.41     15832    348516   1881996     24.67   1307988    263456
12:33:20 AM   5919916   1709584     22.41     15840    348508   1881996     24.67   1307988    263460
12:33:22 AM   5948608   1680892     22.03     15840    348520   1853388     24.29   1279388    263468
12:33:24 AM   5948592   1680908     22.03     15840    348520   1853388     24.29   1279388    263472
12:33:26 AM   5975512   1653988     21.68     15848    348524   1826128     23.94   1252188    263480
12:33:28 AM   5975660   1653840     21.68     15848    348532   1826128     23.94   1252136    263488
12:33:30 AM   5975708   1653792     21.68     15848    348532   1826128     23.94   1252140    263488
12:33:32 AM   6001468   1628032     21.34     15856    348536   1800284     23.60   1226296    263496
12:33:34 AM   6001444   1628056     21.34     15856    348540   1800284     23.60   1226300    263504
12:33:36 AM   6001584   1627916     21.34     15856    348552   1828456     23.97   1226360    263508
12:33:38 AM   6001664   1627836     21.34     15864    348552   1828456     23.97   1226368    263508
12:33:40 AM   6001616   1627884     21.34     15864    348556   1821488     23.87   1226368    263512
12:33:42 AM   6001616   1627884     21.34     15864    348560   1821488     23.87   1226356    263516
12:33:44 AM   6001412   1628088     21.34     15872    348564   1821488     23.87   1226356    263528
12:33:46 AM   6001560   1627940     21.34     15872    348568   1811172     23.74   1226340    263528
12:33:48 AM   6001452   1628048     21.34     15872    348568   1811172     23.74   1226340    263532
12:33:50 AM   6001500   1628000     21.34     15880    348576   1832720     24.02   1226340    263540
12:33:52 AM   6001468   1628032     21.34     15880    348584   1832720     24.02   1226384    263548
12:33:54 AM   6001608   1627892     21.34     15880    348584   1832720     24.02   1226388    263548
12:33:56 AM   6001556   1627944     21.34     15888    348588   1824056     23.91   1226372    263556
12:33:58 AM   6001396   1628104     21.34     15888    348592   1824056     23.91   1226376    263560
12:34:00 AM   6001460   1628040     21.34     15888    348596   1843120     24.16   1226380    263556
12:34:02 AM   6001648   1627852     21.34     15896    348588   1843120     24.16   1226416    263560
12:34:04 AM   6001688   1627812     21.34     15896    348604   1843120     24.16   1226420    263568
12:34:06 AM   5999952   1629548     21.36     15896    348608   1836192     24.07   1228440    263572
12:34:08 AM   5999928   1629572     21.36     15904    348604   1836192     24.07   1228472    263580
12:34:10 AM   5999920   1629580     21.36     15904    348612   1836192     24.07   1228476    263584
12:34:12 AM   5999756   1629744     21.36     15904    348624   1854164     24.30   1228476    263596
12:34:14 AM   5999756   1629744     21.36     15912    348628   1854164     24.30   1228520    263600
12:34:16 AM   5999400   1630100     21.37     15912    348644   1821944     23.88   1228932    263604
12:34:18 AM   5999268   1630232     21.37     15916    348648   1821944     23.88   1228884    263608
12:34:20 AM   5999268   1630232     21.37     15924    348644   1821944     23.88   1228884    263612
12:34:22 AM   5999584   1629916     21.36     15924    348652   1821596     23.88   1228584    263620
12:34:24 AM   5999556   1629944     21.36     15924    348652   1821596     23.88   1228536    263620
12:34:26 AM   5999616   1629884     21.36     15932    348648   1821596     23.88   1228536    263624
12:34:28 AM   6008164   1621336     21.25     15932    348656   1793308     23.50   1219444    263632
12:34:30 AM   6008172   1621328     21.25     15932    348664   1793308     23.50   1219444    263640
12:34:32 AM   6008600   1620900     21.25     15940    348660   1792988     23.50   1219148    263640
12:34:34 AM   6008664   1620836     21.24     15940    348668   1792988     23.50   1219132    263648
12:34:36 AM   6008568   1620932     21.25     15940    348672   1792988     23.50   1219132    263652
12:34:38 AM   6032972   1596528     20.93     15948    348664   1768604     23.18   1194700    263652
12:34:40 AM   6032972   1596528     20.93     15948    348676   1768604     23.18   1194700    263664
12:34:42 AM   6033484   1596016     20.92     15948    348688   1768100     23.17   1194252    263676
12:34:44 AM   6033468   1596032     20.92     15956    348680   1768100     23.17   1194260    263668
12:34:46 AM   6054588   1574912     20.64     15956    348692   1746916     22.90   1173060    263680
12:34:48 AM   6053732   1575768     20.65     15956    348736   1746916     22.90   1173840    263720
12:34:50 AM   6054096   1575404     20.65     15964    348732   1746516     22.89   1173576    263724
12:34:52 AM   6069820   1559680     20.44     15964    348740   1730708     22.68   1157776    263732
12:34:54 AM   6069892   1559608     20.44     15964    348748   1730708     22.68   1157676    263740
12:34:56 AM   6072392   1557108     20.41     15972    348748   1728200     22.65   1155176    263740
12:34:58 AM   6085392   1544108     20.24     15972    348752   1715264     22.48   1142276    263748
12:35:00 AM   6085540   1543960     20.24     15972    348756   1715264     22.48   1142224    263752
12:35:02 AM   6087892   1541608     20.21     15980    348756   1712776     22.45   1139792    263756
12:35:04 AM   6087940   1541560     20.21     15980    348760   1712776     22.45   1139796    263764
12:35:06 AM   6096232   1533268     20.10     15980    348768   1704328     22.34   1131332    263772
12:35:08 AM   6096132   1533368     20.10     15988    348768   1722120     22.57   1131336    263776
12:35:10 AM   6096232   1533268     20.10     15988    348772   1722120     22.57   1131368    263780
12:35:12 AM   6094212   1535288     20.12     15996    348812   1721256     22.56   1133740    263856
12:35:14 AM   6094204   1535296     20.12     15996    348824   1721256     22.56   1133796    263864
12:35:16 AM   6094100   1535400     20.12     15996    348824   1740584     22.81   1133796    263864
12:35:18 AM   6094124   1535376     20.12     16004    348820   1740584     22.81   1133832    263868
12:35:20 AM   6091612   1537888     20.16     16004    348832   1739544     22.80   1136284    263880
12:35:22 AM   6091620   1537880     20.16     16004    348832   1739544     22.80   1136288    263880
12:35:24 AM   6077036   1552464     20.35     16012    348828   1761020     23.08   1150872    263884
12:35:26 AM   6077116   1552384     20.35     16012    348836   1761020     23.08   1150912    263892
12:35:28 AM   6072200   1557300     20.41     16012    348840   1760228     23.07   1155796    263896
12:35:30 AM   6071556   1557944     20.42     16020    348840   1760228     23.07   1156096    263904
12:35:32 AM   6053396   1576104     20.66     16020    348848   1783268     23.37   1174384    263908
12:35:34 AM   6053608   1575892     20.66     16020    348856   1783268     23.37   1174440    263916
12:35:36 AM   6049052   1580448     20.71     16028    348856   1782180     23.36   1178784    263920
12:35:38 AM   6049020   1580480     20.72     16028    348868   1782180     23.36   1178808    263924
12:35:40 AM   6030720   1598780     20.96     16028    348868   1806288     23.68   1196980    263924
12:35:42 AM   6030628   1598872     20.96     16036    348872   1806288     23.68   1197048    263936
12:35:44 AM   6027628   1601872     21.00     16036    348884   1805500     23.66   1200092    263940
12:35:46 AM   6027784   1601716     20.99     16036    348888   1805500     23.66   1200096    263944
12:35:48 AM   6009520   1619980     21.23     16044    348884   1829052     23.97   1218212    263944
12:35:50 AM   6009484   1620016     21.23     16044    348892   1829052     23.97   1218328    263952
12:35:52 AM   6007224   1622276     21.26     16044    348896   1823404     23.90   1220528    263956
12:35:54 AM   6007224   1622276     21.26     16052    348896   1823404     23.90   1220588    263964
12:35:56 AM   6007324   1622176     21.26     16052    348904   1823404     23.90   1220592    263968
12:35:58 AM   6006720   1622780     21.27     16052    348908   1822956     23.89   1220640    263972
12:36:00 AM   6006712   1622788     21.27     16060    348900   1822956     23.89   1220640    263972
12:36:02 AM   6006472   1623028     21.27     16060    348916   1817452     23.82   1220968    263988
12:36:04 AM   6006588   1622912     21.27     16060    348916   1817452     23.82   1220976    263984
12:36:06 AM   6006696   1622804     21.27     16068    348912   1817056     23.82   1221088    263988
12:36:08 AM   6006340   1623160     21.27     16068    348924   1812056     23.75   1221288    264000
12:36:10 AM   6006284   1623216     21.28     16068    348924   1812056     23.75   1221244    264000
12:36:12 AM   6006480   1623020     21.27     16076    348928   1811672     23.75   1221244    264012
12:36:14 AM   6006380   1623120     21.27     16076    348936   1811672     23.75   1221268    264016
12:36:16 AM   6006480   1623020     21.27     16076    348944   1806936     23.68   1221224    264016
12:36:18 AM   6006388   1623112     21.27     16084    348944   1806936     23.68   1221272    264028
12:36:20 AM   6006308   1623192     21.28     16084    348952   1806608     23.68   1221332    264028
12:36:22 AM   6006464   1623036     21.27     16084    348956   1802320     23.62   1221144    264032
12:36:24 AM   6006416   1623084     21.27     16092    348948   1802320     23.62   1221156    264032
12:36:26 AM   6006396   1623104     21.27     16092    348960   1801924     23.62   1220996    264044
12:36:28 AM   6006944   1622556     21.27     16092    348960   1797944     23.57   1220396    264044
12:36:30 AM   6007200   1622300     21.26     16100    348956   1797680     23.56   1220328    264048
12:36:32 AM   6007120   1622380     21.26     16100    348968   1797680     23.56   1220252    264060
12:36:34 AM   6006896   1622604     21.27     16100    348968   1794224     23.52   1220120    264060
12:36:36 AM   6007076   1622424     21.27     16108    348968   1793896     23.51   1219964    264064
12:36:38 AM   6007232   1622268     21.26     16108    348976   1793896     23.51   1219932    264076
12:36:40 AM   6009368   1620132     21.24     16108    348984   1790824     23.47   1217624    264080
12:36:42 AM   6009804   1619696     21.23     16116    348984   1790504     23.47   1217332    264084
12:36:44 AM   6009812   1619688     21.23     16116    348992   1790504     23.47   1217336    264088
12:36:46 AM   6012260   1617240     21.20     16116    348996   1787812     23.43   1214740    264092
12:36:48 AM   6011648   1617852     21.21     16124    349052   1787492     23.43   1215204    264148
12:36:50 AM   6011708   1617792     21.20     16124    349056   1787492     23.43   1215240    264152
12:36:52 AM   6011576   1617924     21.21     16132    349048   1787492     23.43   1215240    264152
12:36:54 AM   6014204   1615296     21.17     16132    349064   1784988     23.40   1212704    264168
12:36:56 AM   6014196   1615304     21.17     16132    349076   1784988     23.40   1212708    264176
12:36:58 AM   6014788   1614712     21.16     16140    349068   1784600     23.39   1212332    264168
12:37:00 AM   6014740   1614760     21.16     16140    349084   1786776     23.42   1212332    264184
12:37:02 AM   6014592   1614908     21.17     16140    349084   1786776     23.42   1212340    264180
12:37:04 AM   6014516   1614984     21.17     16148    349088   1811356     23.74   1212448    264184
12:37:06 AM   6014500   1615000     21.17     16148    349100   1811356     23.74   1212556    264196
12:37:08 AM   6014376   1615124     21.17     16148    349100   1813276     23.77   1212560    264192
12:37:10 AM   6014524   1614976     21.17     16156    349108   1813276     23.77   1212564    264204
12:37:12 AM   6012176   1617324     21.20     16156    349112   1814092     23.78   1215196    264204
12:37:14 AM   5995884   1633616     21.41     16156    349116   1814092     23.78   1231340    264208
12:37:16 AM   5993420   1636080     21.44     16164    349108   1847184     24.21   1233968    264208
12:37:18 AM   5988832   1640668     21.50     16164    349120   1845968     24.20   1238468    264220
12:37:20 AM   5988864   1640636     21.50     16164    349124   1845968     24.20   1238508    264224
12:37:22 AM   5961708   1667792     21.86     16172    349116   1879696     24.64   1265608    264224
12:37:24 AM   5961748   1667752     21.86     16172    349128   1879696     24.64   1265684    264236
12:37:26 AM   5956484   1673016     21.93     16172    349128   1878864     24.63   1270784    264236
12:37:28 AM   5956516   1672984     21.93     16180    349124   1878864     24.63   1270936    264240
12:37:30 AM   5928368   1701132     22.30     16180    349136   1912784     25.07   1298836    264252
12:37:32 AM   5928368   1701132     22.30     16180    349140   1912784     25.07   1298960    264256
12:37:34 AM   5923252   1706248     22.36     16188    349140   1912144     25.06   1303868    264260
12:37:36 AM   5923392   1706108     22.36     16188    349148   1912144     25.06   1303952    264264
12:37:38 AM   5895972   1733528     22.72     16188    349152   1912144     25.06   1331152    264268
12:37:40 AM   5895568   1733932     22.73     16196    349148   1946896     25.52   1331508    264272
12:37:42 AM   5895644   1733856     22.73     16196    349160   1946896     25.52   1331512    264280
12:37:44 AM   5892360   1737140     22.77     16196    349164   1945684     25.50   1334696    264284
12:37:46 AM   5892392   1737108     22.77     16204    349156   1945684     25.50   1334696    264284
12:37:48 AM   5866072   1763428     23.11     16204    349168   1978768     25.94   1360932    264296
12:37:50 AM   5866080   1763420     23.11     16204    349168   1978768     25.94   1360992    264296
12:37:52 AM   5863484   1766016     23.15     16212    349172   1976784     25.91   1363492    264304
12:37:54 AM   5863368   1766132     23.15     16212    349188   1976784     25.91   1363600    264316
12:37:56 AM   5863328   1766172     23.15     16212    349192   1976784     25.91   1363608    264316
12:37:58 AM   5836252   1793248     23.50     16220    349188   1974096     25.87   1390348    264316
12:38:00 AM   5836196   1793304     23.50     16220    349196   1974096     25.87   1390400    264324
12:38:02 AM   5835956   1793544     23.51     16220    349200   1969932     25.82   1390892    264328
12:38:04 AM   5835924   1793576     23.51     16228    349192   1969932     25.82   1390900    264328
12:38:06 AM   5835784   1793716     23.51     16228    349204   1969412     25.81   1390700    264340
12:38:08 AM   5835872   1793628     23.51     16228    349208   1969412     25.81   1390624    264344
12:38:10 AM   5836956   1792544     23.49     16236    349204   1965380     25.76   1389624    264348
12:38:12 AM   5836980   1792520     23.49     16236    349216   1965380     25.76   1389568    264352
12:38:14 AM   5837156   1792344     23.49     16236    349224   1964924     25.75   1389268    264364
12:38:16 AM   5837156   1792344     23.49     16244    349228   1964924     25.75   1389268    264364
12:38:18 AM   5838744   1790756     23.47     16244    349240   1961208     25.71   1387676    264368
12:38:20 AM   5838868   1790632     23.47     16244    349244   1961208     25.71   1387628    264376
12:38:22 AM   5839272   1790228     23.46     16252    349240   1960752     25.70   1387184    264376
12:38:24 AM   5839256   1790244     23.46     16252    349248   1960752     25.70   1387184    264384
12:38:26 AM   5842264   1787236     23.43     16252    349252   1957300     25.65   1384148    264384
12:38:28 AM   5842612   1786888     23.42     16260    349248   1956848     25.65   1383768    264388
12:38:30 AM   5842636   1786864     23.42     16260    349260   1956848     25.65   1383784    264400
12:38:32 AM   5845524   1783976     23.38     16260    349264   1953640     25.61   1380840    264404
12:38:34 AM   5845728   1783772     23.38     16268    349264   1953640     25.61   1380844    264408
12:38:36 AM   5846032   1783468     23.38     16268    349268   1953256     25.60   1380460    264412
12:38:38 AM   5848620   1780880     23.34     16268    349268   1950312     25.56   1377984    264416
12:38:40 AM   5848540   1780960     23.34     16276    349276   1950312     25.56   1377996    264424
12:38:42 AM   5848760   1780740     23.34     16276    349284   1949988     25.56   1377828    264428
12:38:44 AM   5851252   1778248     23.31     16276    349288   1947360     25.52   1375228    264436
12:38:46 AM   5851356   1778144     23.31     16284    349288   1947360     25.52   1375204    264432
12:38:48 AM   5850968   1778532     23.31     16284    349328   1947048     25.52   1375644    264444
12:38:50 AM   5850984   1778516     23.31     16284    349364   1947048     25.52   1375592    264508
12:38:52 AM   5850992   1778508     23.31     16292    349356   1947048     25.52   1375592    264512
12:38:54 AM   5853760   1775740     23.27     16292    349372   1944360     25.48   1372900    264528
12:38:56 AM   5853728   1775772     23.28     16292    349376   1944360     25.48   1372904    264524
12:38:58 AM   5853728   1775772     23.28     16300    349368   1944360     25.48   1372904    264528
12:39:00 AM   5855480   1774020     23.25     16300    349380   1942740     25.46   1371240    264536
12:39:02 AM   5855324   1774176     23.25     16300    349380   1942740     25.46   1371236    264540
12:39:04 AM   5857644   1771856     23.22     16308    349380   1940496     25.43   1369040    264540
12:39:06 AM   5857612   1771888     23.22     16308    349388   1940496     25.43   1369000    264552
12:39:08 AM   5857476   1772024     23.23     16308    349396   1974284     25.88   1369056    264564
12:39:10 AM   5857572   1771928     23.22     16316    349392   1974284     25.88   1369072    264556
12:39:12 AM   5856100   1773400     23.24     16316    349404   1974156     25.88   1370896    264572
12:39:14 AM   5856208   1773292     23.24     16316    349408   1974156     25.88   1370904    264568
12:39:16 AM   5832392   1797108     23.55     16324    349404   2009932     26.34   1394628    264572
12:39:18 AM   5832332   1797168     23.56     16324    349412   2009932     26.34   1394676    264580
12:39:20 AM   5827928   1801572     23.61     16324    349416   2010184     26.35   1398960    264584
12:39:22 AM   5827936   1801564     23.61     16332    349408   2010184     26.35   1398980    264588
12:39:24 AM   5796052   1833448     24.03     16332    349420   2047560     26.84   1430736    264596
12:39:26 AM   5795936   1833564     24.03     16332    349420   2047560     26.84   1430828    264600
12:39:28 AM   5791804   1837696     24.09     16340    349428   2047312     26.83   1435028    264608
12:39:30 AM   5791672   1837828     24.09     16340    349432   2047312     26.83   1435068    264612
12:39:32 AM   5758720   1870780     24.52     16340    349436   2047312     26.83   1467968    264620
12:39:34 AM   5758572   1870928     24.52     16348    349436   2086928     27.35   1468164    264624
12:39:36 AM   5758540   1870960     24.52     16348    349452   2086928     27.35   1468168    264636
12:39:38 AM   5753892   1875608     24.58     16348    349460   2086360     27.35   1472948    264632
12:39:40 AM   5753816   1875684     24.58     16356    349452   2086360     27.35   1472992    264632
12:39:42 AM   5719756   1909744     25.03     16356    349464   2126936     27.88   1506848    264644
12:39:44 AM   5719800   1909700     25.03     16356    349468   2126936     27.88   1506924    264644
12:39:46 AM   5714716   1914784     25.10     16364    349464   2126500     27.87   1511724    264648
12:39:48 AM   5714892   1914608     25.09     16364    349476   2126500     27.87   1511832    264656
12:39:50 AM   5714772   1914728     25.10     16364    349476   2126500     27.87   1511832    264664
12:39:52 AM   5680664   1948836     25.54     16372    349472   2167668     28.41   1545800    264664
12:39:54 AM   5680804   1948696     25.54     16372    349484   2167668     28.41   1545848    264672
12:39:56 AM   5676872   1952628     25.59     16372    349484   2166576     28.40   1549548    264676
12:39:58 AM   5676912   1952588     25.59     16380    349484   2166576     28.40   1549680    264680
12:40:00 AM   5676888   1952612     25.59     16380    349492   2166576     28.40   1549684    264688
12:40:02 AM   5642664   1986836     26.04     16380    349496   2207148     28.93   1583828    264688
12:40:04 AM   5642736   1986764     26.04     16388    349488   2207148     28.93   1583896    264692
12:40:06 AM   5642704   1986796     26.04     16388    349500   2207148     28.93   1583896    264700
12:40:08 AM   5638512   1990988     26.10     16388    349512   2204796     28.90   1587964    264712
12:40:10 AM   5638308   1991192     26.10     16396    349508   2204796     28.90   1588012    264712
12:40:12 AM   5638432   1991068     26.10     16396    349560   2204024     28.89   1588000    264800
12:40:14 AM   5638260   1991240     26.10     16396    349564   2204024     28.89   1588016    264804
12:40:16 AM   5637788   1991712     26.11     16404    349568   2201588     28.86   1588620    264808
12:40:18 AM   5637844   1991656     26.10     16404    349572   2201588     28.86   1588604    264812
12:40:20 AM   5637600   1991900     26.11     16404    349576   2201588     28.86   1588604    264820
12:40:22 AM   5637704   1991796     26.11     16412    349576   2200944     28.85   1588708    264824
12:40:24 AM   5637720   1991780     26.11     16412    349584   2200944     28.85   1588712    264828
12:40:26 AM   5637780   1991720     26.11     16412    349588   2198640     28.82   1588580    264828
12:40:28 AM   5637828   1991672     26.10     16420    349584   2198640     28.82   1588612    264836
12:40:30 AM   5637640   1991860     26.11     16420    349592   2197996     28.81   1588552    264840
12:40:32 AM   5637812   1991688     26.11     16420    349596   2197996     28.81   1588592    264844
12:40:34 AM   5637648   1991852     26.11     16428    349588   2195816     28.78   1588500    264848
12:40:36 AM   5637860   1991640     26.10     16428    349600   2195816     28.78   1588548    264856
12:40:38 AM   5637332   1992168     26.11     16428    349604   2195260     28.77   1588440    264864
12:40:40 AM   5637620   1991880     26.11     16436    349604   2193144     28.75   1588372    264860
12:40:42 AM   5637344   1992156     26.11     16436    349616   2193144     28.75   1588356    264876
12:40:44 AM   5637772   1991728     26.11     16436    349620   2192628     28.74   1588360    264880
12:40:46 AM   5637812   1991688     26.11     16444    349620   2192628     28.74   1588372    264880
12:40:48 AM   5634184   1995316     26.15     16444    349628   2192648     28.74   1591076    264888
12:40:50 AM   5634152   1995348     26.15     16444    349716   2192648     28.74   1591020    264960
12:40:52 AM   5634284   1995216     26.15     16452    349708   2190132     28.71   1591232    264964
12:40:54 AM   5632436   1997064     26.18     16452    349724   2189612     28.70   1593348    264976
12:40:56 AM   5631760   1997740     26.18     16452    349736   2186936     28.66   1593468    264984
12:40:58 AM   5631792   1997708     26.18     16460    349728   2186936     28.66   1593476    264980
12:41:00 AM   5631652   1997848     26.19     16460    349740   2186216     28.65   1593632    264988
12:41:02 AM   5617416   2012084     26.37     16460    349740   2245864     29.44   1608344    264992
12:41:04 AM   5617424   2012076     26.37     16468    349736   2245864     29.44   1608408    264992
12:41:06 AM   5610984   2018516     26.46     16468    349748   2251368     29.51   1614788    265004
12:41:08 AM   5611000   2018500     26.46     16468    349752   2251368     29.51   1614820    265012
12:41:10 AM   5561420   2068080     27.11     16476    349760   2314480     30.34   1664148    265016
12:41:12 AM   5559368   2070132     27.13     16476    349760   2314480     30.34   1666164    265020
12:41:14 AM   5553020   2076480     27.22     16476    349764   2315052     30.34   1672660    265020
12:41:16 AM   5490408   2139092     28.04     16484    349756   2386488     31.28   1734960    265024
12:41:18 AM   5490448   2139052     28.04     16484    349768   2386488     31.28   1735044    265032
12:41:20 AM   5484240   2145260     28.12     16484    349772   2385516     31.27   1741100    265036
12:41:22 AM   5484176   2145324     28.12     16492    349764   2385516     31.27   1741196    265040
12:41:24 AM   5419536   2209964     28.97     16492    349776   2459772     32.24   1805632    265048
12:41:26 AM   5419480   2210020     28.97     16492    349776   2459772     32.24   1805772    265052
12:41:28 AM   5413728   2215772     29.04     16500    349780   2459004     32.23   1811372    265056
12:41:30 AM   5413712   2215788     29.04     16500    349784   2459004     32.23   1811420    265064
12:41:32 AM   5347668   2281832     29.91     16508    349776   2536400     33.24   1877520    265068
12:41:34 AM   5347528   2281972     29.91     16508    349796   2536400     33.24   1877568    265084
12:41:36 AM   5339912   2289588     30.01     16508    349800   2535632     33.23   1885276    265084
12:41:38 AM   5339680   2289820     30.01     16516    349808   2535632     33.23   1885332    265092
12:41:40 AM   5327504   2301996     30.17     16516    349808   2535632     33.23   1897536    265092
12:41:42 AM   5272680   2356820     30.89     16516    349816   2555472     33.49   1952088    265096
12:41:44 AM   5272788   2356712     30.89     16524    349820   2555472     33.49   1952128    265104
12:41:46 AM   5266968   2362532     30.97     16524    349820   2555472     33.49   1957852    265108
12:41:48 AM   5267052   2362448     30.96     16524    349824   2555472     33.49   1957856    265108
12:41:50 AM   5253708   2375792     31.14     16532    349820   2555472     33.49   1971156    265116
12:41:52 AM   5253700   2375800     31.14     16532    349832   2555472     33.49   1971236    265120
12:41:54 AM   5250500   2379000     31.18     16532    349836   2555188     33.49   1974336    265124
12:41:56 AM   5250492   2379008     31.18     16540    349828   2555188     33.49   1974412    265128
12:41:58 AM   5250352   2379148     31.18     16540    349848   2555188     33.49   1974412    265144
12:42:00 AM   5249104   2380396     31.20     16540    349848   2555380     33.49   1975676    265140
12:42:02 AM   5249284   2380216     31.20     16548    349852   2555380     33.49   1975704    265148
12:42:04 AM   5248220   2381280     31.21     16548    349852   2555252     33.49   1976504    265152
12:42:06 AM   5248360   2381140     31.21     16548    349860   2555252     33.49   1976640    265156
12:42:08 AM   5247564   2381936     31.22     16556    349872   2555444     33.49   1977144    265168
12:42:10 AM   5247476   2382024     31.22     16556    349872   2555444     33.49   1977184    265168
12:42:12 AM   5247444   2382056     31.22     16556    349876   2555444     33.49   1977184    265168
12:42:14 AM   5247348   2382152     31.22     16564    349872   2555188     33.49   1977476    265176
12:42:16 AM   5247172   2382328     31.23     16564    349892   2555188     33.49   1977480    265188
12:42:18 AM   5246600   2382900     31.23     16564    349896   2555508     33.50   1977996    265184
12:42:20 AM   5246640   2382860     31.23     16572    349888   2555508     33.50   1978044    265188
12:42:22 AM   5246424   2383076     31.24     16572    349904   2555188     33.49   1978244    265200
12:42:24 AM   5246392   2383108     31.24     16572    349904   2555188     33.49   1978332    265200
12:42:26 AM   5246424   2383076     31.24     16580    349908   2555188     33.49   1978332    265208
12:42:28 AM   5245960   2383540     31.24     16580    349908   2555316     33.49   1978784    265212
12:42:30 AM   5245984   2383516     31.24     16580    349912   2555316     33.49   1978784    265212
12:42:32 AM   5245680   2383820     31.24     16588    349916   2555060     33.49   1978956    265224
12:42:34 AM   5245664   2383836     31.24     16588    349916   2555060     33.49   1979008    265228
12:42:36 AM   5245144   2384356     31.25     16588    349924   2555380     33.49   1979408    265232
12:42:38 AM   5245284   2384216     31.25     16596    349916   2555380     33.49   1979552    265232
12:42:40 AM   5245200   2384300     31.25     16596    349924   2555380     33.49   1979552    265240
12:42:42 AM   5244844   2384656     31.26     16596    349928   2555124     33.49   1979908    265244
12:42:44 AM   5244680   2384820     31.26     16604    349924   2555124     33.49   1979908    265248
12:42:46 AM   5244208   2385292     31.26     16604    349932   2555252     33.49   1980452    265256
12:42:48 AM   5241060   2388440     31.31     16604    349940   2555252     33.49   1982976    265264
12:42:50 AM   5238192   2391308     31.34     16612    350072   2556556     33.51   1985652    265380
12:42:52 AM   5237932   2391568     31.35     16612    350088   2556556     33.51   1985648    265392
12:42:54 AM   5237964   2391536     31.35     16612    350092   2556556     33.51   1985648    265400
12:42:56 AM   5237692   2391808     31.35     16620    350096   2556556     33.51   1985656    265400
12:42:58 AM   5236408   2393092     31.37     16620    350100   2556556     33.51   1987224    265408
12:43:00 AM   5236144   2393356     31.37     16620    350100   2555508     33.50   1987424    265408
12:43:02 AM   5235988   2393512     31.37     16628    350104   2555508     33.50   1987496    265416
12:43:04 AM   5236144   2393356     31.37     16628    350104   2555508     33.50   1987496    265420
12:43:06 AM   5236136   2393364     31.37     16628    350112   2555508     33.50   1987516    265428
12:43:08 AM   5236020   2393480     31.37     16636    350120   2555508     33.50   1987520    265440
12:43:10 AM   5235964   2393536     31.37     16636    350120   2555508     33.50   1987524    265436
12:43:12 AM   5235836   2393664     31.37     16636    350132   2555508     33.50   1987524    265448
12:43:14 AM   5236072   2393428     31.37     16644    350132   2555508     33.50   1987532    265448
12:43:16 AM   5236064   2393436     31.37     16644    350136   2555508     33.50   1987532    265452
12:43:18 AM   5235940   2393560     31.37     16652    350128   2555508     33.50   1987532    265452
12:43:20 AM   5235956   2393544     31.37     16652    350140   2555380     33.49   1987532    265464
12:43:22 AM   5235860   2393640     31.37     16652    350144   2555380     33.49   1987532    265468
12:43:24 AM   5236096   2393404     31.37     16660    350144   2555508     33.50   1987536    265476
12:43:26 AM   5235940   2393560     31.37     16660    350148   2555252     33.49   1987536    265480
12:43:28 AM   5236136   2393364     31.37     16660    350148   2555252     33.49   1987536    265480
12:43:30 AM   5235888   2393612     31.37     16668    350152   2555252     33.49   1987492    265488
12:43:32 AM   5235784   2393716     31.37     16668    350160   2555252     33.49   1987492    265500
12:43:34 AM   5235700   2393800     31.38     16668    350168   2555252     33.49   1987496    265504
12:43:36 AM   5235752   2393748     31.37     16676    350188   2555124     33.49   1987504    265512
12:43:38 AM   5235988   2393512     31.37     16676    350188   2555124     33.49   1987512    265508
12:43:40 AM   5235816   2393684     31.37     16676    350192   2555444     33.49   1987512    265520
12:43:42 AM   5236140   2393360     31.37     16684    350184   2555444     33.49   1987520    265512
12:43:44 AM   5236004   2393496     31.37     16684    350196   2555444     33.49   1987520    265524
12:43:46 AM   5235964   2393536     31.37     16684    350200   2555444     33.49   1987520    265528
12:43:48 AM   5235832   2393668     31.37     16692    350192   2555444     33.49   1987544    265528
12:43:50 AM   5236060   2393440     31.37     16692    350204   2555444     33.49   1987544    265540
12:43:52 AM   5236092   2393408     31.37     16692    350204   2555252     33.49   1987556    265540
12:43:54 AM   5235940   2393560     31.37     16700    350212   2555252     33.49   1987556    265556
12:43:56 AM   5235800   2393700     31.37     16700    350212   2555508     33.50   1987556    265556
12:43:58 AM   5235956   2393544     31.37     16700    350216   2555508     33.50   1987556    265556
12:44:00 AM   5235808   2393692     31.37     16708    350220   2555060     33.49   1987428    265572
12:44:02 AM   5235864   2393636     31.37     16708    350224   2554868     33.49   1987244    265572
12:44:04 AM   5235988   2393512     31.37     16708    350228   2554868     33.49   1987248    265576
12:44:06 AM   5235832   2393668     31.37     16716    350232   2554868     33.49   1987252    265580
12:44:08 AM   5235872   2393628     31.37     16716    350236   2554868     33.49   1987252    265584
12:44:10 AM   5235848   2393652     31.37     16716    350236   2554868     33.49   1987252    265588
12:44:12 AM   5235820   2393680     31.37     16724    350244   2554740     33.49   1987124    265604
12:44:14 AM   5236096   2393404     31.37     16724    350244   2554740     33.49   1987128    265600
12:44:16 AM   5235980   2393520     31.37     16724    350248   2554740     33.49   1987064    265600
12:44:18 AM   5235832   2393668     31.37     16732    350252   2554740     33.49   1987064    265616
12:44:20 AM   5235924   2393576     31.37     16732    350252   2554740     33.49   1987064    265616
12:44:22 AM   5236176   2393324     31.37     16732    350256   2554548     33.48   1987008    265616
12:44:24 AM   5236016   2393484     31.37     16740    350260   2554548     33.48   1987008    265628
12:44:26 AM   5236048   2393452     31.37     16740    350268   2554868     33.49   1987012    265632
12:44:28 AM   5236168   2393332     31.37     16740    350272   2554740     33.49   1987036    265632
12:44:30 AM   5235932   2393568     31.37     16748    350276   2554740     33.49   1987036    265644
12:44:32 AM   5235908   2393592     31.37     16748    350280   2554868     33.49   1987040    265644
12:44:34 AM   5236080   2393420     31.37     16748    350284   2554868     33.49   1987044    265652
12:44:36 AM   5235940   2393560     31.37     16756    350292   2554740     33.49   1987048    265660
12:44:38 AM   5236032   2393468     31.37     16756    350292   2554740     33.49   1987052    265660
12:44:40 AM   5236080   2393420     31.37     16756    350296   2554996     33.49   1987052    265660
12:44:42 AM   5235864   2393636     31.37     16764    350300   2554804     33.49   1987052    265672
12:44:44 AM   5235852   2393648     31.37     16764    350300   2554804     33.49   1987052    265676
12:44:46 AM   5236064   2393436     31.37     16764    350304   2555060     33.49   1987052    265676
12:44:48 AM   5229016   2400484     31.46     16772    350308   2555216     33.49   1994920    265688
