2014-02-09T00:54:45.740+0000: 3671
2014-02-09T00:54:49.445+0000: 2752
2014-02-09T00:55:56.074+0000: 19658
2014-02-09T00:55:57.984+0000: 26221
2014-02-09T00:55:59.736+0000: 26371
2014-02-09T00:56:00.968+0000: 29451
2014-02-09T00:56:02.116+0000: 25727
2014-02-09T00:56:03.934+0000: 24172
2014-02-09T00:56:06.808+0000: 9971
2014-02-09T00:56:11.367+0000: 24301
2014-02-09T00:56:13.656+0000: 21059
2014-02-09T00:56:15.866+0000: 19190
2014-02-09T00:56:17.276+0000: 19863
2014-02-09T00:56:18.142+0000: 26046
2014-02-09T00:56:19.058+0000: 22480
2014-02-09T00:56:19.897+0000: 23788
2014-02-09T00:56:20.699+0000: 24512
2014-02-09T00:56:21.565+0000: 25594
2014-02-09T00:56:22.391+0000: 20633
2014-02-09T00:56:23.230+0000: 25701
2014-02-09T00:56:23.971+0000: 22376
2014-02-09T00:56:24.722+0000: 26721
2014-02-09T00:56:24.893+0000: -5100
2014-02-09T00:56:26.925+0000: 10340
2014-02-09T00:56:27.590+0000: 24283
2014-02-09T00:56:28.235+0000: 22422
2014-02-09T00:56:28.938+0000: 20927
2014-02-09T00:56:29.625+0000: 23031
2014-02-09T00:56:30.307+0000: 18041
2014-02-09T00:56:30.419+0000: -9663
2014-02-09T00:56:31.887+0000: -9492
2014-02-09T00:56:32.549+0000: 20349
2014-02-09T00:56:33.228+0000: 19596
2014-02-09T00:56:33.909+0000: 16682
2014-02-09T00:56:34.571+0000: 20393
2014-02-09T00:56:35.291+0000: 17685
2014-02-09T00:56:35.704+0000: 2644
2014-02-09T00:56:37.139+0000: 835
2014-02-09T00:56:37.825+0000: 22903
2014-02-09T00:56:38.518+0000: 19446
2014-02-09T00:56:39.218+0000: 17479
2014-02-09T00:56:39.929+0000: 20348
2014-02-09T00:56:40.646+0000: 20958
2014-02-09T00:56:40.980+0000: 1599
2014-02-09T00:56:42.864+0000: -2634
2014-02-09T00:56:43.522+0000: 22110
2014-02-09T00:56:44.245+0000: 16459
2014-02-09T00:56:44.944+0000: 21571
2014-02-09T00:56:45.642+0000: 18855
2014-02-09T00:56:46.230+0000: 11192
2014-02-09T00:56:47.770+0000: -9159
2014-02-09T00:56:48.472+0000: 22966
2014-02-09T00:56:49.159+0000: 14132
2014-02-09T00:56:49.869+0000: 22756
2014-02-09T00:56:50.569+0000: 17563
2014-02-09T00:56:51.271+0000: 17464
2014-02-09T00:56:53.028+0000: -3981
2014-02-09T00:56:53.709+0000: 19990
2014-02-09T00:56:54.406+0000: 19010
2014-02-09T00:56:55.111+0000: 19926
2014-02-09T00:56:55.800+0000: 15328
2014-02-09T00:56:56.285+0000: 8560
2014-02-09T00:56:57.885+0000: -5905
2014-02-09T00:56:58.552+0000: 24206
2014-02-09T00:56:59.288+0000: 18935
2014-02-09T00:56:59.973+0000: 18740
2014-02-09T00:57:00.684+0000: 20905
2014-02-09T00:57:01.531+0000: 20353
2014-02-09T00:57:01.808+0000: -1183
2014-02-09T00:57:03.523+0000: -1948
2014-02-09T00:57:04.204+0000: 20439
2014-02-09T00:57:04.908+0000: 20032
2014-02-09T00:57:05.715+0000: 16627
2014-02-09T00:57:06.476+0000: 19781
2014-02-09T00:57:06.853+0000: 3753
2014-02-09T00:57:09.072+0000: -6547
2014-02-09T00:57:09.806+0000: 21583
2014-02-09T00:57:10.623+0000: 23479
2014-02-09T00:57:11.412+0000: 20100
2014-02-09T00:57:12.124+0000: 18133
2014-02-09T00:57:12.840+0000: 17303
2014-02-09T00:57:13.031+0000: -8267
2014-02-09T00:57:14.863+0000: -17899
