Time      Active (kB) Inactive (kB) Dirty (kB) AnonPages (kB) Mapped (kB) PageTables (kB) AnonHugePages (kB)
00:55:59  2640136     420780        372        2436004        31656       9824            0                 
00:56:01  2646332     420836        448        2443152        31580       10136           0                 
00:56:03  2651504     420732        452        2447488        31604       9848            0                 
00:56:05  2665176     420620        528        2461548        31612       9924            0                 
00:56:07  2698068     420324        544        2494020        31612       9988            0                 
00:56:09  2720228     420332        564        2516480        31612       10048           0                 
00:56:11  2802320     420364        364        2598340        31616       10132           0                 
00:56:13  2936360     420356        380        2732976        31620       10364           0                 
00:56:15  3069816     420340        408        2866428        31620       10636           0                 
00:56:17  3324208     420380        568        3120768        31620       10960           0                 
00:56:19  3614344     420340        616        3410920        31620       11516           0                 
00:56:22  4004036     420340        740        3800024        31620       12300           0                 
00:56:24  4389336     420400        748        4185632        31620       13264           0                 
00:56:26  4640752     420364        704        4436560        31716       13856           0                 
00:56:28  4680112     420376        772        4475652        31688       13932           0                 
00:56:30  4769112     420404        884        4564768        31688       14092           0                 
00:56:32  4808752     420416        928        4604304        31688       14212           0                 
00:56:34  4813688     420436        1032       4609312        31688       14220           0                 
00:56:36  4903428     420460        364        4699084        31688       14384           0                 
00:56:38  4875100     420452        456        4670320        31688       14380           0                 
00:56:40  4878712     420492        572        4673852        31688       14376           0                 
00:56:42  4762276     420512        632        4557828        31688       14448           0                 
00:56:44  4763624     420580        808        4558396        31784       14512           0                 
00:56:46  4862360     420600        652        4657936        31688       14764           0                 
00:56:48  4779172     420616        756        4574320        31688       14372           0                 
00:56:50  4822016     420604        852        4617168        31688       14096           0                 
00:56:52  4851192     420632        984        4645752        31688       14476           0                 
00:56:54  4851868     420672        1092       4646708        31688       14740           0                 
00:56:56  4907240     420680        1264       4702144        31688       14776           0                 
00:56:58  4820160     420716        1316       4615152        31688       14680           0                 
00:57:00  4844200     420752        1364       4639048        31688       14384           0                 
00:57:02  4896900     420748        1492       4691784        31688       14468           0                 
00:57:04  4897880     420792        1592       4692464        31688       14464           0                 
00:57:06  4945172     420844        1656       4740108        31688       14484           0                 
00:57:08  4850152     420808        1712       4644884        31688       14536           0                 
