Linux 3.4.68-59.97.amzn1.x86_64 (ip-192-168-100-86) 	02/09/2014 	_x86_64_	(8 CPU)

12:55:59 AM  atmptf/s  estres/s retrans/s isegerr/s   orsts/s
12:56:01 AM      0.00      0.00      0.00      0.00      0.00
12:56:03 AM      0.00      0.00      0.00      0.00      0.00
12:56:05 AM      0.00      0.00      0.00      0.00      0.00
12:56:07 AM      0.00      0.00      0.00      0.00      0.00
12:56:09 AM      0.00      0.00      0.00      0.00      0.00
12:56:11 AM      0.00      0.00      0.00      0.00      0.00
12:56:13 AM      0.00      0.00      0.00      0.00      0.00
12:56:15 AM      0.00      0.00      0.00      0.00      0.00
12:56:17 AM      0.00      0.00      0.00      0.00      0.00
12:56:19 AM      0.00      0.00      0.00      0.00      0.00
12:56:21 AM      0.00      0.00      0.00      0.00      0.00
12:56:23 AM      0.00      0.00      0.00      0.00      0.00
12:56:25 AM      0.00      0.00      0.00      0.00      0.00
12:56:27 AM      0.00      0.00      0.00      0.00      0.00
12:56:29 AM      0.00      0.00      0.00      0.00      0.00
12:56:31 AM      0.00      0.00      0.00      0.00      0.00
12:56:33 AM      0.00      0.00      0.50      0.00      0.00
12:56:35 AM      0.00      0.00      0.00      0.00      0.49
12:56:37 AM      0.00      0.00      0.00      0.00      0.00
12:56:39 AM      0.00      0.00      0.00      0.00      0.00
12:56:41 AM      0.00      0.00      0.00      0.00      0.00
12:56:43 AM      0.00      0.00      0.00      0.00      0.00
12:56:45 AM      0.00      0.00      0.00      0.00      0.00
12:56:47 AM      0.00      0.00      0.00      0.00      0.00
12:56:49 AM      0.00      0.00      0.00      0.00      0.00
12:56:51 AM      0.00      0.00      0.00      0.00      0.00
12:56:53 AM      0.00      0.00      0.00      0.00      0.00
12:56:55 AM      0.00      0.00      0.00      0.00      0.00
12:56:57 AM      0.00      0.00      0.00      0.00      0.00
12:56:59 AM      0.00      0.00      0.00      0.00      0.00
12:57:01 AM      0.00      0.00      0.51      0.00      0.00
12:57:03 AM      0.00      0.00      0.00      0.00      0.00
12:57:05 AM      0.00      0.00      0.00      0.00      0.00
12:57:07 AM      0.00      0.00      0.00      0.00      0.00
12:57:09 AM      0.00      0.00      0.00      0.00      0.00
12:57:11 AM      0.00      0.00      0.00      0.00      0.00
