Linux 3.4.68-59.97.amzn1.x86_64 (ip-192-168-100-86) 	02/09/2014 	_x86_64_	(8 CPU)

12:55:59 AM  pgpgin/s pgpgout/s   fault/s  majflt/s  pgfree/s pgscank/s pgscand/s pgsteal/s    %vmeff
12:56:01 AM      0.00      0.00  17673.98      0.00  19430.10      0.00      0.00      0.00      0.00
12:56:03 AM      0.00      0.00   2706.50      0.00  16756.00      0.00      0.00      0.00      0.00
12:56:05 AM      0.00    101.01   4457.58      0.00   4628.28      0.00      0.00      0.00      0.00
12:56:07 AM      0.00     10.05   6804.52      0.00   4161.31      0.00      0.00      0.00      0.00
12:56:09 AM      0.00      0.00   5761.31      0.00   4522.61      0.00      0.00      0.00      0.00
12:56:11 AM      0.00    151.02   8205.10      0.00   6109.69      0.00      0.00      0.00      0.00
12:56:13 AM      0.00      0.00  18256.50      0.00   8672.50      0.00      0.00      0.00      0.00
12:56:15 AM      0.00     84.42  25048.24      0.00  12639.70      0.00      0.00      0.00      0.00
12:56:17 AM      0.00      0.00  26463.18      0.00  12005.47      0.00      0.00      0.00      0.00
12:56:19 AM      0.00      0.00  42959.09      0.00  24230.81      0.00      0.00      0.00      0.00
12:56:21 AM      0.00     85.71  52943.88      0.00  25972.96      0.00      0.00      0.00      0.00
12:56:23 AM      0.00      0.00  53319.10      0.00  25115.58      0.00      0.00      0.00      0.00
12:56:25 AM      0.00     83.58  61020.40      0.00  28061.69      0.00      0.00      0.00      0.00
12:56:27 AM      0.00     54.27  20354.77      0.00  13883.42      0.00      0.00      0.00      0.00
12:56:29 AM      0.00      0.00  10657.00      0.00  29827.50      0.00      0.00      0.00      0.00
12:56:31 AM      0.00    125.25  21157.58      0.00  19703.03      0.00      0.00      0.00      0.00
12:56:33 AM      0.00      0.00  13392.00      0.00  31129.00      0.00      0.00      0.00      0.00
12:56:35 AM      0.00    117.65  14451.47      0.00  30300.00      0.00      0.00      0.00      0.00
12:56:37 AM      0.00    381.82  13917.68      0.00  23779.29      0.00      0.00      0.00      0.00
12:56:39 AM      0.00      0.00  10349.24      0.00  32603.55      0.00      0.00      0.00      0.00
12:56:41 AM      0.00    126.73  15708.91      0.00  28628.71      0.00      0.00      0.00      0.00
12:56:43 AM      0.00      0.00   5954.00      0.00  36223.50      0.00      0.00      0.00      0.00
12:56:45 AM      0.00    122.93  11418.05      0.00  31016.10      0.00      0.00      0.00      0.00
12:56:47 AM      0.00     18.27  18045.69      0.00  30081.22      0.00      0.00      0.00      0.00
12:56:49 AM      0.00      0.00  10835.35      0.00  33217.68      0.00      0.00      0.00      0.00
12:56:51 AM      0.00    121.21  24313.13      0.00  31287.88      0.00      0.00      0.00      0.00
12:56:53 AM      0.00      0.00   8355.50      0.00  23850.00      0.00      0.00      0.00      0.00
12:56:55 AM      0.00    116.58  10752.26      0.00  32735.68      0.00      0.00      0.00      0.00
12:56:57 AM      0.00      2.02  14466.67      0.00  18942.42      0.00      0.00      0.00      0.00
12:56:59 AM      0.00      0.00  10214.87      0.00  44057.95      0.00      0.00      0.00      0.00
12:57:01 AM      0.00    123.23  13674.75      0.00  31990.91      0.00      0.00      0.00      0.00
12:57:03 AM      0.00      0.00  14616.92      0.00  17712.31      0.00      0.00      0.00      0.00
12:57:05 AM      0.00    112.32  10238.92      0.00  29931.53      0.00      0.00      0.00      0.00
12:57:07 AM      0.00     28.57  14843.88      0.00  26922.45      0.00      0.00      0.00      0.00
12:57:09 AM      0.00      0.00   4615.08      0.00  24624.62      0.00      0.00      0.00      0.00
12:57:11 AM      0.00    319.19   9708.08      0.00  30417.17      0.00      0.00      0.00      0.00
