Linux 3.4.68-59.97.amzn1.x86_64 (ip-192-168-100-86) 	02/09/2014 	_x86_64_	(8 CPU)

12:55:59 AM       DEV       tps  rd_sec/s  wr_sec/s  avgrq-sz  avgqu-sz     await     svctm     %util
12:56:01 AM    xvdap1      0.00      0.00      0.00      0.00      0.00      0.00      0.00      0.00
12:56:01 AM      xvdb      0.00      0.00      0.00      0.00      0.00      0.00      0.00      0.00

12:56:01 AM       DEV       tps  rd_sec/s  wr_sec/s  avgrq-sz  avgqu-sz     await     svctm     %util
12:56:03 AM    xvdap1      0.00      0.00      0.00      0.00      0.00      0.00      0.00      0.00
12:56:03 AM      xvdb      0.00      0.00      0.00      0.00      0.00      0.00      0.00      0.00

12:56:03 AM       DEV       tps  rd_sec/s  wr_sec/s  avgrq-sz  avgqu-sz     await     svctm     %util
12:56:05 AM    xvdap1      0.00      0.00      0.00      0.00      0.00      0.00      0.00      0.00
12:56:05 AM      xvdb      4.04      0.00    202.02     50.00      0.02      5.50      1.50      0.61

12:56:05 AM       DEV       tps  rd_sec/s  wr_sec/s  avgrq-sz  avgqu-sz     await     svctm     %util
12:56:07 AM    xvdap1      0.00      0.00      0.00      0.00      0.00      0.00      0.00      0.00
12:56:07 AM      xvdb      0.50      0.00     20.10     40.00      0.00      0.00      0.00      0.00

12:56:07 AM       DEV       tps  rd_sec/s  wr_sec/s  avgrq-sz  avgqu-sz     await     svctm     %util
12:56:09 AM    xvdap1      0.00      0.00      0.00      0.00      0.00      0.00      0.00      0.00
12:56:09 AM      xvdb      0.00      0.00      0.00      0.00      0.00      0.00      0.00      0.00

12:56:09 AM       DEV       tps  rd_sec/s  wr_sec/s  avgrq-sz  avgqu-sz     await     svctm     %util
12:56:11 AM    xvdap1      0.00      0.00      0.00      0.00      0.00      0.00      0.00      0.00
12:56:11 AM      xvdb     16.67      0.00    298.99     17.94      0.13      7.52      0.85      1.41

12:56:11 AM       DEV       tps  rd_sec/s  wr_sec/s  avgrq-sz  avgqu-sz     await     svctm     %util
12:56:13 AM    xvdap1      0.00      0.00      0.00      0.00      0.00      0.00      0.00      0.00
12:56:13 AM      xvdb      0.00      0.00      0.00      0.00      0.00      0.00      0.00      0.00

12:56:13 AM       DEV       tps  rd_sec/s  wr_sec/s  avgrq-sz  avgqu-sz     await     svctm     %util
12:56:15 AM    xvdap1      0.00      0.00      0.00      0.00      0.00      0.00      0.00      0.00
12:56:15 AM      xvdb      2.50      0.00    168.00     67.20      0.02      6.40      1.60      0.40

12:56:15 AM       DEV       tps  rd_sec/s  wr_sec/s  avgrq-sz  avgqu-sz     await     svctm     %util
12:56:17 AM    xvdap1      0.00      0.00      0.00      0.00      0.00      0.00      0.00      0.00
12:56:17 AM      xvdb      0.00      0.00      0.00      0.00      0.00      0.00      0.00      0.00

12:56:17 AM       DEV       tps  rd_sec/s  wr_sec/s  avgrq-sz  avgqu-sz     await     svctm     %util
12:56:19 AM    xvdap1      0.00      0.00      0.00      0.00      0.00      0.00      0.00      0.00
12:56:19 AM      xvdb      0.00      0.00      0.00      0.00      0.00      0.00      0.00      0.00

12:56:19 AM       DEV       tps  rd_sec/s  wr_sec/s  avgrq-sz  avgqu-sz     await     svctm     %util
12:56:21 AM    xvdap1      0.00      0.00      0.00      0.00      0.00      0.00      0.00      0.00
12:56:21 AM      xvdb      2.56      0.00    172.31     67.20      0.02      7.20      2.40      0.62

12:56:21 AM       DEV       tps  rd_sec/s  wr_sec/s  avgrq-sz  avgqu-sz     await     svctm     %util
12:56:23 AM    xvdap1      0.00      0.00      0.00      0.00      0.00      0.00      0.00      0.00
12:56:23 AM      xvdb      0.00      0.00      0.00      0.00      0.00      0.00      0.00      0.00

12:56:23 AM       DEV       tps  rd_sec/s  wr_sec/s  avgrq-sz  avgqu-sz     await     svctm     %util
12:56:25 AM    xvdap1      0.00      0.00      0.00      0.00      0.00      0.00      0.00      0.00
12:56:25 AM      xvdb      2.51      0.00    168.84     67.20      0.01      4.80      1.60      0.40

12:56:25 AM       DEV       tps  rd_sec/s  wr_sec/s  avgrq-sz  avgqu-sz     await     svctm     %util
12:56:27 AM    xvdap1      0.00      0.00      0.00      0.00      0.00      0.00      0.00      0.00
12:56:27 AM      xvdb      1.52      0.00    109.09     72.00      0.01      4.00      1.33      0.20

12:56:27 AM       DEV       tps  rd_sec/s  wr_sec/s  avgrq-sz  avgqu-sz     await     svctm     %util
12:56:29 AM    xvdap1      0.00      0.00      0.00      0.00      0.00      0.00      0.00      0.00
12:56:29 AM      xvdb      0.00      0.00      0.00      0.00      0.00      0.00      0.00      0.00

12:56:29 AM       DEV       tps  rd_sec/s  wr_sec/s  avgrq-sz  avgqu-sz     await     svctm     %util
12:56:31 AM    xvdap1      0.00      0.00      0.00      0.00      0.00      0.00      0.00      0.00
12:56:31 AM      xvdb     10.66      0.00    251.78     23.62      0.05      4.57      0.95      1.02

12:56:31 AM       DEV       tps  rd_sec/s  wr_sec/s  avgrq-sz  avgqu-sz     await     svctm     %util
12:56:33 AM    xvdap1      0.00      0.00      0.00      0.00      0.00      0.00      0.00      0.00
12:56:33 AM      xvdb      0.00      0.00      0.00      0.00      0.00      0.00      0.00      0.00

12:56:33 AM       DEV       tps  rd_sec/s  wr_sec/s  avgrq-sz  avgqu-sz     await     svctm     %util
12:56:35 AM    xvdap1      0.00      0.00      0.00      0.00      0.00      0.00      0.00      0.00
12:56:35 AM      xvdb      0.00      0.00      0.00      0.00      0.00      0.00      0.00      0.00

12:56:35 AM       DEV       tps  rd_sec/s  wr_sec/s  avgrq-sz  avgqu-sz     await     svctm     %util
12:56:37 AM    xvdap1      0.00      0.00      0.00      0.00      0.00      0.00      0.00      0.00
12:56:37 AM      xvdb     21.00      0.00    996.00     47.43      0.22     10.48      1.05      2.20

12:56:37 AM       DEV       tps  rd_sec/s  wr_sec/s  avgrq-sz  avgqu-sz     await     svctm     %util
12:56:39 AM    xvdap1      0.00      0.00      0.00      0.00      0.00      0.00      0.00      0.00
12:56:39 AM      xvdb      0.00      0.00      0.00      0.00      0.00      0.00      0.00      0.00

12:56:39 AM       DEV       tps  rd_sec/s  wr_sec/s  avgrq-sz  avgqu-sz     await     svctm     %util
12:56:41 AM    xvdap1      0.00      0.00      0.00      0.00      0.00      0.00      0.00      0.00
12:56:41 AM      xvdb     11.88      0.00    253.47     21.33      0.14     11.67      1.00      1.19

12:56:41 AM       DEV       tps  rd_sec/s  wr_sec/s  avgrq-sz  avgqu-sz     await     svctm     %util
12:56:43 AM    xvdap1      0.00      0.00      0.00      0.00      0.00      0.00      0.00      0.00
12:56:43 AM      xvdb      0.00      0.00      0.00      0.00      0.00      0.00      0.00      0.00

12:56:43 AM       DEV       tps  rd_sec/s  wr_sec/s  avgrq-sz  avgqu-sz     await     svctm     %util
12:56:45 AM    xvdap1      0.00      0.00      0.00      0.00      0.00      0.00      0.00      0.00
12:56:45 AM      xvdb      0.00      0.00      0.00      0.00      0.00      0.00      0.00      0.00

12:56:45 AM       DEV       tps  rd_sec/s  wr_sec/s  avgrq-sz  avgqu-sz     await     svctm     %util
12:56:47 AM    xvdap1      0.00      0.00      0.00      0.00      0.00      0.00      0.00      0.00
12:56:47 AM      xvdb     16.41      0.00    295.38     18.00      0.23     14.12      1.00      1.64

12:56:47 AM       DEV       tps  rd_sec/s  wr_sec/s  avgrq-sz  avgqu-sz     await     svctm     %util
12:56:49 AM    xvdap1      0.00      0.00      0.00      0.00      0.00      0.00      0.00      0.00
12:56:49 AM      xvdb      0.00      0.00      0.00      0.00      0.00      0.00      0.00      0.00

12:56:49 AM       DEV       tps  rd_sec/s  wr_sec/s  avgrq-sz  avgqu-sz     await     svctm     %util
12:56:51 AM    xvdap1      0.00      0.00      0.00      0.00      0.00      0.00      0.00      0.00
12:56:51 AM      xvdb     11.62      0.00    242.42     20.87      0.14     12.35      1.22      1.41

12:56:51 AM       DEV       tps  rd_sec/s  wr_sec/s  avgrq-sz  avgqu-sz     await     svctm     %util
12:56:53 AM    xvdap1      0.00      0.00      0.00      0.00      0.00      0.00      0.00      0.00
12:56:53 AM      xvdb      0.00      0.00      0.00      0.00      0.00      0.00      0.00      0.00

12:56:53 AM       DEV       tps  rd_sec/s  wr_sec/s  avgrq-sz  avgqu-sz     await     svctm     %util
12:56:55 AM    xvdap1      0.00      0.00      0.00      0.00      0.00      0.00      0.00      0.00
12:56:55 AM      xvdb      0.00      0.00      0.00      0.00      0.00      0.00      0.00      0.00

12:56:55 AM       DEV       tps  rd_sec/s  wr_sec/s  avgrq-sz  avgqu-sz     await     svctm     %util
12:56:57 AM    xvdap1      0.00      0.00      0.00      0.00      0.00      0.00      0.00      0.00
12:56:57 AM      xvdb     11.22      0.00    240.82     21.45      0.08      7.27      0.73      0.82

12:56:57 AM       DEV       tps  rd_sec/s  wr_sec/s  avgrq-sz  avgqu-sz     await     svctm     %util
12:56:59 AM    xvdap1      0.00      0.00      0.00      0.00      0.00      0.00      0.00      0.00
12:56:59 AM      xvdb      0.00      0.00      0.00      0.00      0.00      0.00      0.00      0.00

12:56:59 AM       DEV       tps  rd_sec/s  wr_sec/s  avgrq-sz  avgqu-sz     await     svctm     %util
12:57:01 AM    xvdap1      0.00      0.00      0.00      0.00      0.00      0.00      0.00      0.00
12:57:01 AM      xvdb     10.61      0.00    246.46     23.24      0.08      7.81      0.95      1.01

12:57:01 AM       DEV       tps  rd_sec/s  wr_sec/s  avgrq-sz  avgqu-sz     await     svctm     %util
12:57:03 AM    xvdap1      0.00      0.00      0.00      0.00      0.00      0.00      0.00      0.00
12:57:03 AM      xvdb      0.00      0.00      0.00      0.00      0.00      0.00      0.00      0.00

12:57:03 AM       DEV       tps  rd_sec/s  wr_sec/s  avgrq-sz  avgqu-sz     await     svctm     %util
12:57:05 AM    xvdap1      0.00      0.00      0.00      0.00      0.00      0.00      0.00      0.00
12:57:05 AM      xvdb      0.00      0.00      0.00      0.00      0.00      0.00      0.00      0.00

12:57:05 AM       DEV       tps  rd_sec/s  wr_sec/s  avgrq-sz  avgqu-sz     await     svctm     %util
12:57:07 AM    xvdap1      0.00      0.00      0.00      0.00      0.00      0.00      0.00      0.00
12:57:07 AM      xvdb     16.84      0.00    289.80     17.21      0.08      4.73      0.61      1.02

12:57:07 AM       DEV       tps  rd_sec/s  wr_sec/s  avgrq-sz  avgqu-sz     await     svctm     %util
12:57:09 AM    xvdap1      0.00      0.00      0.00      0.00      0.00      0.00      0.00      0.00
12:57:09 AM      xvdb      0.00      0.00      0.00      0.00      0.00      0.00      0.00      0.00

12:57:09 AM       DEV       tps  rd_sec/s  wr_sec/s  avgrq-sz  avgqu-sz     await     svctm     %util
12:57:11 AM    xvdap1      0.00      0.00      0.00      0.00      0.00      0.00      0.00      0.00
12:57:11 AM      xvdb     17.77      0.00    641.62     36.11      0.15      8.57      0.91      1.62
