Linux 3.4.68-59.97.amzn1.x86_64 (ip-192-168-100-86) 	02/09/2014 	_x86_64_	(8 CPU)

12:55:59 AM kbmemfree kbmemused  %memused kbbuffers  kbcached  kbcommit   %commit
12:56:01 AM   3706356   3412576     47.94     83964    540240   2533620     35.59
12:56:03 AM   3703700   3415232     47.97     83964    540260   2535328     35.61
12:56:05 AM   3692176   3426756     48.14     83968    540276   2566164     36.05
12:56:07 AM   3659076   3459856     48.60     83968    540292   2569076     36.09
12:56:09 AM   3632900   3486032     48.97     83968    540280   2571016     36.12
12:56:11 AM   3588536   3530396     49.59     83972    540324   2580460     36.25
12:56:13 AM   3476120   3642812     51.17     83972    540356   2581348     36.26
12:56:15 AM   3334688   3784244     53.16     83976    540364   2581844     36.27
12:56:17 AM   3162736   3956196     55.57     83976    540392   2582660     36.28
12:56:19 AM   2875136   4243796     59.61     83976    540444   2583432     36.29
12:56:21 AM   2500872   4618060     64.87     83984    540492   2590560     36.39
12:56:23 AM   2123272   4995660     70.17     83984    540560   2591544     36.40
12:56:25 AM   1730384   5388548     75.69     83992    540660   2609524     36.66
12:56:27 AM   1662928   5456004     76.64     83992    540680   2659160     37.35
12:56:29 AM   1656056   5462876     76.74     83992    540788   2659512     37.36
12:56:31 AM   1545256   5573676     78.29     83992    540796   2659524     37.36
12:56:33 AM   1533116   5585816     78.46     83996    540860   2676364     37.60
12:56:35 AM   1495936   5622996     78.99     84000    541048   2676616     37.60
12:56:37 AM   1466708   5652224     79.40     84000    541120   2671648     37.53
12:56:39 AM   1466516   5652416     79.40     84000    541176   2671472     37.53
12:56:41 AM   1419416   5699516     80.06     84004    541280   2672036     37.53
12:56:43 AM   1578200   5540732     77.83     84004    541336   2665108     37.44
12:56:45 AM   1564464   5554468     78.02     84008    541480   2665288     37.44
12:56:47 AM   1561696   5557236     78.06     84008    541512   2659748     37.36
12:56:49 AM   1561568   5557364     78.06     84008    541604   2664256     37.42
12:56:51 AM   1446952   5671980     79.67     84008    541716   2664220     37.42
12:56:53 AM   1489204   5629728     79.08     84008    541768   2657664     37.33
12:56:55 AM   1488656   5630276     79.09     84012    541880   2657756     37.33
12:56:57 AM   1433212   5685720     79.87     84012    542004   2657712     37.33
12:56:59 AM   1519448   5599484     78.66     84012    542104   2651420     37.24
12:57:01 AM   1493484   5625448     79.02     84016    542168   2651924     37.25
12:57:03 AM   1442084   5676848     79.74     84016    542212   2645952     37.17
12:57:05 AM   1441816   5677116     79.75     84016    542336   2646124     37.17
12:57:07 AM   1394096   5724836     80.42     84016    542400   2646272     37.17
12:57:09 AM   1489672   5629260     79.07     84016    542472   2656476     37.32
12:57:11 AM   1486184   5632748     79.12     84016    542532   2640840     37.10
