Time      numa_hit numa_miss numa_foreign numa_interleave numa_local numa_other
00:55:59  262286849 0         0            12652           262286849  0         
00:56:01  262325749 0         0            12652           262325749  0         
00:56:03  262353799 0         0            12652           262353799  0         
00:56:05  262365114 0         0            12652           262365114  0         
00:56:07  262381808 0         0            12652           262381808  0         
00:56:09  262396451 0         0            12652           262396451  0         
00:56:11  262431730 0         0            12652           262431730  0         
00:56:13  262487604 0         0            12652           262487604  0         
00:56:15  262542829 0         0            12652           262542829  0         
00:56:17  262642204 0         0            12652           262642204  0         
00:56:20  262772763 0         0            12652           262772763  0         
00:56:22  262918836 0         0            12652           262918836  0         
00:56:24  263066966 0         0            12652           263066966  0         
00:56:26  263159871 0         0            12652           263159871  0         
00:56:28  263220337 0         0            12652           263220337  0         
00:56:30  263303530 0         0            12652           263303530  0         
00:56:32  263350077 0         0            12652           263350077  0         
00:56:34  263413406 0         0            12652           263413406  0         
00:56:36  263474235 0         0            12652           263474235  0         
00:56:38  263536365 0         0            12652           263536365  0         
00:56:40  263600043 0         0            12652           263600043  0         
00:56:42  263639042 0         0            12652           263639042  0         
00:56:44  263702025 0         0            12652           263702025  0         
00:56:46  263777256 0         0            12652           263777256  0         
00:56:48  263826132 0         0            12652           263826132  0         
00:56:50  263902012 0         0            12652           263902012  0         
00:56:52  263955178 0         0            12652           263955178  0         
00:56:54  264017481 0         0            12652           264017481  0         
00:56:56  264078471 0         0            12652           264078471  0         
00:56:58  264132451 0         0            12652           264132451  0         
00:57:00  264201670 0         0            12652           264201670  0         
00:57:02  264249420 0         0            12652           264249420  0         
00:57:05  264308953 0         0            12652           264308953  0         
00:57:07  264374539 0         0            12652           264374539  0         
00:57:09  264400070 0         0            12652           264400070  0         
