Time      compact_pages_moved compact_stall compact_fail compact_success thp_fault_alloc thp_fault_fallback thp_collapse_alloc thp_collapse_alloc_failed thp_split
00:55:59  0                   0             0            0               0               0                  0                  0                         0        
00:56:01  0                   0             0            0               0               0                  0                  0                         0        
00:56:03  0                   0             0            0               0               0                  0                  0                         0        
00:56:05  0                   0             0            0               0               0                  0                  0                         0        
00:56:07  0                   0             0            0               0               0                  0                  0                         0        
00:56:09  0                   0             0            0               0               0                  0                  0                         0        
00:56:11  0                   0             0            0               0               0                  0                  0                         0        
00:56:13  0                   0             0            0               0               0                  0                  0                         0        
00:56:15  0                   0             0            0               0               0                  0                  0                         0        
00:56:17  0                   0             0            0               0               0                  0                  0                         0        
00:56:20  0                   0             0            0               0               0                  0                  0                         0        
00:56:22  0                   0             0            0               0               0                  0                  0                         0        
00:56:24  0                   0             0            0               0               0                  0                  0                         0        
00:56:26  0                   0             0            0               0               0                  0                  0                         0        
00:56:28  0                   0             0            0               0               0                  0                  0                         0        
00:56:30  0                   0             0            0               0               0                  0                  0                         0        
00:56:32  0                   0             0            0               0               0                  0                  0                         0        
00:56:34  0                   0             0            0               0               0                  0                  0                         0        
00:56:36  0                   0             0            0               0               0                  0                  0                         0        
00:56:38  0                   0             0            0               0               0                  0                  0                         0        
00:56:40  0                   0             0            0               0               0                  0                  0                         0        
00:56:42  0                   0             0            0               0               0                  0                  0                         0        
00:56:44  0                   0             0            0               0               0                  0                  0                         0        
00:56:46  0                   0             0            0               0               0                  0                  0                         0        
00:56:48  0                   0             0            0               0               0                  0                  0                         0        
00:56:50  0                   0             0            0               0               0                  0                  0                         0        
00:56:52  0                   0             0            0               0               0                  0                  0                         0        
00:56:54  0                   0             0            0               0               0                  0                  0                         0        
00:56:56  0                   0             0            0               0               0                  0                  0                         0        
00:56:58  0                   0             0            0               0               0                  0                  0                         0        
00:57:00  0                   0             0            0               0               0                  0                  0                         0        
00:57:02  0                   0             0            0               0               0                  0                  0                         0        
00:57:05  0                   0             0            0               0               0                  0                  0                         0        
00:57:07  0                   0             0            0               0               0                  0                  0                         0        
00:57:09  0                   0             0            0               0               0                  0                  0                         0        
