Time      Active (kB) Inactive (kB) Dirty (kB) AnonPages (kB) Mapped (kB) PageTables (kB) AnonHugePages (kB)
22:05:32  3473620     12806248      596        2595364        52028       15048           2347008           
22:05:34  3482696     12806192      580        2596188        52956       15788           2347008           
22:05:36  3486840     12806196      592        2608624        51888       15304           2359296           
22:05:38  3493096     12806196      636        2614996        51888       15352           2359296           
22:05:40  3494268     12806200      644        2616052        51888       15360           2359296           
22:05:42  3494708     12806200      648        2616452        51888       15356           2359296           
22:05:44  3496144     12806208      280        2618044        51888       15360           2359296           
22:05:46  3494988     12806212      288        2616676        51888       15360           2359296           
22:05:48  3494924     12806208      296        2616660        51888       15364           2359296           
22:05:50  3495116     12806212      304        2616816        51888       15360           2359296           
22:05:52  3495244     12806216      308        2616952        51920       15400           2359296           
22:05:54  3495584     12806220      176        2617504        51888       15360           2359296           
22:05:56  3495384     12806224      180        2617092        51888       15360           2359296           
22:05:58  3489632     12806224      176        2611320        51888       15352           2359296           
22:06:00  3489980     12806228      188        2611712        51888       15360           2359296           
22:06:02  3489960     12806224      200        2611632        51888       15360           2359296           
22:06:04  3489992     12806224      192        2611724        51888       15364           2359296           
22:06:06  3490116     12806228      196        2611820        51888       15356           2359296           
22:06:08  3490192     12806232      168        2611852        51888       15356           2359296           
22:06:10  3490240     12806240      188        2611920        51888       15360           2359296           
22:06:12  3490624     12806240      192        2612292        51996       15508           2359296           
22:06:14  3490404     12806244      184        2612076        51888       15356           2359296           
22:06:16  3490496     12806240      192        2612172        51888       15360           2359296           
22:06:18  3490600     12806244      204        2612224        51888       15360           2359296           
22:06:20  3490572     12806244      204        2612232        51888       15356           2359296           
22:06:22  3490644     12806244      212        2612284        51888       15360           2359296           
22:06:24  3490704     12806248      208        2612356        51888       15360           2359296           
22:06:26  3490808     12806252      220        2612468        51888       15356           2359296           
