Linux 2.6.32-431.3.1.el6.x86_64 (mule-perflab02.managed.contegix.com) 	03/20/2014 	_x86_64_	(24 CPU)

05:05:32 PM  pgpgin/s pgpgout/s   fault/s  majflt/s  pgfree/s pgscank/s pgscand/s pgsteal/s    %vmeff
05:05:34 PM      0.00     16.00  17218.00      0.00   9937.00      0.00      0.00      0.00      0.00
05:05:36 PM      0.00      0.00   9567.84      0.00  14864.32      0.00      0.00      0.00      0.00
05:05:38 PM      0.00     48.24   5495.98      0.00  10289.95      0.00      0.00      0.00      0.00
05:05:40 PM      0.00      0.00   3204.02      0.00   9225.63      0.00      0.00      0.00      0.00
05:05:42 PM      0.00     12.00   3116.50      0.00  10994.50      0.00      0.00      0.00      0.00
05:05:44 PM      0.00    189.90   1483.33      0.00  10531.31      0.00      0.00      0.00      0.00
05:05:46 PM      0.00      0.00   9664.65      0.00  13704.04      0.00      0.00      0.00      0.00
05:05:48 PM      0.00     18.18   3578.28      0.00  11421.72      0.00      0.00      0.00      0.00
05:05:50 PM      0.00      0.00   3678.50      0.00  11333.00      0.00      0.00      0.00      0.00
05:05:52 PM      0.00      0.00   2439.59      0.00  11159.39      0.00      0.00      0.00      0.00
05:05:54 PM      0.00     76.29   3704.64      0.00  11575.77      0.00      0.00      0.00      0.00
05:05:56 PM      0.00      0.00   1483.08      0.00  10570.77      0.00      0.00      0.00      0.00
05:05:58 PM      0.00     38.58   1479.19      0.00  11212.18      0.00      0.00      0.00      0.00
05:06:00 PM      0.00      0.00   1531.28      0.00  10581.03      0.00      0.00      0.00      0.00
05:06:02 PM      0.00      0.00   3112.18      0.00  11513.71      0.00      0.00      0.00      0.00
05:06:04 PM      0.00     86.87   1468.69      0.00  10490.91      0.00      0.00      0.00      0.00
05:06:06 PM      0.00      0.00   1467.68      0.00  10391.92      0.00      0.00      0.00      0.00
05:06:08 PM      0.00     74.37   1478.39      0.00  10364.82      0.00      0.00      0.00      0.00
05:06:10 PM      0.00      0.00   1335.35      0.00  10333.33      0.00      0.00      0.00      0.00
05:06:12 PM      0.00      0.00    790.36      0.00  10244.16      0.00      0.00      0.00      0.00
05:06:14 PM      0.00     51.28   1495.90      0.00  10703.08      0.00      0.00      0.00      0.00
05:06:16 PM      0.00      0.00   1502.05      0.00  10596.92      0.00      0.00      0.00      0.00
05:06:18 PM      0.00      0.00   1485.13      0.00  10584.62      0.00      0.00      0.00      0.00
05:06:20 PM      0.00     38.97   1500.51      0.00  10643.08      0.00      0.00      0.00      0.00
05:06:22 PM      0.00      0.00   1510.71      0.00  10593.88      0.00      0.00      0.00      0.00
05:06:24 PM      0.00     36.36   1462.12      0.00  10363.64      0.00      0.00      0.00      0.00
05:06:26 PM      0.00      0.00   1464.18      0.00  10149.25      0.00      0.00      0.00      0.00
05:06:28 PM      0.00     46.23   3079.40      0.00   6258.79      0.00      0.00      0.00      0.00
