Linux 2.6.32-431.3.1.el6.x86_64 (mule-perflab02.managed.contegix.com) 	03/20/2014 	_x86_64_	(24 CPU)

05:05:32 PM kbmemfree kbmemused  %memused kbbuffers  kbcached  kbcommit   %commit
05:05:34 PM  19787860  17176308     46.47    200920  13483584   3225148      7.84
05:05:36 PM  19785700  17178468     46.47    200920  13483596   3264020      7.93
05:05:38 PM  19777560  17186608     46.50    200920  13483596   3290608      7.99
05:05:40 PM  19775408  17188760     46.50    200920  13483604   3293300      8.00
05:05:42 PM  19776780  17187388     46.50    200920  13483608   3293580      8.00
05:05:44 PM  19777360  17186808     46.50    200920  13483616   3293252      8.00
05:05:46 PM  19775848  17188320     46.50    200920  13483624   3293572      8.00
05:05:48 PM  19774980  17189188     46.50    200920  13483628   3293692      8.00
05:05:50 PM  19776336  17187832     46.50    200920  13483636   3295152      8.01
05:05:52 PM  19778100  17186068     46.49    200920  13483640   3293684      8.00
05:05:54 PM  19776860  17187308     46.50    200920  13483648   3293696      8.00
05:05:56 PM  19778624  17185544     46.49    200920  13483660   3293520      8.00
05:05:58 PM  19785420  17178748     46.47    200920  13483660   3293164      8.00
05:06:00 PM  19785764  17178404     46.47    200920  13483672   3292984      8.00
05:06:02 PM  19785284  17178884     46.47    200920  13483676   3293464      8.00
05:06:04 PM  19787264  17176904     46.47    200920  13483680   3292812      8.00
05:06:06 PM  19786372  17177796     46.47    200920  13483688   3293280      8.00
05:06:08 PM  19786964  17177204     46.47    200920  13483688   3293468      8.00
05:06:10 PM  19787060  17177108     46.47    200920  13483696   3294556      8.00
05:06:12 PM  19787316  17176852     46.47    200920  13483704   3292924      8.00
05:06:14 PM  19788048  17176120     46.47    200920  13483712   3293432      8.00
05:06:16 PM  19788056  17176112     46.47    200920  13483716   3293300      8.00
05:06:18 PM  19786560  17177608     46.47    200920  13483720   3293112      8.00
05:06:20 PM  19786160  17178008     46.47    200920  13483728   3293532      8.00
05:06:22 PM  19786728  17177440     46.47    200920  13483736   3293052      8.00
05:06:24 PM  19787144  17177024     46.47    200920  13483740   3292952      8.00
05:06:26 PM  19786824  17177344     46.47    200920  13483748   3293244      8.00
05:06:28 PM  19785304  17178864     46.47    200920  13483748   3293584      8.00
