Linux 2.6.32-431.3.1.el6.x86_64 (mule-perflab02.managed.contegix.com) 	03/20/2014 	_x86_64_	(24 CPU)

05:05:32 PM     IFACE   rxerr/s   txerr/s    coll/s  rxdrop/s  txdrop/s  txcarr/s  rxfram/s  rxfifo/s  txfifo/s
05:05:34 PM        lo      0.00      0.00      0.00      0.00      0.00      0.00      0.00      0.00      0.00
05:05:34 PM      eth0      0.00      0.00      0.00      0.00      0.00      0.00      0.00      0.00      0.00
05:05:34 PM      eth1      0.00      0.00      0.00      0.00      0.00      0.00      0.00      0.00      0.00
05:05:34 PM      eth2      0.00      0.00      0.00      0.00      0.00      0.00      0.00      0.00      0.00
05:05:34 PM      eth3      0.00      0.00      0.00      0.00      0.00      0.00      0.00      0.00      0.00

05:05:34 PM     IFACE   rxerr/s   txerr/s    coll/s  rxdrop/s  txdrop/s  txcarr/s  rxfram/s  rxfifo/s  txfifo/s
05:05:36 PM        lo      0.00      0.00      0.00      0.00      0.00      0.00      0.00      0.00      0.00
05:05:36 PM      eth0      0.00      0.00      0.00      0.00      0.00      0.00      0.00      0.00      0.00
05:05:36 PM      eth1      0.00      0.00      0.00      0.00      0.00      0.00      0.00      0.00      0.00
05:05:36 PM      eth2      0.00      0.00      0.00      0.00      0.00      0.00      0.00      0.00      0.00
05:05:36 PM      eth3      0.00      0.00      0.00      0.00      0.00      0.00      0.00      0.00      0.00

05:05:36 PM     IFACE   rxerr/s   txerr/s    coll/s  rxdrop/s  txdrop/s  txcarr/s  rxfram/s  rxfifo/s  txfifo/s
05:05:38 PM        lo      0.00      0.00      0.00      0.00      0.00      0.00      0.00      0.00      0.00
05:05:38 PM      eth0      0.00      0.00      0.00      0.00      0.00      0.00      0.00      0.00      0.00
05:05:38 PM      eth1      0.00      0.00      0.00      0.00      0.00      0.00      0.00      0.00      0.00
05:05:38 PM      eth2      0.00      0.00      0.00      0.00      0.00      0.00      0.00      0.00      0.00
05:05:38 PM      eth3      0.00      0.00      0.00      0.00      0.00      0.00      0.00      0.00      0.00

05:05:38 PM     IFACE   rxerr/s   txerr/s    coll/s  rxdrop/s  txdrop/s  txcarr/s  rxfram/s  rxfifo/s  txfifo/s
05:05:40 PM        lo      0.00      0.00      0.00      0.00      0.00      0.00      0.00      0.00      0.00
05:05:40 PM      eth0      0.00      0.00      0.00      0.00      0.00      0.00      0.00      0.00      0.00
05:05:40 PM      eth1      0.00      0.00      0.00      0.00      0.00      0.00      0.00      0.00      0.00
05:05:40 PM      eth2      0.00      0.00      0.00      0.00      0.00      0.00      0.00      0.00      0.00
05:05:40 PM      eth3      0.00      0.00      0.00      0.00      0.00      0.00      0.00      0.00      0.00

05:05:40 PM     IFACE   rxerr/s   txerr/s    coll/s  rxdrop/s  txdrop/s  txcarr/s  rxfram/s  rxfifo/s  txfifo/s
05:05:42 PM        lo      0.00      0.00      0.00      0.00      0.00      0.00      0.00      0.00      0.00
05:05:42 PM      eth0      0.00      0.00      0.00      0.00      0.00      0.00      0.00      0.00      0.00
05:05:42 PM      eth1      0.00      0.00      0.00      0.00      0.00      0.00      0.00      0.00      0.00
05:05:42 PM      eth2      0.00      0.00      0.00      0.00      0.00      0.00      0.00      0.00      0.00
05:05:42 PM      eth3      0.00      0.00      0.00      0.00      0.00      0.00      0.00      0.00      0.00

05:05:42 PM     IFACE   rxerr/s   txerr/s    coll/s  rxdrop/s  txdrop/s  txcarr/s  rxfram/s  rxfifo/s  txfifo/s
05:05:44 PM        lo      0.00      0.00      0.00      0.00      0.00      0.00      0.00      0.00      0.00
05:05:44 PM      eth0      0.00      0.00      0.00      0.00      0.00      0.00      0.00      0.00      0.00
05:05:44 PM      eth1      0.00      0.00      0.00      0.00      0.00      0.00      0.00      0.00      0.00
05:05:44 PM      eth2      0.00      0.00      0.00      0.00      0.00      0.00      0.00      0.00      0.00
05:05:44 PM      eth3      0.00      0.00      0.00      0.00      0.00      0.00      0.00      0.00      0.00

05:05:44 PM     IFACE   rxerr/s   txerr/s    coll/s  rxdrop/s  txdrop/s  txcarr/s  rxfram/s  rxfifo/s  txfifo/s
05:05:46 PM        lo      0.00      0.00      0.00      0.00      0.00      0.00      0.00      0.00      0.00
05:05:46 PM      eth0      0.00      0.00      0.00      0.00      0.00      0.00      0.00      0.00      0.00
05:05:46 PM      eth1      0.00      0.00      0.00      0.00      0.00      0.00      0.00      0.00      0.00
05:05:46 PM      eth2      0.00      0.00      0.00      0.00      0.00      0.00      0.00      0.00      0.00
05:05:46 PM      eth3      0.00      0.00      0.00      0.00      0.00      0.00      0.00      0.00      0.00

05:05:46 PM     IFACE   rxerr/s   txerr/s    coll/s  rxdrop/s  txdrop/s  txcarr/s  rxfram/s  rxfifo/s  txfifo/s
05:05:48 PM        lo      0.00      0.00      0.00      0.00      0.00      0.00      0.00      0.00      0.00
05:05:48 PM      eth0      0.00      0.00      0.00      0.00      0.00      0.00      0.00      0.00      0.00
05:05:48 PM      eth1      0.00      0.00      0.00      0.00      0.00      0.00      0.00      0.00      0.00
05:05:48 PM      eth2      0.00      0.00      0.00      0.00      0.00      0.00      0.00      0.00      0.00
05:05:48 PM      eth3      0.00      0.00      0.00      0.00      0.00      0.00      0.00      0.00      0.00

05:05:48 PM     IFACE   rxerr/s   txerr/s    coll/s  rxdrop/s  txdrop/s  txcarr/s  rxfram/s  rxfifo/s  txfifo/s
05:05:50 PM        lo      0.00      0.00      0.00      0.00      0.00      0.00      0.00      0.00      0.00
05:05:50 PM      eth0      0.00      0.00      0.00      0.00      0.00      0.00      0.00      0.00      0.00
05:05:50 PM      eth1      0.00      0.00      0.00      0.00      0.00      0.00      0.00      0.00      0.00
05:05:50 PM      eth2      0.00      0.00      0.00      0.00      0.00      0.00      0.00      0.00      0.00
05:05:50 PM      eth3      0.00      0.00      0.00      0.00      0.00      0.00      0.00      0.00      0.00

05:05:50 PM     IFACE   rxerr/s   txerr/s    coll/s  rxdrop/s  txdrop/s  txcarr/s  rxfram/s  rxfifo/s  txfifo/s
05:05:52 PM        lo      0.00      0.00      0.00      0.00      0.00      0.00      0.00      0.00      0.00
05:05:52 PM      eth0      0.00      0.00      0.00      0.00      0.00      0.00      0.00      0.00      0.00
05:05:52 PM      eth1      0.00      0.00      0.00      0.00      0.00      0.00      0.00      0.00      0.00
05:05:52 PM      eth2      0.00      0.00      0.00      0.00      0.00      0.00      0.00      0.00      0.00
05:05:52 PM      eth3      0.00      0.00      0.00      0.00      0.00      0.00      0.00      0.00      0.00

05:05:52 PM     IFACE   rxerr/s   txerr/s    coll/s  rxdrop/s  txdrop/s  txcarr/s  rxfram/s  rxfifo/s  txfifo/s
05:05:54 PM        lo      0.00      0.00      0.00      0.00      0.00      0.00      0.00      0.00      0.00
05:05:54 PM      eth0      0.00      0.00      0.00      0.00      0.00      0.00      0.00      0.00      0.00
05:05:54 PM      eth1      0.00      0.00      0.00      0.00      0.00      0.00      0.00      0.00      0.00
05:05:54 PM      eth2      0.00      0.00      0.00      0.00      0.00      0.00      0.00      0.00      0.00
05:05:54 PM      eth3      0.00      0.00      0.00      0.00      0.00      0.00      0.00      0.00      0.00

05:05:54 PM     IFACE   rxerr/s   txerr/s    coll/s  rxdrop/s  txdrop/s  txcarr/s  rxfram/s  rxfifo/s  txfifo/s
05:05:56 PM        lo      0.00      0.00      0.00      0.00      0.00      0.00      0.00      0.00      0.00
05:05:56 PM      eth0      0.00      0.00      0.00      0.00      0.00      0.00      0.00      0.00      0.00
05:05:56 PM      eth1      0.00      0.00      0.00      0.00      0.00      0.00      0.00      0.00      0.00
05:05:56 PM      eth2      0.00      0.00      0.00      0.00      0.00      0.00      0.00      0.00      0.00
05:05:56 PM      eth3      0.00      0.00      0.00      0.00      0.00      0.00      0.00      0.00      0.00

05:05:56 PM     IFACE   rxerr/s   txerr/s    coll/s  rxdrop/s  txdrop/s  txcarr/s  rxfram/s  rxfifo/s  txfifo/s
05:05:58 PM        lo      0.00      0.00      0.00      0.00      0.00      0.00      0.00      0.00      0.00
05:05:58 PM      eth0      0.00      0.00      0.00      0.00      0.00      0.00      0.00      0.00      0.00
05:05:58 PM      eth1      0.00      0.00      0.00      0.00      0.00      0.00      0.00      0.00      0.00
05:05:58 PM      eth2      0.00      0.00      0.00      0.00      0.00      0.00      0.00      0.00      0.00
05:05:58 PM      eth3      0.00      0.00      0.00      0.00      0.00      0.00      0.00      0.00      0.00

05:05:58 PM     IFACE   rxerr/s   txerr/s    coll/s  rxdrop/s  txdrop/s  txcarr/s  rxfram/s  rxfifo/s  txfifo/s
05:06:00 PM        lo      0.00      0.00      0.00      0.00      0.00      0.00      0.00      0.00      0.00
05:06:00 PM      eth0      0.00      0.00      0.00      0.00      0.00      0.00      0.00      0.00      0.00
05:06:00 PM      eth1      0.00      0.00      0.00      0.00      0.00      0.00      0.00      0.00      0.00
05:06:00 PM      eth2      0.00      0.00      0.00      0.00      0.00      0.00      0.00      0.00      0.00
05:06:00 PM      eth3      0.00      0.00      0.00      0.00      0.00      0.00      0.00      0.00      0.00

05:06:00 PM     IFACE   rxerr/s   txerr/s    coll/s  rxdrop/s  txdrop/s  txcarr/s  rxfram/s  rxfifo/s  txfifo/s
05:06:02 PM        lo      0.00      0.00      0.00      0.00      0.00      0.00      0.00      0.00      0.00
05:06:02 PM      eth0      0.00      0.00      0.00      0.00      0.00      0.00      0.00      0.00      0.00
05:06:02 PM      eth1      0.00      0.00      0.00      0.00      0.00      0.00      0.00      0.00      0.00
05:06:02 PM      eth2      0.00      0.00      0.00      0.00      0.00      0.00      0.00      0.00      0.00
05:06:02 PM      eth3      0.00      0.00      0.00      0.00      0.00      0.00      0.00      0.00      0.00

05:06:02 PM     IFACE   rxerr/s   txerr/s    coll/s  rxdrop/s  txdrop/s  txcarr/s  rxfram/s  rxfifo/s  txfifo/s
05:06:04 PM        lo      0.00      0.00      0.00      0.00      0.00      0.00      0.00      0.00      0.00
05:06:04 PM      eth0      0.00      0.00      0.00      0.00      0.00      0.00      0.00      0.00      0.00
05:06:04 PM      eth1      0.00      0.00      0.00      0.00      0.00      0.00      0.00      0.00      0.00
05:06:04 PM      eth2      0.00      0.00      0.00      0.00      0.00      0.00      0.00      0.00      0.00
05:06:04 PM      eth3      0.00      0.00      0.00      0.00      0.00      0.00      0.00      0.00      0.00

05:06:04 PM     IFACE   rxerr/s   txerr/s    coll/s  rxdrop/s  txdrop/s  txcarr/s  rxfram/s  rxfifo/s  txfifo/s
05:06:06 PM        lo      0.00      0.00      0.00      0.00      0.00      0.00      0.00      0.00      0.00
05:06:06 PM      eth0      0.00      0.00      0.00      0.00      0.00      0.00      0.00      0.00      0.00
05:06:06 PM      eth1      0.00      0.00      0.00      0.00      0.00      0.00      0.00      0.00      0.00
05:06:06 PM      eth2      0.00      0.00      0.00      0.00      0.00      0.00      0.00      0.00      0.00
05:06:06 PM      eth3      0.00      0.00      0.00      0.00      0.00      0.00      0.00      0.00      0.00

05:06:06 PM     IFACE   rxerr/s   txerr/s    coll/s  rxdrop/s  txdrop/s  txcarr/s  rxfram/s  rxfifo/s  txfifo/s
05:06:08 PM        lo      0.00      0.00      0.00      0.00      0.00      0.00      0.00      0.00      0.00
05:06:08 PM      eth0      0.00      0.00      0.00      0.00      0.00      0.00      0.00      0.00      0.00
05:06:08 PM      eth1      0.00      0.00      0.00      0.00      0.00      0.00      0.00      0.00      0.00
05:06:08 PM      eth2      0.00      0.00      0.00      0.00      0.00      0.00      0.00      0.00      0.00
05:06:08 PM      eth3      0.00      0.00      0.00      0.00      0.00      0.00      0.00      0.00      0.00

05:06:08 PM     IFACE   rxerr/s   txerr/s    coll/s  rxdrop/s  txdrop/s  txcarr/s  rxfram/s  rxfifo/s  txfifo/s
05:06:10 PM        lo      0.00      0.00      0.00      0.00      0.00      0.00      0.00      0.00      0.00
05:06:10 PM      eth0      0.00      0.00      0.00      0.00      0.00      0.00      0.00      0.00      0.00
05:06:10 PM      eth1      0.00      0.00      0.00      0.00      0.00      0.00      0.00      0.00      0.00
05:06:10 PM      eth2      0.00      0.00      0.00      0.00      0.00      0.00      0.00      0.00      0.00
05:06:10 PM      eth3      0.00      0.00      0.00      0.00      0.00      0.00      0.00      0.00      0.00

05:06:10 PM     IFACE   rxerr/s   txerr/s    coll/s  rxdrop/s  txdrop/s  txcarr/s  rxfram/s  rxfifo/s  txfifo/s
05:06:12 PM        lo      0.00      0.00      0.00      0.00      0.00      0.00      0.00      0.00      0.00
05:06:12 PM      eth0      0.00      0.00      0.00      0.00      0.00      0.00      0.00      0.00      0.00
05:06:12 PM      eth1      0.00      0.00      0.00      0.00      0.00      0.00      0.00      0.00      0.00
05:06:12 PM      eth2      0.00      0.00      0.00      0.00      0.00      0.00      0.00      0.00      0.00
05:06:12 PM      eth3      0.00      0.00      0.00      0.00      0.00      0.00      0.00      0.00      0.00

05:06:12 PM     IFACE   rxerr/s   txerr/s    coll/s  rxdrop/s  txdrop/s  txcarr/s  rxfram/s  rxfifo/s  txfifo/s
05:06:14 PM        lo      0.00      0.00      0.00      0.00      0.00      0.00      0.00      0.00      0.00
05:06:14 PM      eth0      0.00      0.00      0.00      0.00      0.00      0.00      0.00      0.00      0.00
05:06:14 PM      eth1      0.00      0.00      0.00      0.00      0.00      0.00      0.00      0.00      0.00
05:06:14 PM      eth2      0.00      0.00      0.00      0.00      0.00      0.00      0.00      0.00      0.00
05:06:14 PM      eth3      0.00      0.00      0.00      0.00      0.00      0.00      0.00      0.00      0.00

05:06:14 PM     IFACE   rxerr/s   txerr/s    coll/s  rxdrop/s  txdrop/s  txcarr/s  rxfram/s  rxfifo/s  txfifo/s
05:06:16 PM        lo      0.00      0.00      0.00      0.00      0.00      0.00      0.00      0.00      0.00
05:06:16 PM      eth0      0.00      0.00      0.00      0.00      0.00      0.00      0.00      0.00      0.00
05:06:16 PM      eth1      0.00      0.00      0.00      0.00      0.00      0.00      0.00      0.00      0.00
05:06:16 PM      eth2      0.00      0.00      0.00      0.00      0.00      0.00      0.00      0.00      0.00
05:06:16 PM      eth3      0.00      0.00      0.00      0.00      0.00      0.00      0.00      0.00      0.00

05:06:16 PM     IFACE   rxerr/s   txerr/s    coll/s  rxdrop/s  txdrop/s  txcarr/s  rxfram/s  rxfifo/s  txfifo/s
05:06:18 PM        lo      0.00      0.00      0.00      0.00      0.00      0.00      0.00      0.00      0.00
05:06:18 PM      eth0      0.00      0.00      0.00      0.00      0.00      0.00      0.00      0.00      0.00
05:06:18 PM      eth1      0.00      0.00      0.00      0.00      0.00      0.00      0.00      0.00      0.00
05:06:18 PM      eth2      0.00      0.00      0.00      0.00      0.00      0.00      0.00      0.00      0.00
05:06:18 PM      eth3      0.00      0.00      0.00      0.00      0.00      0.00      0.00      0.00      0.00

05:06:18 PM     IFACE   rxerr/s   txerr/s    coll/s  rxdrop/s  txdrop/s  txcarr/s  rxfram/s  rxfifo/s  txfifo/s
05:06:20 PM        lo      0.00      0.00      0.00      0.00      0.00      0.00      0.00      0.00      0.00
05:06:20 PM      eth0      0.00      0.00      0.00      0.00      0.00      0.00      0.00      0.00      0.00
05:06:20 PM      eth1      0.00      0.00      0.00      0.00      0.00      0.00      0.00      0.00      0.00
05:06:20 PM      eth2      0.00      0.00      0.00      0.00      0.00      0.00      0.00      0.00      0.00
05:06:20 PM      eth3      0.00      0.00      0.00      0.00      0.00      0.00      0.00      0.00      0.00

05:06:20 PM     IFACE   rxerr/s   txerr/s    coll/s  rxdrop/s  txdrop/s  txcarr/s  rxfram/s  rxfifo/s  txfifo/s
05:06:22 PM        lo      0.00      0.00      0.00      0.00      0.00      0.00      0.00      0.00      0.00
05:06:22 PM      eth0      0.00      0.00      0.00      0.00      0.00      0.00      0.00      0.00      0.00
05:06:22 PM      eth1      0.00      0.00      0.00      0.00      0.00      0.00      0.00      0.00      0.00
05:06:22 PM      eth2      0.00      0.00      0.00      0.00      0.00      0.00      0.00      0.00      0.00
05:06:22 PM      eth3      0.00      0.00      0.00      0.00      0.00      0.00      0.00      0.00      0.00

05:06:22 PM     IFACE   rxerr/s   txerr/s    coll/s  rxdrop/s  txdrop/s  txcarr/s  rxfram/s  rxfifo/s  txfifo/s
05:06:24 PM        lo      0.00      0.00      0.00      0.00      0.00      0.00      0.00      0.00      0.00
05:06:24 PM      eth0      0.00      0.00      0.00      0.00      0.00      0.00      0.00      0.00      0.00
05:06:24 PM      eth1      0.00      0.00      0.00      0.00      0.00      0.00      0.00      0.00      0.00
05:06:24 PM      eth2      0.00      0.00      0.00      0.00      0.00      0.00      0.00      0.00      0.00
05:06:24 PM      eth3      0.00      0.00      0.00      0.00      0.00      0.00      0.00      0.00      0.00

05:06:24 PM     IFACE   rxerr/s   txerr/s    coll/s  rxdrop/s  txdrop/s  txcarr/s  rxfram/s  rxfifo/s  txfifo/s
05:06:26 PM        lo      0.00      0.00      0.00      0.00      0.00      0.00      0.00      0.00      0.00
05:06:26 PM      eth0      0.00      0.00      0.00      0.00      0.00      0.00      0.00      0.00      0.00
05:06:26 PM      eth1      0.00      0.00      0.00      0.00      0.00      0.00      0.00      0.00      0.00
05:06:26 PM      eth2      0.00      0.00      0.00      0.00      0.00      0.00      0.00      0.00      0.00
05:06:26 PM      eth3      0.00      0.00      0.00      0.00      0.00      0.00      0.00      0.00      0.00

05:06:26 PM     IFACE   rxerr/s   txerr/s    coll/s  rxdrop/s  txdrop/s  txcarr/s  rxfram/s  rxfifo/s  txfifo/s
05:06:28 PM        lo      0.00      0.00      0.00      0.00      0.00      0.00      0.00      0.00      0.00
05:06:28 PM      eth0      0.00      0.00      0.00      0.00      0.00      0.00      0.00      0.00      0.00
05:06:28 PM      eth1      0.00      0.00      0.00      0.00      0.00      0.00      0.00      0.00      0.00
05:06:28 PM      eth2      0.00      0.00      0.00      0.00      0.00      0.00      0.00      0.00      0.00
05:06:28 PM      eth3      0.00      0.00      0.00      0.00      0.00      0.00      0.00      0.00      0.00
