Linux 2.6.32-431.3.1.el6.x86_64 (mule-perflab02.managed.contegix.com) 	03/20/2014 	_x86_64_	(24 CPU)

05:05:32 PM       DEV       tps  rd_sec/s  wr_sec/s  avgrq-sz  avgqu-sz     await     svctm     %util
05:05:34 PM       sda      0.50      0.00     32.16     64.00      0.00      3.00      3.00      0.15

05:05:34 PM       DEV       tps  rd_sec/s  wr_sec/s  avgrq-sz  avgqu-sz     await     svctm     %util
05:05:36 PM       sda      0.00      0.00      0.00      0.00      0.00      0.00      0.00      0.00

05:05:36 PM       DEV       tps  rd_sec/s  wr_sec/s  avgrq-sz  avgqu-sz     await     svctm     %util
05:05:38 PM       sda      3.52      0.00     96.48     27.43      0.00      0.00      0.00      0.00

05:05:38 PM       DEV       tps  rd_sec/s  wr_sec/s  avgrq-sz  avgqu-sz     await     svctm     %util
05:05:40 PM       sda      0.00      0.00      0.00      0.00      0.00      0.00      0.00      0.00

05:05:40 PM       DEV       tps  rd_sec/s  wr_sec/s  avgrq-sz  avgqu-sz     await     svctm     %util
05:05:42 PM       sda      1.01      0.00     24.12     24.00      0.00      0.00      0.00      0.00

05:05:42 PM       DEV       tps  rd_sec/s  wr_sec/s  avgrq-sz  avgqu-sz     await     svctm     %util
05:05:44 PM       sda      1.01      0.00    377.89    376.00      0.01      9.50      5.00      0.50

05:05:44 PM       DEV       tps  rd_sec/s  wr_sec/s  avgrq-sz  avgqu-sz     await     svctm     %util
05:05:46 PM       sda      0.00      0.00      0.00      0.00      0.00      0.00      0.00      0.00

05:05:46 PM       DEV       tps  rd_sec/s  wr_sec/s  avgrq-sz  avgqu-sz     await     svctm     %util
05:05:48 PM       sda      1.51      0.00     36.18     24.00      0.00      0.00      0.00      0.00

05:05:48 PM       DEV       tps  rd_sec/s  wr_sec/s  avgrq-sz  avgqu-sz     await     svctm     %util
05:05:50 PM       sda      0.00      0.00      0.00      0.00      0.00      0.00      0.00      0.00

05:05:50 PM       DEV       tps  rd_sec/s  wr_sec/s  avgrq-sz  avgqu-sz     await     svctm     %util
05:05:52 PM       sda      0.00      0.00      0.00      0.00      0.00      0.00      0.00      0.00

05:05:52 PM       DEV       tps  rd_sec/s  wr_sec/s  avgrq-sz  avgqu-sz     await     svctm     %util
05:05:54 PM       sda     16.49      0.00    152.58      9.25      0.00      0.09      0.03      0.05

05:05:54 PM       DEV       tps  rd_sec/s  wr_sec/s  avgrq-sz  avgqu-sz     await     svctm     %util
05:05:56 PM       sda      0.00      0.00      0.00      0.00      0.00      0.00      0.00      0.00

05:05:56 PM       DEV       tps  rd_sec/s  wr_sec/s  avgrq-sz  avgqu-sz     await     svctm     %util
05:05:58 PM       sda      4.59      0.00     77.55     16.89      0.00      0.00      0.00      0.00

05:05:58 PM       DEV       tps  rd_sec/s  wr_sec/s  avgrq-sz  avgqu-sz     await     svctm     %util
05:06:00 PM       sda      0.00      0.00      0.00      0.00      0.00      0.00      0.00      0.00

05:06:00 PM       DEV       tps  rd_sec/s  wr_sec/s  avgrq-sz  avgqu-sz     await     svctm     %util
05:06:02 PM       sda      0.00      0.00      0.00      0.00      0.00      0.00      0.00      0.00

05:06:02 PM       DEV       tps  rd_sec/s  wr_sec/s  avgrq-sz  avgqu-sz     await     svctm     %util
05:06:04 PM       sda      2.51      0.00    172.86     68.80      0.01      2.20      1.20      0.30

05:06:04 PM       DEV       tps  rd_sec/s  wr_sec/s  avgrq-sz  avgqu-sz     await     svctm     %util
05:06:06 PM       sda      0.00      0.00      0.00      0.00      0.00      0.00      0.00      0.00

05:06:06 PM       DEV       tps  rd_sec/s  wr_sec/s  avgrq-sz  avgqu-sz     await     svctm     %util
05:06:08 PM       sda      6.09      0.00    150.25     24.67      0.01      1.08      0.58      0.36

05:06:08 PM       DEV       tps  rd_sec/s  wr_sec/s  avgrq-sz  avgqu-sz     await     svctm     %util
05:06:10 PM       sda      0.00      0.00      0.00      0.00      0.00      0.00      0.00      0.00

05:06:10 PM       DEV       tps  rd_sec/s  wr_sec/s  avgrq-sz  avgqu-sz     await     svctm     %util
05:06:12 PM       sda      0.00      0.00      0.00      0.00      0.00      0.00      0.00      0.00

05:06:12 PM       DEV       tps  rd_sec/s  wr_sec/s  avgrq-sz  avgqu-sz     await     svctm     %util
05:06:14 PM       sda      4.62      0.00    102.56     22.22      0.00      0.00      0.00      0.00

05:06:14 PM       DEV       tps  rd_sec/s  wr_sec/s  avgrq-sz  avgqu-sz     await     svctm     %util
05:06:16 PM       sda      0.00      0.00      0.00      0.00      0.00      0.00      0.00      0.00

05:06:16 PM       DEV       tps  rd_sec/s  wr_sec/s  avgrq-sz  avgqu-sz     await     svctm     %util
05:06:18 PM       sda      0.00      0.00      0.00      0.00      0.00      0.00      0.00      0.00

05:06:18 PM       DEV       tps  rd_sec/s  wr_sec/s  avgrq-sz  avgqu-sz     await     svctm     %util
05:06:20 PM       sda      5.67      0.00     78.35     13.82      0.00      0.00      0.00      0.00

05:06:20 PM       DEV       tps  rd_sec/s  wr_sec/s  avgrq-sz  avgqu-sz     await     svctm     %util
05:06:22 PM       sda      0.00      0.00      0.00      0.00      0.00      0.00      0.00      0.00

05:06:22 PM       DEV       tps  rd_sec/s  wr_sec/s  avgrq-sz  avgqu-sz     await     svctm     %util
05:06:24 PM       sda      4.04      0.00     72.73     18.00      0.00      0.12      0.12      0.05

05:06:24 PM       DEV       tps  rd_sec/s  wr_sec/s  avgrq-sz  avgqu-sz     await     svctm     %util
05:06:26 PM       sda      0.00      0.00      0.00      0.00      0.00      0.00      0.00      0.00

05:06:26 PM       DEV       tps  rd_sec/s  wr_sec/s  avgrq-sz  avgqu-sz     await     svctm     %util
05:06:28 PM       sda      9.55      0.00     92.46      9.68      0.00      0.32      0.16      0.15
