top - 17:05:32 up 7 days,  2:35,  0 users,  load average: 1.34, 0.35, 0.10
Tasks: 490 total,   1 running, 489 sleeping,   0 stopped,   0 zombie
Cpu(s):  0.7%us,  0.1%sy,  0.1%ni, 99.1%id,  0.0%wa,  0.0%hi,  0.0%si,  0.0%st
Mem:    35.252G total,   16.368G used,   18.884G free,  196.211M buffers
Swap: 4095.969M total,    0.000k used, 4095.969M free,   12.859G cached

  PID USER      PR  NI  VIRT  RES  SHR S %CPU %MEM    TIME+  COMMAND            
44334 perftest  20   0 12.9g 2.2g  21m S 1677.7  6.1   1:50.78 java             
44878 perftest  20   0  119m  16m 1028 S 56.2  0.0   0:00.30 sh                 
44868 perftest  20   0  119m  16m 1028 S 54.4  0.0   0:00.29 sh                 
44879 perftest  20   0  125m 4736 1792 S  7.5  0.0   0:00.04 python             
44843 perftest  20   0 15296 1432  840 R  3.7  0.0   0:00.03 top                
44882 perftest  20   0  125m 4716 1768 S  3.7  0.0   0:00.02 python             
44864 perftest  20   0 98.6m  804  680 S  1.9  0.0   0:00.01 sadc               
44865 perftest  20   0 98.6m  804  680 S  1.9  0.0   0:00.01 sadc               
44866 perftest  20   0 98.6m  804  680 S  1.9  0.0   0:00.01 sadc               
44867 perftest  20   0 98.6m  804  680 S  1.9  0.0   0:00.01 sadc               
44874 perftest  20   0 98.6m  804  680 S  1.9  0.0   0:00.01 sadc               
44875 perftest  20   0 98.6m  800  680 S  1.9  0.0   0:00.01 sadc               
44877 perftest  20   0 98.6m  800  680 S  1.9  0.0   0:00.01 sadc               
    1 root      20   0 19360 1544 1228 S  0.0  0.0   0:03.08 init               
    2 root      20   0     0    0    0 S  0.0  0.0   0:00.01 kthreadd           
    3 root      RT   0     0    0    0 S  0.0  0.0   0:00.18 migration/0        
    4 root      20   0     0    0    0 S  0.0  0.0   0:02.42 ksoftirqd/0        
    5 root      RT   0     0    0    0 S  0.0  0.0   0:00.00 migration/0        
    6 root      RT   0     0    0    0 S  0.0  0.0   0:00.63 watchdog/0         
    7 root      RT   0     0    0    0 S  0.0  0.0   0:00.36 migration/1        
    8 root      RT   0     0    0    0 S  0.0  0.0   0:00.00 migration/1        
    9 root      20   0     0    0    0 S  0.0  0.0   0:03.99 ksoftirqd/1        
   10 root      RT   0     0    0    0 S  0.0  0.0   0:00.65 watchdog/1         
   11 root      RT   0     0    0    0 S  0.0  0.0   0:00.14 migration/2        
--
top - 17:05:34 up 7 days,  2:35,  0 users,  load average: 1.34, 0.35, 0.10
Tasks: 494 total,   4 running, 490 sleeping,   0 stopped,   0 zombie
Cpu(s): 70.9%us,  3.2%sy,  0.8%ni, 23.7%id,  0.0%wa,  0.0%hi,  1.4%si,  0.0%st
Mem:    35.252G total,   16.391G used,   18.861G free,  196.211M buffers
Swap: 4095.969M total,    0.000k used, 4095.969M free,   12.859G cached

  PID USER      PR  NI  VIRT  RES  SHR S %CPU %MEM    TIME+  COMMAND            
44334 perftest  20   0 14.7g 2.2g  21m S 1782.9  6.1   2:26.89 java             
44923 contegix  39  19  150m  11m 3076 R  9.4  0.0   0:00.19 ruby               
44953 perftest  20   0  107m 1156  960 R  5.4  0.0   0:00.11 ps                 
44956 contegix  39  19  142m 9416 2676 R  4.9  0.0   0:00.10 ruby               
44843 perftest  20   0 15304 1548  936 R  1.0  0.0   0:00.05 top                
44860 perftest  20   0 98.6m  804  680 S  1.0  0.0   0:00.03 sadc               
44865 perftest  20   0 98.6m  804  680 S  1.0  0.0   0:00.03 sadc               
44874 perftest  20   0 98.6m  804  680 S  1.0  0.0   0:00.03 sadc               
44877 perftest  20   0 98.6m  800  680 S  1.0  0.0   0:00.03 sadc               
   79 root      RT   0     0    0    0 S  0.5  0.0   0:00.42 migration/19       
44854 perftest  20   0 98.6m  800  680 S  0.5  0.0   0:00.02 sadc               
44856 perftest  20   0 98.6m  800  680 S  0.5  0.0   0:00.02 sadc               
44858 perftest  20   0 98.6m  804  680 S  0.5  0.0   0:00.02 sadc               
44861 perftest  20   0 98.6m  800  680 S  0.5  0.0   0:00.02 sadc               
44862 perftest  20   0 98.6m  800  680 S  0.5  0.0   0:00.02 sadc               
44863 perftest  20   0 98.6m  800  680 S  0.5  0.0   0:00.02 sadc               
44864 perftest  20   0 98.6m  804  680 S  0.5  0.0   0:00.02 sadc               
44866 perftest  20   0 98.6m  804  680 S  0.5  0.0   0:00.02 sadc               
44867 perftest  20   0 98.6m  804  680 S  0.5  0.0   0:00.02 sadc               
44875 perftest  20   0 98.6m  800  680 S  0.5  0.0   0:00.02 sadc               
44879 perftest  20   0  125m 4748 1800 S  0.5  0.0   0:00.05 python             
    1 root      20   0 19360 1544 1228 S  0.0  0.0   0:03.08 init               
    2 root      20   0     0    0    0 S  0.0  0.0   0:00.01 kthreadd           
    3 root      RT   0     0    0    0 S  0.0  0.0   0:00.18 migration/0        
--
top - 17:05:36 up 7 days,  2:35,  0 users,  load average: 1.34, 0.35, 0.10
Tasks: 489 total,   2 running, 487 sleeping,   0 stopped,   0 zombie
Cpu(s): 69.0%us,  3.9%sy,  0.2%ni, 24.5%id,  0.0%wa,  0.0%hi,  2.3%si,  0.0%st
Mem:    35.252G total,   16.385G used,   18.867G free,  196.211M buffers
Swap: 4095.969M total,    0.000k used, 4095.969M free,   12.859G cached

  PID USER      PR  NI  VIRT  RES  SHR S %CPU %MEM    TIME+  COMMAND            
44334 perftest  20   0 14.8g 2.2g  21m S 1773.7  6.2   3:02.86 java             
44843 perftest  20   0 15304 1552  936 R  1.0  0.0   0:00.07 top                
44856 perftest  20   0 98.6m  800  680 S  1.0  0.0   0:00.04 sadc               
44858 perftest  20   0 98.6m  804  680 S  1.0  0.0   0:00.04 sadc               
44861 perftest  20   0 98.6m  800  680 S  1.0  0.0   0:00.04 sadc               
44862 perftest  20   0 98.6m  800  680 S  1.0  0.0   0:00.04 sadc               
44863 perftest  20   0 98.6m  800  680 S  1.0  0.0   0:00.04 sadc               
44866 perftest  20   0 98.6m  804  680 S  1.0  0.0   0:00.04 sadc               
44877 perftest  20   0 98.6m  800  680 S  1.0  0.0   0:00.05 sadc               
43308 contegix  39  19 1101m  22m 2640 S  0.5  0.1   3:27.10 sensu-client       
44854 perftest  20   0 98.6m  800  680 S  0.5  0.0   0:00.03 sadc               
44860 perftest  20   0 98.6m  804  680 S  0.5  0.0   0:00.04 sadc               
44864 perftest  20   0 98.6m  804  680 S  0.5  0.0   0:00.03 sadc               
44865 perftest  20   0 98.6m  804  680 S  0.5  0.0   0:00.04 sadc               
44867 perftest  20   0 98.6m  804  680 S  0.5  0.0   0:00.03 sadc               
44874 perftest  20   0 98.6m  804  680 S  0.5  0.0   0:00.04 sadc               
44875 perftest  20   0 98.6m  800  680 S  0.5  0.0   0:00.03 sadc               
44879 perftest  20   0  125m 4748 1800 S  0.5  0.0   0:00.06 python             
    1 root      20   0 19360 1544 1228 S  0.0  0.0   0:03.08 init               
    2 root      20   0     0    0    0 S  0.0  0.0   0:00.01 kthreadd           
    3 root      RT   0     0    0    0 S  0.0  0.0   0:00.18 migration/0        
    4 root      20   0     0    0    0 S  0.0  0.0   0:02.42 ksoftirqd/0        
    5 root      RT   0     0    0    0 S  0.0  0.0   0:00.00 migration/0        
    6 root      RT   0     0    0    0 S  0.0  0.0   0:00.63 watchdog/0         
--
top - 17:05:38 up 7 days,  2:35,  0 users,  load average: 1.55, 0.41, 0.12
Tasks: 490 total,   1 running, 489 sleeping,   0 stopped,   0 zombie
Cpu(s): 66.5%us,  4.7%sy,  0.0%ni, 26.5%id,  0.0%wa,  0.0%hi,  2.3%si,  0.0%st
Mem:    35.252G total,   16.391G used,   18.861G free,  196.211M buffers
Swap: 4095.969M total,    0.000k used, 4095.969M free,   12.859G cached

  PID USER      PR  NI  VIRT  RES  SHR S %CPU %MEM    TIME+  COMMAND            
44334 perftest  20   0 14.8g 2.2g  21m S 1729.3  6.2   3:37.89 java             
44843 perftest  20   0 15304 1552  936 R  1.5  0.0   0:00.10 top                
44864 perftest  20   0 98.6m  804  680 S  1.5  0.0   0:00.06 sadc               
44874 perftest  20   0 98.6m  804  680 S  1.5  0.0   0:00.07 sadc               
44854 perftest  20   0 98.6m  800  680 S  1.0  0.0   0:00.05 sadc               
44856 perftest  20   0 98.6m  800  680 S  1.0  0.0   0:00.06 sadc               
44858 perftest  20   0 98.6m  804  680 S  1.0  0.0   0:00.06 sadc               
44860 perftest  20   0 98.6m  804  680 S  1.0  0.0   0:00.06 sadc               
44861 perftest  20   0 98.6m  800  680 S  1.0  0.0   0:00.06 sadc               
44862 perftest  20   0 98.6m  800  680 S  1.0  0.0   0:00.06 sadc               
44865 perftest  20   0 98.6m  804  680 S  1.0  0.0   0:00.06 sadc               
44866 perftest  20   0 98.6m  804  680 S  1.0  0.0   0:00.06 sadc               
44867 perftest  20   0 98.6m  804  680 S  1.0  0.0   0:00.05 sadc               
44875 perftest  20   0 98.6m  800  680 S  1.0  0.0   0:00.05 sadc               
44877 perftest  20   0 98.6m  800  680 S  1.0  0.0   0:00.07 sadc               
44879 perftest  20   0  125m 4748 1800 S  1.0  0.0   0:00.08 python             
  116 root      20   0     0    0    0 S  0.5  0.0   0:15.76 events/17          
44332 perftest  20   0  116m 1740 1088 S  0.5  0.0   0:00.03 wrapper-linux-x    
44574 perftest  20   0 98.6m  596  512 S  0.5  0.0   0:00.01 tail               
44863 perftest  20   0 98.6m  800  680 S  0.5  0.0   0:00.05 sadc               
44868 perftest  20   0  119m  16m 1028 S  0.5  0.0   0:00.30 sh                 
    1 root      20   0 19360 1544 1228 S  0.0  0.0   0:03.08 init               
    2 root      20   0     0    0    0 S  0.0  0.0   0:00.01 kthreadd           
    3 root      RT   0     0    0    0 S  0.0  0.0   0:00.18 migration/0        
--
top - 17:05:40 up 7 days,  2:35,  0 users,  load average: 1.55, 0.41, 0.12
Tasks: 490 total,   1 running, 489 sleeping,   0 stopped,   0 zombie
Cpu(s): 65.0%us,  5.1%sy,  0.4%ni, 26.9%id,  0.0%wa,  0.0%hi,  2.5%si,  0.0%st
Mem:    35.252G total,   16.391G used,   18.860G free,  196.211M buffers
Swap: 4095.969M total,    0.000k used, 4095.969M free,   12.859G cached

  PID USER      PR  NI  VIRT  RES  SHR S %CPU %MEM    TIME+  COMMAND            
44334 perftest  20   0 14.8g 2.2g  21m S 1712.2  6.2   4:12.62 java             
44843 perftest  20   0 15304 1552  936 R  2.0  0.0   0:00.14 top                
44863 perftest  20   0 98.6m  800  680 S  1.5  0.0   0:00.08 sadc               
44866 perftest  20   0 98.6m  804  680 S  1.5  0.0   0:00.09 sadc               
 4380 root      20   0 3131m 233m  12m S  1.0  0.6  12:27.85 dsm_om_connsvcd    
44854 perftest  20   0 98.6m  800  680 S  1.0  0.0   0:00.07 sadc               
44856 perftest  20   0 98.6m  800  680 S  1.0  0.0   0:00.08 sadc               
44858 perftest  20   0 98.6m  804  680 S  1.0  0.0   0:00.08 sadc               
44860 perftest  20   0 98.6m  804  680 S  1.0  0.0   0:00.08 sadc               
44861 perftest  20   0 98.6m  800  680 S  1.0  0.0   0:00.08 sadc               
44862 perftest  20   0 98.6m  800  680 S  1.0  0.0   0:00.08 sadc               
44864 perftest  20   0 98.6m  804  680 S  1.0  0.0   0:00.08 sadc               
44865 perftest  20   0 98.6m  804  680 S  1.0  0.0   0:00.08 sadc               
44867 perftest  20   0 98.6m  804  680 S  1.0  0.0   0:00.07 sadc               
44874 perftest  20   0 98.6m  804  680 S  1.0  0.0   0:00.09 sadc               
44875 perftest  20   0 98.6m  800  680 S  1.0  0.0   0:00.07 sadc               
44877 perftest  20   0 98.6m  800  680 S  1.0  0.0   0:00.09 sadc               
44879 perftest  20   0  125m 4748 1800 S  1.0  0.0   0:00.10 python             
44332 perftest  20   0  116m 1740 1088 S  0.5  0.0   0:00.04 wrapper-linux-x    
44868 perftest  20   0  119m  16m 1028 S  0.5  0.0   0:00.31 sh                 
    1 root      20   0 19360 1544 1228 S  0.0  0.0   0:03.08 init               
    2 root      20   0     0    0    0 S  0.0  0.0   0:00.01 kthreadd           
    3 root      RT   0     0    0    0 S  0.0  0.0   0:00.18 migration/0        
    4 root      20   0     0    0    0 S  0.0  0.0   0:02.42 ksoftirqd/0        
--
top - 17:05:42 up 7 days,  2:35,  0 users,  load average: 1.59, 0.44, 0.13
Tasks: 490 total,   1 running, 489 sleeping,   0 stopped,   0 zombie
Cpu(s): 66.8%us,  6.0%sy,  0.3%ni, 24.0%id,  0.0%wa,  0.0%hi,  2.9%si,  0.0%st
Mem:    35.252G total,   16.391G used,   18.861G free,  196.211M buffers
Swap: 4095.969M total,    0.000k used, 4095.969M free,   12.859G cached

  PID USER      PR  NI  VIRT  RES  SHR S %CPU %MEM    TIME+  COMMAND            
44334 perftest  20   0 14.8g 2.2g  21m S 1769.1  6.2   4:48.73 java             
44877 perftest  20   0 98.6m  800  680 S  2.0  0.0   0:00.13 sadc               
44843 perftest  20   0 15304 1552  936 R  1.5  0.0   0:00.17 top                
44854 perftest  20   0 98.6m  800  680 S  1.5  0.0   0:00.10 sadc               
44858 perftest  20   0 98.6m  804  680 S  1.5  0.0   0:00.11 sadc               
44862 perftest  20   0 98.6m  800  680 S  1.5  0.0   0:00.11 sadc               
44865 perftest  20   0 98.6m  804  680 S  1.5  0.0   0:00.11 sadc               
44867 perftest  20   0 98.6m  804  680 S  1.5  0.0   0:00.10 sadc               
44874 perftest  20   0 98.6m  804  680 S  1.5  0.0   0:00.12 sadc               
44875 perftest  20   0 98.6m  800  680 S  1.5  0.0   0:00.10 sadc               
43308 contegix  39  19 1101m  22m 2640 S  1.0  0.1   3:27.12 sensu-client       
44856 perftest  20   0 98.6m  800  680 S  1.0  0.0   0:00.10 sadc               
44860 perftest  20   0 98.6m  804  680 S  1.0  0.0   0:00.10 sadc               
44861 perftest  20   0 98.6m  800  680 S  1.0  0.0   0:00.10 sadc               
44863 perftest  20   0 98.6m  800  680 S  1.0  0.0   0:00.10 sadc               
44864 perftest  20   0 98.6m  804  680 S  1.0  0.0   0:00.10 sadc               
44866 perftest  20   0 98.6m  804  680 S  1.0  0.0   0:00.11 sadc               
  107 root      20   0     0    0    0 S  0.5  0.0   0:14.79 events/8           
44574 perftest  20   0 98.6m  596  512 S  0.5  0.0   0:00.02 tail               
44878 perftest  20   0  119m  16m 1028 S  0.5  0.0   0:00.31 sh                 
44879 perftest  20   0  125m 4748 1800 S  0.5  0.0   0:00.11 python             
    1 root      20   0 19360 1544 1228 S  0.0  0.0   0:03.08 init               
    2 root      20   0     0    0    0 S  0.0  0.0   0:00.01 kthreadd           
    3 root      RT   0     0    0    0 S  0.0  0.0   0:00.18 migration/0        
--
top - 17:05:44 up 7 days,  2:35,  0 users,  load average: 1.59, 0.44, 0.13
Tasks: 495 total,   2 running, 493 sleeping,   0 stopped,   0 zombie
Cpu(s): 65.7%us,  6.4%sy,  1.1%ni, 23.9%id,  0.0%wa,  0.0%hi,  2.9%si,  0.0%st
Mem:    35.252G total,   16.409G used,   18.843G free,  196.211M buffers
Swap: 4095.969M total,    0.000k used, 4095.969M free,   12.859G cached

  PID USER      PR  NI  VIRT  RES  SHR S %CPU %MEM    TIME+  COMMAND            
44334 perftest  20   0 14.8g 2.2g  21m S 1764.7  6.2   5:24.73 java             
45099 contegix  39  19  150m  11m 3072 R 14.7  0.0   0:00.30 ruby               
45097 contegix  39  19  150m  10m 2744 S 13.7  0.0   0:00.28 ruby               
44843 perftest  20   0 15304 1552  936 R  2.0  0.0   0:00.21 top                
44860 perftest  20   0 98.6m  804  680 S  1.5  0.0   0:00.13 sadc               
44863 perftest  20   0 98.6m  800  680 S  1.5  0.0   0:00.13 sadc               
44864 perftest  20   0 98.6m  804  680 S  1.5  0.0   0:00.13 sadc               
44874 perftest  20   0 98.6m  804  680 S  1.5  0.0   0:00.15 sadc               
44854 perftest  20   0 98.6m  800  680 S  1.0  0.0   0:00.12 sadc               
44856 perftest  20   0 98.6m  800  680 S  1.0  0.0   0:00.12 sadc               
44858 perftest  20   0 98.6m  804  680 S  1.0  0.0   0:00.13 sadc               
44861 perftest  20   0 98.6m  800  680 S  1.0  0.0   0:00.12 sadc               
44862 perftest  20   0 98.6m  800  680 S  1.0  0.0   0:00.13 sadc               
44865 perftest  20   0 98.6m  804  680 S  1.0  0.0   0:00.13 sadc               
44866 perftest  20   0 98.6m  804  680 S  1.0  0.0   0:00.13 sadc               
44867 perftest  20   0 98.6m  804  680 S  1.0  0.0   0:00.12 sadc               
44875 perftest  20   0 98.6m  800  680 S  1.0  0.0   0:00.12 sadc               
44877 perftest  20   0 98.6m  800  680 S  1.0  0.0   0:00.15 sadc               
44879 perftest  20   0  125m 4748 1800 S  1.0  0.0   0:00.13 python             
   73 root      20   0     0    0    0 S  0.5  0.0   0:01.56 ksoftirqd/17       
    1 root      20   0 19360 1544 1228 S  0.0  0.0   0:03.08 init               
    2 root      20   0     0    0    0 S  0.0  0.0   0:00.01 kthreadd           
    3 root      RT   0     0    0    0 S  0.0  0.0   0:00.18 migration/0        
    4 root      20   0     0    0    0 S  0.0  0.0   0:02.42 ksoftirqd/0        
--
top - 17:05:46 up 7 days,  2:35,  0 users,  load average: 1.59, 0.44, 0.13
Tasks: 490 total,   1 running, 489 sleeping,   0 stopped,   0 zombie
Cpu(s): 65.9%us,  6.0%sy,  0.2%ni, 25.1%id,  0.0%wa,  0.0%hi,  2.8%si,  0.0%st
Mem:    35.252G total,   16.391G used,   18.861G free,  196.211M buffers
Swap: 4095.969M total,    0.000k used, 4095.969M free,   12.859G cached

  PID USER      PR  NI  VIRT  RES  SHR S %CPU %MEM    TIME+  COMMAND            
44334 perftest  20   0 14.8g 2.2g  21m S 1740.3  6.2   6:00.48 java             
44843 perftest  20   0 15304 1552  936 R  1.9  0.0   0:00.25 top                
44877 perftest  20   0 98.6m  800  680 S  1.9  0.0   0:00.19 sadc               
44854 perftest  20   0 98.6m  800  680 S  1.5  0.0   0:00.15 sadc               
44860 perftest  20   0 98.6m  804  680 S  1.5  0.0   0:00.16 sadc               
44861 perftest  20   0 98.6m  800  680 S  1.5  0.0   0:00.15 sadc               
44864 perftest  20   0 98.6m  804  680 S  1.5  0.0   0:00.16 sadc               
44866 perftest  20   0 98.6m  804  680 S  1.5  0.0   0:00.16 sadc               
44867 perftest  20   0 98.6m  804  680 S  1.5  0.0   0:00.15 sadc               
44856 perftest  20   0 98.6m  800  680 S  1.0  0.0   0:00.14 sadc               
44858 perftest  20   0 98.6m  804  680 S  1.0  0.0   0:00.15 sadc               
44862 perftest  20   0 98.6m  800  680 S  1.0  0.0   0:00.15 sadc               
44863 perftest  20   0 98.6m  800  680 S  1.0  0.0   0:00.15 sadc               
44865 perftest  20   0 98.6m  804  680 S  1.0  0.0   0:00.15 sadc               
44875 perftest  20   0 98.6m  800  680 S  1.0  0.0   0:00.14 sadc               
44879 perftest  20   0  125m 4748 1800 S  1.0  0.0   0:00.15 python             
 4356 root      20   0  427m 7212 3224 S  0.5  0.0   3:30.61 dsm_sa_snmpd       
44572 perftest  20   0 98284 1812  844 S  0.5  0.0   0:00.01 sshd               
44868 perftest  20   0  119m  16m 1028 S  0.5  0.0   0:00.32 sh                 
44874 perftest  20   0 98.6m  804  680 S  0.5  0.0   0:00.16 sadc               
    1 root      20   0 19360 1544 1228 S  0.0  0.0   0:03.08 init               
    2 root      20   0     0    0    0 S  0.0  0.0   0:00.01 kthreadd           
    3 root      RT   0     0    0    0 S  0.0  0.0   0:00.18 migration/0        
    4 root      20   0     0    0    0 S  0.0  0.0   0:02.42 ksoftirqd/0        
--
top - 17:05:48 up 7 days,  2:35,  0 users,  load average: 1.62, 0.46, 0.14
Tasks: 490 total,   2 running, 488 sleeping,   0 stopped,   0 zombie
Cpu(s): 67.3%us,  6.0%sy,  0.3%ni, 23.4%id,  0.0%wa,  0.0%hi,  3.1%si,  0.0%st
Mem:    35.252G total,   16.390G used,   18.861G free,  196.211M buffers
Swap: 4095.969M total,    0.000k used, 4095.969M free,   12.859G cached

  PID USER      PR  NI  VIRT  RES  SHR S %CPU %MEM    TIME+  COMMAND            
44334 perftest  20   0 14.8g 2.2g  21m S 1790.9  6.2   6:37.01 java             
44843 perftest  20   0 15304 1552  936 R  2.0  0.0   0:00.29 top                
44856 perftest  20   0 98.6m  800  680 S  2.0  0.0   0:00.18 sadc               
44860 perftest  20   0 98.6m  804  680 S  1.5  0.0   0:00.19 sadc               
44861 perftest  20   0 98.6m  800  680 S  1.5  0.0   0:00.18 sadc               
44863 perftest  20   0 98.6m  800  680 S  1.5  0.0   0:00.18 sadc               
44865 perftest  20   0 98.6m  804  680 S  1.5  0.0   0:00.18 sadc               
44875 perftest  20   0 98.6m  800  680 S  1.5  0.0   0:00.17 sadc               
44854 perftest  20   0 98.6m  800  680 S  1.0  0.0   0:00.17 sadc               
44862 perftest  20   0 98.6m  800  680 S  1.0  0.0   0:00.17 sadc               
44864 perftest  20   0 98.6m  804  680 S  1.0  0.0   0:00.18 sadc               
44866 perftest  20   0 98.6m  804  680 S  1.0  0.0   0:00.18 sadc               
44867 perftest  20   0 98.6m  804  680 S  1.0  0.0   0:00.17 sadc               
44874 perftest  20   0 98.6m  804  680 S  1.0  0.0   0:00.18 sadc               
44877 perftest  20   0 98.6m  800  680 S  1.0  0.0   0:00.21 sadc               
44879 perftest  20   0  125m 4748 1800 R  1.0  0.0   0:00.17 python             
43308 contegix  39  19 1101m  22m 2640 S  0.5  0.1   3:27.13 sensu-client       
44858 perftest  20   0 98.6m  804  680 S  0.5  0.0   0:00.16 sadc               
    1 root      20   0 19360 1544 1228 S  0.0  0.0   0:03.08 init               
    2 root      20   0     0    0    0 S  0.0  0.0   0:00.01 kthreadd           
    3 root      RT   0     0    0    0 S  0.0  0.0   0:00.18 migration/0        
    4 root      20   0     0    0    0 S  0.0  0.0   0:02.42 ksoftirqd/0        
    5 root      RT   0     0    0    0 S  0.0  0.0   0:00.00 migration/0        
    6 root      RT   0     0    0    0 S  0.0  0.0   0:00.63 watchdog/0         
--
top - 17:05:50 up 7 days,  2:35,  0 users,  load average: 1.62, 0.46, 0.14
Tasks: 490 total,   1 running, 489 sleeping,   0 stopped,   0 zombie
Cpu(s): 66.8%us,  6.1%sy,  0.3%ni, 23.7%id,  0.0%wa,  0.0%hi,  3.0%si,  0.0%st
Mem:    35.252G total,   16.391G used,   18.860G free,  196.211M buffers
Swap: 4095.969M total,    0.000k used, 4095.969M free,   12.859G cached

  PID USER      PR  NI  VIRT  RES  SHR S %CPU %MEM    TIME+  COMMAND            
44334 perftest  20   0 14.8g 2.2g  21m S 1780.5  6.2   7:13.40 java             
44843 perftest  20   0 15304 1552  936 R  2.0  0.0   0:00.33 top                
44858 perftest  20   0 98.6m  804  680 S  1.5  0.0   0:00.19 sadc               
44862 perftest  20   0 98.6m  800  680 S  1.5  0.0   0:00.20 sadc               
44877 perftest  20   0 98.6m  800  680 S  1.5  0.0   0:00.24 sadc               
44854 perftest  20   0 98.6m  800  680 S  1.0  0.0   0:00.19 sadc               
44856 perftest  20   0 98.6m  800  680 S  1.0  0.0   0:00.20 sadc               
44860 perftest  20   0 98.6m  804  680 S  1.0  0.0   0:00.21 sadc               
44861 perftest  20   0 98.6m  800  680 S  1.0  0.0   0:00.20 sadc               
44863 perftest  20   0 98.6m  800  680 S  1.0  0.0   0:00.20 sadc               
44864 perftest  20   0 98.6m  804  680 S  1.0  0.0   0:00.20 sadc               
44865 perftest  20   0 98.6m  804  680 S  1.0  0.0   0:00.20 sadc               
44866 perftest  20   0 98.6m  804  680 S  1.0  0.0   0:00.20 sadc               
44867 perftest  20   0 98.6m  804  680 S  1.0  0.0   0:00.19 sadc               
44874 perftest  20   0 98.6m  804  680 S  1.0  0.0   0:00.20 sadc               
44875 perftest  20   0 98.6m  800  680 S  1.0  0.0   0:00.19 sadc               
44879 perftest  20   0  125m 4748 1800 S  1.0  0.0   0:00.19 python             
  103 root      20   0     0    0    0 S  0.5  0.0   0:15.47 events/4           
43308 contegix  39  19 1101m  22m 2640 S  0.5  0.1   3:27.14 sensu-client       
44868 perftest  20   0  119m  16m 1028 S  0.5  0.0   0:00.33 sh                 
44878 perftest  20   0  119m  16m 1028 S  0.5  0.0   0:00.32 sh                 
    1 root      20   0 19360 1544 1228 S  0.0  0.0   0:03.08 init               
    2 root      20   0     0    0    0 S  0.0  0.0   0:00.01 kthreadd           
    3 root      RT   0     0    0    0 S  0.0  0.0   0:00.18 migration/0        
--
top - 17:05:52 up 7 days,  2:35,  0 users,  load average: 1.73, 0.51, 0.16
Tasks: 490 total,   1 running, 489 sleeping,   0 stopped,   0 zombie
Cpu(s): 66.2%us,  6.1%sy,  0.3%ni, 24.4%id,  0.0%wa,  0.0%hi,  3.0%si,  0.0%st
Mem:    35.252G total,   16.390G used,   18.862G free,  196.211M buffers
Swap: 4095.969M total,    0.000k used, 4095.969M free,   12.859G cached

  PID USER      PR  NI  VIRT  RES  SHR S %CPU %MEM    TIME+  COMMAND            
44334 perftest  20   0 14.8g 2.2g  21m S 1764.7  6.2   7:49.47 java             
44843 perftest  20   0 15304 1552  936 R  2.0  0.0   0:00.37 top                
44862 perftest  20   0 98.6m  800  680 S  1.5  0.0   0:00.23 sadc               
44863 perftest  20   0 98.6m  800  680 S  1.5  0.0   0:00.23 sadc               
44866 perftest  20   0 98.6m  804  680 S  1.5  0.0   0:00.23 sadc               
44867 perftest  20   0 98.6m  804  680 S  1.5  0.0   0:00.22 sadc               
44874 perftest  20   0 98.6m  804  680 S  1.5  0.0   0:00.23 sadc               
44875 perftest  20   0 98.6m  800  680 S  1.5  0.0   0:00.22 sadc               
44877 perftest  20   0 98.6m  800  680 S  1.5  0.0   0:00.27 sadc               
44854 perftest  20   0 98.6m  800  680 S  1.0  0.0   0:00.21 sadc               
44856 perftest  20   0 98.6m  800  680 S  1.0  0.0   0:00.22 sadc               
44858 perftest  20   0 98.6m  804  680 S  1.0  0.0   0:00.21 sadc               
44861 perftest  20   0 98.6m  800  680 S  1.0  0.0   0:00.22 sadc               
44864 perftest  20   0 98.6m  804  680 S  1.0  0.0   0:00.22 sadc               
44865 perftest  20   0 98.6m  804  680 S  1.0  0.0   0:00.22 sadc               
  105 root      20   0     0    0    0 S  0.5  0.0   0:15.83 events/6           
 2982 root      20   0 10948  680  432 S  0.5  0.0   2:39.33 irqbalance         
 4171 root      20   0 1126m  20m 5268 S  0.5  0.1   7:51.25 dsm_sa_datamgrd    
44332 perftest  20   0  116m 1740 1088 S  0.5  0.0   0:00.05 wrapper-linux-x    
44860 perftest  20   0 98.6m  804  680 S  0.5  0.0   0:00.22 sadc               
44878 perftest  20   0  119m  16m 1028 S  0.5  0.0   0:00.33 sh                 
44879 perftest  20   0  125m 4748 1800 S  0.5  0.0   0:00.20 python             
    1 root      20   0 19360 1544 1228 S  0.0  0.0   0:03.08 init               
    2 root      20   0     0    0    0 S  0.0  0.0   0:00.01 kthreadd           
--
top - 17:05:55 up 7 days,  2:35,  0 users,  load average: 1.73, 0.51, 0.16
Tasks: 490 total,   1 running, 489 sleeping,   0 stopped,   0 zombie
Cpu(s): 66.3%us,  6.2%sy,  0.3%ni, 24.3%id,  0.0%wa,  0.0%hi,  2.8%si,  0.0%st
Mem:    35.252G total,   16.390G used,   18.862G free,  196.211M buffers
Swap: 4095.969M total,    0.000k used, 4095.969M free,   12.859G cached

  PID USER      PR  NI  VIRT  RES  SHR S %CPU %MEM    TIME+  COMMAND            
44334 perftest  20   0 14.8g 2.2g  21m S 1774.1  6.2   8:25.79 java             
44843 perftest  20   0 15304 1552  936 R  2.0  0.0   0:00.41 top                
44854 perftest  20   0 98.6m  800  680 S  1.5  0.0   0:00.24 sadc               
44856 perftest  20   0 98.6m  800  680 S  1.5  0.0   0:00.25 sadc               
44858 perftest  20   0 98.6m  804  680 S  1.5  0.0   0:00.24 sadc               
44860 perftest  20   0 98.6m  804  680 S  1.5  0.0   0:00.25 sadc               
44861 perftest  20   0 98.6m  800  680 S  1.5  0.0   0:00.25 sadc               
44862 perftest  20   0 98.6m  800  680 S  1.5  0.0   0:00.26 sadc               
44864 perftest  20   0 98.6m  804  680 S  1.5  0.0   0:00.25 sadc               
44865 perftest  20   0 98.6m  804  680 S  1.5  0.0   0:00.25 sadc               
44866 perftest  20   0 98.6m  804  680 S  1.5  0.0   0:00.26 sadc               
44874 perftest  20   0 98.6m  804  680 S  1.5  0.0   0:00.26 sadc               
44879 perftest  20   0  125m 4748 1800 S  1.5  0.0   0:00.23 python             
44863 perftest  20   0 98.6m  800  680 S  1.0  0.0   0:00.25 sadc               
44867 perftest  20   0 98.6m  804  680 S  1.0  0.0   0:00.24 sadc               
44875 perftest  20   0 98.6m  800  680 S  1.0  0.0   0:00.24 sadc               
44877 perftest  20   0 98.6m  800  680 S  1.0  0.0   0:00.29 sadc               
  104 root      20   0     0    0    0 S  0.5  0.0   0:15.12 events/5           
43308 contegix  39  19 1101m  22m 2640 S  0.5  0.1   3:27.15 sensu-client       
44868 perftest  20   0  119m  16m 1028 S  0.5  0.0   0:00.34 sh                 
    1 root      20   0 19360 1544 1228 S  0.0  0.0   0:03.08 init               
    2 root      20   0     0    0    0 S  0.0  0.0   0:00.01 kthreadd           
    3 root      RT   0     0    0    0 S  0.0  0.0   0:00.18 migration/0        
    4 root      20   0     0    0    0 S  0.0  0.0   0:02.42 ksoftirqd/0        
--
top - 17:05:57 up 7 days,  2:35,  0 users,  load average: 1.73, 0.51, 0.16
Tasks: 490 total,   1 running, 489 sleeping,   0 stopped,   0 zombie
Cpu(s): 66.6%us,  6.2%sy,  0.0%ni, 24.4%id,  0.0%wa,  0.0%hi,  2.8%si,  0.0%st
Mem:    35.252G total,   16.384G used,   18.868G free,  196.211M buffers
Swap: 4095.969M total,    0.000k used, 4095.969M free,   12.859G cached

  PID USER      PR  NI  VIRT  RES  SHR S %CPU %MEM    TIME+  COMMAND            
44334 perftest  20   0 14.8g 2.2g  21m S 1772.2  6.2   9:02.10 java             
44843 perftest  20   0 15304 1552  936 R  2.0  0.0   0:00.45 top                
44864 perftest  20   0 98.6m  804  680 S  1.5  0.0   0:00.28 sadc               
44866 perftest  20   0 98.6m  804  680 S  1.5  0.0   0:00.29 sadc               
44877 perftest  20   0 98.6m  800  680 S  1.5  0.0   0:00.32 sadc               
44856 perftest  20   0 98.6m  800  680 S  1.0  0.0   0:00.27 sadc               
44858 perftest  20   0 98.6m  804  680 S  1.0  0.0   0:00.26 sadc               
44860 perftest  20   0 98.6m  804  680 S  1.0  0.0   0:00.27 sadc               
44861 perftest  20   0 98.6m  800  680 S  1.0  0.0   0:00.27 sadc               
44862 perftest  20   0 98.6m  800  680 S  1.0  0.0   0:00.28 sadc               
44863 perftest  20   0 98.6m  800  680 S  1.0  0.0   0:00.27 sadc               
44865 perftest  20   0 98.6m  804  680 S  1.0  0.0   0:00.27 sadc               
44867 perftest  20   0 98.6m  804  680 S  1.0  0.0   0:00.26 sadc               
44874 perftest  20   0 98.6m  804  680 S  1.0  0.0   0:00.28 sadc               
44875 perftest  20   0 98.6m  800  680 S  1.0  0.0   0:00.26 sadc               
   61 root      20   0     0    0    0 S  0.5  0.0   0:03.86 ksoftirqd/14       
   85 root      20   0     0    0    0 S  0.5  0.0   0:00.59 ksoftirqd/20       
44332 perftest  20   0  116m 1740 1088 S  0.5  0.0   0:00.06 wrapper-linux-x    
44854 perftest  20   0 98.6m  800  680 S  0.5  0.0   0:00.25 sadc               
44879 perftest  20   0  125m 4748 1800 S  0.5  0.0   0:00.24 python             
    1 root      20   0 19360 1544 1228 S  0.0  0.0   0:03.08 init               
    2 root      20   0     0    0    0 S  0.0  0.0   0:00.01 kthreadd           
    3 root      RT   0     0    0    0 S  0.0  0.0   0:00.18 migration/0        
    4 root      20   0     0    0    0 S  0.0  0.0   0:02.42 ksoftirqd/0        
--
top - 17:05:59 up 7 days,  2:35,  0 users,  load average: 1.99, 0.58, 0.18
Tasks: 490 total,   1 running, 489 sleeping,   0 stopped,   0 zombie
Cpu(s): 67.2%us,  5.9%sy,  0.0%ni, 24.0%id,  0.0%wa,  0.0%hi,  2.9%si,  0.0%st
Mem:    35.252G total,   16.383G used,   18.868G free,  196.211M buffers
Swap: 4095.969M total,    0.000k used, 4095.969M free,   12.859G cached

  PID USER      PR  NI  VIRT  RES  SHR S %CPU %MEM    TIME+  COMMAND            
44334 perftest  20   0 14.8g 2.2g  21m S 1788.4  6.2   9:38.74 java             
44843 perftest  20   0 15304 1552  936 R  2.0  0.0   0:00.49 top                
44854 perftest  20   0 98.6m  800  680 S  1.5  0.0   0:00.28 sadc               
44860 perftest  20   0 98.6m  804  680 S  1.5  0.0   0:00.30 sadc               
44863 perftest  20   0 98.6m  800  680 S  1.5  0.0   0:00.30 sadc               
44856 perftest  20   0 98.6m  800  680 S  1.0  0.0   0:00.29 sadc               
44858 perftest  20   0 98.6m  804  680 S  1.0  0.0   0:00.28 sadc               
44861 perftest  20   0 98.6m  800  680 S  1.0  0.0   0:00.29 sadc               
44862 perftest  20   0 98.6m  800  680 S  1.0  0.0   0:00.30 sadc               
44865 perftest  20   0 98.6m  804  680 S  1.0  0.0   0:00.29 sadc               
44866 perftest  20   0 98.6m  804  680 S  1.0  0.0   0:00.31 sadc               
44867 perftest  20   0 98.6m  804  680 S  1.0  0.0   0:00.28 sadc               
44874 perftest  20   0 98.6m  804  680 S  1.0  0.0   0:00.30 sadc               
44875 perftest  20   0 98.6m  800  680 S  1.0  0.0   0:00.28 sadc               
  100 root      20   0     0    0    0 S  0.5  0.0   0:18.00 events/1           
44864 perftest  20   0 98.6m  804  680 S  0.5  0.0   0:00.29 sadc               
44877 perftest  20   0 98.6m  800  680 S  0.5  0.0   0:00.33 sadc               
44879 perftest  20   0  125m 4748 1800 S  0.5  0.0   0:00.25 python             
    1 root      20   0 19360 1544 1228 S  0.0  0.0   0:03.08 init               
    2 root      20   0     0    0    0 S  0.0  0.0   0:00.01 kthreadd           
    3 root      RT   0     0    0    0 S  0.0  0.0   0:00.18 migration/0        
    4 root      20   0     0    0    0 S  0.0  0.0   0:02.42 ksoftirqd/0        
    5 root      RT   0     0    0    0 S  0.0  0.0   0:00.00 migration/0        
    6 root      RT   0     0    0    0 S  0.0  0.0   0:00.63 watchdog/0         
--
top - 17:06:01 up 7 days,  2:35,  0 users,  load average: 1.99, 0.58, 0.18
Tasks: 492 total,   2 running, 490 sleeping,   0 stopped,   0 zombie
Cpu(s): 67.1%us,  6.2%sy,  0.0%ni, 23.9%id,  0.0%wa,  0.0%hi,  2.8%si,  0.0%st
Mem:    35.252G total,   16.383G used,   18.868G free,  196.211M buffers
Swap: 4095.969M total,    0.000k used, 4095.969M free,   12.859G cached

  PID USER      PR  NI  VIRT  RES  SHR S %CPU %MEM    TIME+  COMMAND            
44334 perftest  20   0 14.8g 2.2g  21m S 1785.5  6.2  10:15.35 java             
45200 perftest  20   0  107m 1160  960 R  5.4  0.0   0:00.11 ps                 
44843 perftest  20   0 15304 1552  936 R  2.0  0.0   0:00.53 top                
44862 perftest  20   0 98.6m  800  680 S  1.5  0.0   0:00.33 sadc               
44865 perftest  20   0 98.6m  804  680 S  1.5  0.0   0:00.32 sadc               
44875 perftest  20   0 98.6m  800  680 S  1.5  0.0   0:00.31 sadc               
44877 perftest  20   0 98.6m  800  680 S  1.5  0.0   0:00.36 sadc               
44879 perftest  20   0  125m 4748 1800 S  1.5  0.0   0:00.28 python             
44854 perftest  20   0 98.6m  800  680 S  1.0  0.0   0:00.30 sadc               
44856 perftest  20   0 98.6m  800  680 S  1.0  0.0   0:00.31 sadc               
44858 perftest  20   0 98.6m  804  680 S  1.0  0.0   0:00.30 sadc               
44860 perftest  20   0 98.6m  804  680 S  1.0  0.0   0:00.32 sadc               
44861 perftest  20   0 98.6m  800  680 S  1.0  0.0   0:00.31 sadc               
44863 perftest  20   0 98.6m  800  680 S  1.0  0.0   0:00.32 sadc               
44864 perftest  20   0 98.6m  804  680 S  1.0  0.0   0:00.31 sadc               
44866 perftest  20   0 98.6m  804  680 S  1.0  0.0   0:00.33 sadc               
44867 perftest  20   0 98.6m  804  680 S  1.0  0.0   0:00.30 sadc               
44874 perftest  20   0 98.6m  804  680 S  1.0  0.0   0:00.32 sadc               
   29 root      20   0     0    0    0 S  0.5  0.0   0:00.92 ksoftirqd/6        
 4380 root      20   0 3131m 233m  12m S  0.5  0.6  12:27.86 dsm_om_connsvcd    
44868 perftest  20   0  119m  16m 1028 S  0.5  0.0   0:00.35 sh                 
    1 root      20   0 19360 1544 1228 S  0.0  0.0   0:03.08 init               
    2 root      20   0     0    0    0 S  0.0  0.0   0:00.01 kthreadd           
    3 root      RT   0     0    0    0 S  0.0  0.0   0:00.18 migration/0        
--
top - 17:06:03 up 7 days,  2:35,  0 users,  load average: 1.83, 0.57, 0.18
Tasks: 490 total,   1 running, 489 sleeping,   0 stopped,   0 zombie
Cpu(s): 66.9%us,  6.2%sy,  0.3%ni, 23.7%id,  0.0%wa,  0.0%hi,  2.9%si,  0.0%st
Mem:    35.252G total,   16.383G used,   18.869G free,  196.211M buffers
Swap: 4095.969M total,    0.000k used, 4095.969M free,   12.859G cached

  PID USER      PR  NI  VIRT  RES  SHR S %CPU %MEM    TIME+  COMMAND            
44334 perftest  20   0 14.8g 2.2g  21m S 1788.3  6.2  10:51.89 java             
44843 perftest  20   0 15304 1552  936 R  2.0  0.0   0:00.57 top                
44854 perftest  20   0 98.6m  800  680 S  1.5  0.0   0:00.33 sadc               
44856 perftest  20   0 98.6m  800  680 S  1.5  0.0   0:00.34 sadc               
44858 perftest  20   0 98.6m  804  680 S  1.5  0.0   0:00.33 sadc               
44861 perftest  20   0 98.6m  800  680 S  1.5  0.0   0:00.34 sadc               
44863 perftest  20   0 98.6m  800  680 S  1.5  0.0   0:00.35 sadc               
44864 perftest  20   0 98.6m  804  680 S  1.5  0.0   0:00.34 sadc               
44865 perftest  20   0 98.6m  804  680 S  1.5  0.0   0:00.35 sadc               
44866 perftest  20   0 98.6m  804  680 S  1.5  0.0   0:00.36 sadc               
44877 perftest  20   0 98.6m  800  680 S  1.5  0.0   0:00.39 sadc               
44860 perftest  20   0 98.6m  804  680 S  1.0  0.0   0:00.34 sadc               
44862 perftest  20   0 98.6m  800  680 S  1.0  0.0   0:00.35 sadc               
44867 perftest  20   0 98.6m  804  680 S  1.0  0.0   0:00.32 sadc               
44874 perftest  20   0 98.6m  804  680 S  1.0  0.0   0:00.34 sadc               
44875 perftest  20   0 98.6m  800  680 S  1.0  0.0   0:00.33 sadc               
44879 perftest  20   0  125m 4748 1800 S  1.0  0.0   0:00.30 python             
  114 root      20   0     0    0    0 S  0.5  0.0   0:19.15 events/15          
 4380 root      20   0 3131m 233m  12m S  0.5  0.6  12:27.87 dsm_om_connsvcd    
44572 perftest  20   0 98284 1812  844 S  0.5  0.0   0:00.02 sshd               
44878 perftest  20   0  119m  16m 1028 S  0.5  0.0   0:00.34 sh                 
    1 root      20   0 19360 1544 1228 S  0.0  0.0   0:03.08 init               
    2 root      20   0     0    0    0 S  0.0  0.0   0:00.01 kthreadd           
    3 root      RT   0     0    0    0 S  0.0  0.0   0:00.18 migration/0        
--
top - 17:06:05 up 7 days,  2:35,  0 users,  load average: 1.83, 0.57, 0.18
Tasks: 490 total,   1 running, 489 sleeping,   0 stopped,   0 zombie
Cpu(s): 66.1%us,  6.3%sy,  0.0%ni, 24.9%id,  0.0%wa,  0.0%hi,  2.7%si,  0.0%st
Mem:    35.252G total,   16.382G used,   18.870G free,  196.211M buffers
Swap: 4095.969M total,    0.000k used, 4095.969M free,   12.859G cached

  PID USER      PR  NI  VIRT  RES  SHR S %CPU %MEM    TIME+  COMMAND            
44334 perftest  20   0 14.8g 2.2g  21m S 1768.9  6.2  11:28.06 java             
44843 perftest  20   0 15304 1552  936 R  2.0  0.0   0:00.61 top                
44860 perftest  20   0 98.6m  804  680 S  1.5  0.0   0:00.37 sadc               
44861 perftest  20   0 98.6m  800  680 S  1.5  0.0   0:00.37 sadc               
44867 perftest  20   0 98.6m  804  680 S  1.5  0.0   0:00.35 sadc               
44874 perftest  20   0 98.6m  804  680 S  1.5  0.0   0:00.37 sadc               
44875 perftest  20   0 98.6m  800  680 S  1.5  0.0   0:00.36 sadc               
44854 perftest  20   0 98.6m  800  680 S  1.0  0.0   0:00.35 sadc               
44856 perftest  20   0 98.6m  800  680 S  1.0  0.0   0:00.36 sadc               
44858 perftest  20   0 98.6m  804  680 S  1.0  0.0   0:00.35 sadc               
44862 perftest  20   0 98.6m  800  680 S  1.0  0.0   0:00.37 sadc               
44863 perftest  20   0 98.6m  800  680 S  1.0  0.0   0:00.37 sadc               
44864 perftest  20   0 98.6m  804  680 S  1.0  0.0   0:00.36 sadc               
44865 perftest  20   0 98.6m  804  680 S  1.0  0.0   0:00.37 sadc               
44866 perftest  20   0 98.6m  804  680 S  1.0  0.0   0:00.38 sadc               
44877 perftest  20   0 98.6m  800  680 S  1.0  0.0   0:00.41 sadc               
44332 perftest  20   0  116m 1740 1088 S  0.5  0.0   0:00.07 wrapper-linux-x    
44879 perftest  20   0  125m 4748 1800 S  0.5  0.0   0:00.31 python             
    1 root      20   0 19360 1544 1228 S  0.0  0.0   0:03.08 init               
    2 root      20   0     0    0    0 S  0.0  0.0   0:00.01 kthreadd           
    3 root      RT   0     0    0    0 S  0.0  0.0   0:00.18 migration/0        
    4 root      20   0     0    0    0 S  0.0  0.0   0:02.42 ksoftirqd/0        
    5 root      RT   0     0    0    0 S  0.0  0.0   0:00.00 migration/0        
    6 root      RT   0     0    0    0 S  0.0  0.0   0:00.63 watchdog/0         
--
top - 17:06:07 up 7 days,  2:35,  0 users,  load average: 1.83, 0.57, 0.18
Tasks: 490 total,   1 running, 489 sleeping,   0 stopped,   0 zombie
Cpu(s): 67.3%us,  6.3%sy,  0.0%ni, 23.8%id,  0.0%wa,  0.0%hi,  2.7%si,  0.0%st
Mem:    35.252G total,   16.380G used,   18.872G free,  196.211M buffers
Swap: 4095.969M total,    0.000k used, 4095.969M free,   12.859G cached

  PID USER      PR  NI  VIRT  RES  SHR S %CPU %MEM    TIME+  COMMAND            
44334 perftest  20   0 14.8g 2.2g  21m S 1784.4  6.2  12:04.64 java             
44843 perftest  20   0 15304 1552  936 R  2.0  0.0   0:00.65 top                
44854 perftest  20   0 98.6m  800  680 S  1.5  0.0   0:00.38 sadc               
44858 perftest  20   0 98.6m  804  680 S  1.5  0.0   0:00.38 sadc               
44860 perftest  20   0 98.6m  804  680 S  1.5  0.0   0:00.40 sadc               
44864 perftest  20   0 98.6m  804  680 S  1.5  0.0   0:00.39 sadc               
44856 perftest  20   0 98.6m  800  680 S  1.0  0.0   0:00.38 sadc               
44861 perftest  20   0 98.6m  800  680 S  1.0  0.0   0:00.39 sadc               
44862 perftest  20   0 98.6m  800  680 S  1.0  0.0   0:00.39 sadc               
44863 perftest  20   0 98.6m  800  680 S  1.0  0.0   0:00.39 sadc               
44865 perftest  20   0 98.6m  804  680 S  1.0  0.0   0:00.39 sadc               
44866 perftest  20   0 98.6m  804  680 S  1.0  0.0   0:00.40 sadc               
44867 perftest  20   0 98.6m  804  680 S  1.0  0.0   0:00.37 sadc               
44874 perftest  20   0 98.6m  804  680 S  1.0  0.0   0:00.39 sadc               
44875 perftest  20   0 98.6m  800  680 S  1.0  0.0   0:00.38 sadc               
44877 perftest  20   0 98.6m  800  680 S  1.0  0.0   0:00.43 sadc               
44879 perftest  20   0  125m 4748 1800 S  1.0  0.0   0:00.33 python             
44868 perftest  20   0  119m  16m 1028 S  0.5  0.0   0:00.36 sh                 
    1 root      20   0 19360 1544 1228 S  0.0  0.0   0:03.08 init               
    2 root      20   0     0    0    0 S  0.0  0.0   0:00.01 kthreadd           
    3 root      RT   0     0    0    0 S  0.0  0.0   0:00.18 migration/0        
    4 root      20   0     0    0    0 S  0.0  0.0   0:02.42 ksoftirqd/0        
    5 root      RT   0     0    0    0 S  0.0  0.0   0:00.00 migration/0        
    6 root      RT   0     0    0    0 S  0.0  0.0   0:00.63 watchdog/0         
--
top - 17:06:09 up 7 days,  2:35,  0 users,  load average: 1.69, 0.56, 0.18
Tasks: 490 total,   1 running, 489 sleeping,   0 stopped,   0 zombie
Cpu(s): 67.1%us,  6.2%sy,  0.0%ni, 24.2%id,  0.0%wa,  0.0%hi,  2.6%si,  0.0%st
Mem:    35.252G total,   16.379G used,   18.873G free,  196.211M buffers
Swap: 4095.969M total,    0.000k used, 4095.969M free,   12.859G cached

  PID USER      PR  NI  VIRT  RES  SHR S %CPU %MEM    TIME+  COMMAND            
44334 perftest  20   0 14.8g 2.2g  21m S 1776.4  6.2  12:40.91 java             
44843 perftest  20   0 15304 1552  936 R  2.0  0.0   0:00.69 top                
44862 perftest  20   0 98.6m  800  680 S  2.0  0.0   0:00.43 sadc               
44863 perftest  20   0 98.6m  800  680 S  1.5  0.0   0:00.42 sadc               
44865 perftest  20   0 98.6m  804  680 S  1.5  0.0   0:00.42 sadc               
44875 perftest  20   0 98.6m  800  680 S  1.5  0.0   0:00.41 sadc               
44854 perftest  20   0 98.6m  800  680 S  1.0  0.0   0:00.40 sadc               
44856 perftest  20   0 98.6m  800  680 S  1.0  0.0   0:00.40 sadc               
44860 perftest  20   0 98.6m  804  680 S  1.0  0.0   0:00.42 sadc               
44861 perftest  20   0 98.6m  800  680 S  1.0  0.0   0:00.41 sadc               
44864 perftest  20   0 98.6m  804  680 S  1.0  0.0   0:00.41 sadc               
44866 perftest  20   0 98.6m  804  680 S  1.0  0.0   0:00.42 sadc               
44867 perftest  20   0 98.6m  804  680 S  1.0  0.0   0:00.39 sadc               
44874 perftest  20   0 98.6m  804  680 S  1.0  0.0   0:00.41 sadc               
44877 perftest  20   0 98.6m  800  680 S  1.0  0.0   0:00.45 sadc               
44858 perftest  20   0 98.6m  804  680 S  0.5  0.0   0:00.39 sadc               
44878 perftest  20   0  119m  16m 1028 S  0.5  0.0   0:00.35 sh                 
44879 perftest  20   0  125m 4748 1800 S  0.5  0.0   0:00.34 python             
    1 root      20   0 19360 1544 1228 S  0.0  0.0   0:03.08 init               
    2 root      20   0     0    0    0 S  0.0  0.0   0:00.01 kthreadd           
    3 root      RT   0     0    0    0 S  0.0  0.0   0:00.18 migration/0        
    4 root      20   0     0    0    0 S  0.0  0.0   0:02.42 ksoftirqd/0        
    5 root      RT   0     0    0    0 S  0.0  0.0   0:00.00 migration/0        
    6 root      RT   0     0    0    0 S  0.0  0.0   0:00.63 watchdog/0         
--
top - 17:06:11 up 7 days,  2:35,  0 users,  load average: 1.69, 0.56, 0.18
Tasks: 490 total,   1 running, 489 sleeping,   0 stopped,   0 zombie
Cpu(s): 67.0%us,  6.7%sy,  0.0%ni, 23.7%id,  0.0%wa,  0.0%hi,  2.6%si,  0.0%st
Mem:    35.252G total,   16.381G used,   18.871G free,  196.211M buffers
Swap: 4095.969M total,    0.000k used, 4095.969M free,   12.859G cached

  PID USER      PR  NI  VIRT  RES  SHR S %CPU %MEM    TIME+  COMMAND            
44334 perftest  20   0 14.8g 2.2g  21m S 1795.2  6.2  13:17.54 java             
44843 perftest  20   0 15304 1552  936 R  2.0  0.0   0:00.73 top                
44856 perftest  20   0 98.6m  800  680 S  2.0  0.0   0:00.44 sadc               
44867 perftest  20   0 98.6m  804  680 S  2.0  0.0   0:00.43 sadc               
44861 perftest  20   0 98.6m  800  680 S  1.5  0.0   0:00.44 sadc               
44866 perftest  20   0 98.6m  804  680 S  1.5  0.0   0:00.45 sadc               
44874 perftest  20   0 98.6m  804  680 S  1.5  0.0   0:00.44 sadc               
44877 perftest  20   0 98.6m  800  680 S  1.5  0.0   0:00.48 sadc               
44879 perftest  20   0  125m 4748 1800 S  1.5  0.0   0:00.37 python             
44854 perftest  20   0 98.6m  800  680 S  1.0  0.0   0:00.42 sadc               
44858 perftest  20   0 98.6m  804  680 S  1.0  0.0   0:00.41 sadc               
44860 perftest  20   0 98.6m  804  680 S  1.0  0.0   0:00.44 sadc               
44862 perftest  20   0 98.6m  800  680 S  1.0  0.0   0:00.45 sadc               
44863 perftest  20   0 98.6m  800  680 S  1.0  0.0   0:00.44 sadc               
44864 perftest  20   0 98.6m  804  680 S  1.0  0.0   0:00.43 sadc               
44865 perftest  20   0 98.6m  804  680 S  1.0  0.0   0:00.44 sadc               
  113 root      20   0     0    0    0 S  0.5  0.0   0:31.75 events/14          
 2982 root      20   0 10948  680  432 S  0.5  0.0   2:39.34 irqbalance         
44332 perftest  20   0  116m 1740 1088 S  0.5  0.0   0:00.08 wrapper-linux-x    
44868 perftest  20   0  119m  16m 1028 S  0.5  0.0   0:00.37 sh                 
44875 perftest  20   0 98.6m  800  680 S  0.5  0.0   0:00.42 sadc               
    1 root      20   0 19360 1544 1228 S  0.0  0.0   0:03.08 init               
    2 root      20   0     0    0    0 S  0.0  0.0   0:00.01 kthreadd           
    3 root      RT   0     0    0    0 S  0.0  0.0   0:00.18 migration/0        
--
top - 17:06:13 up 7 days,  2:35,  0 users,  load average: 1.71, 0.58, 0.19
Tasks: 490 total,   1 running, 489 sleeping,   0 stopped,   0 zombie
Cpu(s): 68.0%us,  6.8%sy,  0.0%ni, 22.6%id,  0.0%wa,  0.0%hi,  2.6%si,  0.0%st
Mem:    35.252G total,   16.383G used,   18.869G free,  196.211M buffers
Swap: 4095.969M total,    0.000k used, 4095.969M free,   12.859G cached

  PID USER      PR  NI  VIRT  RES  SHR S %CPU %MEM    TIME+  COMMAND            
44334 perftest  20   0 14.8g 2.2g  21m S 1817.6  6.2  13:54.74 java             
44843 perftest  20   0 15304 1552  936 R  2.0  0.0   0:00.77 top                
44860 perftest  20   0 98.6m  804  680 S  2.0  0.0   0:00.48 sadc               
44854 perftest  20   0 98.6m  800  680 S  1.5  0.0   0:00.45 sadc               
44858 perftest  20   0 98.6m  804  680 S  1.5  0.0   0:00.44 sadc               
44866 perftest  20   0 98.6m  804  680 S  1.5  0.0   0:00.48 sadc               
44875 perftest  20   0 98.6m  800  680 S  1.5  0.0   0:00.45 sadc               
44856 perftest  20   0 98.6m  800  680 S  1.0  0.0   0:00.46 sadc               
44861 perftest  20   0 98.6m  800  680 S  1.0  0.0   0:00.46 sadc               
44862 perftest  20   0 98.6m  800  680 S  1.0  0.0   0:00.47 sadc               
44863 perftest  20   0 98.6m  800  680 S  1.0  0.0   0:00.46 sadc               
44864 perftest  20   0 98.6m  804  680 S  1.0  0.0   0:00.45 sadc               
44865 perftest  20   0 98.6m  804  680 S  1.0  0.0   0:00.46 sadc               
44867 perftest  20   0 98.6m  804  680 S  1.0  0.0   0:00.45 sadc               
44874 perftest  20   0 98.6m  804  680 S  1.0  0.0   0:00.46 sadc               
44877 perftest  20   0 98.6m  800  680 S  1.0  0.0   0:00.50 sadc               
  109 root      20   0     0    0    0 S  0.5  0.0   0:15.16 events/10          
 4171 root      20   0 1126m  20m 5268 S  0.5  0.1   7:51.26 dsm_sa_datamgrd    
44879 perftest  20   0  125m 4748 1800 S  0.5  0.0   0:00.38 python             
    1 root      20   0 19360 1544 1228 S  0.0  0.0   0:03.08 init               
    2 root      20   0     0    0    0 S  0.0  0.0   0:00.01 kthreadd           
    3 root      RT   0     0    0    0 S  0.0  0.0   0:00.18 migration/0        
    4 root      20   0     0    0    0 S  0.0  0.0   0:02.42 ksoftirqd/0        
    5 root      RT   0     0    0    0 S  0.0  0.0   0:00.00 migration/0        
--
top - 17:06:15 up 7 days,  2:36,  0 users,  load average: 1.71, 0.58, 0.19
Tasks: 490 total,   1 running, 489 sleeping,   0 stopped,   0 zombie
Cpu(s): 66.6%us,  6.3%sy,  0.0%ni, 24.4%id,  0.0%wa,  0.0%hi,  2.7%si,  0.0%st
Mem:    35.252G total,   16.382G used,   18.870G free,  196.211M buffers
Swap: 4095.969M total,    0.000k used, 4095.969M free,   12.859G cached

  PID USER      PR  NI  VIRT  RES  SHR S %CPU %MEM    TIME+  COMMAND            
44334 perftest  20   0 14.8g 2.2g  21m S 1779.1  6.2  14:31.09 java             
44843 perftest  20   0 15304 1552  936 R  2.0  0.0   0:00.81 top                
44864 perftest  20   0 98.6m  804  680 S  2.0  0.0   0:00.49 sadc               
44863 perftest  20   0 98.6m  800  680 S  1.5  0.0   0:00.49 sadc               
44865 perftest  20   0 98.6m  804  680 S  1.5  0.0   0:00.49 sadc               
44875 perftest  20   0 98.6m  800  680 S  1.5  0.0   0:00.48 sadc               
44854 perftest  20   0 98.6m  800  680 S  1.0  0.0   0:00.47 sadc               
44856 perftest  20   0 98.6m  800  680 S  1.0  0.0   0:00.48 sadc               
44858 perftest  20   0 98.6m  804  680 S  1.0  0.0   0:00.46 sadc               
44860 perftest  20   0 98.6m  804  680 S  1.0  0.0   0:00.50 sadc               
44861 perftest  20   0 98.6m  800  680 S  1.0  0.0   0:00.48 sadc               
44862 perftest  20   0 98.6m  800  680 S  1.0  0.0   0:00.49 sadc               
44866 perftest  20   0 98.6m  804  680 S  1.0  0.0   0:00.50 sadc               
44867 perftest  20   0 98.6m  804  680 S  1.0  0.0   0:00.47 sadc               
44874 perftest  20   0 98.6m  804  680 S  1.0  0.0   0:00.48 sadc               
44879 perftest  20   0  125m 4748 1800 S  1.0  0.0   0:00.40 python             
   27 root      RT   0     0    0    0 S  0.5  0.0   0:00.10 migration/6        
   81 root      20   0     0    0    0 S  0.5  0.0   0:00.69 ksoftirqd/19       
 4171 root      20   0 1126m  20m 5268 S  0.5  0.1   7:51.27 dsm_sa_datamgrd    
 4356 root      20   0  427m 7212 3224 S  0.5  0.0   3:30.62 dsm_sa_snmpd       
44868 perftest  20   0  119m  16m 1028 S  0.5  0.0   0:00.38 sh                 
44877 perftest  20   0 98.6m  800  680 S  0.5  0.0   0:00.51 sadc               
    1 root      20   0 19360 1544 1228 S  0.0  0.0   0:03.08 init               
    2 root      20   0     0    0    0 S  0.0  0.0   0:00.01 kthreadd           
--
top - 17:06:17 up 7 days,  2:36,  0 users,  load average: 2.30, 0.72, 0.24
Tasks: 490 total,   1 running, 489 sleeping,   0 stopped,   0 zombie
Cpu(s): 66.4%us,  6.5%sy,  0.0%ni, 24.6%id,  0.0%wa,  0.0%hi,  2.6%si,  0.0%st
Mem:    35.252G total,   16.381G used,   18.870G free,  196.211M buffers
Swap: 4095.969M total,    0.000k used, 4095.969M free,   12.859G cached

  PID USER      PR  NI  VIRT  RES  SHR S %CPU %MEM    TIME+  COMMAND            
44334 perftest  20   0 14.8g 2.2g  21m S 1768.5  6.2  15:07.22 java             
44843 perftest  20   0 15304 1552  936 R  2.0  0.0   0:00.85 top                
44854 perftest  20   0 98.6m  800  680 S  1.5  0.0   0:00.50 sadc               
44858 perftest  20   0 98.6m  804  680 S  1.5  0.0   0:00.49 sadc               
44862 perftest  20   0 98.6m  800  680 S  1.5  0.0   0:00.52 sadc               
44864 perftest  20   0 98.6m  804  680 S  1.5  0.0   0:00.52 sadc               
44865 perftest  20   0 98.6m  804  680 S  1.5  0.0   0:00.52 sadc               
44866 perftest  20   0 98.6m  804  680 S  1.5  0.0   0:00.53 sadc               
44874 perftest  20   0 98.6m  804  680 S  1.5  0.0   0:00.51 sadc               
44856 perftest  20   0 98.6m  800  680 S  1.0  0.0   0:00.50 sadc               
44860 perftest  20   0 98.6m  804  680 S  1.0  0.0   0:00.52 sadc               
44861 perftest  20   0 98.6m  800  680 S  1.0  0.0   0:00.50 sadc               
44863 perftest  20   0 98.6m  800  680 S  1.0  0.0   0:00.51 sadc               
44867 perftest  20   0 98.6m  804  680 S  1.0  0.0   0:00.49 sadc               
44875 perftest  20   0 98.6m  800  680 S  1.0  0.0   0:00.50 sadc               
44877 perftest  20   0 98.6m  800  680 S  1.0  0.0   0:00.53 sadc               
44879 perftest  20   0  125m 4748 1800 S  1.0  0.0   0:00.42 python             
44572 perftest  20   0 98284 1812  844 S  0.5  0.0   0:00.03 sshd               
44878 perftest  20   0  119m  16m 1028 S  0.5  0.0   0:00.36 sh                 
    1 root      20   0 19360 1544 1228 S  0.0  0.0   0:03.08 init               
    2 root      20   0     0    0    0 S  0.0  0.0   0:00.01 kthreadd           
    3 root      RT   0     0    0    0 S  0.0  0.0   0:00.18 migration/0        
    4 root      20   0     0    0    0 S  0.0  0.0   0:02.42 ksoftirqd/0        
    5 root      RT   0     0    0    0 S  0.0  0.0   0:00.00 migration/0        
--
top - 17:06:19 up 7 days,  2:36,  0 users,  load average: 2.30, 0.72, 0.24
Tasks: 490 total,   1 running, 489 sleeping,   0 stopped,   0 zombie
Cpu(s): 67.3%us,  6.3%sy,  0.0%ni, 23.7%id,  0.0%wa,  0.0%hi,  2.7%si,  0.0%st
Mem:    35.252G total,   16.380G used,   18.872G free,  196.211M buffers
Swap: 4095.969M total,    0.000k used, 4095.969M free,   12.859G cached

  PID USER      PR  NI  VIRT  RES  SHR S %CPU %MEM    TIME+  COMMAND            
44334 perftest  20   0 14.8g 2.2g  21m S 1792.2  6.2  15:43.78 java             
44843 perftest  20   0 15304 1552  936 R  2.0  0.0   0:00.89 top                
44877 perftest  20   0 98.6m  800  680 S  2.0  0.0   0:00.57 sadc               
44858 perftest  20   0 98.6m  804  680 S  1.5  0.0   0:00.52 sadc               
44867 perftest  20   0 98.6m  804  680 S  1.5  0.0   0:00.52 sadc               
44854 perftest  20   0 98.6m  800  680 S  1.0  0.0   0:00.52 sadc               
44856 perftest  20   0 98.6m  800  680 S  1.0  0.0   0:00.52 sadc               
44860 perftest  20   0 98.6m  804  680 S  1.0  0.0   0:00.54 sadc               
44861 perftest  20   0 98.6m  800  680 S  1.0  0.0   0:00.52 sadc               
44862 perftest  20   0 98.6m  800  680 S  1.0  0.0   0:00.54 sadc               
44863 perftest  20   0 98.6m  800  680 S  1.0  0.0   0:00.53 sadc               
44864 perftest  20   0 98.6m  804  680 S  1.0  0.0   0:00.54 sadc               
44865 perftest  20   0 98.6m  804  680 S  1.0  0.0   0:00.54 sadc               
44866 perftest  20   0 98.6m  804  680 S  1.0  0.0   0:00.55 sadc               
44874 perftest  20   0 98.6m  804  680 S  1.0  0.0   0:00.53 sadc               
44879 perftest  20   0  125m 4748 1800 S  1.0  0.0   0:00.44 python             
 4380 root      20   0 3131m 233m  12m S  0.5  0.6  12:27.88 dsm_om_connsvcd    
44875 perftest  20   0 98.6m  800  680 S  0.5  0.0   0:00.51 sadc               
    1 root      20   0 19360 1544 1228 S  0.0  0.0   0:03.08 init               
    2 root      20   0     0    0    0 S  0.0  0.0   0:00.01 kthreadd           
    3 root      RT   0     0    0    0 S  0.0  0.0   0:00.18 migration/0        
    4 root      20   0     0    0    0 S  0.0  0.0   0:02.42 ksoftirqd/0        
    5 root      RT   0     0    0    0 S  0.0  0.0   0:00.00 migration/0        
    6 root      RT   0     0    0    0 S  0.0  0.0   0:00.63 watchdog/0         
--
top - 17:06:21 up 7 days,  2:36,  0 users,  load average: 2.30, 0.72, 0.24
Tasks: 490 total,   1 running, 489 sleeping,   0 stopped,   0 zombie
Cpu(s): 68.2%us,  6.4%sy,  0.0%ni, 22.8%id,  0.0%wa,  0.0%hi,  2.6%si,  0.0%st
Mem:    35.252G total,   16.382G used,   18.870G free,  196.211M buffers
Swap: 4095.969M total,    0.000k used, 4095.969M free,   12.859G cached

  PID USER      PR  NI  VIRT  RES  SHR S %CPU %MEM    TIME+  COMMAND            
44334 perftest  20   0 14.8g 2.2g  21m S 1813.7  6.2  16:20.83 java             
44856 perftest  20   0 98.6m  800  680 S  2.0  0.0   0:00.56 sadc               
44843 perftest  20   0 15304 1552  936 R  1.5  0.0   0:00.92 top                
44860 perftest  20   0 98.6m  804  680 S  1.5  0.0   0:00.57 sadc               
44861 perftest  20   0 98.6m  800  680 S  1.5  0.0   0:00.55 sadc               
44864 perftest  20   0 98.6m  804  680 S  1.5  0.0   0:00.57 sadc               
44865 perftest  20   0 98.6m  804  680 S  1.5  0.0   0:00.57 sadc               
44867 perftest  20   0 98.6m  804  680 S  1.5  0.0   0:00.55 sadc               
44875 perftest  20   0 98.6m  800  680 S  1.5  0.0   0:00.54 sadc               
44854 perftest  20   0 98.6m  800  680 S  1.0  0.0   0:00.54 sadc               
44858 perftest  20   0 98.6m  804  680 S  1.0  0.0   0:00.54 sadc               
44862 perftest  20   0 98.6m  800  680 S  1.0  0.0   0:00.56 sadc               
44863 perftest  20   0 98.6m  800  680 S  1.0  0.0   0:00.55 sadc               
44866 perftest  20   0 98.6m  804  680 S  1.0  0.0   0:00.57 sadc               
44874 perftest  20   0 98.6m  804  680 S  1.0  0.0   0:00.55 sadc               
44877 perftest  20   0 98.6m  800  680 S  1.0  0.0   0:00.59 sadc               
44879 perftest  20   0  125m 4748 1800 S  1.0  0.0   0:00.46 python             
44332 perftest  20   0  116m 1740 1088 S  0.5  0.0   0:00.09 wrapper-linux-x    
44868 perftest  20   0  119m  16m 1028 S  0.5  0.0   0:00.39 sh                 
    1 root      20   0 19360 1544 1228 S  0.0  0.0   0:03.08 init               
    2 root      20   0     0    0    0 S  0.0  0.0   0:00.01 kthreadd           
    3 root      RT   0     0    0    0 S  0.0  0.0   0:00.18 migration/0        
    4 root      20   0     0    0    0 S  0.0  0.0   0:02.42 ksoftirqd/0        
    5 root      RT   0     0    0    0 S  0.0  0.0   0:00.00 migration/0        
--
top - 17:06:23 up 7 days,  2:36,  0 users,  load average: 2.67, 0.83, 0.27
Tasks: 490 total,   1 running, 489 sleeping,   0 stopped,   0 zombie
Cpu(s): 65.5%us,  6.4%sy,  0.0%ni, 25.5%id,  0.0%wa,  0.0%hi,  2.6%si,  0.0%st
Mem:    35.252G total,   16.382G used,   18.870G free,  196.211M buffers
Swap: 4095.969M total,    0.000k used, 4095.969M free,   12.859G cached

  PID USER      PR  NI  VIRT  RES  SHR S %CPU %MEM    TIME+  COMMAND            
44334 perftest  20   0 14.8g 2.2g  21m S 1747.8  6.2  16:56.52 java             
44843 perftest  20   0 15304 1552  936 R  2.4  0.0   0:00.97 top                
44854 perftest  20   0 98.6m  800  680 S  2.0  0.0   0:00.58 sadc               
44858 perftest  20   0 98.6m  804  680 S  2.0  0.0   0:00.58 sadc               
44861 perftest  20   0 98.6m  800  680 S  1.5  0.0   0:00.58 sadc               
44862 perftest  20   0 98.6m  800  680 S  1.5  0.0   0:00.59 sadc               
44863 perftest  20   0 98.6m  800  680 S  1.5  0.0   0:00.58 sadc               
44874 perftest  20   0 98.6m  804  680 S  1.5  0.0   0:00.58 sadc               
44856 perftest  20   0 98.6m  800  680 S  1.0  0.0   0:00.58 sadc               
44860 perftest  20   0 98.6m  804  680 S  1.0  0.0   0:00.59 sadc               
44864 perftest  20   0 98.6m  804  680 S  1.0  0.0   0:00.59 sadc               
44865 perftest  20   0 98.6m  804  680 S  1.0  0.0   0:00.59 sadc               
44866 perftest  20   0 98.6m  804  680 S  1.0  0.0   0:00.59 sadc               
44867 perftest  20   0 98.6m  804  680 S  1.0  0.0   0:00.57 sadc               
44875 perftest  20   0 98.6m  800  680 S  1.0  0.0   0:00.56 sadc               
44877 perftest  20   0 98.6m  800  680 S  1.0  0.0   0:00.61 sadc               
44574 perftest  20   0 98.6m  596  512 S  0.5  0.0   0:00.03 tail               
44879 perftest  20   0  125m 4748 1800 S  0.5  0.0   0:00.47 python             
    1 root      20   0 19360 1544 1228 S  0.0  0.0   0:03.08 init               
    2 root      20   0     0    0    0 S  0.0  0.0   0:00.01 kthreadd           
    3 root      RT   0     0    0    0 S  0.0  0.0   0:00.18 migration/0        
    4 root      20   0     0    0    0 S  0.0  0.0   0:02.42 ksoftirqd/0        
    5 root      RT   0     0    0    0 S  0.0  0.0   0:00.00 migration/0        
    6 root      RT   0     0    0    0 S  0.0  0.0   0:00.63 watchdog/0         
--
top - 17:06:25 up 7 days,  2:36,  0 users,  load average: 2.67, 0.83, 0.27
Tasks: 492 total,   2 running, 490 sleeping,   0 stopped,   0 zombie
Cpu(s): 66.1%us,  6.4%sy,  0.0%ni, 24.8%id,  0.0%wa,  0.0%hi,  2.6%si,  0.0%st
Mem:    35.252G total,   16.382G used,   18.870G free,  196.211M buffers
Swap: 4095.969M total,    0.000k used, 4095.969M free,   12.859G cached

  PID USER      PR  NI  VIRT  RES  SHR S %CPU %MEM    TIME+  COMMAND            
44334 perftest  20   0 14.8g 2.2g  21m S 1768.4  6.2  17:32.70 java             
45296 perftest  20   0  107m 1160  960 R  8.8  0.0   0:00.18 ps                 
44860 perftest  20   0 98.6m  804  680 S  2.0  0.0   0:00.63 sadc               
44843 perftest  20   0 15304 1552  936 R  1.5  0.0   0:01.00 top                
44865 perftest  20   0 98.6m  804  680 S  1.5  0.0   0:00.62 sadc               
44866 perftest  20   0 98.6m  804  680 S  1.5  0.0   0:00.62 sadc               
44867 perftest  20   0 98.6m  804  680 S  1.5  0.0   0:00.60 sadc               
44877 perftest  20   0 98.6m  800  680 S  1.5  0.0   0:00.64 sadc               
44854 perftest  20   0 98.6m  800  680 S  1.0  0.0   0:00.60 sadc               
44856 perftest  20   0 98.6m  800  680 S  1.0  0.0   0:00.60 sadc               
44858 perftest  20   0 98.6m  804  680 S  1.0  0.0   0:00.60 sadc               
44861 perftest  20   0 98.6m  800  680 S  1.0  0.0   0:00.60 sadc               
44862 perftest  20   0 98.6m  800  680 S  1.0  0.0   0:00.61 sadc               
44863 perftest  20   0 98.6m  800  680 S  1.0  0.0   0:00.60 sadc               
44864 perftest  20   0 98.6m  804  680 S  1.0  0.0   0:00.61 sadc               
44874 perftest  20   0 98.6m  804  680 S  1.0  0.0   0:00.60 sadc               
44875 perftest  20   0 98.6m  800  680 S  1.0  0.0   0:00.58 sadc               
44879 perftest  20   0  125m 4748 1800 S  1.0  0.0   0:00.49 python             
    1 root      20   0 19360 1544 1228 S  0.0  0.0   0:03.08 init               
    2 root      20   0     0    0    0 S  0.0  0.0   0:00.01 kthreadd           
    3 root      RT   0     0    0    0 S  0.0  0.0   0:00.18 migration/0        
    4 root      20   0     0    0    0 S  0.0  0.0   0:02.42 ksoftirqd/0        
    5 root      RT   0     0    0    0 S  0.0  0.0   0:00.00 migration/0        
    6 root      RT   0     0    0    0 S  0.0  0.0   0:00.63 watchdog/0         
--
top - 17:06:27 up 7 days,  2:36,  0 users,  load average: 2.46, 0.81, 0.27
Tasks: 489 total,   1 running, 488 sleeping,   0 stopped,   0 zombie
Cpu(s): 40.3%us,  3.9%sy,  0.2%ni, 54.1%id,  0.0%wa,  0.0%hi,  1.6%si,  0.0%st
Mem:    35.252G total,   16.383G used,   18.868G free,  196.211M buffers
Swap: 4095.969M total,    0.000k used, 4095.969M free,   12.859G cached

  PID USER      PR  NI  VIRT  RES  SHR S %CPU %MEM    TIME+  COMMAND            
44334 perftest  20   0 14.8g 2.2g  21m S 1070.2  6.2  17:54.60 java             
44843 perftest  20   0 15304 1552  936 R  2.0  0.0   0:01.04 top                
44856 perftest  20   0 98.6m  800  680 S  2.0  0.0   0:00.64 sadc               
44863 perftest  20   0 98.6m  800  680 S  1.5  0.0   0:00.63 sadc               
44875 perftest  20   0 98.6m  800  680 S  1.5  0.0   0:00.61 sadc               
44854 perftest  20   0 98.6m  800  680 S  1.0  0.0   0:00.62 sadc               
44858 perftest  20   0 98.6m  804  680 S  1.0  0.0   0:00.62 sadc               
44861 perftest  20   0 98.6m  800  680 S  1.0  0.0   0:00.62 sadc               
44862 perftest  20   0 98.6m  800  680 S  1.0  0.0   0:00.63 sadc               
44864 perftest  20   0 98.6m  804  680 S  1.0  0.0   0:00.63 sadc               
44865 perftest  20   0 98.6m  804  680 S  1.0  0.0   0:00.64 sadc               
44866 perftest  20   0 98.6m  804  680 S  1.0  0.0   0:00.64 sadc               
44874 perftest  20   0 98.6m  804  680 S  1.0  0.0   0:00.62 sadc               
44877 perftest  20   0 98.6m  800  680 S  1.0  0.0   0:00.66 sadc               
44879 perftest  20   0  125m 4748 1800 S  1.0  0.0   0:00.51 python             
43308 contegix  39  19 1101m  22m 2640 S  0.5  0.1   3:27.16 sensu-client       
44860 perftest  20   0 98.6m  804  680 S  0.5  0.0   0:00.64 sadc               
44867 perftest  20   0 98.6m  804  680 S  0.5  0.0   0:00.61 sadc               
44868 perftest  20   0  119m  16m 1028 S  0.5  0.0   0:00.40 sh                 
44878 perftest  20   0  119m  16m 1028 S  0.5  0.0   0:00.37 sh                 
    1 root      20   0 19360 1544 1228 S  0.0  0.0   0:03.08 init               
    2 root      20   0     0    0    0 S  0.0  0.0   0:00.01 kthreadd           
    3 root      RT   0     0    0    0 S  0.0  0.0   0:00.18 migration/0        
    4 root      20   0     0    0    0 S  0.0  0.0   0:02.42 ksoftirqd/0        
