2014/06/05 14:10:27 INFO  - jmeter.util.JMeterUtils: Setting Locale to en_US 
2014/06/05 14:10:27 INFO  - jmeter.JMeter: Loading user properties from: /home/perftest/apache-jmeter-2.11/bin/user.properties 
2014/06/05 14:10:27 INFO  - jmeter.JMeter: Loading system properties from: /home/perftest/apache-jmeter-2.11/bin/system.properties 
2014/06/05 14:10:27 INFO  - jmeter.JMeter: Copyright (c) 1998-2014 The Apache Software Foundation 
2014/06/05 14:10:27 INFO  - jmeter.JMeter: Version 2.11 r1554548 
2014/06/05 14:10:27 INFO  - jmeter.JMeter: java.version=1.7.0_45 
2014/06/05 14:10:27 INFO  - jmeter.JMeter: java.vm.name=Java HotSpot(TM) 64-Bit Server VM 
2014/06/05 14:10:27 INFO  - jmeter.JMeter: os.name=Linux 
2014/06/05 14:10:27 INFO  - jmeter.JMeter: os.arch=amd64 
2014/06/05 14:10:27 INFO  - jmeter.JMeter: os.version=2.6.32-431.3.1.el6.x86_64 
2014/06/05 14:10:27 INFO  - jmeter.JMeter: file.encoding=UTF-8 
2014/06/05 14:10:27 INFO  - jmeter.JMeter: Default Locale=English (United States) 
2014/06/05 14:10:27 INFO  - jmeter.JMeter: JMeter  Locale=English (United States) 
2014/06/05 14:10:27 INFO  - jmeter.JMeter: JMeterHome=/home/perftest/apache-jmeter-2.11 
2014/06/05 14:10:27 INFO  - jmeter.JMeter: user.dir  =/mnt/perf/.hudson/jobs/APIGateway/workspace 
2014/06/05 14:10:27 INFO  - jmeter.JMeter: PWD       =/mnt/perf/.hudson/jobs/APIGateway/workspace 
2014/06/05 14:10:27 INFO  - jmeter.JMeter: IP: 127.0.0.1 Name: mule-perflab06.managed.contegix.com FullName: mule-perflab06.managed.contegix.com 
2014/06/05 14:10:27 INFO  - jmeter.services.FileServer: Default base='/mnt/perf/.hudson/jobs/APIGateway/workspace' 
2014/06/05 14:10:27 INFO  - jmeter.services.FileServer: Set new base='/mnt/nfsshare/TESTPLANS' 
2014/06/05 14:10:27 INFO  - jmeter.JMeter: Loading file: /mnt/nfsshare/TESTPLANS/apigateway_wsdl.20t.jmx 
2014/06/05 14:10:27 INFO  - jmeter.save.SaveService: Testplan (JMX) version: 2.2. Testlog (JTL) version: 2.2 
2014/06/05 14:10:27 INFO  - jmeter.save.SaveService: Using SaveService properties file encoding UTF-8 
2014/06/05 14:10:27 INFO  - jmeter.save.SaveService: Using SaveService properties version 2.6 
2014/06/05 14:10:27 INFO  - jmeter.save.SaveService: Using SaveService properties file version 1554411 
2014/06/05 14:10:27 INFO  - jmeter.save.SaveService: All converter versions present and correct 
2014/06/05 14:10:27 INFO  - jmeter.protocol.http.sampler.HTTPSamplerBase: Cannot find .className property for htmlParser, using default 
2014/06/05 14:10:27 INFO  - jmeter.protocol.http.sampler.HTTPSamplerBase: Parser for text/html is  
2014/06/05 14:10:27 INFO  - jmeter.protocol.http.sampler.HTTPSamplerBase: Parser for application/xhtml+xml is  
2014/06/05 14:10:27 INFO  - jmeter.protocol.http.sampler.HTTPSamplerBase: Parser for application/xml is  
2014/06/05 14:10:27 INFO  - jmeter.protocol.http.sampler.HTTPSamplerBase: Parser for text/xml is  
2014/06/05 14:10:27 INFO  - jmeter.protocol.http.sampler.HTTPSamplerBase: Parser for text/vnd.wap.wml is org.apache.jmeter.protocol.http.parser.RegexpHTMLParser 
2014/06/05 14:10:27 INFO  - jmeter.protocol.http.sampler.HTTPHCAbstractImpl: Local host = mule-perflab06.managed.contegix.com 
2014/06/05 14:10:27 INFO  - jmeter.protocol.http.sampler.HTTPHC3Impl: HTTP request retry count = 0 
2014/06/05 14:10:27 INFO  - jmeter.JMeter: Creating summariser <summary> 
2014/06/05 14:10:27 INFO  - jmeter.engine.StandardJMeterEngine: Listeners will be started after enabling running version 
2014/06/05 14:10:27 INFO  - jmeter.engine.StandardJMeterEngine: To revert to the earlier behaviour, define jmeterengine.startlistenerslater=false 
2014/06/05 14:10:27 INFO  - jmeter.engine.StandardJMeterEngine: Running the test! 
2014/06/05 14:10:27 INFO  - jmeter.samplers.SampleEvent: List of sample_variables: [] 
2014/06/05 14:10:27 INFO  - jmeter.samplers.SampleEvent: List of sample_variables: [] 
2014/06/05 14:10:27 INFO  - jmeter.engine.util.CompoundVariable: Note: Function class names must contain the string: '.functions.' 
2014/06/05 14:10:27 INFO  - jmeter.engine.util.CompoundVariable: Note: Function class names must not contain the string: '.gui.' 
2014/06/05 14:10:27 WARN  - jorphan.reflect.ClassFinder: Can not open the jar /home/perftest/apache-jmeter-2.11/lib/ext/._ApacheJMeter_components.jar error in opening zip file java.util.zip.ZipException: error in opening zip file
	at java.util.zip.ZipFile.open(Native Method)
	at java.util.zip.ZipFile.<init>(ZipFile.java:215)
	at java.util.zip.ZipFile.<init>(ZipFile.java:145)
	at java.util.zip.ZipFile.<init>(ZipFile.java:159)
	at org.apache.jorphan.reflect.ClassFinder.findClassesInOnePath(ClassFinder.java:527)
	at org.apache.jorphan.reflect.ClassFinder.findClassesInPaths(ClassFinder.java:548)
	at org.apache.jorphan.reflect.ClassFinder.findClassesThatExtend(ClassFinder.java:291)
	at org.apache.jorphan.reflect.ClassFinder.findClassesThatExtend(ClassFinder.java:215)
	at org.apache.jmeter.engine.util.CompoundVariable.<clinit>(CompoundVariable.java:72)
	at org.apache.jmeter.engine.util.ValueReplacer.<init>(ValueReplacer.java:43)
	at org.apache.jmeter.engine.PreCompiler.<init>(PreCompiler.java:52)
	at org.apache.jmeter.engine.StandardJMeterEngine.run(StandardJMeterEngine.java:315)
	at java.lang.Thread.run(Thread.java:744)

2014/06/05 14:10:27 WARN  - jorphan.reflect.ClassFinder: Can not open the jar /home/perftest/apache-jmeter-2.11/lib/ext/._ApacheJMeter_core.jar error in opening zip file java.util.zip.ZipException: error in opening zip file
	at java.util.zip.ZipFile.open(Native Method)
	at java.util.zip.ZipFile.<init>(ZipFile.java:215)
	at java.util.zip.ZipFile.<init>(ZipFile.java:145)
	at java.util.zip.ZipFile.<init>(ZipFile.java:159)
	at org.apache.jorphan.reflect.ClassFinder.findClassesInOnePath(ClassFinder.java:527)
	at org.apache.jorphan.reflect.ClassFinder.findClassesInPaths(ClassFinder.java:548)
	at org.apache.jorphan.reflect.ClassFinder.findClassesThatExtend(ClassFinder.java:291)
	at org.apache.jorphan.reflect.ClassFinder.findClassesThatExtend(ClassFinder.java:215)
	at org.apache.jmeter.engine.util.CompoundVariable.<clinit>(CompoundVariable.java:72)
	at org.apache.jmeter.engine.util.ValueReplacer.<init>(ValueReplacer.java:43)
	at org.apache.jmeter.engine.PreCompiler.<init>(PreCompiler.java:52)
	at org.apache.jmeter.engine.StandardJMeterEngine.run(StandardJMeterEngine.java:315)
	at java.lang.Thread.run(Thread.java:744)

2014/06/05 14:10:27 WARN  - jorphan.reflect.ClassFinder: Can not open the jar /home/perftest/apache-jmeter-2.11/lib/ext/._ApacheJMeter_ftp.jar error in opening zip file java.util.zip.ZipException: error in opening zip file
	at java.util.zip.ZipFile.open(Native Method)
	at java.util.zip.ZipFile.<init>(ZipFile.java:215)
	at java.util.zip.ZipFile.<init>(ZipFile.java:145)
	at java.util.zip.ZipFile.<init>(ZipFile.java:159)
	at org.apache.jorphan.reflect.ClassFinder.findClassesInOnePath(ClassFinder.java:527)
	at org.apache.jorphan.reflect.ClassFinder.findClassesInPaths(ClassFinder.java:548)
	at org.apache.jorphan.reflect.ClassFinder.findClassesThatExtend(ClassFinder.java:291)
	at org.apache.jorphan.reflect.ClassFinder.findClassesThatExtend(ClassFinder.java:215)
	at org.apache.jmeter.engine.util.CompoundVariable.<clinit>(CompoundVariable.java:72)
	at org.apache.jmeter.engine.util.ValueReplacer.<init>(ValueReplacer.java:43)
	at org.apache.jmeter.engine.PreCompiler.<init>(PreCompiler.java:52)
	at org.apache.jmeter.engine.StandardJMeterEngine.run(StandardJMeterEngine.java:315)
	at java.lang.Thread.run(Thread.java:744)

2014/06/05 14:10:27 WARN  - jorphan.reflect.ClassFinder: Can not open the jar /home/perftest/apache-jmeter-2.11/lib/ext/._ApacheJMeter_functions.jar error in opening zip file java.util.zip.ZipException: error in opening zip file
	at java.util.zip.ZipFile.open(Native Method)
	at java.util.zip.ZipFile.<init>(ZipFile.java:215)
	at java.util.zip.ZipFile.<init>(ZipFile.java:145)
	at java.util.zip.ZipFile.<init>(ZipFile.java:159)
	at org.apache.jorphan.reflect.ClassFinder.findClassesInOnePath(ClassFinder.java:527)
	at org.apache.jorphan.reflect.ClassFinder.findClassesInPaths(ClassFinder.java:548)
	at org.apache.jorphan.reflect.ClassFinder.findClassesThatExtend(ClassFinder.java:291)
	at org.apache.jorphan.reflect.ClassFinder.findClassesThatExtend(ClassFinder.java:215)
	at org.apache.jmeter.engine.util.CompoundVariable.<clinit>(CompoundVariable.java:72)
	at org.apache.jmeter.engine.util.ValueReplacer.<init>(ValueReplacer.java:43)
	at org.apache.jmeter.engine.PreCompiler.<init>(PreCompiler.java:52)
	at org.apache.jmeter.engine.StandardJMeterEngine.run(StandardJMeterEngine.java:315)
	at java.lang.Thread.run(Thread.java:744)

2014/06/05 14:10:27 WARN  - jorphan.reflect.ClassFinder: Can not open the jar /home/perftest/apache-jmeter-2.11/lib/ext/._ApacheJMeter_http.jar error in opening zip file java.util.zip.ZipException: error in opening zip file
	at java.util.zip.ZipFile.open(Native Method)
	at java.util.zip.ZipFile.<init>(ZipFile.java:215)
	at java.util.zip.ZipFile.<init>(ZipFile.java:145)
	at java.util.zip.ZipFile.<init>(ZipFile.java:159)
	at org.apache.jorphan.reflect.ClassFinder.findClassesInOnePath(ClassFinder.java:527)
	at org.apache.jorphan.reflect.ClassFinder.findClassesInPaths(ClassFinder.java:548)
	at org.apache.jorphan.reflect.ClassFinder.findClassesThatExtend(ClassFinder.java:291)
	at org.apache.jorphan.reflect.ClassFinder.findClassesThatExtend(ClassFinder.java:215)
	at org.apache.jmeter.engine.util.CompoundVariable.<clinit>(CompoundVariable.java:72)
	at org.apache.jmeter.engine.util.ValueReplacer.<init>(ValueReplacer.java:43)
	at org.apache.jmeter.engine.PreCompiler.<init>(PreCompiler.java:52)
	at org.apache.jmeter.engine.StandardJMeterEngine.run(StandardJMeterEngine.java:315)
	at java.lang.Thread.run(Thread.java:744)

2014/06/05 14:10:27 WARN  - jorphan.reflect.ClassFinder: Can not open the jar /home/perftest/apache-jmeter-2.11/lib/ext/._ApacheJMeter_java.jar error in opening zip file java.util.zip.ZipException: error in opening zip file
	at java.util.zip.ZipFile.open(Native Method)
	at java.util.zip.ZipFile.<init>(ZipFile.java:215)
	at java.util.zip.ZipFile.<init>(ZipFile.java:145)
	at java.util.zip.ZipFile.<init>(ZipFile.java:159)
	at org.apache.jorphan.reflect.ClassFinder.findClassesInOnePath(ClassFinder.java:527)
	at org.apache.jorphan.reflect.ClassFinder.findClassesInPaths(ClassFinder.java:548)
	at org.apache.jorphan.reflect.ClassFinder.findClassesThatExtend(ClassFinder.java:291)
	at org.apache.jorphan.reflect.ClassFinder.findClassesThatExtend(ClassFinder.java:215)
	at org.apache.jmeter.engine.util.CompoundVariable.<clinit>(CompoundVariable.java:72)
	at org.apache.jmeter.engine.util.ValueReplacer.<init>(ValueReplacer.java:43)
	at org.apache.jmeter.engine.PreCompiler.<init>(PreCompiler.java:52)
	at org.apache.jmeter.engine.StandardJMeterEngine.run(StandardJMeterEngine.java:315)
	at java.lang.Thread.run(Thread.java:744)

2014/06/05 14:10:27 WARN  - jorphan.reflect.ClassFinder: Can not open the jar /home/perftest/apache-jmeter-2.11/lib/ext/._ApacheJMeter_jdbc.jar error in opening zip file java.util.zip.ZipException: error in opening zip file
	at java.util.zip.ZipFile.open(Native Method)
	at java.util.zip.ZipFile.<init>(ZipFile.java:215)
	at java.util.zip.ZipFile.<init>(ZipFile.java:145)
	at java.util.zip.ZipFile.<init>(ZipFile.java:159)
	at org.apache.jorphan.reflect.ClassFinder.findClassesInOnePath(ClassFinder.java:527)
	at org.apache.jorphan.reflect.ClassFinder.findClassesInPaths(ClassFinder.java:548)
	at org.apache.jorphan.reflect.ClassFinder.findClassesThatExtend(ClassFinder.java:291)
	at org.apache.jorphan.reflect.ClassFinder.findClassesThatExtend(ClassFinder.java:215)
	at org.apache.jmeter.engine.util.CompoundVariable.<clinit>(CompoundVariable.java:72)
	at org.apache.jmeter.engine.util.ValueReplacer.<init>(ValueReplacer.java:43)
	at org.apache.jmeter.engine.PreCompiler.<init>(PreCompiler.java:52)
	at org.apache.jmeter.engine.StandardJMeterEngine.run(StandardJMeterEngine.java:315)
	at java.lang.Thread.run(Thread.java:744)

2014/06/05 14:10:27 WARN  - jorphan.reflect.ClassFinder: Can not open the jar /home/perftest/apache-jmeter-2.11/lib/ext/._ApacheJMeter_jms.jar error in opening zip file java.util.zip.ZipException: error in opening zip file
	at java.util.zip.ZipFile.open(Native Method)
	at java.util.zip.ZipFile.<init>(ZipFile.java:215)
	at java.util.zip.ZipFile.<init>(ZipFile.java:145)
	at java.util.zip.ZipFile.<init>(ZipFile.java:159)
	at org.apache.jorphan.reflect.ClassFinder.findClassesInOnePath(ClassFinder.java:527)
	at org.apache.jorphan.reflect.ClassFinder.findClassesInPaths(ClassFinder.java:548)
	at org.apache.jorphan.reflect.ClassFinder.findClassesThatExtend(ClassFinder.java:291)
	at org.apache.jorphan.reflect.ClassFinder.findClassesThatExtend(ClassFinder.java:215)
	at org.apache.jmeter.engine.util.CompoundVariable.<clinit>(CompoundVariable.java:72)
	at org.apache.jmeter.engine.util.ValueReplacer.<init>(ValueReplacer.java:43)
	at org.apache.jmeter.engine.PreCompiler.<init>(PreCompiler.java:52)
	at org.apache.jmeter.engine.StandardJMeterEngine.run(StandardJMeterEngine.java:315)
	at java.lang.Thread.run(Thread.java:744)

2014/06/05 14:10:27 WARN  - jorphan.reflect.ClassFinder: Can not open the jar /home/perftest/apache-jmeter-2.11/lib/ext/._ApacheJMeter_junit.jar error in opening zip file java.util.zip.ZipException: error in opening zip file
	at java.util.zip.ZipFile.open(Native Method)
	at java.util.zip.ZipFile.<init>(ZipFile.java:215)
	at java.util.zip.ZipFile.<init>(ZipFile.java:145)
	at java.util.zip.ZipFile.<init>(ZipFile.java:159)
	at org.apache.jorphan.reflect.ClassFinder.findClassesInOnePath(ClassFinder.java:527)
	at org.apache.jorphan.reflect.ClassFinder.findClassesInPaths(ClassFinder.java:548)
	at org.apache.jorphan.reflect.ClassFinder.findClassesThatExtend(ClassFinder.java:291)
	at org.apache.jorphan.reflect.ClassFinder.findClassesThatExtend(ClassFinder.java:215)
	at org.apache.jmeter.engine.util.CompoundVariable.<clinit>(CompoundVariable.java:72)
	at org.apache.jmeter.engine.util.ValueReplacer.<init>(ValueReplacer.java:43)
	at org.apache.jmeter.engine.PreCompiler.<init>(PreCompiler.java:52)
	at org.apache.jmeter.engine.StandardJMeterEngine.run(StandardJMeterEngine.java:315)
	at java.lang.Thread.run(Thread.java:744)

2014/06/05 14:10:27 WARN  - jorphan.reflect.ClassFinder: Can not open the jar /home/perftest/apache-jmeter-2.11/lib/ext/._ApacheJMeter_ldap.jar error in opening zip file java.util.zip.ZipException: error in opening zip file
	at java.util.zip.ZipFile.open(Native Method)
	at java.util.zip.ZipFile.<init>(ZipFile.java:215)
	at java.util.zip.ZipFile.<init>(ZipFile.java:145)
	at java.util.zip.ZipFile.<init>(ZipFile.java:159)
	at org.apache.jorphan.reflect.ClassFinder.findClassesInOnePath(ClassFinder.java:527)
	at org.apache.jorphan.reflect.ClassFinder.findClassesInPaths(ClassFinder.java:548)
	at org.apache.jorphan.reflect.ClassFinder.findClassesThatExtend(ClassFinder.java:291)
	at org.apache.jorphan.reflect.ClassFinder.findClassesThatExtend(ClassFinder.java:215)
	at org.apache.jmeter.engine.util.CompoundVariable.<clinit>(CompoundVariable.java:72)
	at org.apache.jmeter.engine.util.ValueReplacer.<init>(ValueReplacer.java:43)
	at org.apache.jmeter.engine.PreCompiler.<init>(PreCompiler.java:52)
	at org.apache.jmeter.engine.StandardJMeterEngine.run(StandardJMeterEngine.java:315)
	at java.lang.Thread.run(Thread.java:744)

2014/06/05 14:10:27 WARN  - jorphan.reflect.ClassFinder: Can not open the jar /home/perftest/apache-jmeter-2.11/lib/ext/._ApacheJMeter_mail.jar error in opening zip file java.util.zip.ZipException: error in opening zip file
	at java.util.zip.ZipFile.open(Native Method)
	at java.util.zip.ZipFile.<init>(ZipFile.java:215)
	at java.util.zip.ZipFile.<init>(ZipFile.java:145)
	at java.util.zip.ZipFile.<init>(ZipFile.java:159)
	at org.apache.jorphan.reflect.ClassFinder.findClassesInOnePath(ClassFinder.java:527)
	at org.apache.jorphan.reflect.ClassFinder.findClassesInPaths(ClassFinder.java:548)
	at org.apache.jorphan.reflect.ClassFinder.findClassesThatExtend(ClassFinder.java:291)
	at org.apache.jorphan.reflect.ClassFinder.findClassesThatExtend(ClassFinder.java:215)
	at org.apache.jmeter.engine.util.CompoundVariable.<clinit>(CompoundVariable.java:72)
	at org.apache.jmeter.engine.util.ValueReplacer.<init>(ValueReplacer.java:43)
	at org.apache.jmeter.engine.PreCompiler.<init>(PreCompiler.java:52)
	at org.apache.jmeter.engine.StandardJMeterEngine.run(StandardJMeterEngine.java:315)
	at java.lang.Thread.run(Thread.java:744)

2014/06/05 14:10:27 WARN  - jorphan.reflect.ClassFinder: Can not open the jar /home/perftest/apache-jmeter-2.11/lib/ext/._ApacheJMeter_mongodb.jar error in opening zip file java.util.zip.ZipException: error in opening zip file
	at java.util.zip.ZipFile.open(Native Method)
	at java.util.zip.ZipFile.<init>(ZipFile.java:215)
	at java.util.zip.ZipFile.<init>(ZipFile.java:145)
	at java.util.zip.ZipFile.<init>(ZipFile.java:159)
	at org.apache.jorphan.reflect.ClassFinder.findClassesInOnePath(ClassFinder.java:527)
	at org.apache.jorphan.reflect.ClassFinder.findClassesInPaths(ClassFinder.java:548)
	at org.apache.jorphan.reflect.ClassFinder.findClassesThatExtend(ClassFinder.java:291)
	at org.apache.jorphan.reflect.ClassFinder.findClassesThatExtend(ClassFinder.java:215)
	at org.apache.jmeter.engine.util.CompoundVariable.<clinit>(CompoundVariable.java:72)
	at org.apache.jmeter.engine.util.ValueReplacer.<init>(ValueReplacer.java:43)
	at org.apache.jmeter.engine.PreCompiler.<init>(PreCompiler.java:52)
	at org.apache.jmeter.engine.StandardJMeterEngine.run(StandardJMeterEngine.java:315)
	at java.lang.Thread.run(Thread.java:744)

2014/06/05 14:10:27 WARN  - jorphan.reflect.ClassFinder: Can not open the jar /home/perftest/apache-jmeter-2.11/lib/ext/._ApacheJMeter_monitors.jar error in opening zip file java.util.zip.ZipException: error in opening zip file
	at java.util.zip.ZipFile.open(Native Method)
	at java.util.zip.ZipFile.<init>(ZipFile.java:215)
	at java.util.zip.ZipFile.<init>(ZipFile.java:145)
	at java.util.zip.ZipFile.<init>(ZipFile.java:159)
	at org.apache.jorphan.reflect.ClassFinder.findClassesInOnePath(ClassFinder.java:527)
	at org.apache.jorphan.reflect.ClassFinder.findClassesInPaths(ClassFinder.java:548)
	at org.apache.jorphan.reflect.ClassFinder.findClassesThatExtend(ClassFinder.java:291)
	at org.apache.jorphan.reflect.ClassFinder.findClassesThatExtend(ClassFinder.java:215)
	at org.apache.jmeter.engine.util.CompoundVariable.<clinit>(CompoundVariable.java:72)
	at org.apache.jmeter.engine.util.ValueReplacer.<init>(ValueReplacer.java:43)
	at org.apache.jmeter.engine.PreCompiler.<init>(PreCompiler.java:52)
	at org.apache.jmeter.engine.StandardJMeterEngine.run(StandardJMeterEngine.java:315)
	at java.lang.Thread.run(Thread.java:744)

2014/06/05 14:10:27 WARN  - jorphan.reflect.ClassFinder: Can not open the jar /home/perftest/apache-jmeter-2.11/lib/ext/._ApacheJMeter_native.jar error in opening zip file java.util.zip.ZipException: error in opening zip file
	at java.util.zip.ZipFile.open(Native Method)
	at java.util.zip.ZipFile.<init>(ZipFile.java:215)
	at java.util.zip.ZipFile.<init>(ZipFile.java:145)
	at java.util.zip.ZipFile.<init>(ZipFile.java:159)
	at org.apache.jorphan.reflect.ClassFinder.findClassesInOnePath(ClassFinder.java:527)
	at org.apache.jorphan.reflect.ClassFinder.findClassesInPaths(ClassFinder.java:548)
	at org.apache.jorphan.reflect.ClassFinder.findClassesThatExtend(ClassFinder.java:291)
	at org.apache.jorphan.reflect.ClassFinder.findClassesThatExtend(ClassFinder.java:215)
	at org.apache.jmeter.engine.util.CompoundVariable.<clinit>(CompoundVariable.java:72)
	at org.apache.jmeter.engine.util.ValueReplacer.<init>(ValueReplacer.java:43)
	at org.apache.jmeter.engine.PreCompiler.<init>(PreCompiler.java:52)
	at org.apache.jmeter.engine.StandardJMeterEngine.run(StandardJMeterEngine.java:315)
	at java.lang.Thread.run(Thread.java:744)

2014/06/05 14:10:27 WARN  - jorphan.reflect.ClassFinder: Can not open the jar /home/perftest/apache-jmeter-2.11/lib/ext/._ApacheJMeter_report.jar error in opening zip file java.util.zip.ZipException: error in opening zip file
	at java.util.zip.ZipFile.open(Native Method)
	at java.util.zip.ZipFile.<init>(ZipFile.java:215)
	at java.util.zip.ZipFile.<init>(ZipFile.java:145)
	at java.util.zip.ZipFile.<init>(ZipFile.java:159)
	at org.apache.jorphan.reflect.ClassFinder.findClassesInOnePath(ClassFinder.java:527)
	at org.apache.jorphan.reflect.ClassFinder.findClassesInPaths(ClassFinder.java:548)
	at org.apache.jorphan.reflect.ClassFinder.findClassesThatExtend(ClassFinder.java:291)
	at org.apache.jorphan.reflect.ClassFinder.findClassesThatExtend(ClassFinder.java:215)
	at org.apache.jmeter.engine.util.CompoundVariable.<clinit>(CompoundVariable.java:72)
	at org.apache.jmeter.engine.util.ValueReplacer.<init>(ValueReplacer.java:43)
	at org.apache.jmeter.engine.PreCompiler.<init>(PreCompiler.java:52)
	at org.apache.jmeter.engine.StandardJMeterEngine.run(StandardJMeterEngine.java:315)
	at java.lang.Thread.run(Thread.java:744)

2014/06/05 14:10:27 WARN  - jorphan.reflect.ClassFinder: Can not open the jar /home/perftest/apache-jmeter-2.11/lib/ext/._ApacheJMeter_tcp.jar error in opening zip file java.util.zip.ZipException: error in opening zip file
	at java.util.zip.ZipFile.open(Native Method)
	at java.util.zip.ZipFile.<init>(ZipFile.java:215)
	at java.util.zip.ZipFile.<init>(ZipFile.java:145)
	at java.util.zip.ZipFile.<init>(ZipFile.java:159)
	at org.apache.jorphan.reflect.ClassFinder.findClassesInOnePath(ClassFinder.java:527)
	at org.apache.jorphan.reflect.ClassFinder.findClassesInPaths(ClassFinder.java:548)
	at org.apache.jorphan.reflect.ClassFinder.findClassesThatExtend(ClassFinder.java:291)
	at org.apache.jorphan.reflect.ClassFinder.findClassesThatExtend(ClassFinder.java:215)
	at org.apache.jmeter.engine.util.CompoundVariable.<clinit>(CompoundVariable.java:72)
	at org.apache.jmeter.engine.util.ValueReplacer.<init>(ValueReplacer.java:43)
	at org.apache.jmeter.engine.PreCompiler.<init>(PreCompiler.java:52)
	at org.apache.jmeter.engine.StandardJMeterEngine.run(StandardJMeterEngine.java:315)
	at java.lang.Thread.run(Thread.java:744)

2014/06/05 14:10:27 WARN  - jorphan.reflect.ClassFinder: Can not open the jar /home/perftest/apache-jmeter-2.11/lib/ext/._jmeter-plugins-1.0.0.jar error in opening zip file java.util.zip.ZipException: error in opening zip file
	at java.util.zip.ZipFile.open(Native Method)
	at java.util.zip.ZipFile.<init>(ZipFile.java:215)
	at java.util.zip.ZipFile.<init>(ZipFile.java:145)
	at java.util.zip.ZipFile.<init>(ZipFile.java:159)
	at org.apache.jorphan.reflect.ClassFinder.findClassesInOnePath(ClassFinder.java:527)
	at org.apache.jorphan.reflect.ClassFinder.findClassesInPaths(ClassFinder.java:548)
	at org.apache.jorphan.reflect.ClassFinder.findClassesThatExtend(ClassFinder.java:291)
	at org.apache.jorphan.reflect.ClassFinder.findClassesThatExtend(ClassFinder.java:215)
	at org.apache.jmeter.engine.util.CompoundVariable.<clinit>(CompoundVariable.java:72)
	at org.apache.jmeter.engine.util.ValueReplacer.<init>(ValueReplacer.java:43)
	at org.apache.jmeter.engine.PreCompiler.<init>(PreCompiler.java:52)
	at org.apache.jmeter.engine.StandardJMeterEngine.run(StandardJMeterEngine.java:315)
	at java.lang.Thread.run(Thread.java:744)

2014/06/05 14:10:28 INFO  - jmeter.JMeter: Running test (1401995428097) 
2014/06/05 14:10:28 INFO  - jmeter.engine.StandardJMeterEngine: Starting ThreadGroup: 1 : Thread Group 
2014/06/05 14:10:28 INFO  - jmeter.engine.StandardJMeterEngine: Starting 20 threads for group Thread Group. 
2014/06/05 14:10:28 INFO  - jmeter.engine.StandardJMeterEngine: Thread will continue on error 
2014/06/05 14:10:28 INFO  - jmeter.threads.ThreadGroup: Starting thread group number 1 threads 20 ramp-up 0 perThread 0.0 delayedStart=false 
2014/06/05 14:10:28 INFO  - jmeter.threads.JMeterThread: jmeterthread.startearlier=true (see jmeter.properties) 
2014/06/05 14:10:28 INFO  - jmeter.threads.JMeterThread: Running PostProcessors in forward order 
2014/06/05 14:10:28 INFO  - jmeter.threads.JMeterThread: Thread started: Thread Group 1-4 
2014/06/05 14:10:28 INFO  - jmeter.threads.JMeterThread: Thread started: Thread Group 1-3 
2014/06/05 14:10:28 INFO  - jmeter.threads.JMeterThread: Thread started: Thread Group 1-5 
2014/06/05 14:10:28 INFO  - jmeter.threads.JMeterThread: Thread started: Thread Group 1-1 
2014/06/05 14:10:28 INFO  - jmeter.threads.JMeterThread: Thread started: Thread Group 1-2 
2014/06/05 14:10:28 INFO  - jmeter.threads.JMeterThread: Thread started: Thread Group 1-6 
2014/06/05 14:10:28 INFO  - jmeter.threads.JMeterThread: Thread started: Thread Group 1-7 
2014/06/05 14:10:28 INFO  - jmeter.threads.JMeterThread: Thread started: Thread Group 1-8 
2014/06/05 14:10:28 INFO  - jmeter.threads.JMeterThread: Thread started: Thread Group 1-9 
2014/06/05 14:10:28 INFO  - jmeter.threads.JMeterThread: Thread started: Thread Group 1-10 
2014/06/05 14:10:28 INFO  - jmeter.threads.JMeterThread: Thread started: Thread Group 1-11 
2014/06/05 14:10:28 INFO  - jmeter.threads.JMeterThread: Thread started: Thread Group 1-12 
2014/06/05 14:10:28 INFO  - jmeter.threads.JMeterThread: Thread started: Thread Group 1-13 
2014/06/05 14:10:28 INFO  - jmeter.threads.JMeterThread: Thread started: Thread Group 1-14 
2014/06/05 14:10:28 INFO  - jmeter.threads.JMeterThread: Thread started: Thread Group 1-15 
2014/06/05 14:10:28 INFO  - jmeter.threads.JMeterThread: Thread started: Thread Group 1-16 
2014/06/05 14:10:28 INFO  - jmeter.threads.JMeterThread: Thread started: Thread Group 1-17 
2014/06/05 14:10:28 INFO  - jmeter.threads.JMeterThread: Thread started: Thread Group 1-18 
2014/06/05 14:10:28 INFO  - jmeter.threads.JMeterThread: Thread started: Thread Group 1-19 
2014/06/05 14:10:28 INFO  - jmeter.threads.ThreadGroup: Started thread group number 1 
2014/06/05 14:10:28 INFO  - jmeter.engine.StandardJMeterEngine: All thread groups have been started 
2014/06/05 14:10:28 INFO  - jmeter.threads.JMeterThread: Thread started: Thread Group 1-20 
2014/06/05 14:10:28 INFO  - jmeter.samplers.SampleResult: Note: Sample TimeStamps are START times 
2014/06/05 14:10:28 INFO  - jmeter.samplers.SampleResult: sampleresult.default.encoding is set to ISO-8859-1 
2014/06/05 14:10:28 INFO  - jmeter.samplers.SampleResult: sampleresult.useNanoTime=true 
2014/06/05 14:10:28 INFO  - jmeter.samplers.SampleResult: sampleresult.nanoThreadSleep=5000 
2014/06/05 14:10:30 INFO  - jmeter.reporters.Summariser: summary +    715 in     2s =  414.0/s Avg:    46 Min:    13 Max:   696 Err:     0 (0.00%) Active: 20 Started: 20 Finished: 0 
2014/06/05 14:11:00 INFO  - jmeter.reporters.Summariser: summary + 110822 in    30s = 3691.1/s Avg:     5 Min:     2 Max:    60 Err:     0 (0.00%) Active: 20 Started: 20 Finished: 0 
2014/06/05 14:11:00 INFO  - jmeter.reporters.Summariser: summary = 111537 in    32s = 3515.4/s Avg:     5 Min:     2 Max:   696 Err:     0 (0.00%) 
2014/06/05 14:11:30 INFO  - jmeter.reporters.Summariser: summary +  58176 in    30s = 1938.7/s Avg:    10 Min:     3 Max:   134 Err:  7598 (13.06%) Active: 20 Started: 20 Finished: 0 
2014/06/05 14:11:30 INFO  - jmeter.reporters.Summariser: summary = 169713 in    62s = 2749.2/s Avg:     7 Min:     2 Max:   696 Err:  7598 (4.48%) 
2014/06/05 14:12:00 INFO  - jmeter.reporters.Summariser: summary +  41891 in    30s = 1395.0/s Avg:    14 Min:     3 Max:   159 Err: 15125 (36.11%) Active: 20 Started: 20 Finished: 0 
2014/06/05 14:12:00 INFO  - jmeter.reporters.Summariser: summary = 211604 in    92s = 2306.9/s Avg:     8 Min:     2 Max:   696 Err: 22723 (10.74%) 
2014/06/05 14:12:30 INFO  - jmeter.reporters.Summariser: summary +  60933 in    30s = 2030.8/s Avg:     9 Min:     3 Max:   161 Err:  4197 (6.89%) Active: 20 Started: 20 Finished: 0 
2014/06/05 14:12:30 INFO  - jmeter.reporters.Summariser: summary = 272537 in   122s = 2238.9/s Avg:     8 Min:     2 Max:   696 Err: 26920 (9.88%) 
2014/06/05 14:13:00 INFO  - jmeter.reporters.Summariser: summary +  56925 in    30s = 1897.0/s Avg:    10 Min:     3 Max:   164 Err:  5015 (8.81%) Active: 20 Started: 20 Finished: 0 
2014/06/05 14:13:00 INFO  - jmeter.reporters.Summariser: summary = 329462 in   152s = 2171.3/s Avg:     8 Min:     2 Max:   696 Err: 31935 (9.69%) 
2014/06/05 14:13:30 INFO  - jmeter.reporters.Summariser: summary +  26410 in  30.1s =  878.7/s Avg:    22 Min:     3 Max:   138 Err: 16536 (62.61%) Active: 20 Started: 20 Finished: 0 
2014/06/05 14:13:30 INFO  - jmeter.reporters.Summariser: summary = 355872 in   182s = 1958.3/s Avg:     9 Min:     2 Max:   696 Err: 48471 (13.62%) 
2014/06/05 14:13:57 INFO  - jmeter.threads.JMeterThread: Thread finished: Thread Group 1-3 
2014/06/05 14:13:57 INFO  - jmeter.threads.JMeterThread: Thread finished: Thread Group 1-4 
2014/06/05 14:13:57 INFO  - jmeter.threads.JMeterThread: Thread finished: Thread Group 1-20 
2014/06/05 14:13:57 INFO  - jmeter.threads.JMeterThread: Thread finished: Thread Group 1-16 
2014/06/05 14:13:57 INFO  - jmeter.threads.JMeterThread: Thread finished: Thread Group 1-11 
2014/06/05 14:13:57 INFO  - jmeter.threads.JMeterThread: Thread finished: Thread Group 1-17 
2014/06/05 14:13:57 INFO  - jmeter.threads.JMeterThread: Thread finished: Thread Group 1-18 
2014/06/05 14:13:57 INFO  - jmeter.threads.JMeterThread: Thread finished: Thread Group 1-15 
2014/06/05 14:13:57 INFO  - jmeter.threads.JMeterThread: Thread finished: Thread Group 1-13 
2014/06/05 14:13:57 INFO  - jmeter.threads.JMeterThread: Thread finished: Thread Group 1-14 
2014/06/05 14:13:57 INFO  - jmeter.threads.JMeterThread: Thread finished: Thread Group 1-12 
2014/06/05 14:13:57 INFO  - jmeter.threads.JMeterThread: Thread finished: Thread Group 1-10 
2014/06/05 14:13:57 INFO  - jmeter.threads.JMeterThread: Thread finished: Thread Group 1-2 
2014/06/05 14:13:57 INFO  - jmeter.threads.JMeterThread: Thread finished: Thread Group 1-1 
2014/06/05 14:13:57 INFO  - jmeter.threads.JMeterThread: Thread finished: Thread Group 1-7 
2014/06/05 14:13:57 INFO  - jmeter.threads.JMeterThread: Thread finished: Thread Group 1-6 
2014/06/05 14:13:57 INFO  - jmeter.threads.JMeterThread: Thread finished: Thread Group 1-9 
2014/06/05 14:13:57 INFO  - jmeter.threads.JMeterThread: Thread finished: Thread Group 1-5 
2014/06/05 14:13:58 INFO  - jmeter.threads.JMeterThread: Thread finished: Thread Group 1-19 
2014/06/05 14:13:58 INFO  - jmeter.threads.JMeterThread: Thread finished: Thread Group 1-8 
2014/06/05 14:13:58 INFO  - jmeter.engine.StandardJMeterEngine: Notifying test listeners of end of test 
2014/06/05 14:13:58 INFO  - jmeter.reporters.Summariser: summary +  44128 in  28.3s = 1561.6/s Avg:    12 Min:     3 Max:   173 Err: 10885 (24.67%) Active: 0 Started: 20 Finished: 20 
2014/06/05 14:13:58 INFO  - jmeter.reporters.Summariser: summary = 400000 in   210s = 1905.3/s Avg:    10 Min:     2 Max:   696 Err: 59356 (14.84%) 
