Linux 3.2.0-31-virtual (ip-10-124-138-93) 	06/23/2014 	_x86_64_	(2 CPU)

07:56:32 PM       DEV       tps  rd_sec/s  wr_sec/s  avgrq-sz  avgqu-sz     await     svctm     %util
07:56:34 PM    xvdap1      0.00      0.00      0.00      0.00      0.00      0.00      0.00      0.00

07:56:34 PM       DEV       tps  rd_sec/s  wr_sec/s  avgrq-sz  avgqu-sz     await     svctm     %util
07:56:36 PM    xvdap1      0.00      0.00      0.00      0.00      0.00      0.00      0.00      0.00

07:56:36 PM       DEV       tps  rd_sec/s  wr_sec/s  avgrq-sz  avgqu-sz     await     svctm     %util
07:56:38 PM    xvdap1      1.50      0.00     56.00     37.33      0.00      1.33      1.33      0.20

07:56:38 PM       DEV       tps  rd_sec/s  wr_sec/s  avgrq-sz  avgqu-sz     await     svctm     %util
07:56:40 PM    xvdap1      0.00      0.00      0.00      0.00      0.00      0.00      0.00      0.00

07:56:40 PM       DEV       tps  rd_sec/s  wr_sec/s  avgrq-sz  avgqu-sz     await     svctm     %util
07:56:42 PM    xvdap1      0.00      0.00      0.00      0.00      0.00      0.00      0.00      0.00

07:56:42 PM       DEV       tps  rd_sec/s  wr_sec/s  avgrq-sz  avgqu-sz     await     svctm     %util
07:56:44 PM    xvdap1      1.00      0.00     16.00     16.00      0.00      2.00      2.00      0.20

07:56:44 PM       DEV       tps  rd_sec/s  wr_sec/s  avgrq-sz  avgqu-sz     await     svctm     %util
07:56:46 PM    xvdap1      0.00      0.00      0.00      0.00      0.00      0.00      0.00      0.00

07:56:46 PM       DEV       tps  rd_sec/s  wr_sec/s  avgrq-sz  avgqu-sz     await     svctm     %util
07:56:48 PM    xvdap1      0.00      0.00      0.00      0.00      0.00      0.00      0.00      0.00

07:56:48 PM       DEV       tps  rd_sec/s  wr_sec/s  avgrq-sz  avgqu-sz     await     svctm     %util
07:56:50 PM    xvdap1      2.00      0.00     36.00     18.00      0.00      2.00      1.00      0.20

07:56:50 PM       DEV       tps  rd_sec/s  wr_sec/s  avgrq-sz  avgqu-sz     await     svctm     %util
07:56:52 PM    xvdap1      0.00      0.00      0.00      0.00      0.00      0.00      0.00      0.00

07:56:52 PM       DEV       tps  rd_sec/s  wr_sec/s  avgrq-sz  avgqu-sz     await     svctm     %util
07:56:54 PM    xvdap1      5.50      0.00     52.00      9.45      0.00      0.00      0.00      0.00

07:56:54 PM       DEV       tps  rd_sec/s  wr_sec/s  avgrq-sz  avgqu-sz     await     svctm     %util
07:56:56 PM    xvdap1      1.00      0.00     20.00     20.00      0.00      2.00      2.00      0.20

07:56:56 PM       DEV       tps  rd_sec/s  wr_sec/s  avgrq-sz  avgqu-sz     await     svctm     %util
07:56:58 PM    xvdap1      0.00      0.00      0.00      0.00      0.00      0.00      0.00      0.00

07:56:58 PM       DEV       tps  rd_sec/s  wr_sec/s  avgrq-sz  avgqu-sz     await     svctm     %util
07:57:00 PM    xvdap1      1.00      0.00      8.00      8.00      0.00      0.00      0.00      0.00

07:57:00 PM       DEV       tps  rd_sec/s  wr_sec/s  avgrq-sz  avgqu-sz     await     svctm     %util
07:57:02 PM    xvdap1      1.00      0.00     39.80     40.00      0.00      2.00      2.00      0.20

07:57:02 PM       DEV       tps  rd_sec/s  wr_sec/s  avgrq-sz  avgqu-sz     await     svctm     %util
07:57:04 PM    xvdap1      7.00      0.00     64.00      9.14      0.00      0.57      0.29      0.20

07:57:04 PM       DEV       tps  rd_sec/s  wr_sec/s  avgrq-sz  avgqu-sz     await     svctm     %util
07:57:06 PM    xvdap1      0.00      0.00      0.00      0.00      0.00      0.00      0.00      0.00

07:57:06 PM       DEV       tps  rd_sec/s  wr_sec/s  avgrq-sz  avgqu-sz     await     svctm     %util
07:57:08 PM    xvdap1      7.50      0.00     84.00     11.20      0.03      4.00      0.53      0.40

07:57:08 PM       DEV       tps  rd_sec/s  wr_sec/s  avgrq-sz  avgqu-sz     await     svctm     %util
07:57:10 PM    xvdap1      0.50      0.00     40.00     80.00      0.00      0.00      0.00      0.00

07:57:10 PM       DEV       tps  rd_sec/s  wr_sec/s  avgrq-sz  avgqu-sz     await     svctm     %util
07:57:12 PM    xvdap1      0.00      0.00      0.00      0.00      0.00      0.00      0.00      0.00

07:57:12 PM       DEV       tps  rd_sec/s  wr_sec/s  avgrq-sz  avgqu-sz     await     svctm     %util
07:57:14 PM    xvdap1      7.50      0.00     76.00     10.13      0.06      7.47      0.53      0.40

07:57:14 PM       DEV       tps  rd_sec/s  wr_sec/s  avgrq-sz  avgqu-sz     await     svctm     %util
07:57:16 PM    xvdap1      0.00      0.00      0.00      0.00      0.00      0.00      0.00      0.00

07:57:16 PM       DEV       tps  rd_sec/s  wr_sec/s  avgrq-sz  avgqu-sz     await     svctm     %util
07:57:18 PM    xvdap1      0.00      0.00      0.00      0.00      0.00      0.00      0.00      0.00

07:57:18 PM       DEV       tps  rd_sec/s  wr_sec/s  avgrq-sz  avgqu-sz     await     svctm     %util
07:57:20 PM    xvdap1      7.50      0.00     88.00     11.73      0.01      1.33      0.27      0.20

07:57:20 PM       DEV       tps  rd_sec/s  wr_sec/s  avgrq-sz  avgqu-sz     await     svctm     %util
07:57:22 PM    xvdap1      0.00      0.00      0.00      0.00      0.00      0.00      0.00      0.00

07:57:22 PM       DEV       tps  rd_sec/s  wr_sec/s  avgrq-sz  avgqu-sz     await     svctm     %util
07:57:24 PM    xvdap1      0.00      0.00      0.00      0.00      0.00      0.00      0.00      0.00

07:57:24 PM       DEV       tps  rd_sec/s  wr_sec/s  avgrq-sz  avgqu-sz     await     svctm     %util
07:57:26 PM    xvdap1      7.00      0.00     64.00      9.14      0.39     56.00      4.57      3.20

07:57:26 PM       DEV       tps  rd_sec/s  wr_sec/s  avgrq-sz  avgqu-sz     await     svctm     %util
07:57:28 PM    xvdap1      0.00      0.00      0.00      0.00      0.00      0.00      0.00      0.00

07:57:28 PM       DEV       tps  rd_sec/s  wr_sec/s  avgrq-sz  avgqu-sz     await     svctm     %util
07:57:30 PM    xvdap1      4.00      0.00     32.00      8.00      0.00      0.00      0.00      0.00

07:57:30 PM       DEV       tps  rd_sec/s  wr_sec/s  avgrq-sz  avgqu-sz     await     svctm     %util
07:57:32 PM    xvdap1      6.50      0.00     64.00      9.85      0.01      1.23      0.31      0.20

07:57:32 PM       DEV       tps  rd_sec/s  wr_sec/s  avgrq-sz  avgqu-sz     await     svctm     %util
07:57:34 PM    xvdap1      0.00      0.00      0.00      0.00      0.00      0.00      0.00      0.00

07:57:34 PM       DEV       tps  rd_sec/s  wr_sec/s  avgrq-sz  avgqu-sz     await     svctm     %util
07:57:36 PM    xvdap1      0.00      0.00      0.00      0.00      0.00      0.00      0.00      0.00

07:57:36 PM       DEV       tps  rd_sec/s  wr_sec/s  avgrq-sz  avgqu-sz     await     svctm     %util
07:57:38 PM    xvdap1      6.50      0.00     60.00      9.23      0.14     21.54      5.23      3.40

07:57:38 PM       DEV       tps  rd_sec/s  wr_sec/s  avgrq-sz  avgqu-sz     await     svctm     %util
07:57:40 PM    xvdap1      6.50      0.00     52.00      8.00      0.04      6.15      0.62      0.40

07:57:40 PM       DEV       tps  rd_sec/s  wr_sec/s  avgrq-sz  avgqu-sz     await     svctm     %util
07:57:42 PM    xvdap1      0.00      0.00      0.00      0.00      0.00      0.00      0.00      0.00

07:57:42 PM       DEV       tps  rd_sec/s  wr_sec/s  avgrq-sz  avgqu-sz     await     svctm     %util
07:57:44 PM    xvdap1      8.00      0.00    120.00     15.00      0.03      4.25      1.00      0.80

07:57:44 PM       DEV       tps  rd_sec/s  wr_sec/s  avgrq-sz  avgqu-sz     await     svctm     %util
07:57:46 PM    xvdap1      0.00      0.00      0.00      0.00      0.00      0.00      0.00      0.00

07:57:46 PM       DEV       tps  rd_sec/s  wr_sec/s  avgrq-sz  avgqu-sz     await     svctm     %util
07:57:48 PM    xvdap1      0.00      0.00      0.00      0.00      0.00      0.00      0.00      0.00

07:57:48 PM       DEV       tps  rd_sec/s  wr_sec/s  avgrq-sz  avgqu-sz     await     svctm     %util
07:57:50 PM    xvdap1      8.42      0.00     91.09     10.82      0.07      7.76      0.71      0.59

07:57:50 PM       DEV       tps  rd_sec/s  wr_sec/s  avgrq-sz  avgqu-sz     await     svctm     %util
07:57:52 PM    xvdap1      0.00      0.00      0.00      0.00      0.00      0.00      0.00      0.00

07:57:52 PM       DEV       tps  rd_sec/s  wr_sec/s  avgrq-sz  avgqu-sz     await     svctm     %util
07:57:54 PM    xvdap1      1.00      0.00      8.00      8.00      0.00      0.00      0.00      0.00

07:57:54 PM       DEV       tps  rd_sec/s  wr_sec/s  avgrq-sz  avgqu-sz     await     svctm     %util
07:57:56 PM    xvdap1      5.45      0.00     55.45     10.18      0.01      2.55      0.36      0.20

07:57:56 PM       DEV       tps  rd_sec/s  wr_sec/s  avgrq-sz  avgqu-sz     await     svctm     %util
07:57:58 PM    xvdap1      0.00      0.00      0.00      0.00      0.00      0.00      0.00      0.00

07:57:58 PM       DEV       tps  rd_sec/s  wr_sec/s  avgrq-sz  avgqu-sz     await     svctm     %util
07:58:00 PM    xvdap1      5.00      0.00     48.00      9.60      0.00      0.40      0.40      0.20

07:58:00 PM       DEV       tps  rd_sec/s  wr_sec/s  avgrq-sz  avgqu-sz     await     svctm     %util
07:58:02 PM    xvdap1      0.00      0.00      0.00      0.00      0.00      0.00      0.00      0.00

07:58:02 PM       DEV       tps  rd_sec/s  wr_sec/s  avgrq-sz  avgqu-sz     await     svctm     %util
07:58:04 PM    xvdap1      2.00      0.00     16.00      8.00      0.01      4.00      1.00      0.20

07:58:04 PM       DEV       tps  rd_sec/s  wr_sec/s  avgrq-sz  avgqu-sz     await     svctm     %util
07:58:06 PM    xvdap1      4.43      0.00     43.35      9.78      0.01      1.33      0.44      0.20

07:58:06 PM       DEV       tps  rd_sec/s  wr_sec/s  avgrq-sz  avgqu-sz     await     svctm     %util
07:58:08 PM    xvdap1      0.00      0.00      0.00      0.00      0.00      0.00      0.00      0.00

07:58:08 PM       DEV       tps  rd_sec/s  wr_sec/s  avgrq-sz  avgqu-sz     await     svctm     %util
07:58:10 PM    xvdap1      0.00      0.00      0.00      0.00      0.00      0.00      0.00      0.00

07:58:10 PM       DEV       tps  rd_sec/s  wr_sec/s  avgrq-sz  avgqu-sz     await     svctm     %util
07:58:12 PM    xvdap1      4.00      0.00     40.00     10.00      0.03      8.00      2.00      0.80

07:58:12 PM       DEV       tps  rd_sec/s  wr_sec/s  avgrq-sz  avgqu-sz     await     svctm     %util
07:58:14 PM    xvdap1      6.50      0.00     56.00      8.62      0.00      0.31      0.31      0.20

07:58:14 PM       DEV       tps  rd_sec/s  wr_sec/s  avgrq-sz  avgqu-sz     await     svctm     %util
07:58:16 PM    xvdap1      0.00      0.00      0.00      0.00      0.00      0.00      0.00      0.00

07:58:16 PM       DEV       tps  rd_sec/s  wr_sec/s  avgrq-sz  avgqu-sz     await     svctm     %util
07:58:18 PM    xvdap1      7.50      0.00     76.00     10.13      0.01      1.33      0.27      0.20

07:58:18 PM       DEV       tps  rd_sec/s  wr_sec/s  avgrq-sz  avgqu-sz     await     svctm     %util
07:58:20 PM    xvdap1      1.50      0.00     56.00     37.33      0.00      0.00      0.00      0.00

07:58:20 PM       DEV       tps  rd_sec/s  wr_sec/s  avgrq-sz  avgqu-sz     await     svctm     %util
07:58:22 PM    xvdap1      0.00      0.00      0.00      0.00      0.00      0.00      0.00      0.00

07:58:22 PM       DEV       tps  rd_sec/s  wr_sec/s  avgrq-sz  avgqu-sz     await     svctm     %util
07:58:24 PM    xvdap1      7.46      0.00     79.60     10.67      0.07      9.33      1.07      0.80

07:58:24 PM       DEV       tps  rd_sec/s  wr_sec/s  avgrq-sz  avgqu-sz     await     svctm     %util
07:58:26 PM    xvdap1      0.00      0.00      0.00      0.00      0.00      0.00      0.00      0.00

07:58:26 PM       DEV       tps  rd_sec/s  wr_sec/s  avgrq-sz  avgqu-sz     await     svctm     %util
07:58:28 PM    xvdap1      0.00      0.00      0.00      0.00      0.00      0.00      0.00      0.00

07:58:28 PM       DEV       tps  rd_sec/s  wr_sec/s  avgrq-sz  avgqu-sz     await     svctm     %util
07:58:30 PM    xvdap1      7.00      0.00     64.00      9.14      0.04      5.71      0.57      0.40

07:58:30 PM       DEV       tps  rd_sec/s  wr_sec/s  avgrq-sz  avgqu-sz     await     svctm     %util
07:58:32 PM    xvdap1      0.00      0.00      0.00      0.00      0.00      0.00      0.00      0.00

07:58:32 PM       DEV       tps  rd_sec/s  wr_sec/s  avgrq-sz  avgqu-sz     await     svctm     %util
07:58:34 PM    xvdap1      0.00      0.00      0.00      0.00      0.00      0.00      0.00      0.00

07:58:34 PM       DEV       tps  rd_sec/s  wr_sec/s  avgrq-sz  avgqu-sz     await     svctm     %util
07:58:36 PM    xvdap1      7.00      0.00     64.00      9.14      0.01      1.71      0.29      0.20

07:58:36 PM       DEV       tps  rd_sec/s  wr_sec/s  avgrq-sz  avgqu-sz     await     svctm     %util
07:58:38 PM    xvdap1      0.00      0.00      0.00      0.00      0.00      0.00      0.00      0.00

07:58:38 PM       DEV       tps  rd_sec/s  wr_sec/s  avgrq-sz  avgqu-sz     await     svctm     %util
07:58:40 PM    xvdap1      2.00      0.00     16.00      8.00      0.00      0.00      0.00      0.00

07:58:40 PM       DEV       tps  rd_sec/s  wr_sec/s  avgrq-sz  avgqu-sz     await     svctm     %util
07:58:42 PM    xvdap1      5.50      0.00     52.00      9.45      0.02      3.64      0.36      0.20

07:58:42 PM       DEV       tps  rd_sec/s  wr_sec/s  avgrq-sz  avgqu-sz     await     svctm     %util
07:58:44 PM    xvdap1      0.00      0.00      0.00      0.00      0.00      0.00      0.00      0.00

07:58:44 PM       DEV       tps  rd_sec/s  wr_sec/s  avgrq-sz  avgqu-sz     await     svctm     %util
07:58:46 PM    xvdap1      5.00      0.00     52.00     10.40      0.05      9.20      2.00      1.00

07:58:46 PM       DEV       tps  rd_sec/s  wr_sec/s  avgrq-sz  avgqu-sz     await     svctm     %util
07:58:48 PM    xvdap1      0.00      0.00      0.00      0.00      0.00      0.00      0.00      0.00

07:58:48 PM       DEV       tps  rd_sec/s  wr_sec/s  avgrq-sz  avgqu-sz     await     svctm     %util
07:58:50 PM    xvdap1      7.00      0.00     72.00     10.29      0.01      0.86      0.29      0.20

07:58:50 PM       DEV       tps  rd_sec/s  wr_sec/s  avgrq-sz  avgqu-sz     await     svctm     %util
07:58:52 PM    xvdap1      7.43      0.00     79.21     10.67      0.00      0.27      0.27      0.20

07:58:52 PM       DEV       tps  rd_sec/s  wr_sec/s  avgrq-sz  avgqu-sz     await     svctm     %util
07:58:54 PM    xvdap1      1.00      0.00     40.00     40.00      0.02     16.00      8.00      0.80

07:58:54 PM       DEV       tps  rd_sec/s  wr_sec/s  avgrq-sz  avgqu-sz     await     svctm     %util
07:58:56 PM    xvdap1      0.00      0.00      0.00      0.00      0.00      0.00      0.00      0.00

07:58:56 PM       DEV       tps  rd_sec/s  wr_sec/s  avgrq-sz  avgqu-sz     await     svctm     %util
07:58:58 PM    xvdap1      7.50      0.00     80.00     10.67      0.00      0.27      0.27      0.20

07:58:58 PM       DEV       tps  rd_sec/s  wr_sec/s  avgrq-sz  avgqu-sz     await     svctm     %util
07:59:00 PM    xvdap1      0.00      0.00      0.00      0.00      0.00      0.00      0.00      0.00

07:59:00 PM       DEV       tps  rd_sec/s  wr_sec/s  avgrq-sz  avgqu-sz     await     svctm     %util
07:59:02 PM    xvdap1      0.00      0.00      0.00      0.00      0.00      0.00      0.00      0.00

07:59:02 PM       DEV       tps  rd_sec/s  wr_sec/s  avgrq-sz  avgqu-sz     await     svctm     %util
07:59:04 PM    xvdap1      7.50      0.00     68.00      9.07      0.00      0.27      0.27      0.20

07:59:04 PM       DEV       tps  rd_sec/s  wr_sec/s  avgrq-sz  avgqu-sz     await     svctm     %util
07:59:06 PM    xvdap1      0.00      0.00      0.00      0.00      0.00      0.00      0.00      0.00

07:59:06 PM       DEV       tps  rd_sec/s  wr_sec/s  avgrq-sz  avgqu-sz     await     svctm     %util
07:59:08 PM    xvdap1      0.00      0.00      0.00      0.00      0.00      0.00      0.00      0.00

07:59:08 PM       DEV       tps  rd_sec/s  wr_sec/s  avgrq-sz  avgqu-sz     await     svctm     %util
07:59:10 PM    xvdap1      5.97      0.00     55.72      9.33      0.00      0.00      0.00      0.00

07:59:10 PM       DEV       tps  rd_sec/s  wr_sec/s  avgrq-sz  avgqu-sz     await     svctm     %util
07:59:12 PM    xvdap1      0.00      0.00      0.00      0.00      0.00      0.00      0.00      0.00

07:59:12 PM       DEV       tps  rd_sec/s  wr_sec/s  avgrq-sz  avgqu-sz     await     svctm     %util
07:59:14 PM    xvdap1      2.00      0.00     16.00      8.00      0.00      0.00      0.00      0.00

07:59:14 PM       DEV       tps  rd_sec/s  wr_sec/s  avgrq-sz  avgqu-sz     await     svctm     %util
07:59:16 PM    xvdap1      5.50      0.00     52.00      9.45      0.02      4.00      0.73      0.40

07:59:16 PM       DEV       tps  rd_sec/s  wr_sec/s  avgrq-sz  avgqu-sz     await     svctm     %util
07:59:18 PM    xvdap1      0.00      0.00      0.00      0.00      0.00      0.00      0.00      0.00

07:59:18 PM       DEV       tps  rd_sec/s  wr_sec/s  avgrq-sz  avgqu-sz     await     svctm     %util
07:59:20 PM    xvdap1      1.00      0.00     16.00     16.00      0.00      0.00      0.00      0.00

07:59:20 PM       DEV       tps  rd_sec/s  wr_sec/s  avgrq-sz  avgqu-sz     await     svctm     %util
07:59:22 PM    xvdap1      4.00      0.00     48.00     12.00      0.01      3.50      0.50      0.20

07:59:22 PM       DEV       tps  rd_sec/s  wr_sec/s  avgrq-sz  avgqu-sz     await     svctm     %util
07:59:24 PM    xvdap1      6.50      0.00     56.00      8.62      0.03      4.00      0.31      0.20

07:59:24 PM       DEV       tps  rd_sec/s  wr_sec/s  avgrq-sz  avgqu-sz     await     svctm     %util
07:59:26 PM    xvdap1      0.00      0.00      0.00      0.00      0.00      0.00      0.00      0.00

07:59:26 PM       DEV       tps  rd_sec/s  wr_sec/s  avgrq-sz  avgqu-sz     await     svctm     %util
07:59:28 PM    xvdap1      7.50      0.00     92.00     12.27      0.03      4.00      0.53      0.40

07:59:28 PM       DEV       tps  rd_sec/s  wr_sec/s  avgrq-sz  avgqu-sz     await     svctm     %util
07:59:30 PM    xvdap1      0.50      0.00     40.00     80.00      0.00      4.00      4.00      0.20

07:59:30 PM       DEV       tps  rd_sec/s  wr_sec/s  avgrq-sz  avgqu-sz     await     svctm     %util
07:59:32 PM    xvdap1      0.00      0.00      0.00      0.00      0.00      0.00      0.00      0.00

07:59:32 PM       DEV       tps  rd_sec/s  wr_sec/s  avgrq-sz  avgqu-sz     await     svctm     %util
07:59:34 PM    xvdap1      7.50      0.00     76.00     10.13      0.02      2.67      0.53      0.40

07:59:34 PM       DEV       tps  rd_sec/s  wr_sec/s  avgrq-sz  avgqu-sz     await     svctm     %util
07:59:36 PM    xvdap1      0.00      0.00      0.00      0.00      0.00      0.00      0.00      0.00

07:59:36 PM       DEV       tps  rd_sec/s  wr_sec/s  avgrq-sz  avgqu-sz     await     svctm     %util
07:59:38 PM    xvdap1      0.00      0.00      0.00      0.00      0.00      0.00      0.00      0.00

07:59:38 PM       DEV       tps  rd_sec/s  wr_sec/s  avgrq-sz  avgqu-sz     await     svctm     %util
07:59:40 PM    xvdap1      6.50      0.00     60.00      9.23      0.02      3.69      0.31      0.20

07:59:40 PM       DEV       tps  rd_sec/s  wr_sec/s  avgrq-sz  avgqu-sz     await     svctm     %util
07:59:42 PM    xvdap1      0.00      0.00      0.00      0.00      0.00      0.00      0.00      0.00

07:59:42 PM       DEV       tps  rd_sec/s  wr_sec/s  avgrq-sz  avgqu-sz     await     svctm     %util
07:59:44 PM    xvdap1      0.00      0.00      0.00      0.00      0.00      0.00      0.00      0.00

07:59:44 PM       DEV       tps  rd_sec/s  wr_sec/s  avgrq-sz  avgqu-sz     await     svctm     %util
07:59:46 PM    xvdap1      6.50      0.00     60.00      9.23      0.03      4.31      0.62      0.40

07:59:46 PM       DEV       tps  rd_sec/s  wr_sec/s  avgrq-sz  avgqu-sz     await     svctm     %util
07:59:48 PM    xvdap1      0.00      0.00      0.00      0.00      0.00      0.00      0.00      0.00

07:59:48 PM       DEV       tps  rd_sec/s  wr_sec/s  avgrq-sz  avgqu-sz     await     svctm     %util
07:59:50 PM    xvdap1      4.50      0.00     36.00      8.00      0.00      0.00      0.00      0.00

07:59:50 PM       DEV       tps  rd_sec/s  wr_sec/s  avgrq-sz  avgqu-sz     await     svctm     %util
07:59:52 PM    xvdap1      5.88      0.00     54.90      9.33      0.00      0.33      0.33      0.20

07:59:52 PM       DEV       tps  rd_sec/s  wr_sec/s  avgrq-sz  avgqu-sz     await     svctm     %util
07:59:54 PM    xvdap1      1.49      0.00     19.90     13.33      0.00      0.00      0.00      0.00

07:59:54 PM       DEV       tps  rd_sec/s  wr_sec/s  avgrq-sz  avgqu-sz     await     svctm     %util
07:59:56 PM    xvdap1      0.00      0.00      0.00      0.00      0.00      0.00      0.00      0.00

07:59:56 PM       DEV       tps  rd_sec/s  wr_sec/s  avgrq-sz  avgqu-sz     await     svctm     %util
07:59:58 PM    xvdap1      5.50      0.00     72.00     13.09      0.02      2.91      0.73      0.40

07:59:58 PM       DEV       tps  rd_sec/s  wr_sec/s  avgrq-sz  avgqu-sz     await     svctm     %util
08:00:00 PM    xvdap1      6.00      0.00     48.00      8.00      0.00      0.67      0.33      0.20

08:00:00 PM       DEV       tps  rd_sec/s  wr_sec/s  avgrq-sz  avgqu-sz     await     svctm     %util
08:00:02 PM    xvdap1      0.00      0.00      0.00      0.00      0.00      0.00      0.00      0.00

08:00:02 PM       DEV       tps  rd_sec/s  wr_sec/s  avgrq-sz  avgqu-sz     await     svctm     %util
08:00:04 PM    xvdap1      7.80      0.00    124.88     16.00      0.05      7.00      4.25      3.32

08:00:04 PM       DEV       tps  rd_sec/s  wr_sec/s  avgrq-sz  avgqu-sz     await     svctm     %util
08:00:06 PM    xvdap1      0.00      0.00      0.00      0.00      0.00      0.00      0.00      0.00

08:00:06 PM       DEV       tps  rd_sec/s  wr_sec/s  avgrq-sz  avgqu-sz     await     svctm     %util
08:00:09 PM    xvdap1      0.00      0.00      0.00      0.00      0.00      0.00      0.00      0.00

08:00:09 PM       DEV       tps  rd_sec/s  wr_sec/s  avgrq-sz  avgqu-sz     await     svctm     %util
08:00:11 PM    xvdap1      7.00      0.00     76.00     10.86      0.03      4.00      0.57      0.40

08:00:11 PM       DEV       tps  rd_sec/s  wr_sec/s  avgrq-sz  avgqu-sz     await     svctm     %util
08:00:13 PM    xvdap1      0.00      0.00      0.00      0.00      0.00      0.00      0.00      0.00

08:00:13 PM       DEV       tps  rd_sec/s  wr_sec/s  avgrq-sz  avgqu-sz     await     svctm     %util
08:00:15 PM    xvdap1      6.00      0.00     48.00      8.00      0.03      4.00      0.33      0.20

08:00:15 PM       DEV       tps  rd_sec/s  wr_sec/s  avgrq-sz  avgqu-sz     await     svctm     %util
08:00:17 PM    xvdap1      0.98      0.00     42.93     44.00      0.00      4.00      2.00      0.20

08:00:17 PM       DEV       tps  rd_sec/s  wr_sec/s  avgrq-sz  avgqu-sz     await     svctm     %util
08:00:19 PM    xvdap1      0.00      0.00      0.00      0.00      0.00      0.00      0.00      0.00

08:00:19 PM       DEV       tps  rd_sec/s  wr_sec/s  avgrq-sz  avgqu-sz     await     svctm     %util
08:00:21 PM    xvdap1      6.50      0.00     60.00      9.23      0.04      5.85      0.62      0.40

08:00:21 PM       DEV       tps  rd_sec/s  wr_sec/s  avgrq-sz  avgqu-sz     await     svctm     %util
08:00:23 PM    xvdap1      0.00      0.00      0.00      0.00      0.00      0.00      0.00      0.00

08:00:23 PM       DEV       tps  rd_sec/s  wr_sec/s  avgrq-sz  avgqu-sz     await     svctm     %util
08:00:25 PM    xvdap1      8.00      0.00     76.00      9.50      0.04      5.50      0.50      0.40
