Linux 3.2.0-31-virtual (ip-10-124-138-93) 	06/23/2014 	_x86_64_	(2 CPU)

07:56:32 PM kbmemfree kbmemused  %memused kbbuffers  kbcached  kbcommit   %commit  kbactive   kbinact
07:56:34 PM   4817180   2812320     36.86    141972    482448   2796764     36.66   2391216    266464
07:56:36 PM   4819504   2809996     36.83    141972    482448   2764536     36.23   2389764    266412
07:56:38 PM   4818524   2810976     36.84    141976    482448   2787904     36.54   2390264    266412
07:56:40 PM   4819528   2809972     36.83    141976    482452   2776728     36.39   2390120    266416
07:56:42 PM   4818652   2810848     36.84    141976    482452   2781772     36.46   2390100    266416
07:56:44 PM   4819352   2810148     36.83    141976    482456   2768100     36.28   2389652    266420
07:56:46 PM   4818672   2810828     36.84    141976    482460   2766508     36.26   2389860    266424
07:56:48 PM   4818644   2810856     36.84    141976    482460   2779776     36.43   2390164    266424
07:56:50 PM   4818576   2810924     36.84    141976    482464   2774696     36.37   2390012    266428
07:56:52 PM   4818200   2811300     36.85    141976    482464   2773716     36.36   2390048    266424
07:56:54 PM   4818460   2811040     36.84    141976    482468   2775676     36.38   2390012    266428
07:56:56 PM   4819636   2809864     36.83    141976    482472   2721792     35.67   2389064    266432
07:56:58 PM   4819500   2810000     36.83    141976    482476   2721828     35.68   2389080    266436
07:57:00 PM   4817748   2811752     36.85    141976    482480   2797036     36.66   2390332    266436
07:57:02 PM   4818112   2811388     36.85    141976    482480   2769580     36.30   2389912    266436
07:57:04 PM   4819568   2809932     36.83    141976    482488   2722856     35.69   2389064    266436
07:57:06 PM   4817516   2811984     36.86    141976    482488   2747228     36.01   2389436    266432
07:57:08 PM   4820728   2808772     36.81    141976    482492   2716380     35.60   2387736    266436
07:57:10 PM   4819200   2810300     36.83    141976    482496   2744828     35.98   2388188    266436
07:57:12 PM   4818988   2810512     36.84    141976    482496   2769224     36.30   2388608    266436
07:57:14 PM   4818620   2810880     36.84    141976    482504   2771256     36.32   2388708    266444
07:57:16 PM   4817584   2811916     36.86    141976    482504   2795592     36.64   2389068    266436
07:57:18 PM   4820088   2809412     36.82    141976    482508   2721816     35.67   2387708    266440
07:57:20 PM   4819376   2810124     36.83    141976    482512   2736064     35.86   2387980    266444
07:57:22 PM   4817696   2811804     36.85    141976    482512   2784856     36.50   2388828    266444
07:57:24 PM   4817732   2811768     36.85    141976    482520   2767560     36.27   2388536    266452
07:57:26 PM   4819300   2810200     36.83    141976    482520   2735072     35.85   2388024    266448
07:57:28 PM   4817728   2811772     36.85    141976    482524   2806088     36.78   2388960    266452
07:57:30 PM   4818756   2810744     36.84    141976    482524   2740208     35.92   2388200    266452
07:57:32 PM   4817504   2811996     36.86    141976    482528   2789000     36.56   2388924    266456
07:57:34 PM   4817140   2812360     36.86    141976    482536   2781912     36.46   2388916    266464
07:57:36 PM   4817100   2812400     36.86    141976    482536   2777800     36.41   2388876    266460
07:57:38 PM   4818896   2810604     36.84    141976    482540   2729068     35.77   2388016    266464
07:57:40 PM   4817724   2811776     36.85    141976    482540   2769716     36.30   2388704    266460
07:57:42 PM   4816860   2812640     36.87    141976    482544   2780892     36.45   2388796    266464
07:57:44 PM   4816772   2812728     36.87    141976    482548   2796096     36.65   2389052    266464
07:57:46 PM   4816640   2812860     36.87    141976    482552   2806232     36.78   2389276    266468
07:57:48 PM   4817016   2812484     36.86    141976    482560   2770720     36.32   2388708    266472
07:57:50 PM   4817668   2811832     36.85    141976    482560   2740408     35.92   2388160    266464
07:57:52 PM   4816736   2812764     36.87    141976    482572   2779052     36.43   2388884    266476
07:57:54 PM   4816316   2813184     36.87    141976    482576   2790300     36.57   2389056    266472
07:57:56 PM   4815508   2813992     36.88    141976    482580   2791208     36.58   2388904    266472
07:57:58 PM   4817808   2811692     36.85    141976    482584   2754668     36.11   2388448    266476
07:58:00 PM   4816596   2812904     36.87    141976    482588   2792216     36.60   2389072    266476
07:58:02 PM   4816168   2813332     36.87    141976    482592   2796196     36.65   2389076    266476
07:58:04 PM   4818092   2811408     36.85    141976    482596   2727084     35.74   2387984    266480
07:58:06 PM   4816392   2813108     36.87    141976    482600   2767748     36.28   2388656    266472
07:58:08 PM   4816376   2813124     36.87    141976    482604   2782988     36.48   2388900    266476
07:58:10 PM   4815912   2813588     36.88    141976    482604   2795192     36.64   2389204    266476
07:58:12 PM   4818408   2811092     36.85    141976    482612   2718700     35.63   2387804    266484
07:58:14 PM   4817624   2811876     36.86    141976    482612   2736008     35.86   2388212    266480
07:58:16 PM   4817084   2812416     36.86    141976    482616   2754260     36.10   2388428    266484
07:58:18 PM   4815884   2813616     36.88    141976    482620   2788792     36.55   2389004    266484
07:58:20 PM   4815384   2814116     36.88    141976    482620   2758300     36.15   2388628    266484
07:58:22 PM   4816208   2813292     36.87    141976    482624   2768936     36.29   2388800    266488
07:58:24 PM   4815104   2814396     36.89    141976    482628   2796320     36.65   2389176    266492
07:58:26 PM   4815796   2813704     36.88    141976    482632   2749632     36.04   2388356    266492
07:58:28 PM   4816080   2813420     36.88    141976    482632   2786184     36.52   2388896    266492
07:58:30 PM   4813292   2816208     36.91    141976    482636   2847168     37.32   2389916    266496
07:58:32 PM   4811348   2818152     36.94    141976    482640   2895988     37.96   2390856    266500
07:58:34 PM   4813920   2815580     36.90    141976    482648   2789188     36.56   2389272    266504
07:58:36 PM   4811520   2817980     36.94    141976    482652   2879600     37.74   2390624    266504
07:58:38 PM   4812620   2816880     36.92    141976    482656   2827820     37.06   2389872    266504
07:58:40 PM   4810244   2819256     36.95    141976    482656   2900940     38.02   2391100    266504
07:58:42 PM   4813280   2816220     36.91    141976    482668   2807464     36.80   2389592    266512
07:58:44 PM   4801648   2827852     37.06    141976    482668   2747644     36.01   2402588    266512
07:58:46 PM   4797512   2831988     37.12    141976    482668   2870580     37.62   2404568    266512
07:58:48 PM   4798756   2830744     37.10    141976    482672   2821752     36.98   2403756    266516
07:58:50 PM   4795624   2833876     37.14    141976    482672   2909140     38.13   2405192    266516
07:58:52 PM   4797992   2831508     37.11    141976    482676   2849208     37.34   2404116    266520
07:58:54 PM   4783724   2845776     37.30    141976    482676   2884124     37.80   2417884    266520
07:58:56 PM   4783696   2845804     37.30    141976    482680   2875268     37.69   2417996    266524
07:58:58 PM   4783460   2846040     37.30    141976    482684   2879332     37.74   2418044    266528
07:59:00 PM   4784424   2845076     37.29    141976    482692   2840712     37.23   2417376    266532
07:59:02 PM   4783256   2846244     37.31    141976    482700   2887448     37.85   2418080    266532
07:59:04 PM   4782720   2846780     37.31    141980    482696   2892504     37.91   2418284    266528
07:59:06 PM   4769528   2859972     37.49    141980    482704   2770608     36.31   2433540    266532
07:59:08 PM   4768884   2860616     37.49    141980    482712   2791980     36.59   2433868    266540
07:59:10 PM   4769504   2859996     37.49    141980    482712   2752320     36.07   2433312    266536
07:59:12 PM   4766448   2863052     37.53    141980    482724   2857996     37.46   2435020    266548
07:59:14 PM   4766928   2862572     37.52    141980    482728   2850860     37.37   2434824    266544
07:59:16 PM   4764748   2864752     37.55    141980    482732   2877300     37.71   2435204    266544
07:59:18 PM   4749396   2880104     37.75    141980    482732   2882800     37.78   2451876    266544
07:59:20 PM   4751896   2877604     37.72    141980    482736   2852392     37.39   2450528    266548
07:59:22 PM   4752352   2877148     37.71    141980    482744   2820876     36.97   2450016    266552
07:59:24 PM   4748688   2880812     37.76    141980    482748   2961108     38.81   2452400    266552
07:59:26 PM   4748724   2880776     37.76    141980    482752   2957152     38.76   2452308    266552
07:59:28 PM   4748768   2880732     37.76    141980    482752   2975344     39.00   2452588    266552
07:59:30 PM   4748108   2881392     37.77    141980    482760   3011576     39.47   2452972    266556
07:59:32 PM   4748304   2881196     37.76    141980    482768   2969236     38.92   2452560    266560
07:59:34 PM   4749664   2879836     37.75    141980    482768   2931584     38.42   2451844    266552
07:59:36 PM   4748976   2880524     37.76    141980    482772   2960104     38.80   2452440    266556
07:59:38 PM   4748320   2881180     37.76    141980    482772   2971256     38.94   2452648    266556
07:59:40 PM   4749128   2880372     37.75    141980    482776   2936700     38.49   2452044    266556
07:59:42 PM   4748584   2880916     37.76    141980    482780   2970408     38.93   2452492    266560
07:59:44 PM   4749356   2880144     37.75    141980    482788   2963152     38.84   2452464    266568
07:59:46 PM   4748216   2881284     37.77    141980    482788   2980376     39.06   2452752    266564
07:59:48 PM   4747784   2881716     37.77    141980    482792   2980376     39.06   2452712    266568
07:59:50 PM   4748348   2881152     37.76    141980    482796   2965268     38.87   2452444    266572
07:59:52 PM   4748332   2881168     37.76    141980    482800   2962088     38.82   2452480    266572
07:59:54 PM   4747652   2881848     37.77    141980    482808   2988540     39.17   2452848    266580
07:59:56 PM   4748268   2881232     37.76    141980    482808   2962136     38.82   2452448    266576
07:59:58 PM   4747680   2881820     37.77    141980    482812   3009876     39.45   2453200    266576
08:00:00 PM   4748236   2881264     37.76    141980    482816   2985468     39.13   2452776    266580
08:00:02 PM   4748092   2881408     37.77    141980    482820   2992616     39.22   2452912    266580
08:00:04 PM   4749912   2879588     37.74    141984    482824   2935684     38.48   2451984    266588
08:00:06 PM   4749492   2880008     37.75    141984    482824   2930652     38.41   2451932    266588
08:00:09 PM   4749588   2879912     37.75    141984    482828   2948916     38.65   2452296    266592
08:00:11 PM   4749712   2879788     37.75    141984    482828   2925548     38.35   2451892    266536
08:00:13 PM   4750800   2878700     37.73    141984    482832   2903208     38.05   2451552    266540
08:00:15 PM   4749232   2880268     37.75    141984    482836   2965172     38.86   2452540    266544
08:00:17 PM   4748476   2881024     37.76    141984    482844   2976324     39.01   2452720    266544
08:00:19 PM   4749412   2880088     37.75    141984    482852   2954032     38.72   2452364    266548
08:00:21 PM   4748960   2880540     37.76    141984    482852   2945976     38.61   2452312    266544
08:00:23 PM   4746220   2883280     37.79    141984    482856   3042412     39.88   2453884    266548
08:00:25 PM   4747976   2881524     37.77    141984    482856   2982444     39.09   2452868    266548
