Linux 3.2.0-31-virtual (ip-10-124-138-93) 	06/23/2014 	_x86_64_	(2 CPU)

07:56:32 PM  active/s passive/s    iseg/s    oseg/s
07:56:34 PM      0.00    189.00   2050.50   1860.00
07:56:36 PM      0.00    241.00   2369.50   2206.00
07:56:38 PM      0.00    226.00   2298.50   2056.50
07:56:40 PM      0.00    222.00   2231.50   2057.00
07:56:42 PM      0.00    234.00   2336.00   2098.00
07:56:44 PM      0.50    207.50   2040.00   1872.50
07:56:46 PM      0.00    227.59   2268.47   2048.77
07:56:48 PM      0.00    215.00   2241.50   2058.00
07:56:50 PM      0.00    239.00   2337.00   2114.00
07:56:52 PM      0.00    224.00   2311.50   2148.50
07:56:54 PM      0.00    233.50   2336.00   2163.50
07:56:56 PM      0.00    228.00   2195.00   2003.50
07:56:58 PM      0.00    215.92   2233.83   2067.66
07:57:00 PM      0.00    220.00   2263.00   2047.00
07:57:02 PM      0.00    211.39   2160.89   2010.40
07:57:04 PM      0.00    258.00   2482.00   2256.00
07:57:06 PM      0.00    225.50   2261.00   2079.50
07:57:08 PM      0.00    195.50   2050.50   1865.00
07:57:10 PM      0.00    221.50   2263.00   2092.00
07:57:12 PM      0.00    233.50   2331.00   2161.50
07:57:14 PM      0.50    238.50   2311.00   2081.00
07:57:16 PM      0.00    220.50   2304.50   2085.50
07:57:18 PM      0.00    207.32   2079.51   1900.00
07:57:20 PM      0.00    230.00   2314.50   2104.00
07:57:22 PM      0.00    213.50   2181.00   1976.00
07:57:24 PM      0.00    241.50   2330.50   2096.00
07:57:26 PM      0.00    243.50   2425.50   2213.50
07:57:28 PM      0.00    201.00   2146.50   1986.50
07:57:30 PM      0.00    220.40   2192.54   2064.18
07:57:32 PM      0.00    233.00   2329.50   2073.00
07:57:34 PM      0.00    234.50   2358.00   2118.50
07:57:36 PM      0.00    223.00   2197.00   1980.00
07:57:38 PM      0.00    233.50   2394.00   2186.00
07:57:40 PM      0.00    209.00   2124.00   1918.50
07:57:42 PM      0.00    237.50   2265.50   2127.00
07:57:44 PM      0.50    220.00   2321.00   2105.00
07:57:46 PM      0.00    240.50   2352.50   2111.00
07:57:48 PM      0.00    225.50   2337.00   2170.00
07:57:50 PM      0.00    217.82   2160.40   2027.23
07:57:52 PM      0.00    227.50   2309.00   2047.50
07:57:54 PM      0.00    233.50   2327.00   2097.00
07:57:56 PM      0.00    256.50   2450.50   2187.00
07:57:58 PM      0.00    213.50   2251.50   2073.00
07:58:00 PM      0.00    214.50   2148.00   1926.50
07:58:02 PM      0.00    219.50   2214.50   2043.50
07:58:04 PM      0.00    217.00   2210.00   2063.00
07:58:06 PM      0.00    227.00   2268.50   2091.50
07:58:08 PM      0.00    232.00   2317.50   2062.50
07:58:10 PM      0.00    229.00   2296.50   2047.00
07:58:12 PM      0.00    207.50   2109.00   1932.00
07:58:14 PM      0.50    229.50   2311.50   2094.00
07:58:16 PM      0.00    232.00   2301.50   2067.50
07:58:18 PM      0.00    226.00   2300.00   2108.00
07:58:20 PM      0.00    234.00   2330.00   2128.00
07:58:22 PM      0.00    201.00   2029.50   1878.00
07:58:24 PM      0.00    229.00   2290.50   2037.00
07:58:26 PM      0.00    241.50   2484.50   2210.00
07:58:28 PM      0.00    224.50   2325.50   2121.00
07:58:30 PM      0.00    250.50   2341.00   2095.00
07:58:32 PM      0.00    199.03   2121.36   1971.36
07:58:34 PM      0.00    220.10   2225.00   2051.96
07:58:36 PM      0.00    228.50   2292.00   2122.50
07:58:38 PM      0.00    220.00   2221.50   2083.00
07:58:40 PM      0.00    222.50   2254.50   2083.50
07:58:42 PM      0.00    231.84   2277.11   2026.37
07:58:44 PM      0.49    196.10   2093.66   1891.71
07:58:46 PM      0.00    234.00   2326.50   2124.00
07:58:48 PM      0.00    235.00   2352.00   2183.00
07:58:50 PM      0.00    228.50   2317.50   2183.50
07:58:52 PM      0.00    238.00   2423.00   2214.50
07:58:54 PM      0.00    207.00   2070.00   1955.50
07:58:56 PM      0.00    224.00   2251.50   2044.00
07:58:58 PM      0.00    229.00   2299.00   2079.00
07:59:00 PM      0.00    236.63   2355.45   2174.26
07:59:02 PM      0.00    214.00   2162.50   1978.50
07:59:04 PM      0.00    247.00   2382.00   2205.00
07:59:06 PM      0.00    174.88   2032.02   1930.54
07:59:08 PM      0.00    237.50   2313.50   2066.50
07:59:10 PM      0.00    239.50   2350.50   2217.00
07:59:12 PM      0.00    228.36   2275.62   2097.01
07:59:14 PM      0.50    223.50   2302.50   2100.50
07:59:16 PM      0.00    246.34   2425.85   2188.29
07:59:18 PM      0.00    116.00   1134.50   1045.00
07:59:20 PM      0.00     60.49    707.32    697.07
07:59:22 PM      0.00     58.00    501.00    449.50
07:59:24 PM      0.00    200.00   2097.50   1934.50
07:59:26 PM      0.00    227.50   2269.00   2107.50
07:59:28 PM      0.00    230.35   2315.92   2089.05
07:59:30 PM      0.00    244.00   2184.00   2044.50
07:59:32 PM      0.00    199.00   2267.00   2068.00
07:59:34 PM      0.00    232.50   2293.50   2144.50
07:59:36 PM      0.00    222.00   2268.00   2069.00
07:59:38 PM      0.00    234.50   2344.00   2126.50
07:59:40 PM      0.00    238.50   2394.00   2163.50
07:59:42 PM      0.50    216.50   2167.50   2030.50
07:59:44 PM      0.00    227.18   2293.69   2067.96
07:59:46 PM      0.00    237.50   2374.50   2125.50
07:59:48 PM      0.00    245.50   2369.50   2147.00
07:59:50 PM      0.00    221.00   2327.50   2138.50
07:59:52 PM      0.00    234.63   2353.17   2118.54
07:59:54 PM      0.00    206.97   2079.10   1917.41
07:59:56 PM      0.00    249.51   2447.06   2231.86
07:59:58 PM      0.00    222.00   2278.00   2106.00
08:00:00 PM      0.00    240.50   2389.00   2145.50
08:00:02 PM      0.00    213.00   2083.00   1960.50
08:00:04 PM      0.00    214.71   2403.92   2226.96
08:00:06 PM      0.00    228.00   2210.00   2029.50
08:00:09 PM      0.00    230.24   2377.56   2216.10
08:00:11 PM      0.00    213.43   2168.16   1990.55
08:00:13 PM      0.49    235.29   2339.22   2194.12
08:00:15 PM      0.00    226.37   2241.79   2067.66
08:00:17 PM      0.00    236.59   2360.98   2160.98
08:00:19 PM      0.00    204.50   2043.00   1904.00
08:00:21 PM      0.00    228.00   2375.00   2202.00
08:00:23 PM      0.00    224.14   2276.85   2127.09
08:00:25 PM      0.00    216.00   2256.50   2084.50
