Linux 3.2.0-31-virtual (ip-10-124-138-93) 	06/23/2014 	_x86_64_	(2 CPU)

07:56:32 PM  atmptf/s  estres/s retrans/s isegerr/s   orsts/s
07:56:34 PM      0.00      0.50      0.00      0.00      0.50
07:56:36 PM      0.00      0.00      0.00      0.00      0.00
07:56:38 PM      0.00      0.50      0.00      0.00      0.50
07:56:40 PM      0.00      3.00      0.00      0.00      3.00
07:56:42 PM      0.00      0.00      0.00      0.00      0.00
07:56:44 PM      0.00      0.50      0.00      0.00      4.50
07:56:46 PM      0.00      1.98      0.00      0.00      1.98
07:56:48 PM      0.00      1.50      0.00      0.00      2.50
07:56:50 PM      0.00      1.00      0.00      0.00      1.00
07:56:52 PM      0.00      0.96      0.00      0.00      1.92
07:56:54 PM      0.00      0.97      0.00      0.00      0.97
07:56:56 PM      0.00      1.00      0.00      0.00      1.00
07:56:58 PM      0.00      0.50      0.00      0.00      0.50
07:57:00 PM      0.00      0.00      0.00      0.00      2.00
07:57:02 PM      0.00      0.50      0.00      0.00      0.50
07:57:04 PM      0.00      0.00      0.00      0.00      1.94
07:57:06 PM      0.00      1.00      0.00      0.00      1.00
07:57:08 PM      0.00      0.50      0.00      0.00      0.50
07:57:10 PM      0.00      0.00      0.00      0.00      0.00
07:57:12 PM      0.00      1.00      0.00      0.00      1.00
07:57:14 PM      0.00      1.00      0.00      0.00      1.00
07:57:16 PM      0.00      0.50      0.00      0.00      0.50
07:57:18 PM      0.00      0.50      0.00      0.00      3.50
07:57:20 PM      0.00      0.50      0.00      0.00      0.50
07:57:22 PM      0.00      3.50      0.00      0.00      3.50
07:57:24 PM      0.00      0.49      0.00      0.00      0.00
07:57:26 PM      0.00      2.00      0.00      0.00      2.00
07:57:28 PM      0.00      1.00      0.00      0.00      1.00
07:57:30 PM      0.00      0.50      0.00      0.00      0.50
07:57:32 PM      0.00      0.00      0.00      0.00      0.00
07:57:34 PM      0.00      1.00      0.00      0.00      1.00
07:57:36 PM      0.00      0.50      0.00      0.00      0.50
07:57:38 PM      0.00      2.00      4.50      0.00      2.00
07:57:40 PM      0.00      0.50      0.00      0.00      0.50
07:57:42 PM      0.00      0.50      0.00      0.00      0.50
07:57:44 PM      0.00      1.50      0.00      0.00      1.50
07:57:46 PM      0.00      0.50      0.00      0.00      0.50
07:57:48 PM      0.00      0.00      0.00      0.00      0.00
07:57:50 PM      0.00      1.00      0.00      0.00      1.00
07:57:52 PM      0.00      0.50      0.00      0.00      0.50
07:57:54 PM      0.00      0.50      0.00      0.00      1.50
07:57:56 PM      0.00      0.00      0.00      0.00      0.00
07:57:58 PM      0.00      1.00      0.00      0.00      1.00
07:58:00 PM      0.00      2.00      0.00      0.00      2.00
07:58:02 PM      0.00      0.99      0.00      0.00      1.97
07:58:04 PM      0.00      2.50      0.00      0.00      2.50
07:58:06 PM      0.00      2.00      0.00      0.00      2.00
07:58:08 PM      0.00      0.50      0.00      0.00      0.50
07:58:10 PM      0.00      1.00      0.00      0.00      1.00
07:58:12 PM      0.00      0.50      7.00      0.00      0.50
07:58:14 PM      0.00      0.00      0.50      0.00      5.00
07:58:16 PM      0.00      0.00      0.00      0.00      0.00
07:58:18 PM      0.00      3.00      0.00      0.00      3.00
07:58:20 PM      0.00      0.00      0.00      0.00      0.00
07:58:22 PM      0.00      0.00      0.00      0.00      2.00
07:58:24 PM      0.00      0.50      0.00      0.00      0.50
07:58:26 PM      0.00     30.50      0.00      0.00     30.50
07:58:28 PM      0.00      1.00      0.00      0.00      1.00
07:58:30 PM      0.00      0.50      0.00      0.00      0.50
07:58:32 PM      0.00      1.50      0.00      0.00      1.50
07:58:34 PM      0.00      1.00      0.00      0.00      1.00
07:58:36 PM      0.00      0.00      0.00      0.00      0.00
07:58:38 PM      0.00      1.98      0.00      0.00      1.98
07:58:40 PM      0.00      1.00      0.00      0.00      1.00
07:58:42 PM      0.00      0.50      0.00      0.00      0.50
07:58:44 PM      0.00      1.50      0.00      0.00      1.50
07:58:46 PM      0.00      0.00      0.00      0.00      0.00
07:58:48 PM      0.00      2.45      0.00      0.00      2.45
07:58:50 PM      0.00      1.50      0.00      0.00      1.50
07:58:52 PM      0.00      0.50      0.00      0.00      0.50
07:58:54 PM      0.00      0.50      0.00      0.00      0.50
07:58:56 PM      0.00      1.00      0.00      0.00      1.00
07:58:58 PM      0.00      0.50      0.00      0.00      0.50
07:59:00 PM      0.00      0.50      0.00      0.00      0.50
07:59:02 PM      0.00      0.50      0.00      0.00      0.50
07:59:04 PM      0.00      0.00      0.00      0.00      1.00
07:59:06 PM      0.00      0.00      0.00      0.00      0.00
07:59:08 PM      0.00      0.50      0.00      0.00      1.50
07:59:10 PM      0.00      0.50      0.00      0.00      1.50
07:59:12 PM      0.00      0.49      0.00      0.00      0.49
07:59:14 PM      0.00      0.00      0.00      0.00      0.00
07:59:16 PM      0.00      0.00      0.00      0.00      0.00
07:59:18 PM      0.00      0.00      0.00      0.00      0.00
07:59:20 PM      0.00      0.00      0.00      0.00      0.00
07:59:22 PM      0.00      0.00      0.00      0.00      0.00
07:59:24 PM      0.00      0.00      0.00      0.00      1.00
07:59:26 PM      0.00      1.00      0.00      0.00      1.00
07:59:28 PM      0.00      0.00      0.00      0.00      0.00
07:59:30 PM      0.00      3.00      0.00      0.00      3.00
07:59:32 PM      0.00      0.00      0.00      0.00      0.00
07:59:34 PM      0.00      0.00      0.00      0.00      0.00
07:59:36 PM      0.00      0.00      0.00      0.00      0.00
07:59:38 PM      0.00      0.50      0.00      0.00      0.50
07:59:40 PM      0.00      0.50      0.00      0.00      0.50
07:59:42 PM      0.00      0.50      0.00      0.00      0.50
07:59:44 PM      0.00      1.50      0.00      0.00      1.50
07:59:46 PM      0.00      0.50      0.00      0.00      0.50
07:59:48 PM      0.00      1.00      0.00      0.00      3.00
07:59:50 PM      0.00      0.00      0.00      0.00      0.00
07:59:52 PM      0.00      1.00      0.00      0.00      1.00
07:59:54 PM      0.00      1.00      0.00      0.00      1.00
07:59:56 PM      0.00      0.50      0.00      0.00      0.50
07:59:58 PM      0.00      1.00      0.00      0.00      1.00
08:00:00 PM      0.00      0.50      0.00      0.00      0.50
08:00:03 PM      0.00      1.00      0.00      0.00      1.00
08:00:05 PM      0.00      6.00      0.00      0.00      6.00
08:00:07 PM      0.00      1.50      0.00      0.00      2.50
08:00:09 PM      0.00      2.00      0.00      0.00      2.00
08:00:11 PM      0.00      0.50      0.00      0.00      0.50
08:00:13 PM      0.00      0.97      0.00      0.00      0.97
08:00:15 PM      0.00      0.50      0.00      0.00      0.50
08:00:17 PM      0.00      0.00      0.00      0.00      0.00
08:00:19 PM      0.00      1.00      0.00      0.00      1.00
08:00:21 PM      0.00      0.50      0.00      0.00      0.50
08:00:23 PM      0.00      0.50      3.96      0.00      0.50
08:00:25 PM      0.00      0.00      0.00      0.00      0.00
