Linux 3.2.0-31-virtual (ip-10-124-138-93) 	06/23/2014 	_x86_64_	(2 CPU)

07:56:32 PM  pgpgin/s pgpgout/s   fault/s  majflt/s  pgfree/s pgscank/s pgscand/s pgsteal/s    %vmeff
07:56:34 PM      0.00      0.00   5880.00      0.00   4047.00      0.00      0.00      0.00      0.00
07:56:36 PM      0.00      0.00    573.00      0.00   4080.50      0.00      0.00      0.00      0.00
07:56:38 PM      0.00     28.00    450.50      0.00   3525.50      0.00      0.00      0.00      0.00
07:56:40 PM      0.00      0.00    499.51      0.00   3864.04      0.00      0.00      0.00      0.00
07:56:42 PM      0.00      0.00    513.50      0.00   3821.00      0.00      0.00      0.00      0.00
07:56:44 PM      0.00      8.00    470.00      0.00   3628.00      0.00      0.00      0.00      0.00
07:56:46 PM      0.00      0.00    453.50      0.00   3519.00      0.00      0.00      0.00      0.00
07:56:48 PM      0.00      0.00    454.41      0.00   3497.06      0.00      0.00      0.00      0.00
07:56:50 PM      0.00     17.82    583.66      0.00   4052.97      0.00      0.00      0.00      0.00
07:56:52 PM      0.00      0.00    488.18      0.00   3716.26      0.00      0.00      0.00      0.00
07:56:54 PM      0.00     26.00    513.00      0.00   3887.00      0.00      0.00      0.00      0.00
07:56:56 PM      0.00     10.00    542.00      0.00   3917.50      0.00      0.00      0.00      0.00
07:56:58 PM      0.00      0.00    554.50      0.00   3944.00      0.00      0.00      0.00      0.00
07:57:00 PM      0.00      4.00    475.00      0.00   3319.00      0.00      0.00      0.00      0.00
07:57:02 PM      0.00     20.00    452.00      0.00   3879.00      0.00      0.00      0.00      0.00
07:57:04 PM      0.00     32.00    453.50      0.00   3643.50      0.00      0.00      0.00      0.00
07:57:06 PM      0.00      0.00    663.37      0.00   4232.18      0.00      0.00      0.00      0.00
07:57:08 PM      0.00     42.00    404.50      0.00   3787.50      0.00      0.00      0.00      0.00
07:57:10 PM      0.00     20.00    517.50      0.00   3573.50      0.00      0.00      0.00      0.00
07:57:12 PM      0.00      0.00    592.00      0.00   3847.50      0.00      0.00      0.00      0.00
07:57:14 PM      0.00     37.25    442.65      0.00   3862.75      0.00      0.00      0.00      0.00
07:57:16 PM      0.00      0.00    535.00      0.00   3713.00      0.00      0.00      0.00      0.00
07:57:18 PM      0.00      0.00    425.50      0.00   3856.50      0.00      0.00      0.00      0.00
07:57:20 PM      0.00     42.72    504.85      0.00   3596.60      0.00      0.00      0.00      0.00
07:57:22 PM      0.00      0.00    452.00      0.00   3373.00      0.00      0.00      0.00      0.00
07:57:24 PM      0.00      0.00    456.44      0.00   3832.67      0.00      0.00      0.00      0.00
07:57:26 PM      0.00     32.00    499.00      0.00   4068.00      0.00      0.00      0.00      0.00
07:57:28 PM      0.00      0.00    613.00      0.00   3713.00      0.00      0.00      0.00      0.00
07:57:30 PM      0.00     16.00    530.50      0.00   3807.50      0.00      0.00      0.00      0.00
07:57:32 PM      0.00     32.00    482.50      0.00   3618.00      0.00      0.00      0.00      0.00
07:57:34 PM      0.00      0.00    430.50      0.00   3685.00      0.00      0.00      0.00      0.00
07:57:36 PM      0.00      0.00    431.00      0.00   3614.00      0.00      0.00      0.00      0.00
07:57:38 PM      0.00     30.00    540.00      0.00   4126.00      0.00      0.00      0.00      0.00
07:57:40 PM      0.00     26.00    533.00      0.00   3475.00      0.00      0.00      0.00      0.00
07:57:42 PM      0.00      0.00    594.00      0.00   3987.00      0.00      0.00      0.00      0.00
07:57:44 PM      0.00     60.00    508.00      0.00   3710.50      0.00      0.00      0.00      0.00
07:57:46 PM      0.00      0.00    440.00      0.00   3758.50      0.00      0.00      0.00      0.00
07:57:48 PM      0.00      0.00    442.00      0.00   3818.00      0.00      0.00      0.00      0.00
07:57:50 PM      0.00     45.54    453.96      0.00   3742.08      0.00      0.00      0.00      0.00
07:57:52 PM      0.00      0.00    455.72      0.00   3470.65      0.00      0.00      0.00      0.00
07:57:54 PM      0.00      0.00    473.50      0.00   3736.00      0.00      0.00      0.00      0.00
07:57:56 PM      0.00     32.00    447.00      0.00   3850.00      0.00      0.00      0.00      0.00
07:57:58 PM      0.00      0.00    451.50      0.00   3909.00      0.00      0.00      0.00      0.00
07:58:00 PM      0.00     24.00    439.00      0.00   3314.50      0.00      0.00      0.00      0.00
07:58:02 PM      0.00      0.00    481.50      0.00   3586.50      0.00      0.00      0.00      0.00
07:58:04 PM      0.00      8.00    514.00      0.00   3986.50      0.00      0.00      0.00      0.00
07:58:06 PM      0.00     22.00    577.00      0.00   3713.50      0.00      0.00      0.00      0.00
07:58:08 PM      0.00      0.00    426.50      0.00   3617.50      0.00      0.00      0.00      0.00
07:58:10 PM      0.00      0.00    426.00      0.00   3611.00      0.00      0.00      0.00      0.00
07:58:12 PM      0.00     20.00    441.00      0.00   3907.50      0.00      0.00      0.00      0.00
07:58:14 PM      0.00     28.00    483.50      0.00   3691.50      0.00      0.00      0.00      0.00
07:58:16 PM      0.00      0.00    513.50      0.00   3729.50      0.00      0.00      0.00      0.00
07:58:18 PM      0.00     38.00    547.00      0.00   3740.50      0.00      0.00      0.00      0.00
07:58:20 PM      0.00     28.00    454.50      0.00   3862.00      0.00      0.00      0.00      0.00
07:58:22 PM      0.00      0.00    439.00      0.00   3377.50      0.00      0.00      0.00      0.00
07:58:24 PM      0.00     40.00    468.50      0.00   3670.00      0.00      0.00      0.00      0.00
07:58:26 PM      0.00      0.00    467.00      0.00   4161.50      0.00      0.00      0.00      0.00
07:58:28 PM      0.00      0.00    620.50      0.00   3943.00      0.00      0.00      0.00      0.00
07:58:30 PM      0.00     32.00    476.00      0.00   3416.50      0.00      0.00      0.00      0.00
07:58:32 PM      0.00      0.00    618.00      0.00   3743.50      0.00      0.00      0.00      0.00
07:58:34 PM      0.00      0.00    393.00      0.00   3744.00      0.00      0.00      0.00      0.00
07:58:36 PM      0.00     32.00    608.00      0.00   3477.00      0.00      0.00      0.00      0.00
07:58:38 PM      0.00      0.00    418.50      0.00   3866.50      0.00      0.00      0.00      0.00
07:58:40 PM      0.00      8.00    601.50      0.00   3600.50      0.00      0.00      0.00      0.00
07:58:42 PM      0.00     26.00    433.50      0.00   3972.50      0.00      0.00      0.00      0.00
07:58:44 PM      0.00      0.00   2281.00      0.00   3861.00      0.00      0.00      0.00      0.00
07:58:46 PM      0.00      0.00    647.00      0.00   3514.00      0.00      0.00      0.00      0.00
07:58:48 PM      0.00     26.00    419.00      0.00   3906.00      0.00      0.00      0.00      0.00
07:58:50 PM      0.00     36.00    676.00      0.00   3757.50      0.00      0.00      0.00      0.00
07:58:52 PM      0.00     39.60    610.40      0.00   4294.55      0.00      0.00      0.00      0.00
07:58:54 PM      0.00     19.61   2162.25      0.00   3794.12      0.00      0.00      0.00      0.00
07:58:56 PM      0.00      0.00    525.50      0.00   3503.50      0.00      0.00      0.00      0.00
07:58:58 PM      0.00     40.00    420.50      0.00   3762.50      0.00      0.00      0.00      0.00
07:59:00 PM      0.00      0.00    475.00      0.00   4040.50      0.00      0.00      0.00      0.00
07:59:02 PM      0.00      0.00    471.50      0.00   3385.00      0.00      0.00      0.00      0.00
07:59:04 PM      0.00     34.00    476.50      0.00   3707.00      0.00      0.00      0.00      0.00
07:59:06 PM      0.00      0.00   2701.50      0.00   4327.00      0.00      0.00      0.00      0.00
07:59:08 PM      0.00      0.00    392.57      0.00   3285.15      0.00      0.00      0.00      0.00
07:59:10 PM      0.00     28.00    521.50      0.00   4158.00      0.00      0.00      0.00      0.00
07:59:12 PM      0.00      0.00    639.00      0.00   3473.50      0.00      0.00      0.00      0.00
07:59:14 PM      0.00      8.00    454.00      0.00   3784.00      0.00      0.00      0.00      0.00
07:59:16 PM      0.00     26.00    480.50      0.00   3604.00      0.00      0.00      0.00      0.00
07:59:18 PM      0.00      0.00   2675.50      0.00   2949.50      0.00      0.00      0.00      0.00
07:59:20 PM      0.00      7.88    497.04      0.00   1571.43      0.00      0.00      0.00      0.00
07:59:22 PM      0.00     24.00    149.00      0.00   1000.50      0.00      0.00      0.00      0.00
07:59:24 PM      0.00     28.00    736.50      0.00   3420.00      0.00      0.00      0.00      0.00
07:59:26 PM      0.00      0.00    434.50      0.00   3712.00      0.00      0.00      0.00      0.00
07:59:28 PM      0.00     46.00    486.50      0.00   3793.50      0.00      0.00      0.00      0.00
07:59:30 PM      0.00     20.00    531.50      0.00   3685.50      0.00      0.00      0.00      0.00
07:59:32 PM      0.00      0.00    460.50      0.00   3598.50      0.00      0.00      0.00      0.00
07:59:34 PM      0.00     38.00    523.50      0.00   3600.00      0.00      0.00      0.00      0.00
07:59:36 PM      0.00      0.00    455.50      0.00   3940.50      0.00      0.00      0.00      0.00
07:59:38 PM      0.00      0.00    454.50      0.00   3734.00      0.00      0.00      0.00      0.00
07:59:40 PM      0.00     30.00    475.50      0.00   3902.00      0.00      0.00      0.00      0.00
07:59:42 PM      0.00      0.00    483.00      0.00   3717.50      0.00      0.00      0.00      0.00
07:59:44 PM      0.00      0.00    485.50      0.00   3654.50      0.00      0.00      0.00      0.00
07:59:46 PM      0.00     30.00    497.00      0.00   3615.00      0.00      0.00      0.00      0.00
07:59:48 PM      0.00      0.00    415.00      0.00   3663.50      0.00      0.00      0.00      0.00
07:59:50 PM      0.00     17.91    442.29      0.00   3855.22      0.00      0.00      0.00      0.00
07:59:52 PM      0.00     28.00    468.00      0.00   3786.50      0.00      0.00      0.00      0.00
07:59:54 PM      0.00     10.00    477.50      0.00   3195.50      0.00      0.00      0.00      0.00
07:59:56 PM      0.00      0.00    485.71      0.00   4035.47      0.00      0.00      0.00      0.00
07:59:58 PM      0.00     36.00    486.50      0.00   3924.00      0.00      0.00      0.00      0.00
08:00:00 PM      0.00     24.00    456.50      0.00   3674.50      0.00      0.00      0.00      0.00
08:00:02 PM      0.00      0.00    377.94      0.00   3384.31      0.00      0.00      0.00      0.00
08:00:04 PM      0.00     64.32    730.15      0.00   4404.02      0.00      0.00      0.00      0.00
08:00:06 PM      0.00      0.00    582.00      0.00   3905.00      0.00      0.00      0.00      0.00
08:00:08 PM      0.00      0.00    509.50      0.00   4011.50      0.00      0.00      0.00      0.00
08:00:10 PM      0.00     38.00    574.50      0.00   3521.50      0.00      0.00      0.00      0.00
08:00:12 PM      0.00      0.00    534.83      0.00   4255.72      0.00      0.00      0.00      0.00
08:00:14 PM      0.00      0.00    488.00      0.00   3237.00      0.00      0.00      0.00      0.00
08:00:16 PM      0.00     46.00    499.50      0.00   3777.00      0.00      0.00      0.00      0.00
08:00:18 PM      0.00      0.00    437.00      0.00   3591.50      0.00      0.00      0.00      0.00
08:00:20 PM      0.00      0.00    579.31      0.00   3506.90      0.00      0.00      0.00      0.00
08:00:22 PM      0.00     30.00    748.00      0.00   4271.50      0.00      0.00      0.00      0.00
08:00:24 PM      0.00     38.00    469.00      0.00   3855.50      0.00      0.00      0.00      0.00
08:00:26 PM      0.00     28.00  13654.00      0.00   8482.00      0.00      0.00      0.00      0.00
