This is ApacheBench, Version 2.3 <$Revision: 655654 $>
Copyright 1996 Adam Twiss, Zeus Technology Ltd, http://www.zeustech.net/
Licensed to The Apache Software Foundation, http://www.apache.org/

Benchmarking rupesh-mcdonald-poc.cloudhub.io (be patient)...INFO: POST header == 
---
GET /api/b2bshipping/1.0/quote?object=Box&volume=232&weight=23&origin=ORD&destination=LAX&service=Air/ HTTP/1.0
Connection: Keep-Alive
Host: rupesh-mcdonald-poc.cloudhub.io
User-Agent: ApacheBench/2.3
Accept: */*


---
LOG: header received:
HTTP/1.1 400 Bad Request
Content-Type: application/json
Date: Tue, 25 Feb 2014 06:22:50 GMT
http.status: 400
Server: nginx
X-MULE_ENCODING: UTF-8
Content-Length: 28
Connection: keep-alive

{ "message": "Bad request" }
WARNING: Response code not 2xx (400)
..done


Server Software:        nginx
Server Hostname:        rupesh-mcdonald-poc.cloudhub.io
Server Port:            80

Document Path:          /api/b2bshipping/1.0/quote?object=Box&volume=232&weight=23&origin=ORD&destination=LAX&service=Air/
Document Length:        28 bytes

Concurrency Level:      1
Time taken for tests:   0.103 seconds
Complete requests:      1
Failed requests:        0
Write errors:           0
Non-2xx responses:      1
Keep-Alive requests:    1
Total transferred:      226 bytes
HTML transferred:       28 bytes
Requests per second:    9.71 [#/sec] (mean)
Time per request:       102.993 [ms] (mean)
Time per request:       102.993 [ms] (mean, across all concurrent requests)
Transfer rate:          2.14 [Kbytes/sec] received

Connection Times (ms)
              min  mean[+/-sd] median   max
Connect:        1    1   0.0      1       1
Processing:   102  102   0.0    102     102
Waiting:      102  102   0.0    102     102
Total:        103  103   0.0    103     103
