Time      Active (kB) Inactive (kB) Dirty (kB) AnonPages (kB) Mapped (kB) PageTables (kB) AnonHugePages (kB)
22:17:43  3492504     12806112      104        2615936        50712       14692           2334720           
22:17:45  3496756     12806176      184        2618572        51612       15412           2334720           
22:17:47  3500212     12806124      200        2621536        51628       15316           2334720           
22:17:49  3501096     12806124      240        2623028        51084       15332           2334720           
22:17:51  3502844     12806124      244        2624300        51628       15352           2334720           
22:17:53  3495692     12806132      252        2617088        51628       15348           2334720           
22:17:55  3495480     12806128      256        2616832        51628       15344           2334720           
22:17:57  3495536     12806140      272        2616916        51628       15348           2334720           
22:17:59  3499156     12806132      260        2620120        51740       15492           2334720           
22:18:01  3498652     12806136      276        2619408        51088       15348           2334720           
22:18:03  3499260     12806144      276        2620660        51632       15356           2334720           
22:18:05  3499308     12806144      280        2620664        51632       15352           2334720           
22:18:07  3499356     12806148      284        2620764        51632       15352           2334720           
22:18:09  3499480     12806148      288        2620816        51632       15344           2334720           
22:18:11  3499484     12806156      296        2620880        51632       15344           2334720           
22:18:13  3499628     12806156      144        2620956        51632       15356           2334720           
22:18:15  3499636     12806156      176        2621024        51632       15352           2334720           
22:18:17  3500064     12806160      180        2621424        51740       15496           2334720           
22:18:20  3499856     12806164      56         2621192        51632       15360           2334720           
22:18:22  3499872     12806164      136        2621212        51632       15352           2334720           
22:18:24  3499964     12806172      140        2621312        51632       15352           2334720           
22:18:26  3500128     12806168      92         2621416        51632       15348           2334720           
22:18:28  3500468     12806168      148        2621488        51632       15356           2334720           
22:18:30  3509508     12806172      104        2631600        52260       15604           2334720           
22:18:32  3506728     12806188      184        2627308        51632       15920           2334720           
22:18:34  3509492     12806188      184        2629888        52176       16440           2334720           
22:18:36  3501276     12806196      152        2622248        51756       16056           2334720           
22:18:38  3501068     12806192      196        2621956        51632       16028           2334720           
22:18:40  3500620     12806196      208        2621864        51632       15352           2334720           
22:18:42  3500596     12806196      204        2621968        51632       15348           2334720           
22:18:44  3500800     12806196      188        2622100        51660       15360           2334720           
22:18:46  3501724     12806204      160        2622264        52188       15964           2334720           
22:18:48  3501148     12806204      212        2622220        51836       15248           2334720           
22:18:50  3498228     12806208      116        2619452        51636       15304           2334720           
22:18:52  3498348     12806208      160        2619480        51632       15564           2334720           
22:18:54  3498204     12806216      168        2619408        51628       15320           2334720           
22:18:56  3498472     12806216      164        2619716        51632       15364           2334720           
22:18:58  3498600     12806216      176        2619796        51632       15348           2334720           
22:19:00  3498824     12806220      140        2620036        51632       15344           2334720           
22:19:02  3498920     12806216      192        2620100        51632       15348           2334720           
22:19:04  3499336     12806216      200        2620560        51740       15488           2334720           
22:19:06  3499104     12806228      184        2620280        51632       15340           2334720           
22:19:08  3499200     12806228      196        2620348        51632       15348           2334720           
22:19:10  3499280     12806232      184        2620420        51632       15348           2334720           
22:19:12  3499324     12806236      212        2620436        51632       15356           2334720           
22:19:14  3499416     12806240      196        2620520        51632       15348           2334720           
22:19:16  3499428     12806240      192        2620556        51632       15348           2334720           
22:19:18  3499504     12806240      144        2620612        51632       15348           2334720           
22:19:20  3499524     12806248      116        2620680        51632       15348           2334720           
22:19:22  3499932     12806252      172        2621060        51712       15508           2334720           
22:19:24  3497944     12806248      116        2619160        51632       15580           2334720           
Time      Active (kB) Inactive (kB) Dirty (kB) AnonPages (kB) Mapped (kB) PageTables (kB) AnonHugePages (kB)
22:19:26  3499800     12806260      140        2620880        51632       15356           2336768           
22:19:28  3499832     12806248      156        2620936        51632       15356           2336768           
22:19:30  3510968     12806256      160        2632184        52832       15968           2336768           
22:19:32  3499928     12806260      184        2621200        51856       15472           2336768           
22:19:34  3509224     12806264      192        2630336        52740       15956           2336768           
22:19:36  3500052     12806264      188        2621104        51632       15348           2336768           
22:19:38  3500072     12806268      200        2621144        51632       15348           2336768           
22:19:40  3500068     12806264      208        2621120        51632       15348           2336768           
22:19:42  3500428     12806268      208        2621556        51740       15492           2336768           
22:19:44  3504016     12806280      200        2625444        51632       14864           2336768           
22:19:46  3500300     12806272      168        2621316        51632       15344           2336768           
22:19:48  3500352     12806276      156        2621356        51632       15352           2336768           
22:19:50  3500428     12806280      172        2621416        51632       15348           2336768           
22:19:52  3500460     12806280      180        2621496        51632       15348           2336768           
22:19:54  3500504     12806284      180        2621552        51632       15352           2336768           
22:19:56  3500588     12806284      132        2621624        51632       15356           2336768           
22:19:58  3500632     12806296      100        2621684        51632       15348           2336768           
22:20:00  3500768     12806292      140        2621768        51632       15356           2336768           
22:20:02  3501096     12806292      148        2622200        51740       15488           2336768           
22:20:04  3500904     12806296      212        2621908        51632       15356           2336768           
22:20:06  3500968     12806296      216        2621948        51632       15348           2336768           
22:20:08  3500996     12806300      196        2621996        51632       15348           2336768           
22:20:10  3501156     12805952      264        2622164        51632       15344           2336768           
22:20:12  3501384     12806256      564        2622368        51632       15360           2336768           
22:20:14  3501476     12806300      616        2622444        51632       15356           2336768           
22:20:16  3501532     12806296      620        2622508        51632       15352           2336768           
22:20:18  3501588     12806300      552        2622544        51632       15348           2336768           
22:20:20  3501644     12806304      572        2622588        51632       15344           2336768           
22:20:22  3502004     12806304      548        2622988        51740       15496           2336768           
22:20:24  3501724     12806312      600        2622704        51632       15348           2336768           
22:20:26  3501792     12806308      608        2622772        51632       15348           2336768           
22:20:28  3501892     12806312      568        2622824        51632       15348           2336768           
22:20:30  3502048     12806308      616        2622512        51200       15972           2336768           
22:20:32  3502508     12806308      620        2622780        51856       15480           2336768           
22:20:34  3511232     12806316      512        2631728        52740       15968           2336768           
22:20:36  3502084     12806320      520        2623008        51632       15360           2336768           
22:20:38  3502220     12806332      532        2623116        51632       15348           2336768           
22:20:40  3502176     12806324      548        2623120        51632       15352           2336768           
22:20:42  3502372     12806324      564        2623236        51660       15416           2336768           
22:20:44  3519736     12806332      176        2641584        52176       16444           2336768           
22:20:46  3502432     12806332      184        2623284        51632       15352           2336768           
22:20:48  3502444     12806332      96         2623348        51632       15344           2336768           
22:20:50  3502504     12806336      164        2623408        51632       15352           2336768           
22:20:52  3502572     12806336      172        2623480        51632       15352           2336768           
22:20:54  3502732     12806344      188        2623592        51632       15360           2336768           
22:20:56  3502752     12806348      192        2623648        51632       15348           2336768           
22:20:58  3502840     12806352      136        2623692        51632       15356           2336768           
22:21:00  3503216     12806356      200        2623564        51740       15500           2336768           
22:21:02  3502944     12806348      212        2623824        51632       15352           2336768           
22:21:04  3503048     12806364      212        2623904        51632       15352           2336768           
22:21:06  3503148     12806360      228        2624008        51632       15352           2336768           
Time      Active (kB) Inactive (kB) Dirty (kB) AnonPages (kB) Mapped (kB) PageTables (kB) AnonHugePages (kB)
22:21:08  3503292     12806360      92         2624100        51632       15352           2336768           
22:21:10  3503308     12806364      156        2624136        51632       15352           2336768           
22:21:12  3503372     12806364      164        2624188        51632       15348           2336768           
22:21:15  3503392     12806364      168        2624232        51632       15352           2336768           
22:21:17  3503508     12806368      168        2624332        51632       15352           2336768           
22:21:19  3503544     12806376      88         2624444        51632       15348           2336768           
22:21:21  3504032     12806380      148        2624880        51740       15492           2336768           
22:21:23  3503732     12806380      152        2624604        51632       15352           2336768           
22:21:25  3503784     12806384      180        2624648        51632       15356           2336768           
22:21:27  3503888     12806388      196        2624712        51632       15352           2336768           
22:21:29  3503960     12806388      156        2624776        51632       15344           2336768           
22:21:31  3504124     12806388      212        2625096        51744       15428           2336768           
22:21:33  3504196     12806392      216        2624852        51856       15476           2336768           
22:21:35  3512712     12806396      220        2633820        52176       15896           2336768           
22:21:37  3504356     12806400      232        2625104        51632       15352           2336768           
22:21:39  3504420     12806400      168        2625156        51632       15348           2336768           
22:21:41  3504328     12806400      236        2625144        51632       15348           2336768           
22:21:43  3504784     12806412      132        2625520        51740       15512           2336768           
22:21:45  3513792     12806412      168        2634084        52236       15812           2336768           
22:21:47  3504496     12806412      192        2625312        51552       15324           2336768           
22:21:49  3504652     12806412      88         2625448        51552       15340           2336768           
22:21:51  3505140     12806412      156        2625928        51740       15508           2336768           
22:21:53  3504896     12806432      168        2625620        51632       15348           2336768           
22:21:55  3504988     12806420      124        2625672        51632       15352           2336768           
22:21:57  3504960     12806420      188        2625764        51632       15348           2336768           
22:21:59  3505104     12806424      136        2625840        51632       15352           2336768           
22:22:01  3505176     12806432      200        2625916        51632       15348           2336768           
22:22:03  3505252     12806428      200        2625980        51632       15352           2336768           
22:22:05  3505328     12806428      160        2626036        51632       15352           2336768           
22:22:07  3505360     12806432      208        2626076        51632       15352           2336768           
22:22:09  3505448     12806436      196        2626156        51632       15352           2336768           
22:22:11  3505824     12806436      232        2626560        51740       15492           2336768           
22:22:13  3505596     12806440      216        2626332        51632       15344           2336768           
22:22:15  3505676     12806440      172        2626436        51632       15348           2336768           
22:22:17  3505784     12806440      232        2626488        51632       15352           2336768           
22:22:19  3505876     12806440      84         2626552        51632       15360           2336768           
22:22:21  3505892     12806448      128        2626604        51632       15348           2336768           
22:22:23  3506000     12806448      144        2626672        51632       15352           2336768           
22:22:25  3506088     12806456      88         2626780        51632       15352           2340864           
22:22:27  3506180     12806460      160        2626848        51632       14864           2340864           
22:22:29  3521744     12806464      156        2642804        52168       15424           2340864           
22:22:31  3512128     12806460      120        2633028        51820       15344           2340864           
22:22:33  3509604     12806464      184        2630832        51632       15836           2340864           
22:22:35  3515704     12806468      136        2636312        52736       15960           2357248           
22:22:37  3506804     12806468      204        2627640        51632       15352           2357248           
22:22:39  3510772     12806472      188        2631464        51632       15352           2357248           
22:22:41  3506912     12806480      168        2627752        51632       15352           2357248           
22:22:43  3506644     12806484      192        2627332        51632       15352           2357248           
22:22:45  3516068     12806484      152        2636664        52732       15964           2359296           
22:22:47  3512348     12806484      216        2632956        51632       15352           2359296           
22:22:49  3511224     12806488      148        2631924        51632       15352           2359296           
Time      Active (kB) Inactive (kB) Dirty (kB) AnonPages (kB) Mapped (kB) PageTables (kB) AnonHugePages (kB)
22:22:51  3507388     12806488      132        2627944        51740       15492           2359296           
22:22:53  3507456     12806492      120        2627688        51632       15892           2359296           
22:22:55  3507176     12806492      136        2627792        51632       15348           2359296           
22:22:57  3507184     12806500      136        2627884        51632       15348           2359296           
22:22:59  3507256     12806500      136        2627960        51632       15348           2359296           
22:23:01  3509244     12806500      128        2630188        51632       15348           2359296           
22:23:03  3507476     12806508      180        2628052        51632       15348           2359296           
22:23:05  3507544     12806504      196        2628136        51632       15352           2359296           
22:23:07  3507592     12806504      172        2628192        51632       15348           2359296           
22:23:09  3507716     12806508      208        2628280        51632       15344           2359296           
22:23:11  3508092     12806516      184        2628212        51740       15488           2359296           
22:23:13  3507844     12806516      176        2628456        51632       15348           2359296           
22:23:15  3507900     12806520      212        2628492        51632       15356           2359296           
22:23:17  3507976     12806516      180        2628560        51632       15348           2359296           
22:23:19  3508036     12806516      176        2628600        51632       15348           2359296           
22:23:21  3508088     12806520      144        2628676        51632       15356           2359296           
22:23:23  3508236     12806528      196        2628760        51632       15352           2359296           
22:23:25  3508228     12806524      220        2628840        51632       15348           2359296           
22:23:27  3508676     12806528      172        2628920        51632       15352           2359296           
22:23:29  3531092     12806528      128        2651300        52728       15296           2359296           
22:23:31  3514684     12806536      140        2635048        51632       15632           2359296           
22:23:33  3516688     12806540      176        2637300        52284       15992           2359296           
22:23:35  3517912     12806540      188        2638416        52736       15968           2359296           
22:23:37  3508648     12806548      144        2629192        51632       15352           2359296           
22:23:39  3508672     12806552      204        2629216        51632       15356           2359296           
22:23:41  3508732     12806556      220        2629292        51632       15348           2359296           
22:23:43  3508848     12806548      156        2629348        51632       15348           2359296           
22:23:45  3509468     12806556      212        2629432        52188       15972           2359296           
22:23:47  3508964     12806556      160        2629928        51632       15352           2359296           
22:23:49  3509424     12806560      152        2629520        51632       15344           2359296           
22:23:51  3509440     12806568      180        2629060        51632       15352           2359296           
22:23:53  3509508     12806572      144        2630040        51740       15492           2359296           
22:23:55  3509600     12806576      224        2629824        51632       15352           2359296           
22:23:57  3509408     12806576      164        2629968        51632       15352           2359296           
22:23:59  3509536     12806576      184        2630080        51632       15356           2359296           
22:24:01  3509640     12806576      208        2630172        51632       15344           2359296           
22:24:03  3509804     12806580      84         2630284        51632       15348           2359296           
22:24:05  3509900     12806576      144        2630360        51632       15352           2359296           
22:24:07  3509964     12806580      148        2630436        51632       15352           2359296           
22:24:09  3510056     12806584      168        2630532        51632       15356           2359296           
22:24:11  3510192     12806596      176        2630620        51632       15352           2359296           
22:24:13  3510596     12806592      108        2631076        51740       15496           2359296           
22:24:15  3510440     12806600      164        2630888        51632       15352           2359296           
22:24:17  3510496     12806600      172        2630964        51632       15348           2359296           
22:24:20  3510572     12806600      112        2631052        51632       15352           2359296           
22:24:22  3510656     12806604      144        2631120        51632       15352           2359296           
22:24:24  3510796     12806608      116        2631212        51632       15352           2359296           
22:24:26  3510856     12806608      188        2631312        51632       15352           2359296           
22:24:28  3510956     12806612      196        2631392        51632       15348           2359296           
22:24:30  3521328     12806616      160        2641784        52736       16384           2359296           
22:24:32  3517504     12806620      200        2637184        51636       15388           2359296           
Time      Active (kB) Inactive (kB) Dirty (kB) AnonPages (kB) Mapped (kB) PageTables (kB) AnonHugePages (kB)
22:24:34  3519584     12806620      172        2639768        52176       15288           2359296           
22:24:36  3512884     12806624      232        2632624        51756       16116           2359296           
22:24:38  3511740     12806624      236        2631804        51632       15836           2359296           
22:24:40  3511352     12806624      144        2631280        51632       15352           2359296           
22:24:42  3511440     12806632      204        2631812        51632       15892           2359296           
22:24:44  3511544     12806632      140        2631912        51632       15348           2359296           
22:24:46  3512596     12806632      204        2632584        51644       15968           2359296           
22:24:48  3511736     12806636      208        2632152        51632       15348           2359296           
22:24:50  3511876     12806640      124        2632224        51632       14868           2359296           
22:24:52  3511964     12806644      180        2632276        51616       15092           2359296           
22:24:54  3512056     12806644      200        2632408        51648       15152           2359296           
22:24:56  3512172     12806652      204        2632476        51632       15348           2359296           
22:24:58  3512528     12806652      208        2632840        51740       15488           2359296           
22:25:00  3512444     12806656      168        2632932        51740       15452           2359296           
22:25:02  3512588     12806664      208        2632840        51660       15396           2359296           
22:25:04  3512596     12806656      164        2632928        51632       15412           2359296           
22:25:06  3512592     12806652      220        2632944        51632       15352           2359296           
22:25:08  3512968     12806652      132        2633292        51772       15524           2359296           
22:25:10  3512836     12806436      308        2633112        51632       15348           2359296           
22:25:12  3512880     12806640      536        2633168        51632       15348           2359296           
22:25:14  3512948     12806640      512        2633256        51632       15352           2359296           
22:25:16  3513068     12806644      564        2633352        51632       15352           2359296           
22:25:18  3513080     12806680      512        2633416        51632       15352           2359296           
22:25:20  3513248     12806680      532        2633484        51632       15356           2359296           
22:25:22  3513332     12806684      536        2633556        51632       15352           2359296           
22:25:24  3513404     12806688      508        2633648        51632       15356           2359296           
22:25:26  3513440     12806684      564        2633720        51632       15352           2359296           
22:25:28  3513516     12806696      560        2633796        51632       15348           2359296           
22:25:30  3514444     12806700      588        2633852        51852       16108           2359296           
22:25:32  3513712     12806700      604        2633744        51856       15476           2359296           
22:25:34  3523016     12806708      612        2643240        52740       15956           2359296           
22:25:36  3513812     12806704      620        2633972        51632       15356           2359296           
22:25:38  3513828     12806704      624        2634028        51632       15352           2359296           
22:25:40  3513804     12806708      628        2634004        51632       15356           2359296           
22:25:42  3513828     12806712      652        2634032        51632       15344           2359296           
22:25:44  3513884     12806708      156        2634048        51632       15348           2359296           
22:25:46  3513924     12806708      180        2634108        51632       15356           2359296           
22:25:48  3514004     12806716      140        2634128        51632       15352           2359296           
22:25:50  3514068     12806720      104        2634192        51632       15352           2359296           
22:25:52  3514364     12806732      180        2634584        51712       15520           2359296           
22:25:54  3514132     12806724      184        2634272        51632       15352           2359296           
22:25:56  3514208     12806724      164        2634320        51632       15352           2359296           
22:25:58  3514220     12806724      164        2634340        51632       15348           2359296           
22:26:00  3514228     12806724      176        2634356        51632       15352           2359296           
22:26:02  3514296     12806736      192        2634388        51632       15348           2359296           
22:26:04  3514296     12806740      204        2634428        51632       15352           2359296           
22:26:06  3514424     12806732      172        2634512        51632       15360           2359296           
22:26:08  3514480     12806736      244        2634572        51632       15352           2359296           
22:26:10  3514468     12806740      252        2634632        51632       15348           2359296           
22:26:12  3514588     12806740      248        2634696        51632       15348           2359296           
22:26:14  3514736     12806740      236        2634908        51632       15440           2359296           
Time      Active (kB) Inactive (kB) Dirty (kB) AnonPages (kB) Mapped (kB) PageTables (kB) AnonHugePages (kB)
22:26:16  3515268     12806740      256        2635380        51740       15620           2359296           
22:26:18  3514900     12806744      84         2635012        51632       15352           2359296           
22:26:20  3514916     12806756      116        2635060        51632       15352           2359296           
22:26:22  3515024     12806760      124        2635092        51632       15356           2359296           
22:26:24  3515016     12806760      168        2635108        51632       15352           2359296           
22:26:26  3515100     12806756      176        2635156        51632       15348           2359296           
22:26:28  3515164     12806772      160        2635208        51632       15352           2359296           
22:26:30  3515216     12806768      180        2634940        51200       15968           2359296           
22:26:32  3518828     12806768      164        2639028        51856       15480           2359296           
22:26:34  3530760     12806776      212        2651156        52740       15968           2359296           
22:26:36  3519192     12806780      220        2639232        51740       15496           2359296           
22:26:38  3518956     12806776      212        2638972        51632       15348           2359296           
22:26:40  3518864     12806776      236        2638920        51632       15348           2359296           
22:26:42  3518980     12806780      196        2638936        51632       15348           2359296           
22:26:44  3534652     12806788      228        2654752        52176       15900           2359296           
22:26:46  3519020     12806788      232        2638996        51632       15348           2359296           
22:26:48  3519020     12806796      188        2639032        51632       15352           2359296           
22:26:50  3519068     12806796      212        2639048        51632       15352           2359296           
22:26:52  3519084     12806796      172        2639040        51632       15352           2359296           
22:26:54  3519060     12806796      136        2638928        51740       15496           2359296           
22:26:56  3519100     12806800      140        2639076        51632       15356           2359296           
22:26:58  3519156     12806804      136        2639084        51632       15352           2359296           
22:27:00  3519164     12806804      156        2639112        51632       15344           2359296           
22:27:02  3519184     12806808      164        2639112        51632       15352           2359296           
22:27:04  3519204     12806812      188        2639124        51632       15348           2359296           
22:27:06  3519188     12806812      192        2639124        51632       15352           2359296           
22:27:08  3519236     12806816      184        2639148        51632       15344           2359296           
22:27:10  3519240     12806820      204        2639152        51632       15352           2359296           
22:27:12  3519248     12806820      212        2639024        51740       15496           2359296           
22:27:14  3519264     12806820      184        2639160        51632       15356           2359296           
22:27:16  3515828     12806820      200        2635744        51632       15352           2359296           
22:27:18  3515872     12806824      96         2635748        51632       15352           2359296           
22:27:20  3515860     12806828      164        2635768        51632       15356           2359296           
22:27:22  3515824     12806832      172        2635768        51632       15348           2359296           
22:27:24  3515896     12806840      196        2635768        51632       15352           2359296           
22:27:26  3515856     12806832      204        2635776        51632       15348           2359296           
22:27:28  3515824     12806840      72         2635796        51632       15348           2359296           
22:27:30  3516308     12806844      136        2635612        51200       15484           2359296           
22:27:32  3516148     12806844      140        2635960        51964       15632           2359296           
22:27:34  3525648     12806848      172        2645468        52740       15968           2359296           
22:27:36  3515940     12806848      188        2635764        51632       15344           2359296           
22:27:38  3515928     12806856      136        2635768        51632       15356           2359296           
22:27:41  3515836     12806860      208        2635692        51632       15352           2359296           
22:27:43  3515844     12806860      220        2635692        51632       15352           2359296           
22:27:45  3524260     12806872      208        2644900        52176       15284           2359296           
22:27:47  3515900     12806864      216        2635708        51632       15356           2359296           
22:27:49  3515900     12806868      116        2635712        51632       15348           2359296           
22:27:51  3515916     12806868      176        2635728        51632       15352           2359296           
22:27:53  3516316     12806876      184        2635656        51740       15500           2359296           
22:27:55  3516028     12806872      208        2635804        51632       15356           2359296           
22:27:57  3516028     12806876      216        2635804        51632       15352           2359296           
Time      Active (kB) Inactive (kB) Dirty (kB) AnonPages (kB) Mapped (kB) PageTables (kB) AnonHugePages (kB)
22:27:59  3516016     12806876      156        2635808        51632       15348           2359296           
22:28:01  3515992     12806880      204        2635816        51632       15356           2359296           
22:28:03  3516044     12806884      216        2635832        51632       15360           2359296           
22:28:05  3516052     12806884      152        2635812        51632       15352           2359296           
22:28:07  3516008     12806892      168        2635840        51632       15360           2359296           
22:28:09  3516056     12806888      192        2635820        51632       15348           2359296           
22:28:11  3516000     12806896      216        2635824        51632       15356           2359296           
22:28:13  3516152     12806900      184        2635908        51632       15416           2359296           
22:28:15  3516052     12806900      176        2635828        51632       15352           2359296           
22:28:17  3516032     12806900      220        2635820        51632       15344           2359296           
22:28:19  3516068     12806904      128        2635824        51632       15352           2359296           
22:28:21  3516372     12806904      204        2636116        51740       15504           2359296           
22:28:23  3516036     12806912      204        2635824        51632       15356           2359296           
22:28:25  3516084     12806912      156        2635820        51632       15356           2359296           
22:28:27  3516088     12806916      212        2635820        51632       15352           2359296           
22:28:29  3526412     12806928      164        2646744        51696       15504           2359296           
22:28:31  3526008     12806924      244        2646708        51632       15348           2359296           
22:28:33  3516056     12806928      240        2635772        51632       15348           2359296           
22:28:35  3525320     12806928      200        2645136        52736       15972           2359296           
22:28:37  3516392     12806936      256        2635768        51632       15356           2359296           
22:28:39  3516404     12806932      152        2636136        51740       15556           2359296           
22:28:41  3515992     12806936      200        2635696        51632       15344           2359296           
22:28:43  3515996     12806940      180        2635708        51632       15352           2359296           
22:28:45  3525352     12806936      140        2645032        52732       15964           2359296           
22:28:47  3517508     12806944      208        2637344        51632       15348           2359296           
22:28:49  3516052     12806940      148        2635708        51632       15348           2359296           
22:28:51  3519692     12806944      120        2639536        51632       15344           2359296           
22:28:53  3520444     12806952      188        2640092        51632       15348           2359296           
22:28:55  3516044     12806948      152        2635736        51632       15348           2359296           
22:28:57  3516028     12806952      208        2635540        51740       15496           2359296           
22:28:59  3516048     12806952      188        2635736        51632       15352           2359296           
22:29:01  3516108     12806956      164        2635744        51632       15348           2359296           
22:29:03  3516072     12806956      228        2635748        51632       15352           2359296           
22:29:05  3516092     12806960      240        2635752        51632       15352           2359296           
22:29:07  3516056     12806972      248        2635760        51632       15348           2359296           
22:29:09  3516108     12806964      232        2635760        51632       15352           2359296           
22:29:11  3516152     12806964      204        2635824        51632       15352           2359296           
22:29:13  3516164     12806968      124        2635824        51632       15348           2359296           
22:29:15  3516212     12806968      148        2635824        51632       15348           2359296           
22:29:17  3516476     12806968      124        2636156        51740       15500           2359296           
22:29:19  3516196     12806972      132        2635820        51632       15352           2359296           
22:29:21  3516252     12806976      100        2635828        51632       15356           2359296           
22:29:23  3516288     12806980      152        2635864        51632       15352           2359296           
22:29:25  3516244     12806984      176        2635880        51632       15348           2359296           
22:29:27  3516100     12806984      140        2635708        51632       15356           2359296           
22:29:29  3537408     12806996      192        2657648        52724       15932           2359296           
22:29:31  3522188     12807000      216        2641880        51636       15388           2359296           
22:29:33  3524444     12806996      232        2643804        52176       15344           2359296           
22:29:35  3525320     12807000      244        2644948        52736       15968           2359296           
22:29:37  3516348     12807000      192        2635940        51740       15504           2359296           
22:29:39  3516268     12807004      236        2635560        51632       15356           2359296           
Time      Active (kB) Inactive (kB) Dirty (kB) AnonPages (kB) Mapped (kB) PageTables (kB) AnonHugePages (kB)
22:29:41  3516032     12807004      252        2635560        51632       15348           2359296           
22:29:43  3516064     12807016      212        2635560        51632       15348           2359296           
22:29:45  3516220     12807012      248        2635640        51644       15488           2359296           
22:29:47  3516020     12807012      196        2635008        51632       15352           2359296           
22:29:49  3516048     12807008      112        2635556        51088       15356           2359296           
22:29:51  3516372     12807016      128        2635560        51632       15892           2359296           
22:29:53  3515720     12807020      156        2635576        51632       15352           2359296           
22:29:55  3516084     12807020      184        2635580        51632       15348           2359296           
22:29:57  3516372     12807028      148        2635808        51740       15488           2359296           
22:29:59  3515980     12807024      180        2635572        51632       15344           2359296           
22:30:01  3516396     12807028      192        2636064        51632       15348           2359296           
22:30:03  3516128     12807036      184        2635592        51632       15356           2359296           
22:30:05  3516084     12807044      240        2635596        51632       15356           2359296           
22:30:07  3516100     12807048      196        2635596        51632       15352           2359296           
22:30:09  3516052     12807048      252        2635588        51632       15348           2359296           
22:30:11  3516020     12806972      616        2635596        51632       15348           2359296           
22:30:13  3516132     12807052      580        2635592        51632       15348           2359296           
22:30:15  3516100     12807060      624        2635584        51632       15352           2359296           
22:30:18  3516428     12807060      580        2635888        51740       15488           2359296           
22:30:20  3516112     12807060      556        2635604        51632       15352           2359296           
22:30:22  3516152     12807072      604        2635608        51632       15344           2359296           
22:30:24  3516140     12807068      420        2635608        51632       15348           2359296           
22:30:26  3516112     12807084      496        2635608        51632       15348           2359296           
22:30:28  3516520     12807072      452        2635616        51632       15348           2359296           
22:30:30  3525616     12807080      504        2644432        52176       15888           2359296           
22:30:32  3522336     12807084      516        2641592        51632       15352           2359296           
22:30:34  3524936     12807092      512        2645344        52176       15892           2359296           
22:30:36  3516800     12807096      560        2635816        52192       15984           2359296           
22:30:38  3516820     12807092      564        2636400        51660       15516           2359296           
22:30:40  3516496     12807096      584        2635536        51632       15348           2359296           
22:30:42  3516260     12807092      592        2635816        51632       15168           2359296           
22:30:44  3516100     12807096      176        2635432        51632       15260           2359296           
22:30:46  3516336     12807104      224        2635720        52128       15736           2359296           
22:30:48  3516348     12807100      204        2635584        51804       15488           2359296           
22:30:50  3516216     12807104      188        2635412        51460       15540           2359296           
22:30:52  3516304     12807104      208        2636148        51636       15316           2359296           
22:30:54  3516332     12807108      224        2635724        51632       15416           2359296           
22:30:56  3516272     12807120      248        2635616        51632       15348           2359296           
22:30:58  3516312     12807116      92         2635624        51632       15348           2359296           
22:31:00  3516284     12807124      156        2635620        51632       15348           2359296           
22:31:02  3516224     12807124      164        2635624        51632       15348           2359296           
22:31:04  3516300     12807148      192        2635616        51632       15348           2359296           
22:31:06  3516652     12807132      200        2635432        51740       15500           2359296           
22:31:08  3516356     12807132      180        2635624        51632       15356           2359296           
22:31:10  3516296     12807140      228        2635620        51632       15352           2359296           
22:31:12  3516364     12807140      232        2635624        51632       15348           2359296           
22:31:14  3516340     12807144      208        2635624        51632       15352           2359296           
22:31:16  3516288     12807144      228        2635620        51632       15352           2359296           
22:31:18  3516360     12807148      140        2635628        51632       15348           2359296           
22:31:20  3516360     12807160      212        2635636        51632       15356           2359296           
22:31:22  3516364     12807156      220        2635636        51632       15356           2359296           
Time      Active (kB) Inactive (kB) Dirty (kB) AnonPages (kB) Mapped (kB) PageTables (kB) AnonHugePages (kB)
22:31:24  3516360     12807152      220        2635628        51632       15348           2359296           
22:31:26  3516636     12807156      232        2635944        51740       15492           2359296           
22:31:28  3516344     12807156      100        2635636        51632       15352           2359296           
22:31:30  3527296     12807168      168        2646700        52832       15968           2359296           
22:31:32  3516340     12807172      176        2635468        51856       15472           2359296           
22:31:34  3525636     12807176      200        2644876        52740       15964           2359296           
22:31:36  3516392     12807172      212        2635584        51632       15348           2359296           
22:31:38  3516388     12807172      164        2635584        51632       15348           2359296           
22:31:40  3516276     12807180      232        2635508        51632       15356           2359296           
22:31:42  3516288     12807176      240        2635504        51632       15348           2359296           
22:31:44  3520180     12807180      220        2639192        51740       15500           2359296           
22:31:46  3516400     12807180      240        2635520        51656       15428           2359296           
22:31:48  3516336     12807192      124        2635504        51632       15344           2359296           
22:31:50  3516316     12807192      196        2635504        51632       15356           2359296           
22:31:52  3516352     12807196      204        2635508        51632       15352           2359296           
22:31:54  3516324     12807192      216        2635500        51632       15352           2359296           
22:31:56  3516360     12807192      228        2635504        51632       15352           2359296           
22:31:58  3516368     12807196      84         2635508        51632       15348           2359296           
22:32:00  3516352     12807200      140        2635508        51632       15352           2359296           
22:32:02  3516348     12807208      152        2635504        51632       15348           2359296           
22:32:04  3516316     12807212      168        2635528        51660       15336           2359296           
22:32:06  3516396     12807212      188        2635532        51660       15440           2359296           
22:32:08  3516344     12807212      136        2635512        51632       15348           2359296           
22:32:10  3516292     12807216      204        2635508        51632       15356           2359296           
22:32:12  3516364     12807216      208        2635508        51632       15356           2359296           
22:32:14  3516316     12807216      180        2635500        51632       15344           2359296           
22:32:16  3516380     12807220      196        2635512        51632       15352           2359296           
22:32:18  3516348     12807220      160        2635500        51632       15348           2359296           
22:32:20  3516356     12807228      172        2635504        51632       15348           2359296           
22:32:22  3516340     12807228      184        2635508        51632       15356           2359296           
22:32:24  3516688     12807236      176        2635840        51740       15492           2359296           
22:32:26  3516376     12807232      196        2635512        51632       15352           2359296           
22:32:28  3516412     12807240      116        2635512        51632       15348           2359296           
22:32:30  3516980     12807244      152        2636172        51200       15972           2359296           
22:32:32  3516424     12807252      164        2635420        51856       15472           2359296           
22:32:34  3524852     12807264      184        2643764        52740       15968           2359296           
22:32:36  3516396     12807252      196        2635512        51632       15348           2359296           
22:32:38  3516412     12807260      200        2635484        51632       15344           2359296           
22:32:40  3516284     12807260      208        2635412        51632       15352           2359296           
22:32:42  3516296     12807264      220        2635416        51632       15352           2359296           
22:32:44  3533512     12807272      176        2654636        52284       15020           2359296           
22:32:46  3516388     12807264      232        2635452        51632       15352           2359296           
22:32:48  3516388     12807268      180        2635444        51632       15352           2359296           
22:32:50  3516392     12807272      216        2635444        51632       15348           2359296           
22:32:52  3516392     12807272      228        2635440        51632       15356           2359296           
22:32:54  3516412     12807276      176        2635448        51632       15352           2359296           
22:32:56  3516408     12807276      232        2635444        51632       15352           2359296           
22:32:58  3516388     12807284      224        2635440        51632       15356           2359296           
22:33:00  3516420     12807280      220        2635448        51632       15352           2359296           
22:33:03  3516380     12807284      236        2635448        51632       15348           2359296           
22:33:05  3516440     12807288      152        2635328        51740       15492           2359296           
Time      Active (kB) Inactive (kB) Dirty (kB) AnonPages (kB) Mapped (kB) PageTables (kB) AnonHugePages (kB)
22:33:07  3516364     12807284      180        2635460        51632       15352           2359296           
22:33:09  3516464     12807292      164        2635464        51632       15356           2359296           
22:33:11  3516480     12807292      188        2635464        51632       15352           2359296           
22:33:13  3516460     12807292      208        2635456        51632       15352           2359296           
22:33:15  3516492     12807300      184        2635468        51632       15352           2359296           
22:33:17  3516476     12807300      196        2635460        51632       15352           2359296           
22:33:19  3516412     12807308      148        2635468        51632       15348           2359296           
22:33:21  3516456     12807308      172        2635472        51632       15360           2359296           
22:33:23  3516480     12807308      200        2635508        51632       15352           2359296           
22:33:25  3516676     12807312      204        2635792        51712       15456           2359296           
22:33:27  3516400     12807320      216        2635416        51692       15272           2359296           
22:33:29  3516624     12807316      216        2635628        51640       15468           2359296           
22:33:31  3516796     12807324      184        2635620        51788       15572           2359296           
22:33:33  3516624     12807332      240        2635644        51592       15420           2359296           
22:33:35  3526120     12807324      200        2645164        52844       16116           2359296           
22:33:37  3516636     12807336      264        2635548        51632       15348           2359296           
22:33:39  3516556     12807332      140        2635460        51632       15348           2359296           
22:33:41  3516480     12807332      124        2635464        51632       15348           2359296           
22:33:43  3516484     12807340      156        2635468        51632       15352           2359296           
22:33:45  3525760     12807340      184        2644748        52732       15968           2359296           
22:33:47  3516496     12807340      200        2635468        51632       15352           2359296           
22:33:49  3516524     12807352      144        2635468        51632       15352           2359296           
22:33:51  3516568     12807348      128        2635468        51632       15352           2359296           
22:33:53  3516528     12807352      184        2635468        51632       15356           2359296           
22:33:55  3516872     12807352      200        2635772        51740       15504           2359296           
22:33:57  3516648     12807352      188        2635524        51632       15348           2359296           
22:33:59  3516620     12807360      188        2635532        51632       15344           2359296           
22:34:01  3516648     12807356      152        2635536        51632       15352           2359296           
22:34:03  3516640     12807360      208        2635536        51632       15356           2359296           
22:34:05  3516640     12807364      216        2635532        51632       15352           2359296           
22:34:07  3516660     12807368      212        2635536        51632       15352           2359296           
22:34:09  3516632     12807368      212        2635532        51632       15352           2359296           
22:34:11  3516600     12807368      200        2635536        51632       15348           2359296           
22:34:13  3516840     12807364      124        2635816        51712       15444           2359296           
22:34:15  3516944     12807364      144        2635812        51660       15576           2359296           
22:34:17  3516692     12807372      116        2635536        51632       15356           2359296           
22:34:19  3516688     12807372      116        2635532        51632       15348           2359296           
22:34:21  3516676     12807372      104        2635536        51632       15356           2359296           
22:34:23  3516744     12807380      168        2635532        51632       15352           2359296           
22:34:25  3516700     12807376      184        2635532        51632       15352           2359296           
22:34:27  3521816     12807380      144        2640432        51632       15344           2359296           
22:34:29  3532748     12807380      200        2651856        52176       15348           2359296           
22:34:31  3522176     12807392      216        2640820        51632       14868           2359296           
22:34:33  3527700     12807400      224        2646496        51740       15492           2359296           
22:34:35  3526000     12807396      236        2644800        52736       15956           2359296           
22:34:37  3517416     12807400      180        2636524        51632       15348           2359296           
22:34:39  3522748     12807404      240        2641708        51632       15348           2359296           
22:34:41  3521756     12807408      264        2640900        51632       15352           2359296           
22:34:43  3516660     12807408      224        2635464        51632       15348           2359296           
22:34:45  3525816     12807412      244        2644756        52732       15964           2359296           
22:34:47  3517056     12807412      200        2635000        51632       15352           2359296           
Time      Active (kB) Inactive (kB) Dirty (kB) AnonPages (kB) Mapped (kB) PageTables (kB) AnonHugePages (kB)
22:34:49  3523588     12807412      100        2642568        52176       15356           2359296           
22:34:51  3516388     12807416      120        2635496        51632       15348           2359296           
22:34:53  3517048     12807420      96         2635840        51740       15012           2359296           
22:34:55  3516784     12807424      168        2635544        51632       15348           2359296           
22:34:57  3516764     12807428      108        2635536        51632       15344           2359296           
22:34:59  3516880     12807428      200        2635660        51632       15424           2359296           
22:35:01  3516464     12807432      204        2635576        51672       15344           2359296           
22:35:03  3516900     12807444      160        2635660        51632       15424           2359296           
22:35:05  3516812     12807448      220        2635568        51636       15368           2359296           
22:35:07  3516940     12807436      236        2635624        51660       15404           2359296           
22:35:09  3516992     12807436      196        2635744        51632       15488           2359296           
22:35:11  3516472     12807772      588        2635548        51632       15380           2359296           
22:35:13  3516768     12807788      572        2635888        51604       15592           2359296           
22:35:15  3517536     12807780      616        2636488        51608       15664           2359296           
22:35:17  3517840     12807796      636        2636972        51644       15876           2359296           
22:35:19  3516768     12807784      632        2635892        51604       15604           2359296           
22:35:21  3516872     12807788      616        2635916        51740       15500           2359296           
22:35:23  3516444     12807792      468        2635504        51604       15384           2359296           
