Linux 2.6.32-431.3.1.el6.x86_64 (mule-perflab02.managed.contegix.com) 	03/20/2014 	_x86_64_	(24 CPU)

05:17:43 PM    proc/s   cswch/s
05:17:45 PM     51.53  25967.35
05:17:47 PM     13.13  25708.59
05:17:49 PM     13.99  27398.96
05:17:51 PM      8.21  28763.59
05:17:53 PM      8.12  29684.77
05:17:55 PM      5.50  27295.00
05:17:57 PM      5.53  28450.75
05:17:59 PM      5.50  29161.50
05:18:01 PM      5.08  28462.94
05:18:03 PM      5.00  28565.00
05:18:05 PM      5.50  27890.50
05:18:07 PM      5.47  27436.82
05:18:09 PM      5.58  28608.12
05:18:11 PM      5.53  28055.78
05:18:13 PM      5.56  27917.68
05:18:15 PM      5.53  28634.67
05:18:17 PM      5.64  28923.59
05:18:19 PM      5.56  28370.20
05:18:21 PM      5.05  28902.53
05:18:23 PM      3.52  27880.40
05:18:25 PM      5.50  28487.00
05:18:27 PM      7.07  29813.13
05:18:29 PM     13.43  27780.60
05:18:31 PM     12.63  27560.61
05:18:33 PM      8.72  30325.13
05:18:35 PM     16.24  29880.71
05:18:37 PM     14.36  29224.10
05:18:39 PM      7.11  27332.99
05:18:41 PM      5.58  29218.78
05:18:43 PM      5.50  29111.00
05:18:45 PM     16.67  29746.97
05:18:47 PM      7.07  30564.65
05:18:49 PM      8.08  30305.56
05:18:51 PM      8.54  28677.39
05:18:53 PM      8.16  29673.47
05:18:55 PM      5.58  29775.13
05:18:57 PM      5.05  29420.20
05:18:59 PM      3.55  28917.26
05:19:01 PM      5.53  28940.20
05:19:03 PM      7.07  28760.10
05:19:05 PM      5.53  28821.61
05:19:07 PM      5.53  28588.44
05:19:09 PM      5.53  28861.81
05:19:11 PM      5.50  28570.00
05:19:13 PM      5.56  29000.51
05:19:15 PM      5.53  29087.94
05:19:17 PM      5.03  29704.02
05:19:19 PM      3.52  28204.02
05:19:21 PM      5.56  28996.46
05:19:23 PM      5.61  28479.08
05:19:25 PM      5.64  28633.85
05:19:27 PM      7.14  29038.27
05:19:29 PM     15.31  29459.69
05:19:31 PM     11.22  29142.35
05:19:33 PM      8.54  28394.97
05:19:35 PM     15.58  28420.10
05:19:37 PM     12.12  28816.67
05:19:39 PM      7.07  30157.58
05:19:41 PM      7.50  27937.00
05:19:43 PM      5.50  30421.00
05:19:45 PM     16.58  29654.77
05:19:47 PM      7.07  29825.25
05:19:49 PM      8.12  30926.90
05:19:51 PM      8.00  29648.00
05:19:53 PM      8.16  29877.04
05:19:55 PM      5.61  30789.80
05:19:57 PM      3.57  29136.22
05:19:59 PM      5.64  29749.23
05:20:01 PM      5.58  29552.79
05:20:03 PM      8.00  28493.00
05:20:05 PM      6.06  29455.05
05:20:07 PM      5.53  31748.24
05:20:09 PM      5.56  31113.13
05:20:11 PM      5.56  29529.29
05:20:13 PM      5.67  32606.70
05:20:15 PM      5.15  31365.98
05:20:17 PM      3.57  32754.59
05:20:19 PM      5.64  32064.62
05:20:21 PM      5.61  32345.41
05:20:23 PM      5.53  31078.89
05:20:25 PM      5.53  30689.95
05:20:27 PM      7.00  30652.00
05:20:29 PM     15.15  31705.05
05:20:31 PM     11.17  32595.94
05:20:33 PM      8.67  31380.61
05:20:35 PM     15.90  31670.77
05:20:37 PM     12.18  32423.86
05:20:39 PM      7.25  32450.78
05:20:41 PM      7.14  32080.61
05:20:43 PM      5.58  31888.83
05:20:45 PM     16.50  31098.50
05:20:47 PM      8.08  31460.61
05:20:49 PM      7.11  32457.87
05:20:51 PM      8.04  32803.02
05:20:53 PM      8.21  31803.08
05:20:55 PM      3.09  31529.38
05:20:57 PM      5.64  31715.90
05:20:59 PM      5.70  31952.85
05:21:01 PM      6.70  32113.40
05:21:03 PM      6.06  31338.89
05:21:05 PM      5.56  31471.72
05:21:07 PM      5.53  32519.60
05:21:09 PM      6.09  32124.37
05:21:11 PM      5.64  31756.41
05:21:13 PM      5.08  31331.47
05:21:15 PM      3.63  31509.33
05:21:17 PM      5.70  36812.95
05:21:19 PM      5.67  38565.98
05:21:21 PM      6.19  37354.12
05:21:23 PM      5.56  37134.34
05:21:25 PM      5.58  36905.08
05:21:27 PM      7.00  36341.50
05:21:29 PM     15.23  35836.55
05:21:31 PM     11.62  34425.76
05:21:33 PM      8.85  38076.04
05:21:35 PM     16.15  36496.88
05:21:37 PM     12.44  38486.53
05:21:39 PM      7.33  37264.40
05:21:41 PM      7.18  36629.74
05:21:43 PM      5.58  36491.88
05:21:45 PM     16.75  35625.38
05:21:47 PM      8.59  34306.57
05:21:49 PM      7.11  35643.15
05:21:51 PM      8.12  35428.93
05:21:53 PM      8.29  38529.53
05:21:55 PM      5.21  38585.42
05:21:57 PM      3.65  37785.42
05:21:59 PM      5.70  37978.76
05:22:01 PM      6.74  37565.80
05:22:03 PM      6.06  36529.80
05:22:05 PM      5.56  37331.31
05:22:07 PM      5.61  36579.59
05:22:09 PM      5.56  35536.87
05:22:11 PM      5.61  35600.00
05:22:13 PM      5.70  37577.20
05:22:15 PM      5.13  36503.59
05:22:17 PM      3.61  38555.67
05:22:19 PM      5.73  37878.65
05:22:21 PM      5.64  35757.44
05:22:23 PM      5.58  33971.57
05:22:25 PM      6.03  41210.55
05:22:27 PM      7.11  41182.74
05:22:29 PM     15.38  40057.44
05:22:31 PM     11.11  41625.76
05:22:33 PM      8.85  43294.79
05:22:35 PM     16.67  43645.83
05:22:37 PM     12.31  42900.51
05:22:39 PM      7.29  43093.23
05:22:41 PM      7.11  40925.38
05:22:43 PM      5.58  41770.56
05:22:45 PM     16.75  37978.68
05:22:47 PM      8.08  40101.52
05:22:49 PM      6.09  40810.15
05:22:51 PM      8.21  42414.87
05:22:53 PM      8.29  42907.77
05:22:55 PM      5.26  42983.68
05:22:57 PM      3.14  44982.20
05:22:59 PM      4.66  42035.75
05:23:01 PM      6.74  41984.97
05:23:03 PM      6.03  42149.25
05:23:05 PM      5.58  42407.11
05:23:07 PM      5.53  39825.63
05:23:09 PM      5.58  43071.07
05:23:11 PM      5.64  40532.31
05:23:13 PM      5.73  42843.75
05:23:15 PM      5.21  44015.10
05:23:17 PM      3.65  44072.92
05:23:19 PM      5.76  42621.47
05:23:21 PM      5.67  44430.93
05:23:23 PM      5.56  40140.40
05:23:25 PM      5.50  40837.00
05:23:27 PM      7.07  40009.09
05:23:29 PM     13.20  36671.07
05:23:31 PM     13.20  45978.68
05:23:33 PM      8.81  44829.02
05:23:35 PM     16.75  45157.59
05:23:37 PM     12.17  48385.19
05:23:39 PM      7.81  44829.69
05:23:41 PM      7.22  43429.38
05:23:43 PM      5.56  42186.36
05:23:45 PM     16.75  39978.17
05:23:47 PM      8.12  43780.71
05:23:49 PM      7.18  46473.85
05:23:51 PM      8.67  45411.22
05:23:53 PM      8.29  44495.34
05:23:55 PM      5.67  46552.58
05:23:57 PM      5.26  47761.05
05:23:59 PM      3.63  43245.60
05:24:01 PM      7.25  43695.34
05:24:03 PM      5.58  47321.83
05:24:05 PM      5.58  47305.58
05:24:07 PM      5.56  46580.81
05:24:09 PM      5.56  47151.01
05:24:11 PM      5.67  47755.67
05:24:13 PM      5.73  41853.65
05:24:15 PM      6.19  46130.41
05:24:17 PM      5.18  47941.97
05:24:19 PM      3.68  46833.16
05:24:21 PM      5.64  44680.51
05:24:23 PM      5.56  45830.30
05:24:25 PM      5.58  45205.08
05:24:27 PM      7.11  44502.54
05:24:29 PM     15.15  44684.85
05:24:31 PM     11.28  45005.13
05:24:33 PM      9.84  47215.54
05:24:35 PM     15.54  35005.18
05:24:37 PM     14.66  45605.76
05:24:39 PM      6.81  47613.61
05:24:41 PM      5.15  47671.65
05:24:43 PM      5.64  46009.23
05:24:45 PM     17.53  46918.56
05:24:47 PM      8.08  45107.07
05:24:49 PM      7.07  46538.89
05:24:51 PM      8.29  44735.75
05:24:53 PM      8.08  45496.46
05:24:55 PM      6.03  45283.92
05:24:57 PM      5.64  46958.46
05:24:59 PM      5.56  44744.44
05:25:01 PM      6.57  40458.59
05:25:03 PM      3.54  43195.45
05:25:05 PM      6.09  43499.49
05:25:07 PM      5.53  42936.18
05:25:09 PM      5.56  43712.63
05:25:11 PM      5.64  44819.49
05:25:13 PM      5.73  47116.15
05:25:15 PM      5.76  47814.14
05:25:17 PM      5.76  45310.99
05:25:19 PM      5.76  47820.42
05:25:21 PM      5.73  46947.92
05:25:23 PM      5.08  44583.76
05:25:25 PM      3.57  40950.51
05:25:27 PM      7.11  39583.25
05:25:29 PM     15.15  36075.25
05:25:31 PM     11.40  44915.03
05:25:33 PM      9.84  45288.08
05:25:35 PM     15.87  48474.07
05:25:37 PM     14.74  45173.16
05:25:39 PM      7.25  37601.55
05:25:41 PM      7.25  39961.66
05:25:43 PM      5.56  38976.77
05:25:45 PM     16.24  37347.72
05:25:47 PM      6.06  35241.41
05:25:49 PM      7.07  35809.60
05:25:51 PM      8.16  41735.71
05:25:53 PM      8.47  37461.90
05:25:55 PM      5.85  34011.70
05:25:57 PM      5.73  36452.60
05:25:59 PM      5.67  30974.74
05:26:01 PM      7.25  38540.93
05:26:03 PM      5.58  38489.34
05:26:05 PM      5.56  28348.48
05:26:07 PM      5.53  30473.87
05:26:09 PM      5.56  28834.85
05:26:11 PM      3.55  27685.28
05:26:13 PM      5.61  29503.06
05:26:15 PM      6.06  28377.78
05:26:17 PM      5.73  43027.08
05:26:19 PM      5.70  42352.33
05:26:21 PM      6.19  43687.11
05:26:23 PM      5.53  46646.73
05:26:25 PM      5.56  32284.85
05:26:27 PM      7.04  26875.88
05:26:29 PM     14.50  29858.50
05:26:31 PM      8.96  29757.71
05:26:33 PM      8.63  30521.32
05:26:35 PM     16.50  29735.00
05:26:37 PM     14.07  29912.06
05:26:39 PM      7.00  28819.00
05:26:41 PM      7.07  28718.69
05:26:43 PM      5.58  28817.26
05:26:45 PM     16.67  27664.65
05:26:47 PM      8.16  28768.88
05:26:49 PM      6.60  27527.92
05:26:51 PM      6.12  29271.94
05:26:53 PM      7.96  27924.88
05:26:55 PM      5.53  28171.86
05:26:57 PM      5.47  27891.54
05:26:59 PM      5.61  28158.16
05:27:01 PM      7.04  27440.70
05:27:03 PM      5.61  28778.06
05:27:05 PM      5.64  28930.77
05:27:07 PM      5.13  28200.00
05:27:09 PM      3.59  27950.26
05:27:11 PM      5.61  28809.18
05:27:13 PM      5.53  28959.80
05:27:15 PM      5.53  28183.42
05:27:17 PM      5.53  28850.25
05:27:19 PM      5.56  29436.87
05:27:21 PM      5.56  29174.75
05:27:23 PM      5.64  29609.74
05:27:25 PM      6.09  29517.26
05:27:27 PM      6.63  28527.55
05:27:29 PM     13.13  28360.61
05:27:31 PM     11.11  31874.75
05:27:33 PM      8.54  28862.81
05:27:35 PM     16.67  28031.31
05:27:37 PM     14.07  27125.63
05:27:39 PM      7.04  27302.01
05:27:41 PM      7.14  27705.61
05:27:43 PM      5.64  28521.54
05:27:45 PM     16.24  28594.42
05:27:47 PM      6.19  29107.22
05:27:49 PM      7.18  27658.97
05:27:51 PM      8.63  28907.11
05:27:53 PM      8.08  28541.92
05:27:55 PM      5.53  27931.16
05:27:57 PM      5.58  27984.26
05:27:59 PM      5.56  28283.84
05:28:01 PM      7.11  31722.84
05:28:03 PM      5.61  29489.80
05:28:05 PM      5.10  29808.67
05:28:07 PM      3.55  29794.42
05:28:09 PM      5.61  30478.57
05:28:11 PM      5.58  29049.75
05:28:13 PM      5.50  27974.50
05:28:15 PM      5.56  29380.30
05:28:17 PM      5.50  28585.50
05:28:19 PM      5.53  28465.33
05:28:21 PM      5.58  31364.97
05:28:23 PM      5.15  29847.42
05:28:25 PM      3.63  31307.77
05:28:27 PM      7.14  29907.14
05:28:29 PM     15.08  28747.24
05:28:31 PM     11.34  28281.96
05:28:33 PM      8.54  28585.43
05:28:35 PM     16.16  28775.25
05:28:37 PM     14.00  27723.00
05:28:39 PM      7.58  28131.31
05:28:41 PM      7.07  29594.44
05:28:43 PM      5.15  30829.38
05:28:45 PM     14.72  29458.38
05:28:47 PM      8.16  30293.88
05:28:49 PM      7.18  30336.92
05:28:51 PM      8.63  30214.21
05:28:53 PM      8.08  26970.20
05:28:55 PM      5.53  28028.64
05:28:57 PM      5.58  28184.77
05:28:59 PM      4.06  27615.23
05:29:01 PM      6.57  30065.15
05:29:03 PM      3.57  28811.22
05:29:05 PM      5.73  29800.00
05:29:07 PM      5.58  28379.19
05:29:09 PM      5.61  28568.88
05:29:11 PM      6.15  28103.08
05:29:13 PM      5.50  27697.50
05:29:15 PM      5.53  28332.66
05:29:17 PM      5.53  27756.78
05:29:19 PM      5.03  26982.41
05:29:21 PM      4.55  29395.96
05:29:23 PM      3.08  30913.33
05:29:25 PM      5.56  29359.60
05:29:27 PM      7.22  30342.78
05:29:29 PM     15.08  30045.73
05:29:31 PM     11.22  29048.47
05:29:33 PM      9.50  28141.00
05:29:35 PM     14.93  27603.98
05:29:37 PM     14.00  28755.00
05:29:39 PM      7.04  30551.76
05:29:41 PM      6.60  30482.23
05:29:43 PM      3.55  29355.84
05:29:45 PM     17.01  31179.38
05:29:47 PM      8.21  29232.82
05:29:49 PM      7.14  29707.65
05:29:51 PM      8.16  28609.18
05:29:53 PM      8.04  30837.69
05:29:55 PM      6.03  31229.65
05:29:57 PM      5.53  29662.31
05:29:59 PM      5.56  31256.57
05:30:01 PM      6.57  30437.88
05:30:03 PM      4.66  31273.58
05:30:05 PM      6.19  31388.66
05:30:07 PM      5.53  28871.86
05:30:09 PM      5.61  30835.71
05:30:11 PM      5.56  28551.52
05:30:13 PM      5.58  28901.52
05:30:15 PM      5.50  28254.00
05:30:17 PM      5.56  28235.35
05:30:19 PM      5.50  26513.50
05:30:21 PM      5.10  31535.71
05:30:23 PM      3.57  29789.29
05:30:25 PM      5.64  29382.56
05:30:27 PM      7.18  29787.18
05:30:29 PM     15.23  29348.22
05:30:31 PM     11.28  29863.59
05:30:33 PM     10.05  28350.25
05:30:35 PM     15.00  28274.00
05:30:37 PM     14.14  28233.84
05:30:39 PM      6.97  27856.72
05:30:41 PM      6.57  28867.68
05:30:43 PM      3.59  30387.69
05:30:45 PM     16.84  28196.43
05:30:47 PM      8.25  30022.16
05:30:49 PM      8.72  31425.64
05:30:51 PM      7.11  29615.74
05:30:53 PM      8.04  28365.83
05:30:55 PM      5.50  28688.00
05:30:57 PM      5.58  26729.95
05:30:59 PM      5.50  27689.00
05:31:01 PM      6.60  30193.91
05:31:03 PM      3.57  28603.57
05:31:05 PM      5.64  27692.82
05:31:07 PM      5.70  31229.53
05:31:09 PM      6.15  32652.31
05:31:11 PM      5.64  28407.69
05:31:13 PM      5.58  28254.31
05:31:15 PM      5.47  27627.36
05:31:17 PM      5.56  27293.43
05:31:19 PM      5.03  29644.22
05:31:21 PM      4.04  33635.86
05:31:23 PM      5.64  31828.21
05:31:25 PM      5.64  30291.79
05:31:27 PM      7.18  34061.54
05:31:29 PM     15.15  29359.60
05:31:31 PM     11.17  29228.43
05:31:33 PM      9.64  27692.89
05:31:35 PM     15.08  28492.46
05:31:37 PM     14.14  27798.99
05:31:39 PM      6.53  27763.32
05:31:41 PM      5.03  29453.27
05:31:43 PM      5.53  29051.76
05:31:45 PM     16.50  29477.50
05:31:47 PM      8.04  29344.22
05:31:49 PM      7.07  29287.37
05:31:51 PM      8.08  29326.26
05:31:53 PM      8.12  29164.97
05:31:55 PM      5.56  29678.28
05:31:57 PM      5.58  29704.06
05:31:59 PM      5.03  28914.57
05:32:01 PM      5.03  29340.20
05:32:03 PM      5.67  31527.84
05:32:05 PM      5.64  31027.69
05:32:07 PM      5.67  29934.02
05:32:09 PM      5.64  29566.67
05:32:11 PM      5.56  27630.30
05:32:13 PM      5.56  28343.94
05:32:15 PM      5.53  29656.78
05:32:17 PM      5.53  28613.07
05:32:19 PM      4.98  31536.82
05:32:21 PM      3.57  34316.33
05:32:23 PM      5.61  33475.00
05:32:25 PM      6.19  31270.10
05:32:27 PM      7.22  35421.13
05:32:29 PM     15.46  34225.26
05:32:31 PM     11.22  35408.67
05:32:33 PM     10.10  31304.04
05:32:35 PM     15.74  32765.48
05:32:37 PM     14.14  29783.84
05:32:39 PM      6.53  28672.36
05:32:41 PM      5.08  32621.83
05:32:43 PM      5.70  38819.69
05:32:45 PM     16.92  31392.82
05:32:47 PM      8.25  34653.09
05:32:49 PM      8.16  35437.24
05:32:51 PM      7.18  31979.49
05:32:53 PM      8.04  28927.64
05:32:55 PM      5.53  29031.16
05:32:57 PM      5.53  32320.60
05:32:59 PM      5.03  32310.05
05:33:01 PM      5.08  32999.49
05:33:03 PM      5.58  29051.27
05:33:05 PM      5.70  32528.50
05:33:07 PM      5.61  31440.82
05:33:09 PM      5.64  35184.62
05:33:11 PM      5.64  33294.87
05:33:13 PM      5.53  31588.44
05:33:15 PM      5.61  34151.53
05:33:17 PM      5.50  32824.50
05:33:19 PM      5.08  33147.21
05:33:21 PM      3.52  33253.27
05:33:23 PM      5.67  33050.52
05:33:25 PM      5.61  36463.78
05:33:27 PM      7.29  31892.71
05:33:29 PM     15.38  34178.46
05:33:31 PM     11.28  30688.21
05:33:33 PM     10.10  29952.02
05:33:35 PM     15.00  32238.00
05:33:37 PM     14.14  30496.97
05:33:39 PM      7.07  30242.42
05:33:41 PM      5.03  31679.40
05:33:43 PM      5.64  35514.87
05:33:45 PM     16.75  31061.42
05:33:47 PM      8.25  33205.67
05:33:49 PM      8.25  31935.05
05:33:51 PM      7.58  30982.32
05:33:53 PM      8.04  33255.28
05:33:55 PM      6.06  30775.76
05:33:57 PM      5.56  31682.32
05:33:59 PM      5.03  32967.84
05:34:01 PM      5.08  34683.25
05:34:03 PM      5.61  32385.71
05:34:05 PM      5.64  31435.38
05:34:07 PM      5.67  36902.58
05:34:09 PM      5.67  32294.33
05:34:11 PM      5.61  31093.88
05:34:13 PM      5.50  30777.50
05:34:15 PM      5.56  30486.87
05:34:17 PM      5.58  30880.71
05:34:19 PM      5.03  31633.17
05:34:21 PM      3.57  35641.33
05:34:23 PM      5.61  34251.53
05:34:25 PM      5.70  37326.94
05:34:27 PM      7.25  36531.61
05:34:29 PM     15.23  30906.60
05:34:31 PM     11.28  31896.41
05:34:33 PM      9.50  30293.00
05:34:35 PM     15.00  29472.50
05:34:37 PM     13.64  30114.65
05:34:39 PM      5.00  30627.50
05:34:41 PM      7.11  35979.19
05:34:43 PM      5.18  36688.60
05:34:45 PM     15.82  29261.73
05:34:47 PM      8.12  27177.16
05:34:49 PM      8.16  28991.84
05:34:51 PM      7.11  28001.02
05:34:53 PM      8.00  26641.50
05:34:55 PM      5.03  27300.50
05:34:57 PM      4.50  26057.50
05:34:59 PM      3.50  13657.50
05:35:01 PM      7.00   1136.50
05:35:03 PM      5.53   1165.83
05:35:05 PM      6.00   1114.50
05:35:07 PM      5.53   1118.09
05:35:09 PM      5.53   1302.01
05:35:11 PM      5.50   1107.00
05:35:13 PM      5.50   1141.50
05:35:15 PM      6.50   1167.50
05:35:17 PM      5.53   1140.20
05:35:19 PM      5.50   1131.00
05:35:21 PM      5.50   1100.00
05:35:23 PM      5.53   1129.15
05:35:25 PM      5.50   1100.50
