Linux 2.6.32-431.3.1.el6.x86_64 (mule-perflab02.managed.contegix.com) 	03/20/2014 	_x86_64_	(24 CPU)

05:17:43 PM kbmemfree kbmemused  %memused kbbuffers  kbcached  kbcommit   %commit
05:17:45 PM  19769312  17194856     46.52    200920  13483936   3291708      8.00
05:17:47 PM  19769524  17194644     46.52    200920  13483952   3302888      8.02
05:17:49 PM  19769120  17195048     46.52    200920  13483956   3313280      8.05
05:17:51 PM  19766492  17197676     46.53    200920  13483960   3316648      8.06
05:17:53 PM  19773136  17191032     46.51    200920  13483968   3317088      8.06
05:17:55 PM  19777224  17186944     46.50    200920  13483972   3310172      8.04
05:17:57 PM  19777940  17186228     46.49    200920  13483984   3309828      8.04
05:17:59 PM  19775164  17189004     46.50    200920  13483984   3309368      8.04
05:18:01 PM  19776596  17187572     46.50    200920  13484000   3310824      8.04
05:18:03 PM  19776364  17187804     46.50    200920  13484000   3309652      8.04
05:18:05 PM  19775844  17188324     46.50    200920  13484008   3310152      8.04
05:18:07 PM  19776364  17187804     46.50    200920  13484012   3309540      8.04
05:18:09 PM  19776660  17187508     46.50    200920  13484016   3310104      8.04
05:18:11 PM  19776828  17187340     46.50    200920  13484024   3309200      8.04
05:18:13 PM  19776148  17188020     46.50    200920  13484028   3309804      8.04
05:18:15 PM  19776168  17188000     46.50    200920  13484036   3310344      8.04
05:18:17 PM  19777200  17186968     46.50    200920  13484040   3310128      8.04
05:18:19 PM  19778256  17185912     46.49    200920  13484044   3310180      8.04
05:18:21 PM  19777476  17186692     46.50    200920  13484052   3311680      8.05
05:18:23 PM  19777156  17187012     46.50    200920  13484056   3310296      8.04
05:18:25 PM  19778676  17185492     46.49    200920  13484068   3309644      8.04
05:18:27 PM  19774476  17189692     46.50    200920  13484072   3314156      8.05
05:18:29 PM  19760088  17204080     46.54    200920  13484088   3329856      8.09
05:18:31 PM  19767408  17196760     46.52    200920  13484100   3318624      8.06
05:18:33 PM  19767104  17197064     46.52    200920  13484100   3319200      8.06
05:18:35 PM  19763436  17200732     46.53    200920  13484116   3323140      8.07
05:18:37 PM  19771860  17192308     46.51    200920  13484116   3310040      8.04
05:18:39 PM  19766016  17198152     46.53    200920  13484128   3318752      8.06
05:18:41 PM  19772620  17191548     46.51    200920  13484128   3310784      8.04
05:18:43 PM  19773376  17190792     46.51    200920  13484140   3310484      8.04
05:18:45 PM  19761624  17202544     46.54    200920  13484144   3323080      8.07
05:18:47 PM  19764988  17199180     46.53    200920  13484156   3317796      8.06
05:18:49 PM  19771120  17193048     46.51    200920  13484156   3313948      8.05
05:18:51 PM  19768476  17195692     46.52    200920  13484164   3316628      8.06
05:18:53 PM  19767772  17196396     46.52    200920  13484168   3317096      8.06
05:18:55 PM  19773116  17191052     46.51    200920  13484176   3309992      8.04
05:18:57 PM  19773700  17190468     46.51    200920  13484184   3311456      8.05
05:18:59 PM  19775204  17188964     46.50    200920  13484200   3309828      8.04
05:19:01 PM  19775860  17188308     46.50    200920  13484208   3310104      8.04
05:19:03 PM  19774404  17189764     46.50    200920  13484216   3310472      8.04
05:19:05 PM  19775408  17188760     46.50    200920  13484228   3309912      8.04
05:19:07 PM  19775888  17188280     46.50    200920  13484228   3309952      8.04
05:19:09 PM  19775872  17188296     46.50    200920  13484236   3310056      8.04
05:19:11 PM  19776968  17187200     46.50    200920  13484248   3309856      8.04
05:19:13 PM  19776812  17187356     46.50    200920  13484252   3309520      8.04
05:19:15 PM  19776724  17187444     46.50    200920  13484260   3309656      8.04
05:19:17 PM  19777464  17186704     46.50    200920  13484264   3311296      8.05
05:19:19 PM  19776960  17187208     46.50    200920  13484268   3309804      8.04
05:19:21 PM  19775400  17188768     46.50    200920  13484280   3310224      8.04
05:19:23 PM  19775900  17188268     46.50    200920  13484284   3310028      8.04
05:19:25 PM  19775072  17189096     46.50    200920  13484300   3310504      8.04
05:19:27 PM  19771656  17192512     46.51    200920  13484300   3315808      8.06
05:19:29 PM  19756388  17207780     46.55    200920  13484320   3333752      8.10
05:19:31 PM  19766036  17198132     46.53    200920  13484324   3318444      8.06
05:19:33 PM  19762812  17201356     46.54    200920  13484328   3322376      8.07
05:19:35 PM  19762232  17201936     46.54    200920  13484340   3323824      8.08
05:19:37 PM  19772244  17191924     46.51    200920  13484344   3310460      8.04
05:19:39 PM  19766788  17197380     46.52    200920  13484356   3317512      8.06
05:19:41 PM  19771608  17192560     46.51    200920  13484356   3314148      8.05
05:19:43 PM  19773524  17190644     46.51    200920  13484368   3310568      8.04
05:19:45 PM  19763720  17200448     46.53    200920  13484380   3322700      8.07
05:19:47 PM  19767852  17196316     46.52    200920  13484388   3317428      8.06
05:19:49 PM  19768836  17195332     46.52    200920  13484392   3315284      8.05
05:19:51 PM  19766704  17197464     46.52    200920  13484396   3317180      8.06
05:19:53 PM  19772012  17192156     46.51    200920  13484408   3310720      8.04
05:19:55 PM  19771812  17192356     46.51    200920  13484416   3311756      8.05
05:19:57 PM  19772944  17191224     46.51    200920  13484416   3309768      8.04
05:19:59 PM  19772704  17191464     46.51    200920  13484432   3310064      8.04
05:20:01 PM  19772984  17191184     46.51    200920  13484432   3309424      8.04
05:20:03 PM  19772900  17191268     46.51    200920  13484448   3310064      8.04
05:20:05 PM  19772816  17191352     46.51    200920  13484448   3310092      8.04
05:20:07 PM  19773308  17190860     46.51    200920  13484456   3310364      8.04
05:20:09 PM  19773228  17190940     46.51    200920  13484460   3310380      8.04
05:20:11 PM  19773672  17190496     46.51    200920  13484456   3310380      8.04
05:20:13 PM  19773340  17190828     46.51    200920  13484472   3310412      8.04
05:20:15 PM  19774640  17189528     46.50    200920  13484476   3311572      8.05
05:20:17 PM  19775460  17188708     46.50    200920  13484480   3310460      8.04
05:20:19 PM  19774860  17189308     46.50    200920  13484488   3310640      8.04
05:20:21 PM  19775264  17188904     46.50    200920  13484492   3310836      8.04
05:20:23 PM  19775956  17188212     46.50    200920  13484504   3310716      8.04
05:20:25 PM  19776236  17187932     46.50    200920  13484512   3310336      8.04
05:20:27 PM  19770632  17193536     46.51    200920  13484516   3316640      8.06
05:20:29 PM  19758412  17205756     46.55    200920  13484532   3332212      8.10
05:20:31 PM  19767540  17196628     46.52    200920  13484536   3318952      8.06
05:20:33 PM  19760864  17203304     46.54    200920  13484540   3341280      8.12
05:20:35 PM  19762336  17201832     46.54    200920  13484548   3323452      8.07
05:20:37 PM  19769604  17194564     46.52    200920  13484556   3310624      8.04
05:20:39 PM  19764816  17199352     46.53    200920  13484568   3317692      8.06
05:20:41 PM  19768708  17195460     46.52    200920  13484568   3314280      8.05
05:20:43 PM  19771656  17192512     46.51    200920  13484584   3310912      8.04
05:20:45 PM  19761292  17202876     46.54    200920  13484588   3323608      8.08
05:20:47 PM  19765040  17199128     46.53    200920  13484592   3317720      8.06
05:20:49 PM  19767952  17196216     46.52    200920  13484600   3315192      8.05
05:20:51 PM  19766216  17197952     46.53    200920  13484604   3317512      8.06
05:20:53 PM  19765860  17198308     46.53    200920  13484612   3326808      8.08
05:20:55 PM  19771448  17192720     46.51    200920  13484624   3310668      8.04
05:20:57 PM  19772404  17191764     46.51    200920  13484624   3310132      8.04
05:20:59 PM  19772040  17192128     46.51    200920  13484636   3309668      8.04
05:21:01 PM  19772420  17191748     46.51    200920  13484644   3309792      8.04
05:21:03 PM  19772528  17191640     46.51    200920  13484660   3310172      8.04
05:21:05 PM  19772400  17191768     46.51    200920  13484668   3310144      8.04
05:21:07 PM  19773308  17190860     46.51    200920  13484676   3310208      8.04
05:21:09 PM  19772960  17191208     46.51    200920  13484680   3309996      8.04
05:21:11 PM  19773488  17190680     46.51    200920  13484684   3309784      8.04
05:21:13 PM  19773128  17191040     46.51    200920  13484696   3311620      8.05
05:21:15 PM  19773936  17190232     46.51    200920  13484700   3310092      8.04
05:21:17 PM  19773108  17191060     46.51    200920  13484704   3310340      8.04
05:21:19 PM  19773600  17190568     46.51    200920  13484712   3309808      8.04
05:21:21 PM  19772792  17191376     46.51    200920  13484712   3310644      8.04
05:21:23 PM  19772556  17191612     46.51    200920  13484720   3310584      8.04
05:21:25 PM  19772244  17191924     46.51    200920  13484732   3310140      8.04
05:21:27 PM  19767912  17196256     46.52    200920  13484744   3317600      8.06
05:21:29 PM  19754072  17210096     46.56    200920  13484756   3334444      8.10
05:21:31 PM  19765244  17198924     46.53    200920  13484764   3318192      8.06
05:21:33 PM  19760556  17203612     46.54    200920  13484768   3324316      8.08
05:21:35 PM  19759780  17204388     46.54    200920  13484776   3322596      8.07
05:21:37 PM  19767956  17196212     46.52    200920  13484784   3310616      8.04
05:21:39 PM  19762336  17201832     46.54    200920  13484788   3318400      8.06
05:21:41 PM  19768432  17195736     46.52    200920  13484792   3314144      8.05
05:21:43 PM  19769572  17194596     46.52    200920  13484812   3310092      8.04
05:21:45 PM  19757956  17206212     46.55    200920  13484816   3322148      8.07
05:21:47 PM  19762172  17201996     46.54    200920  13484824   3317096      8.06
05:21:49 PM  19763796  17200372     46.53    200920  13484828   3316532      8.06
05:21:51 PM  19762148  17202020     46.54    200920  13484836   3318272      8.06
05:21:53 PM  19767812  17196356     46.52    200920  13484852   3310796      8.04
05:21:55 PM  19767728  17196440     46.52    200920  13484860   3311596      8.05
05:21:57 PM  19768224  17195944     46.52    200920  13484868   3310332      8.04
05:21:59 PM  19768700  17195468     46.52    200920  13484872   3310604      8.04
05:22:01 PM  19768832  17195336     46.52    200920  13484880   3310628      8.04
05:22:03 PM  19769728  17194440     46.52    200920  13484884   3309780      8.04
05:22:05 PM  19769896  17194272     46.52    200920  13484892   3309784      8.04
05:22:07 PM  19770704  17193464     46.51    200920  13484896   3310260      8.04
05:22:09 PM  19770684  17193484     46.51    200920  13484908   3310272      8.04
05:22:11 PM  19770156  17194012     46.52    200920  13484912   3310188      8.04
05:22:13 PM  19770184  17193984     46.52    200920  13484928   3326772      8.08
05:22:15 PM  19770756  17193412     46.51    200920  13484928   3309900      8.04
05:22:17 PM  19772384  17191784     46.51    200920  13484936   3309836      8.04
05:22:19 PM  19772624  17191544     46.51    200920  13484940   3309648      8.04
05:22:21 PM  19773288  17190880     46.51    200920  13484944   3310680      8.04
05:22:23 PM  19771472  17192696     46.51    200920  13484948   3311096      8.04
05:22:25 PM  19772720  17191448     46.51    200920  13484960   3310208      8.04
05:22:27 PM  19765144  17199024     46.53    200920  13484968   3317820      8.06
05:22:29 PM  19753864  17210304     46.56    200920  13484976   3334276      8.10
05:22:31 PM  19764052  17200116     46.53    200920  13484984   3317916      8.06
05:22:33 PM  19759292  17204876     46.54    200920  13484988   3322840      8.07
05:22:35 PM  19757000  17207168     46.55    200920  13484996   3324340      8.08
05:22:37 PM  19764104  17200064     46.53    200920  13485004   3309612      8.04
05:22:39 PM  19758904  17205264     46.55    200920  13485008   3335152      8.10
05:22:41 PM  19761968  17202200     46.54    200920  13485028   3314916      8.05
05:22:43 PM  19764372  17199796     46.53    200920  13485044   3310604      8.04
05:22:45 PM  19755144  17209024     46.56    200920  13485048   3322720      8.07
05:22:47 PM  19758352  17205816     46.55    200920  13485056   3325420      8.08
05:22:49 PM  19759328  17204840     46.54    200920  13485056   3316200      8.06
05:22:51 PM  19763668  17200500     46.53    200920  13485064   3327080      8.08
05:22:53 PM  19763376  17200792     46.53    200920  13485072   3310796      8.04
05:22:55 PM  19763640  17200528     46.53    200920  13485084   3327624      8.08
05:22:57 PM  19764432  17199736     46.53    200920  13485096   3310332      8.04
05:22:59 PM  19765488  17198680     46.53    200920  13485096   3310204      8.04
05:23:01 PM  19764620  17199548     46.53    200920  13485104   3310168      8.04
05:23:03 PM  19766076  17198092     46.53    200920  13485112   3309816      8.04
05:23:05 PM  19767024  17197144     46.52    200920  13485124   3309764      8.04
05:23:07 PM  19768008  17196160     46.52    200920  13485128   3310180      8.04
05:23:09 PM  19768256  17195912     46.52    200920  13485132   3310452      8.04
05:23:11 PM  19766896  17197272     46.52    200920  13485140   3309924      8.04
05:23:13 PM  19767252  17196916     46.52    200924  13485140   3309992      8.04
05:23:15 PM  19767408  17196760     46.52    200924  13485152   3311452      8.05
05:23:17 PM  19768192  17195976     46.52    200924  13485152   3310172      8.04
05:23:19 PM  19768256  17195912     46.52    200924  13485160   3309992      8.04
05:23:21 PM  19769164  17195004     46.52    200924  13485164   3309836      8.04
05:23:23 PM  19768400  17195768     46.52    200924  13485172   3309936      8.04
05:23:25 PM  19768832  17195336     46.52    200924  13485176   3310604      8.04
05:23:27 PM  19763104  17201064     46.53    200924  13485188   3316952      8.06
05:23:29 PM  19749768  17214400     46.57    200924  13485200   3331848      8.10
05:23:31 PM  19758108  17206060     46.55    200924  13485204   3318956      8.06
05:23:33 PM  19754844  17209324     46.56    200924  13485212   3324592      8.08
05:23:35 PM  19754752  17209416     46.56    200924  13485216   3324116      8.08
05:23:37 PM  19762524  17201644     46.54    200924  13485228   3310536      8.04
05:23:39 PM  19763588  17200580     46.53    200924  13485232   3310324      8.04
05:23:41 PM  19760648  17203520     46.54    200924  13485248   3315236      8.05
05:23:43 PM  19764880  17199288     46.53    200924  13485248   3310252      8.04
05:23:45 PM  19753824  17210344     46.56    200924  13485260   3322724      8.07
05:23:47 PM  19758628  17205540     46.55    200924  13485264   3317872      8.06
05:23:49 PM  19758944  17205224     46.55    200928  13485268   3317728      8.06
05:23:51 PM  19764160  17200008     46.53    200928  13485276   3310416      8.04
05:23:53 PM  19763844  17200324     46.53    200928  13485284   3310760      8.04
05:23:55 PM  19764240  17199928     46.53    200928  13485304   3310532      8.04
05:23:57 PM  19763852  17200316     46.53    200928  13485308   3311964      8.05
05:23:59 PM  19765508  17198660     46.53    200928  13485312   3310308      8.04
05:24:01 PM  19765320  17198848     46.53    200928  13485316   3310472      8.04
05:24:03 PM  19765220  17198948     46.53    200928  13485324   3309808      8.04
05:24:05 PM  19765384  17198784     46.53    200928  13485328   3309916      8.04
05:24:07 PM  19764468  17199700     46.53    200928  13485332   3310080      8.04
05:24:09 PM  19764848  17199320     46.53    200928  13485340   3310084      8.04
05:24:11 PM  19766244  17197924     46.53    200928  13485348   3310144      8.04
05:24:13 PM  19765636  17198532     46.53    200928  13485352   3310316      8.04
05:24:15 PM  19764256  17199912     46.53    200928  13485360   3310328      8.04
05:24:17 PM  19765148  17199020     46.53    200928  13485368   3312320      8.05
05:24:19 PM  19766272  17197896     46.53    200928  13485372   3310344      8.04
05:24:21 PM  19764952  17199216     46.53    200928  13485380   3310280      8.04
05:24:23 PM  19765704  17198464     46.53    200928  13485392   3310180      8.04
05:24:25 PM  19765184  17198984     46.53    200928  13485408   3310016      8.04
05:24:27 PM  19759592  17204576     46.54    200928  13485416   3317224      8.06
05:24:29 PM  19745172  17218996     46.58    200928  13485428   3333056      8.10
05:24:31 PM  19755472  17208696     46.56    200928  13485436   3318316      8.06
05:24:33 PM  19749636  17214532     46.57    200928  13485436   3324972      8.08
05:24:35 PM  19749556  17214612     46.57    200928  13485444   3322732      8.07
05:24:37 PM  19756980  17207188     46.55    200928  13485448   3310292      8.04
05:24:39 PM  19758368  17205800     46.55    200928  13485456   3311384      8.05
05:24:41 PM  19754432  17209736     46.56    200928  13485468   3317152      8.06
05:24:43 PM  19758648  17205520     46.55    200928  13485472   3310108      8.04
05:24:45 PM  19749880  17214288     46.57    200928  13485476   3323512      8.07
05:24:47 PM  19759568  17204600     46.54    200928  13485480   3310456      8.04
05:24:49 PM  19754104  17210064     46.56    200928  13485484   3317276      8.06
05:24:51 PM  19758860  17205308     46.55    200928  13485492   3310528      8.04
05:24:53 PM  19760000  17204168     46.54    200928  13485504   3310288      8.04
05:24:55 PM  19760776  17203392     46.54    200928  13485512   3310708      8.04
05:24:57 PM  19760288  17203880     46.54    200928  13485512   3310236      8.04
05:24:59 PM  19760936  17203232     46.54    200932  13485520   3310548      8.04
05:25:01 PM  19761408  17202760     46.54    200932  13485520   3355012      8.15
05:25:03 PM  19761632  17202536     46.54    200932  13485532   3310252      8.04
05:25:05 PM  19763180  17200988     46.53    200932  13485536   3310104      8.04
05:25:07 PM  19763836  17200332     46.53    200932  13485544   3309716      8.04
05:25:09 PM  19763560  17200608     46.53    200932  13485560   3309656      8.04
05:25:11 PM  19761648  17202520     46.54    200932  13485572   3310016      8.04
05:25:13 PM  19763092  17201076     46.53    200932  13485576   3310604      8.04
05:25:15 PM  19761504  17202664     46.54    200932  13485580   3310408      8.04
05:25:17 PM  19761776  17202392     46.54    200932  13485592   3310400      8.04
05:25:19 PM  19762256  17201912     46.54    200932  13485596   3310204      8.04
05:25:21 PM  19762388  17201780     46.54    200932  13485600   3310324      8.04
05:25:23 PM  19762136  17202032     46.54    200932  13485600   3311716      8.05
05:25:25 PM  19764644  17199524     46.53    200932  13485612   3309940      8.04
05:25:27 PM  19756832  17207336     46.55    200932  13485612   3317336      8.06
05:25:29 PM  19740576  17223592     46.60    200932  13485628   3336336      8.11
05:25:31 PM  19753580  17210588     46.56    200932  13485636   3318236      8.06
05:25:33 PM  19749644  17214524     46.57    200932  13485640   3324288      8.08
05:25:35 PM  19747848  17216320     46.58    200932  13485648   3322312      8.07
05:25:37 PM  19757472  17206696     46.55    200932  13485652   3309984      8.04
05:25:39 PM  19758008  17206160     46.55    200932  13485660   3310272      8.04
05:25:41 PM  19753240  17210928     46.56    200932  13485668   3316632      8.06
05:25:43 PM  19760088  17204080     46.54    200932  13485680   3310080      8.04
05:25:45 PM  19748588  17215580     46.57    200932  13485688   3324364      8.08
05:25:47 PM  19759568  17204600     46.54    200932  13485688   3310784      8.04
05:25:49 PM  19754140  17210028     46.56    200932  13485692   3317404      8.06
05:25:51 PM  19756684  17207484     46.55    200932  13485700   3310216      8.04
05:25:53 PM  19759656  17204512     46.54    200932  13485712   3310572      8.04
05:25:55 PM  19760480  17203688     46.54    200932  13485720   3310576      8.04
05:25:57 PM  19760776  17203392     46.54    200932  13485724   3310392      8.04
05:25:59 PM  19761296  17202872     46.54    200932  13485728   3310052      8.04
05:26:01 PM  19759028  17205140     46.55    200932  13485736   3310572      8.04
05:26:03 PM  19759280  17204888     46.54    200932  13485744   3310680      8.04
05:26:05 PM  19761220  17202948     46.54    200932  13485752   3310020      8.04
05:26:07 PM  19758864  17205304     46.55    200932  13485756   3309848      8.04
05:26:09 PM  19761148  17203020     46.54    200932  13485776   3311112      8.04
05:26:11 PM  19761888  17202280     46.54    200932  13485776   3309976      8.04
05:26:13 PM  19761976  17202192     46.54    200932  13485784   3310084      8.04
05:26:15 PM  19762480  17201688     46.54    200932  13485784   3310200      8.04
05:26:17 PM  19762396  17201772     46.54    200932  13485796   3309568      8.04
05:26:19 PM  19763484  17200684     46.53    200932  13485800   3309720      8.04
05:26:21 PM  19761276  17202892     46.54    200932  13485804   3310108      8.04
05:26:23 PM  19760720  17203448     46.54    200932  13485816   3310012      8.04
05:26:25 PM  19761788  17202380     46.54    200932  13485828   3310148      8.04
05:26:27 PM  19755528  17208640     46.55    200932  13485832   3317560      8.06
05:26:29 PM  19739768  17224400     46.60    200932  13485852   3337340      8.11
05:26:31 PM  19747176  17216992     46.58    200932  13485856   3318164      8.06
05:26:33 PM  19741704  17222464     46.59    200932  13485864   3325880      8.08
05:26:35 PM  19743680  17220488     46.59    200932  13485868   3322388      8.07
05:26:37 PM  19752612  17211556     46.56    200932  13485880   3310820      8.04
05:26:39 PM  19746512  17217656     46.58    200932  13485884   3318524      8.06
05:26:41 PM  19749984  17214184     46.57    200932  13485900   3316824      8.06
05:26:43 PM  19754644  17209524     46.56    200936  13485908   3310484      8.04
05:26:45 PM  19745244  17218924     46.58    200936  13485912   3323528      8.07
05:26:47 PM  19746872  17217296     46.58    200936  13485916   3317324      8.06
05:26:49 PM  19749068  17215100     46.57    200936  13485928   3317332      8.06
05:26:51 PM  19754200  17209968     46.56    200936  13485932   3310100      8.04
05:26:53 PM  19752288  17211880     46.56    200936  13485952   3309908      8.04
05:26:55 PM  19753312  17210856     46.56    200936  13485952   3310560      8.04
05:26:57 PM  19754196  17209972     46.56    200936  13485960   3310084      8.04
05:26:59 PM  19753112  17211056     46.56    200936  13485960   3310380      8.04
05:27:01 PM  19752700  17211468     46.56    200936  13485968   3313908      8.05
05:27:03 PM  19755248  17208920     46.56    200936  13485968   3310844      8.04
05:27:05 PM  19755996  17208172     46.55    200936  13485984   3311176      8.04
05:27:07 PM  19756992  17207176     46.55    200936  13485992   3312456      8.05
05:27:09 PM  19758476  17205692     46.55    200936  13486000   3310996      8.04
05:27:11 PM  19759248  17204920     46.54    200936  13486008   3311396      8.05
05:27:13 PM  19759408  17204760     46.54    200936  13486012   3311100      8.04
05:27:15 PM  19760368  17203800     46.54    200936  13486016   3310852      8.04
05:27:17 PM  19760400  17203768     46.54    200936  13486024   3310916      8.04
05:27:19 PM  19758720  17205448     46.55    200936  13486032   3311020      8.04
05:27:21 PM  19760784  17203384     46.54    200936  13486032   3310624      8.04
05:27:23 PM  19760316  17203852     46.54    200936  13486044   3310264      8.04
05:27:25 PM  19760144  17204024     46.54    200936  13486048   3310740      8.04
05:27:27 PM  19755224  17208944     46.56    200936  13486056   3350024      8.14
05:27:29 PM  19740364  17223804     46.60    200936  13486068   3336728      8.11
05:27:31 PM  19750872  17213296     46.57    200936  13486076   3318680      8.06
05:27:33 PM  19744700  17219468     46.58    200936  13486084   3325060      8.08
05:27:35 PM  19747732  17216436     46.58    200936  13486088   3323136      8.07
05:27:37 PM  19755068  17209100     46.56    200936  13486100   3310156      8.04
05:27:39 PM  19754964  17209204     46.56    200936  13486112   3310476      8.04
05:27:41 PM  19750580  17213588     46.57    200936  13486124   3315836      8.06
05:27:43 PM  19755184  17208984     46.56    200936  13486140   3309624      8.04
05:27:45 PM  19745672  17218496     46.58    200936  13486144   3323648      8.08
05:27:47 PM  19755056  17209112     46.56    200936  13486152   3310736      8.04
05:27:49 PM  19751368  17212800     46.57    200936  13486156   3316920      8.06
05:27:51 PM  19749484  17214684     46.57    200936  13486164   3318656      8.06
05:27:53 PM  19756076  17208092     46.55    200936  13486176   3310880      8.04
05:27:55 PM  19758164  17206004     46.55    200936  13486184   3310704      8.04
05:27:57 PM  19757672  17206496     46.55    200936  13486192   3310812      8.04
05:27:59 PM  19757840  17206328     46.55    200936  13486192   3310836      8.04
05:28:01 PM  19757848  17206320     46.55    200936  13486200   3313040      8.05
05:28:03 PM  19758288  17205880     46.55    200936  13486200   3310196      8.04
05:28:05 PM  19760548  17203620     46.54    200936  13486212   3311812      8.05
05:28:07 PM  19761708  17202460     46.54    200936  13486224   3310168      8.04
05:28:09 PM  19761520  17202648     46.54    200936  13486228   3310240      8.04
05:28:11 PM  19760300  17203868     46.54    200936  13486236   3310780      8.04
05:28:13 PM  19760648  17203520     46.54    200936  13486240   3310780      8.04
05:28:15 PM  19761988  17202180     46.54    200936  13486244   3310628      8.04
05:28:17 PM  19762496  17201672     46.54    200936  13486248   3310252      8.04
05:28:19 PM  19762432  17201736     46.54    200936  13486256   3310536      8.04
05:28:21 PM  19762052  17202116     46.54    200936  13486264   3310540      8.04
05:28:23 PM  19760864  17203304     46.54    200936  13486268   3311740      8.05
05:28:25 PM  19763180  17200988     46.53    200936  13486284   3310128      8.04
05:28:27 PM  19756412  17207756     46.55    200936  13486284   3319104      8.06
05:28:29 PM  19742848  17221320     46.59    200936  13486304   3332320      8.10
05:28:31 PM  19752292  17211876     46.56    200936  13486312   3317976      8.06
05:28:33 PM  19746096  17218072     46.58    200936  13486320   3325096      8.08
05:28:35 PM  19748672  17215496     46.57    200936  13486324   3323040      8.07
05:28:37 PM  19757460  17206708     46.55    200936  13486332   3310144      8.04
05:28:39 PM  19756464  17207704     46.55    200936  13486340   3309940      8.04
05:28:41 PM  19752512  17211656     46.56    200936  13486348   3316780      8.06
05:28:43 PM  19757624  17206544     46.55    200936  13486360   3311164      8.04
05:28:45 PM  19748076  17216092     46.58    200936  13486360   3322772      8.07
05:28:47 PM  19756272  17207896     46.55    200936  13486372   3310620      8.04
05:28:49 PM  19752080  17212088     46.56    200936  13486372   3317264      8.06
05:28:51 PM  19757612  17206556     46.55    200936  13486380   3310100      8.04
05:28:53 PM  19756632  17207536     46.55    200936  13486396   3310940      8.04
05:28:55 PM  19757452  17206716     46.55    200936  13486408   3310528      8.04
05:28:57 PM  19758096  17206072     46.55    200936  13486412   3326568      8.08
05:28:59 PM  19759176  17204992     46.55    200936  13486416   3311492      8.05
05:29:01 PM  19755504  17208664     46.55    200936  13486420   3315292      8.05
05:29:03 PM  19757136  17207032     46.55    200936  13486428   3310704      8.04
05:29:05 PM  19759340  17204828     46.54    200936  13486436   3310524      8.04
05:29:07 PM  19758912  17205256     46.55    200936  13486452   3310468      8.04
05:29:09 PM  19759588  17204580     46.54    200936  13486452   3310176      8.04
05:29:11 PM  19759220  17204948     46.54    200936  13486460   3310476      8.04
05:29:13 PM  19758480  17205688     46.55    200936  13486460   3310180      8.04
05:29:15 PM  19757616  17206552     46.55    200936  13486468   3310184      8.04
05:29:17 PM  19758504  17205664     46.55    200936  13486468   3326576      8.08
05:29:19 PM  19759068  17205100     46.55    200936  13486484   3310236      8.04
05:29:21 PM  19759256  17204912     46.54    200936  13486496   3311712      8.05
05:29:23 PM  19760392  17203776     46.54    200936  13486500   3310420      8.04
05:29:25 PM  19760284  17203884     46.54    200936  13486512   3310192      8.04
05:29:27 PM  19754492  17209676     46.56    200936  13486516   3318200      8.06
05:29:29 PM  19741384  17222784     46.59    200936  13486528   3332116      8.10
05:29:31 PM  19752056  17212112     46.56    200936  13486540   3318308      8.06
05:29:33 PM  19744744  17219424     46.58    200936  13486548   3326272      8.08
05:29:35 PM  19747936  17216232     46.58    200936  13486556   3322416      8.07
05:29:37 PM  19755956  17208212     46.55    200936  13486564   3310712      8.04
05:29:39 PM  19755240  17208928     46.56    200936  13486568   3310340      8.04
05:29:41 PM  19751968  17212200     46.56    200936  13486576   3318700      8.06
05:29:43 PM  19756960  17207208     46.55    200936  13486584   3310528      8.04
05:29:45 PM  19746860  17217308     46.58    200936  13486600   3323412      8.07
05:29:47 PM  19753572  17210596     46.56    200936  13486604   3310628      8.04
05:29:49 PM  19750056  17214112     46.57    200936  13486612   3317632      8.06
05:29:51 PM  19754660  17209508     46.56    200936  13486616   3310076      8.04
05:29:53 PM  19757308  17206860     46.55    200936  13486628   3310612      8.04
05:29:55 PM  19757740  17206428     46.55    200936  13486632   3310076      8.04
05:29:57 PM  19757832  17206336     46.55    200936  13486640   3310400      8.04
05:29:59 PM  19758960  17205208     46.55    200936  13486644   3310264      8.04
05:30:01 PM  19754608  17209560     46.56    200936  13486648   3315824      8.06
05:30:03 PM  19757668  17206500     46.55    200936  13486664   3311124      8.04
05:30:05 PM  19757528  17206640     46.55    200936  13486676   3310668      8.04
05:30:07 PM  19759332  17204836     46.54    200936  13486688   3310124      8.04
05:30:09 PM  19759868  17204300     46.54    200936  13486700   3309564      8.04
05:30:11 PM  19757992  17206176     46.55    200936  13486704   3309704      8.04
05:30:13 PM  19758156  17206012     46.55    200936  13486712   3310084      8.04
05:30:15 PM  19757652  17206516     46.55    200936  13486712   3310184      8.04
05:30:17 PM  19757376  17206792     46.55    200936  13486716   3310324      8.04
05:30:19 PM  19758244  17205924     46.55    200936  13486720   3310236      8.04
05:30:21 PM  19758712  17205456     46.55    200936  13486736   3311904      8.05
05:30:23 PM  19760600  17203568     46.54    200936  13486736   3310260      8.04
05:30:25 PM  19759576  17204592     46.54    200936  13486756   3310080      8.04
05:30:27 PM  19759436  17204732     46.54    200936  13486756   3310196      8.04
05:30:29 PM  19738728  17225440     46.60    200936  13486772   3332208      8.10
05:30:31 PM  19749384  17214784     46.57    200936  13486776   3318376      8.06
05:30:33 PM  19741056  17223112     46.59    200936  13486788   3328180      8.09
05:30:35 PM  19744348  17219820     46.59    200936  13486796   3323292      8.07
05:30:37 PM  19754640  17209528     46.56    200936  13486800   3310580      8.04
05:30:39 PM  19753656  17210512     46.56    200936  13486812   3310696      8.04
05:30:41 PM  19749592  17214576     46.57    200936  13486816   3318684      8.06
05:30:43 PM  19754692  17209476     46.56    200936  13486824   3309860      8.04
05:30:45 PM  19746660  17217508     46.58    200936  13486836   3322688      8.07
05:30:47 PM  19754184  17209984     46.56    200936  13486844   3310864      8.04
05:30:49 PM  19748380  17215788     46.57    200936  13486848   3319516      8.07
05:30:51 PM  19756572  17207596     46.55    200936  13486856   3310920      8.04
05:30:53 PM  19754744  17209424     46.56    200936  13486868   3311316      8.05
05:30:55 PM  19755820  17208348     46.55    200936  13486876   3310388      8.04
05:30:57 PM  19757176  17206992     46.55    200936  13486884   3309840      8.04
05:30:59 PM  19756688  17207480     46.55    200936  13486896   3309948      8.04
05:31:01 PM  19754928  17209240     46.56    200936  13486900   3315872      8.06
05:31:03 PM  19758560  17205608     46.55    200936  13486916   3309856      8.04
05:31:05 PM  19757480  17206688     46.55    200936  13486928   3310200      8.04
05:31:07 PM  19757996  17206172     46.55    200936  13486936   3310128      8.04
05:31:09 PM  19759220  17204948     46.54    200936  13486944   3309680      8.04
05:31:11 PM  19758960  17205208     46.55    200936  13486948   3309852      8.04
05:31:13 PM  19758504  17205664     46.55    200936  13486952   3310332      8.04
05:31:15 PM  19759876  17204292     46.54    200936  13486956   3310340      8.04
05:31:17 PM  19760364  17203804     46.54    200936  13486964   3311100      8.04
05:31:19 PM  19760764  17203404     46.54    200936  13486972   3311544      8.05
05:31:21 PM  19760004  17204164     46.54    200936  13486988   3310892      8.04
05:31:23 PM  19761204  17202964     46.54    200936  13486996   3310160      8.04
05:31:25 PM  19760184  17203984     46.54    200936  13486996   3310048      8.04
05:31:27 PM  19761084  17203084     46.54    200936  13487004   3309912      8.04
05:31:29 PM  19739632  17224536     46.60    200936  13487016   3333520      8.10
05:31:31 PM  19752928  17211240     46.56    200936  13487024   3318400      8.06
05:31:33 PM  19743524  17220644     46.59    200936  13487032   3328096      8.09
05:31:35 PM  19747092  17217076     46.58    200936  13487040   3322980      8.07
05:31:37 PM  19755680  17208488     46.55    200936  13487044   3310048      8.04
05:31:39 PM  19754536  17209632     46.56    200936  13487048   3310968      8.04
05:31:41 PM  19751992  17212176     46.56    200936  13487056   3316936      8.06
05:31:43 PM  19757092  17207076     46.55    200936  13487064   3309840      8.04
05:31:45 PM  19746132  17218036     46.58    200936  13487076   3322804      8.07
05:31:47 PM  19755160  17209008     46.56    200936  13487084   3310392      8.04
05:31:49 PM  19749664  17214504     46.57    200936  13487088   3317476      8.06
05:31:51 PM  19755244  17208924     46.56    200936  13487096   3310248      8.04
05:31:53 PM  19754548  17209620     46.56    200936  13487104   3310992      8.04
05:31:55 PM  19755512  17208656     46.55    200936  13487112   3309944      8.04
05:31:57 PM  19756872  17207296     46.55    200936  13487120   3310592      8.04
05:31:59 PM  19756896  17207272     46.55    200936  13487124   3311508      8.05
05:32:01 PM  19754324  17209844     46.56    200936  13487128   3314840      8.05
05:32:03 PM  19758848  17205320     46.55    200936  13487132   3310420      8.04
05:32:05 PM  19758864  17205304     46.55    200936  13487140   3310168      8.04
05:32:07 PM  19759060  17205108     46.55    200936  13487144   3310028      8.04
05:32:09 PM  19758868  17205300     46.55    200936  13487156   3309832      8.04
05:32:11 PM  19759724  17204444     46.54    200936  13487156   3310136      8.04
05:32:13 PM  19759964  17204204     46.54    200936  13487164   3310492      8.04
05:32:15 PM  19759536  17204632     46.54    200936  13487164   3310676      8.04
05:32:17 PM  19758732  17205436     46.55    200936  13487172   3310952      8.04
05:32:19 PM  19759256  17204912     46.54    200936  13487180   3311736      8.05
05:32:21 PM  19760416  17203752     46.54    200936  13487184   3310452      8.04
05:32:23 PM  19759480  17204688     46.54    200936  13487192   3309736      8.04
05:32:25 PM  19760532  17203636     46.54    200936  13487204   3309928      8.04
05:32:27 PM  19759320  17204848     46.54    200936  13487208   3310004      8.04
05:32:29 PM  19740600  17223568     46.60    200936  13487220   3332668      8.10
05:32:31 PM  19751816  17212352     46.56    200936  13487228   3318256      8.06
05:32:33 PM  19747728  17216440     46.58    200936  13487244   3320204      8.07
05:32:35 PM  19745552  17218616     46.58    200936  13487256   3322372      8.07
05:32:37 PM  19754320  17209848     46.56    200936  13487268   3310264      8.04
05:32:39 PM  19754032  17210136     46.56    200936  13487268   3311384      8.05
05:32:41 PM  19749964  17214204     46.57    200936  13487284   3318156      8.06
05:32:43 PM  19756180  17207988     46.55    200936  13487296   3310152      8.04
05:32:45 PM  19745200  17218968     46.58    200936  13487296   3322788      8.07
05:32:47 PM  19754132  17210036     46.56    200936  13487308   3310336      8.04
05:32:49 PM  19746848  17217320     46.58    200940  13487316   3318668      8.06
05:32:51 PM  19754716  17209452     46.56    200940  13487324   3310864      8.04
05:32:53 PM  19754804  17209364     46.56    200940  13487336   3310976      8.04
05:32:55 PM  19755456  17208712     46.56    200940  13487336   3310532      8.04
05:32:57 PM  19754932  17209236     46.56    200940  13487344   3310076      8.04
05:32:59 PM  19754096  17210072     46.56    200940  13487348   3311368      8.05
05:33:01 PM  19754604  17209564     46.56    200940  13487356   3315252      8.05
05:33:03 PM  19756372  17207796     46.55    200940  13487356   3310108      8.04
05:33:05 PM  19757604  17206564     46.55    200940  13487376   3310104      8.04
05:33:07 PM  19758092  17206076     46.55    200940  13487380   3310936      8.04
05:33:09 PM  19757380  17206788     46.55    200940  13487384   3310464      8.04
05:33:11 PM  19759008  17205160     46.55    200940  13487392   3310088      8.04
05:33:13 PM  19760248  17203920     46.54    200940  13487396   3310272      8.04
05:33:15 PM  19759564  17204604     46.54    200940  13487400   3310276      8.04
05:33:17 PM  19759756  17204412     46.54    200940  13487404   3309948      8.04
05:33:19 PM  19759212  17204956     46.54    200940  13487412   3311228      8.05
05:33:21 PM  19761056  17203112     46.54    200940  13487416   3309496      8.04
05:33:23 PM  19759880  17204288     46.54    200940  13487424   3309664      8.04
05:33:25 PM  19760360  17203808     46.54    200940  13487432   3310012      8.04
05:33:27 PM  19760084  17204084     46.54    200940  13487440   3310180      8.04
05:33:29 PM  19738336  17225832     46.60    200940  13487448   3334776      8.10
05:33:31 PM  19749376  17214792     46.57    200940  13487460   3318028      8.06
05:33:33 PM  19748852  17215316     46.57    200940  13487472   3319996      8.07
05:33:35 PM  19746720  17217448     46.58    200940  13487476   3323256      8.07
05:33:37 PM  19755580  17208588     46.55    200940  13487484   3310116      8.04
05:33:39 PM  19755380  17208788     46.56    200940  13487484   3311192      8.04
05:33:41 PM  19749956  17214212     46.57    200940  13487492   3317480      8.06
05:33:43 PM  19757576  17206592     46.55    200940  13487504   3310272      8.04
05:33:45 PM  19745500  17218668     46.58    200940  13487512   3322564      8.07
05:33:47 PM  19752948  17211220     46.56    200940  13487524   3310340      8.04
05:33:49 PM  19746640  17217528     46.58    200940  13487532   3318976      8.06
05:33:51 PM  19753008  17211160     46.56    200940  13487544   3310512      8.04
05:33:53 PM  19754460  17209708     46.56    200940  13487548   3310308      8.04
05:33:55 PM  19756244  17207924     46.55    200940  13487560   3310092      8.04
05:33:57 PM  19757100  17207068     46.55    200940  13487564   3310276      8.04
05:33:59 PM  19757428  17206740     46.55    200940  13487572   3311748      8.05
05:34:01 PM  19752484  17211684     46.56    200940  13487580   3317044      8.06
05:34:03 PM  19757616  17206552     46.55    200940  13487588   3309856      8.04
05:34:05 PM  19757980  17206188     46.55    200940  13487592   3309864      8.04
05:34:07 PM  19758612  17205556     46.55    200940  13487600   3310180      8.04
05:34:09 PM  19758428  17205740     46.55    200940  13487604   3310472      8.04
05:34:11 PM  19757724  17206444     46.55    200940  13487612   3310292      8.04
05:34:13 PM  19758364  17205804     46.55    200940  13487612   3310592      8.04
05:34:15 PM  19758968  17205200     46.55    200940  13487620   3310824      8.04
05:34:17 PM  19758692  17205476     46.55    200940  13487624   3309848      8.04
05:34:19 PM  19758512  17205656     46.55    200940  13487636   3310924      8.04
05:34:21 PM  19759124  17205044     46.55    200940  13487644   3309752      8.04
05:34:23 PM  19758376  17205792     46.55    200940  13487656   3309828      8.04
05:34:25 PM  19760424  17203744     46.54    200940  13487664   3310292      8.04
05:34:27 PM  19759692  17204476     46.54    200940  13487668   3310112      8.04
05:34:29 PM  19737672  17226496     46.60    200940  13487684   3332984      8.10
05:34:31 PM  19751832  17212336     46.56    200940  13487692   3318172      8.06
05:34:33 PM  19749400  17214768     46.57    200940  13487696   3320588      8.07
05:34:35 PM  19746332  17217836     46.58    200940  13487704   3322656      8.07
05:34:37 PM  19754864  17209304     46.56    200940  13487708   3311204      8.05
05:34:39 PM  19755176  17208992     46.56    200940  13487720   3309988      8.04
05:34:41 PM  19756748  17207420     46.55    200940  13487732   3310176      8.04
05:34:43 PM  19756580  17207588     46.55    200940  13487740   3310456      8.04
05:34:45 PM  19745492  17218676     46.58    200940  13487748   3322840      8.07
05:34:47 PM  19753368  17210800     46.56    200940  13487756   3310492      8.04
05:34:49 PM  19752484  17211684     46.56    200940  13487760   3310740      8.04
05:34:51 PM  19752284  17211884     46.56    200940  13487768   3310592      8.04
05:34:53 PM  19752176  17211992     46.56    200944  13487772   3327184      8.08
05:34:55 PM  19753808  17210360     46.56    200944  13487780   3310612      8.04
05:34:57 PM  19753824  17210344     46.56    200944  13487788   3311512      8.05
05:34:59 PM  19754236  17209932     46.56    200944  13487792   3309948      8.04
05:35:01 PM  19748964  17215204     46.57    200944  13487796   3318104      8.06
05:35:03 PM  19755220  17208948     46.56    200944  13487808   3310256      8.04
05:35:05 PM  19755384  17208784     46.56    200944  13487824   3310256      8.04
05:35:07 PM  19755308  17208860     46.56    200944  13487832   3310256      8.04
05:35:09 PM  19756504  17207664     46.55    200944  13487832   3310256      8.04
05:35:11 PM  19757916  17206252     46.55    200944  13487836   3310256      8.04
05:35:13 PM  19757932  17206236     46.55    200944  13487844   3310256      8.04
05:35:15 PM  19757548  17206620     46.55    200944  13487848   3314120      8.05
05:35:17 PM  19757648  17206520     46.55    200944  13487860   3313992      8.05
05:35:19 PM  19759636  17204532     46.54    200944  13487864   3310212      8.04
05:35:21 PM  19759916  17204252     46.54    200944  13487864   3310212      8.04
05:35:23 PM  19761184  17202984     46.54    200944  13487864   3310520      8.04
05:35:25 PM  19761260  17202908     46.54    200944  13487872   3310328      8.04
