Linux 2.6.32-431.3.1.el6.x86_64 (mule-perflab02.managed.contegix.com) 	03/20/2014 	_x86_64_	(24 CPU)

05:17:43 PM  pgpgin/s pgpgout/s   fault/s  majflt/s  pgfree/s pgscank/s pgscand/s pgsteal/s    %vmeff
05:17:45 PM      0.00      0.00  23728.21      0.00  12195.90      0.00      0.00      0.00      0.00
05:17:47 PM      0.00      0.00   6437.56      0.00  12250.25      0.00      0.00      0.00      0.00
05:17:49 PM      0.00     39.38   3958.03      0.00  10713.47      0.00      0.00      0.00      0.00
05:17:51 PM      0.00      0.00   4789.34      0.00  11237.06      0.00      0.00      0.00      0.00
05:17:53 PM      0.00      0.00   3506.09      0.00  12681.73      0.00      0.00      0.00      0.00
05:17:55 PM      0.00     12.00   2632.50      0.00  11352.50      0.00      0.00      0.00      0.00
05:17:57 PM      0.00      0.00   1872.22      0.00  10597.98      0.00      0.00      0.00      0.00
05:17:59 PM      0.00     30.15   2339.70      0.00  10272.36      0.00      0.00      0.00      0.00
05:18:01 PM      0.00      0.00   1793.47      0.00  10347.24      0.00      0.00      0.00      0.00
05:18:03 PM      0.00      2.00   2750.00      0.00  11079.50      0.00      0.00      0.00      0.00
05:18:05 PM      0.00     20.10   1860.80      0.00  10585.93      0.00      0.00      0.00      0.00
05:18:07 PM      0.00      0.00   1841.50      0.00  10492.50      0.00      0.00      0.00      0.00
05:18:09 PM      0.00     26.26   1887.37      0.00  10658.08      0.00      0.00      0.00      0.00
05:18:11 PM      0.00      0.00   1873.87      0.00  10592.96      0.00      0.00      0.00      0.00
05:18:13 PM      0.00     69.04   1885.79      0.00  10689.85      0.00      0.00      0.00      0.00
05:18:15 PM      0.00     16.08   1862.31      0.00  10596.48      0.00      0.00      0.00      0.00
05:18:17 PM      0.00      0.00   1865.48      0.00  10635.53      0.00      0.00      0.00      0.00
05:18:19 PM      0.00     84.85   1868.18      0.00  10706.57      0.00      0.00      0.00      0.00
05:18:21 PM      0.00      0.00   1778.17      0.00  10247.72      0.00      0.00      0.00      0.00
05:18:23 PM      0.00      0.00   1175.00      0.00  10395.00      0.00      0.00      0.00      0.00
05:18:25 PM      0.00     46.23   1849.75      0.00  10529.65      0.00      0.00      0.00      0.00
05:18:27 PM      0.00      0.00   2847.98      0.00  10638.38      0.00      0.00      0.00      0.00
05:18:29 PM      0.00     58.00   5981.50      0.00  11536.50      0.00      0.00      0.00      0.00
05:18:31 PM      0.00      0.00  13120.71      0.00  17682.32      0.00      0.00      0.00      0.00
05:18:33 PM      0.00      0.00   3832.65      0.00  12523.47      0.00      0.00      0.00      0.00
05:18:35 PM      0.00     46.94   9543.37      0.00  13692.35      0.00      0.00      0.00      0.00
05:18:37 PM      0.00      0.00   5389.74      0.00  13222.56      0.00      0.00      0.00      0.00
05:18:39 PM      0.00     57.14   3128.06      0.00  10882.14      0.00      0.00      0.00      0.00
05:18:41 PM      0.00      0.00   1835.03      0.00  11904.06      0.00      0.00      0.00      0.00
05:18:43 PM      0.00     16.00   3106.00      0.00  11651.50      0.00      0.00      0.00      0.00
05:18:45 PM      0.00     48.24   9215.58      0.00  13136.68      0.00      0.00      0.00      0.00
05:18:47 PM      0.00      0.00   3997.98      0.00  12225.25      0.00      0.00      0.00      0.00
05:18:49 PM      0.00    104.52   3567.34      0.00  12287.44      0.00      0.00      0.00      0.00
05:18:51 PM      0.00      0.00   4726.77      0.00  12014.65      0.00      0.00      0.00      0.00
05:18:53 PM      0.00      0.00   3489.34      0.00  11626.40      0.00      0.00      0.00      0.00
05:18:55 PM      0.00     48.98   2690.31      0.00  11672.96      0.00      0.00      0.00      0.00
05:18:57 PM      0.00      0.00   1761.62      0.00  10461.11      0.00      0.00      0.00      0.00
05:18:59 PM      0.00      6.03   1222.61      0.00  10319.10      0.00      0.00      0.00      0.00
05:19:01 PM      0.00     54.82   1902.03      0.00  10758.88      0.00      0.00      0.00      0.00
05:19:03 PM      0.00      0.00   3435.00      0.00  11606.50      0.00      0.00      0.00      0.00
05:19:05 PM      0.00     44.44   1858.59      0.00  10568.18      0.00      0.00      0.00      0.00
05:19:07 PM      0.00      0.00   1860.30      0.00  10555.28      0.00      0.00      0.00      0.00
05:19:09 PM      0.00     10.05   1874.87      0.00  10816.08      0.00      0.00      0.00      0.00
05:19:11 PM      0.00     36.18   1856.78      0.00  10630.65      0.00      0.00      0.00      0.00
05:19:13 PM      0.00     16.08   1857.29      0.00  10671.36      0.00      0.00      0.00      0.00
05:19:15 PM      0.00     38.19   1865.33      0.00  10483.42      0.00      0.00      0.00      0.00
05:19:17 PM      0.00      0.00   1698.99      0.00  10209.55      0.00      0.00      0.00      0.00
05:19:19 PM      0.00     30.15   1201.51      0.00  10403.02      0.00      0.00      0.00      0.00
05:19:21 PM      0.00     48.73   1891.88      0.00  10681.22      0.00      0.00      0.00      0.00
05:19:23 PM      0.00     44.67   1880.71      0.00  10712.69      0.00      0.00      0.00      0.00
05:19:25 PM      0.00     55.38   1912.31      0.00  11187.18      0.00      0.00      0.00      0.00
05:19:27 PM      0.00      0.00   2915.38      0.00  10928.21      0.00      0.00      0.00      0.00
05:19:29 PM      0.00      6.09   7453.81      0.00  12325.38      0.00      0.00      0.00      0.00
05:19:31 PM      0.00     51.02  12577.55      0.00  17657.65      0.00      0.00      0.00      0.00
05:19:33 PM      0.00      0.00   4187.44      0.00  11630.15      0.00      0.00      0.00      0.00
05:19:35 PM      0.00      0.00   8970.35      0.00  13106.03      0.00      0.00      0.00      0.00
05:19:37 PM      0.00     42.42   4659.09      0.00  12429.29      0.00      0.00      0.00      0.00
05:19:39 PM      0.00      8.08   3215.66      0.00  11088.89      0.00      0.00      0.00      0.00
05:19:41 PM      0.00     42.00   3025.50      0.00  11729.00      0.00      0.00      0.00      0.00
05:19:43 PM      0.00     16.00   2606.00      0.00  11654.00      0.00      0.00      0.00      0.00
05:19:45 PM      0.00      0.00   9265.33      0.00  13096.98      0.00      0.00      0.00      0.00
05:19:47 PM      0.00     44.67   3964.47      0.00  12520.81      0.00      0.00      0.00      0.00
05:19:49 PM      0.00     28.14   3760.30      0.00  11996.98      0.00      0.00      0.00      0.00
05:19:51 PM      0.00     52.26   4567.84      0.00  11947.74      0.00      0.00      0.00      0.00
05:19:53 PM      0.00     12.18   4299.49      0.00  12756.85      0.00      0.00      0.00      0.00
05:19:55 PM      0.00      0.00   1777.44      0.00  10607.69      0.00      0.00      0.00      0.00
05:19:57 PM      0.00     48.73   1189.85      0.00  10479.70      0.00      0.00      0.00      0.00
05:19:59 PM      0.00     30.77   1917.44      0.00  10802.05      0.00      0.00      0.00      0.00
05:20:01 PM      0.00     62.94   1882.23      0.00  10536.04      0.00      0.00      0.00      0.00
05:20:03 PM      0.00     52.00   4127.00      0.00  11694.50      0.00      0.00      0.00      0.00
05:20:05 PM      0.00      0.00   1861.62      0.00  10584.85      0.00      0.00      0.00      0.00
05:20:07 PM      0.00     52.26   1888.94      0.00  10331.16      0.00      0.00      0.00      0.00
05:20:09 PM      0.00      8.08   1885.86      0.00  10444.44      0.00      0.00      0.00      0.00
05:20:11 PM      0.00      0.00   2180.30      0.00  10118.18      0.00      0.00      0.00      0.00
05:20:13 PM      0.00     73.85   1905.64      0.00  10482.05      0.00      0.00      0.00      0.00
05:20:15 PM      0.00      0.00   1814.58      0.00  10620.31      0.00      0.00      0.00      0.00
05:20:17 PM      0.00     46.70   1178.68      0.00   9951.27      0.00      0.00      0.00      0.00
05:20:19 PM      0.00     28.72   1906.67      0.00  10545.13      0.00      0.00      0.00      0.00
05:20:21 PM      0.00      0.00   1905.61      0.00  10460.20      0.00      0.00      0.00      0.00
05:20:23 PM      0.00     56.28   1859.80      0.00  10410.55      0.00      0.00      0.00      0.00
05:20:25 PM      0.00      0.00   1862.81      0.00  10330.65      0.00      0.00      0.00      0.00
05:20:27 PM      0.00     40.40   3166.16      0.00  10484.85      0.00      0.00      0.00      0.00
05:20:29 PM      0.00     20.00   6728.50      0.00  11395.50      0.00      0.00      0.00      0.00
05:20:31 PM      0.00      0.00  12073.23      0.00  17410.61      0.00      0.00      0.00      0.00
05:20:33 PM      0.00    109.28   4561.34      0.00  11665.46      0.00      0.00      0.00      0.00
05:20:35 PM      0.00      0.00   8114.43      0.00  12817.01      0.00      0.00      0.00      0.00
05:20:37 PM      0.00     48.73   5363.45      0.00  12830.46      0.00      0.00      0.00      0.00
05:20:39 PM      0.00     10.26   3292.82      0.00  10748.21      0.00      0.00      0.00      0.00
05:20:41 PM      0.00      0.00   3149.23      0.00  11554.87      0.00      0.00      0.00      0.00
05:20:43 PM      0.00    242.42   2536.87      0.00  11206.57      0.00      0.00      0.00      0.00
05:20:45 PM      0.00      0.00   9223.12      0.00  12479.40      0.00      0.00      0.00      0.00
05:20:47 PM      0.00      0.00   4040.10      0.00  11839.09      0.00      0.00      0.00      0.00
05:20:49 PM      0.00     80.81   3753.54      0.00  11256.06      0.00      0.00      0.00      0.00
05:20:51 PM      0.00      0.00   4474.24      0.00  11265.66      0.00      0.00      0.00      0.00
05:20:53 PM      0.00     61.54   3703.59      0.00  11385.13      0.00      0.00      0.00      0.00
05:20:55 PM      0.00      0.00   1731.28      0.00  11029.74      0.00      0.00      0.00      0.00
05:20:57 PM      0.00      0.00   1903.61      0.00  10550.00      0.00      0.00      0.00      0.00
05:20:59 PM      0.00     63.92   1907.22      0.00  10521.65      0.00      0.00      0.00      0.00
05:21:01 PM      0.00      0.00   1942.05      0.00  10584.62      0.00      0.00      0.00      0.00
05:21:03 PM      0.00     56.85   3487.31      0.00  11450.25      0.00      0.00      0.00      0.00
05:21:05 PM      0.00      0.00   1875.88      0.00  10331.16      0.00      0.00      0.00      0.00
05:21:07 PM      0.00      0.00   1873.23      0.00  10334.34      0.00      0.00      0.00      0.00
05:21:09 PM      0.00     91.37   1889.85      0.00  10379.19      0.00      0.00      0.00      0.00
05:21:11 PM      0.00      0.00   1918.46      0.00  10556.41      0.00      0.00      0.00      0.00
05:21:13 PM      0.00     57.14   1759.69      0.00  10196.94      0.00      0.00      0.00      0.00
05:21:15 PM      0.00      0.00   1199.49      0.00  10129.74      0.00      0.00      0.00      0.00
05:21:17 PM      0.00      0.00   1948.19      0.00  10066.32      0.00      0.00      0.00      0.00
05:21:19 PM      0.00     76.68   1917.10      0.00   9965.80      0.00      0.00      0.00      0.00
05:21:21 PM      0.00      0.00   1932.47      0.00  10014.95      0.00      0.00      0.00      0.00
05:21:23 PM      0.00     52.79   1871.57      0.00   9838.07      0.00      0.00      0.00      0.00
05:21:25 PM      0.00      0.00   1872.73      0.00   9861.11      0.00      0.00      0.00      0.00
05:21:27 PM      0.00      0.00   3189.95      0.00   9822.61      0.00      0.00      0.00      0.00
05:21:29 PM      0.00     64.65   7958.08      0.00  11241.92      0.00      0.00      0.00      0.00
05:21:31 PM      0.00      0.00  11583.33      0.00  16514.14      0.00      0.00      0.00      0.00
05:21:33 PM      0.00     53.89   4546.63      0.00  11071.50      0.00      0.00      0.00      0.00
05:21:35 PM      0.00      0.00   8355.50      0.00  12645.55      0.00      0.00      0.00      0.00
05:21:37 PM      0.00      0.00   5462.18      0.00  12085.49      0.00      0.00      0.00      0.00
05:21:39 PM      0.00     67.02   3421.47      0.00  10321.99      0.00      0.00      0.00      0.00
05:21:41 PM      0.00      0.00   3075.77      0.00  11130.93      0.00      0.00      0.00      0.00
05:21:43 PM      0.00     94.95   2581.82      0.00  10735.35      0.00      0.00      0.00      0.00
05:21:45 PM      0.00      0.00   9327.41      0.00  12135.03      0.00      0.00      0.00      0.00
05:21:47 PM      0.00      0.00   4062.63      0.00  11248.99      0.00      0.00      0.00      0.00
05:21:49 PM      0.00     80.81   3839.90      0.00  10730.30      0.00      0.00      0.00      0.00
05:21:51 PM      0.00      0.00   4620.41      0.00  11014.29      0.00      0.00      0.00      0.00
05:21:53 PM      0.00      2.08   4221.88      0.00  11971.35      0.00      0.00      0.00      0.00
05:21:55 PM      0.00     53.61   1778.35      0.00   9869.07      0.00      0.00      0.00      0.00
05:21:57 PM      0.00      0.00   1241.88      0.00   9817.28      0.00      0.00      0.00      0.00
05:21:59 PM      0.00     64.58   1923.96      0.00   9936.98      0.00      0.00      0.00      0.00
05:22:01 PM      0.00      0.00   1940.41      0.00  10142.49      0.00      0.00      0.00      0.00
05:22:03 PM      0.00      4.02   3465.33      0.00  10703.02      0.00      0.00      0.00      0.00
05:22:05 PM      0.00     42.42   1867.17      0.00   9796.46      0.00      0.00      0.00      0.00
05:22:07 PM      0.00      0.00   1894.39      0.00   9865.31      0.00      0.00      0.00      0.00
05:22:09 PM      0.00     54.82   1898.48      0.00   9884.77      0.00      0.00      0.00      0.00
05:22:11 PM      0.00      0.00   1897.46      0.00   9850.25      0.00      0.00      0.00      0.00
05:22:13 PM      0.00     20.73   1797.93      0.00   9938.34      0.00      0.00      0.00      0.00
05:22:15 PM      0.00     49.74   1211.40      0.00   9638.86      0.00      0.00      0.00      0.00
05:22:17 PM      0.00      0.00   1910.26      0.00   9949.23      0.00      0.00      0.00      0.00
05:22:19 PM      0.00    109.28   1910.82      0.00  10047.42      0.00      0.00      0.00      0.00
05:22:21 PM      0.00      0.00   1917.44      0.00  10083.59      0.00      0.00      0.00      0.00
05:22:23 PM      0.00      2.03   1875.13      0.00  10143.65      0.00      0.00      0.00      0.00
05:22:25 PM      0.00     46.46   1941.41      0.00   9793.94      0.00      0.00      0.00      0.00
05:22:27 PM      0.00      0.00   3221.83      0.00   9431.98      0.00      0.00      0.00      0.00
05:22:29 PM      0.00      8.21   8049.23      0.00  11140.00      0.00      0.00      0.00      0.00
05:22:31 PM      0.00     52.26  10838.69      0.00  16150.25      0.00      0.00      0.00      0.00
05:22:33 PM      0.00      0.00   4556.02      0.00  10881.15      0.00      0.00      0.00      0.00
05:22:35 PM      0.00     47.92   9040.10      0.00  14076.04      0.00      0.00      0.00      0.00
05:22:37 PM      0.00      0.00   4754.92      0.00  11714.51      0.00      0.00      0.00      0.00
05:22:39 PM      0.00     18.56   3009.28      0.00   9421.65      0.00      0.00      0.00      0.00
05:22:41 PM      0.00     44.90   3087.24      0.00  10688.27      0.00      0.00      0.00      0.00
05:22:43 PM      0.00     22.22   2468.69      0.00  10279.80      0.00      0.00      0.00      0.00
05:22:45 PM      0.00     50.51   9289.90      0.00  12179.29      0.00      0.00      0.00      0.00
05:22:47 PM      0.00      0.00   4134.18      0.00  11030.61      0.00      0.00      0.00      0.00
05:22:49 PM      0.00     34.52   3570.05      0.00  10445.69      0.00      0.00      0.00      0.00
05:22:51 PM      0.00     48.98   4443.88      0.00  10534.69      0.00      0.00      0.00      0.00
05:22:53 PM      0.00     24.87   4161.66      0.00  11508.29      0.00      0.00      0.00      0.00
05:22:55 PM      0.00      0.00   1180.10      0.00   9241.88      0.00      0.00      0.00      0.00
05:22:57 PM      0.00     37.70   1873.30      0.00   9635.60      0.00      0.00      0.00      0.00
05:22:59 PM      0.00     10.42   1933.85      0.00   9697.92      0.00      0.00      0.00      0.00
05:23:01 PM      0.00     47.92   1936.98      0.00   9678.65      0.00      0.00      0.00      0.00
05:23:03 PM      0.00      2.00   3429.00      0.00  10328.50      0.00      0.00      0.00      0.00
05:23:05 PM      0.00      0.00   1888.78      0.00   9298.98      0.00      0.00      0.00      0.00
05:23:07 PM      0.00     46.23   1853.27      0.00   9436.18      0.00      0.00      0.00      0.00
05:23:09 PM      0.00      8.12   1897.46      0.00   9399.49      0.00      0.00      0.00      0.00
05:23:11 PM      0.00     32.49   1906.09      0.00   9613.71      0.00      0.00      0.00      0.00
05:23:13 PM      0.00     23.16   1953.68      0.00   9919.47      0.00      0.00      0.00      0.00
05:23:15 PM      0.00      0.00   1784.46      0.00   9459.59      0.00      0.00      0.00      0.00
05:23:17 PM      0.00     62.83   1216.75      0.00   9234.55      0.00      0.00      0.00      0.00
05:23:19 PM      0.00     33.68   1942.11      0.00   9911.58      0.00      0.00      0.00      0.00
05:23:21 PM      0.00     55.10   1897.96      0.00   9485.20      0.00      0.00      0.00      0.00
05:23:23 PM      0.00     10.10   1872.73      0.00   9480.30      0.00      0.00      0.00      0.00
05:23:25 PM      0.00      0.00   1859.80      0.00   9280.40      0.00      0.00      0.00      0.00
05:23:27 PM      0.00     48.24   3199.50      0.00   9590.95      0.00      0.00      0.00      0.00
05:23:29 PM      0.00     38.58   6726.40      0.00  11323.35      0.00      0.00      0.00      0.00
05:23:31 PM      0.00     57.44  13047.18      0.00  16191.79      0.00      0.00      0.00      0.00
05:23:33 PM      0.00      2.06   4739.69      0.00  10350.00      0.00      0.00      0.00      0.00
05:23:35 PM      0.00      0.00   8906.28      0.00  12190.58      0.00      0.00      0.00      0.00
05:23:37 PM      0.00     52.63   4865.79      0.00  11283.16      0.00      0.00      0.00      0.00
05:23:39 PM      0.00      8.38   3560.73      0.00   9644.50      0.00      0.00      0.00      0.00
05:23:41 PM      0.00      0.00   2996.92      0.00  10564.62      0.00      0.00      0.00      0.00
05:23:43 PM      0.00     58.88   2506.09      0.00  10253.81      0.00      0.00      0.00      0.00
05:23:45 PM      0.00      0.00   9286.36      0.00  11169.70      0.00      0.00      0.00      0.00
05:23:47 PM      0.00     46.94   4144.90      0.00  10750.51      0.00      0.00      0.00      0.00
05:23:49 PM      0.00     32.82   3868.21      0.00  10097.95      0.00      0.00      0.00      0.00
05:23:51 PM      0.00      0.00   4609.69      0.00  10354.59      0.00      0.00      0.00      0.00
05:23:53 PM      0.00     66.32   4170.98      0.00  11255.44      0.00      0.00      0.00      0.00
05:23:55 PM      0.00      0.00   1939.38      0.00   9332.12      0.00      0.00      0.00      0.00
05:23:57 PM      0.00     50.53   1447.89      0.00   8975.79      0.00      0.00      0.00      0.00
05:23:59 PM      0.00     18.65   1617.62      0.00   9438.86      0.00      0.00      0.00      0.00
05:24:01 PM      0.00      0.00   1935.75      0.00   9330.05      0.00      0.00      0.00      0.00
05:24:03 PM      0.00     90.91   3479.29      0.00   9998.99      0.00      0.00      0.00      0.00
05:24:05 PM      0.00      0.00   1877.16      0.00   8874.62      0.00      0.00      0.00      0.00
05:24:07 PM      0.00     40.61   1878.68      0.00   8956.85      0.00      0.00      0.00      0.00
05:24:09 PM      0.00      8.04   1887.44      0.00   8830.65      0.00      0.00      0.00      0.00
05:24:11 PM      0.00      0.00   1927.84      0.00   9270.10      0.00      0.00      0.00      0.00
05:24:13 PM      0.00     56.25   1929.69      0.00   9601.04      0.00      0.00      0.00      0.00
05:24:15 PM      0.00      0.00   1932.12      0.00   9192.75      0.00      0.00      0.00      0.00
05:24:17 PM      0.00     43.52   1788.08      0.00   8953.89      0.00      0.00      0.00      0.00
05:24:19 PM      0.00     35.42   1216.67      0.00   9061.46      0.00      0.00      0.00      0.00
05:24:21 PM      0.00      0.00   1940.41      0.00   9310.36      0.00      0.00      0.00      0.00
05:24:23 PM      0.00     62.63   1878.79      0.00   8951.01      0.00      0.00      0.00      0.00
05:24:25 PM      0.00      0.00   1880.20      0.00   8893.40      0.00      0.00      0.00      0.00
05:24:27 PM      0.00      0.00   3226.40      0.00   9127.92      0.00      0.00      0.00      0.00
05:24:29 PM      0.00     56.28   8658.79      0.00  10750.75      0.00      0.00      0.00      0.00
05:24:31 PM      0.00      0.00  10321.65      0.00  15846.91      0.00      0.00      0.00      0.00
05:24:33 PM      0.00     53.89   4692.75      0.00  10136.27      0.00      0.00      0.00      0.00
05:24:35 PM      0.00      0.00   8825.26      0.00  11572.68      0.00      0.00      0.00      0.00
05:24:37 PM      0.00      0.00   5582.54      0.00  10237.57      0.00      0.00      0.00      0.00
05:24:39 PM      0.00     87.05   3438.34      0.00   8853.37      0.00      0.00      0.00      0.00
05:24:41 PM      0.00      0.00   2419.17      0.00   8130.57      0.00      0.00      0.00      0.00
05:24:43 PM      0.00     59.49   2347.18      0.00   8687.18      0.00      0.00      0.00      0.00
05:24:45 PM      0.00      0.00   9420.00      0.00  10314.87      0.00      0.00      0.00      0.00
05:24:47 PM      0.00      0.00   4752.53      0.00   9944.44      0.00      0.00      0.00      0.00
05:24:49 PM      0.00     79.59   3177.55      0.00   8298.47      0.00      0.00      0.00      0.00
05:24:51 PM      0.00      0.00   4653.85      0.00   9821.03      0.00      0.00      0.00      0.00
05:24:53 PM      0.00     52.53   4001.52      0.00   8753.54      0.00      0.00      0.00      0.00
05:24:55 PM      0.00      0.00   1872.73      0.00   7850.51      0.00      0.00      0.00      0.00
05:24:57 PM      0.00      0.00   1899.49      0.00   8109.23      0.00      0.00      0.00      0.00
05:24:59 PM      0.00     68.69   1879.80      0.00   7705.05      0.00      0.00      0.00      0.00
05:25:01 PM      0.00      0.00   1758.08      0.00   7300.51      0.00      0.00      0.00      0.00
05:25:03 PM      0.00      4.02   2777.89      0.00   9050.75      0.00      0.00      0.00      0.00
05:25:05 PM      0.00     46.70   1883.25      0.00   8740.61      0.00      0.00      0.00      0.00
05:25:07 PM      0.00      0.00   1870.71      0.00   8158.08      0.00      0.00      0.00      0.00
05:25:09 PM      0.00     86.87   1891.41      0.00   7476.77      0.00      0.00      0.00      0.00
05:25:11 PM      0.00      0.00   1898.98      0.00   7859.18      0.00      0.00      0.00      0.00
05:25:13 PM      0.00     12.50   1922.92      0.00   8243.23      0.00      0.00      0.00      0.00
05:25:15 PM      0.00     54.74   1946.84      0.00   8048.95      0.00      0.00      0.00      0.00
05:25:17 PM      0.00      0.00   1918.13      0.00   7654.40      0.00      0.00      0.00      0.00
05:25:19 PM      0.00     71.20   1934.03      0.00   8176.44      0.00      0.00      0.00      0.00
05:25:21 PM      0.00      0.00   1832.98      0.00   8019.37      0.00      0.00      0.00      0.00
05:25:23 PM      0.00      6.09   1172.08      0.00   7882.23      0.00      0.00      0.00      0.00
05:25:25 PM      0.00     48.98   1871.43      0.00   7586.73      0.00      0.00      0.00      0.00
05:25:27 PM      0.00      0.00   3246.94      0.00   7438.27      0.00      0.00      0.00      0.00
05:25:29 PM      0.00     60.91   9460.91      0.00   8893.91      0.00      0.00      0.00      0.00
05:25:31 PM      0.00      0.00  10292.31      0.00  14121.54      0.00      0.00      0.00      0.00
05:25:33 PM      0.00      6.32   4823.16      0.00   8910.00      0.00      0.00      0.00      0.00
05:25:35 PM      0.00     58.95   9054.74      0.00  11144.74      0.00      0.00      0.00      0.00
05:25:37 PM      0.00      0.00   5534.90      0.00  10805.21      0.00      0.00      0.00      0.00
05:25:39 PM      0.00     58.33   3619.27      0.00   9568.23      0.00      0.00      0.00      0.00
05:25:41 PM      0.00      0.00   3078.24      0.00   7018.13      0.00      0.00      0.00      0.00
05:25:43 PM      0.00    242.42   2343.94      0.00   7292.42      0.00      0.00      0.00      0.00
05:25:45 PM      0.00     60.91   9214.21      0.00   8190.36      0.00      0.00      0.00      0.00
05:25:47 PM      0.00      0.00   4091.37      0.00   7619.29      0.00      0.00      0.00      0.00
05:25:49 PM      0.00     28.14   3205.53      0.00   5790.45      0.00      0.00      0.00      0.00
05:25:51 PM      0.00     55.38   4603.08      0.00   9840.51      0.00      0.00      0.00      0.00
05:25:53 PM      0.00      4.23   4188.36      0.00   7352.91      0.00      0.00      0.00      0.00
05:25:55 PM      0.00     46.32   1939.47      0.00   5586.32      0.00      0.00      0.00      0.00
05:25:57 PM      0.00      0.00   1936.13      0.00   6394.76      0.00      0.00      0.00      0.00
05:25:59 PM      0.00     12.44   1906.22      0.00   5733.16      0.00      0.00      0.00      0.00
05:26:01 PM      0.00     55.96   1929.53      0.00   6653.89      0.00      0.00      0.00      0.00
05:26:03 PM      0.00     10.10   3451.01      0.00   7144.44      0.00      0.00      0.00      0.00
05:26:05 PM      0.00      0.00   1873.74      0.00  10538.38      0.00      0.00      0.00      0.00
05:26:07 PM      0.00     60.00   1853.00      0.00  10023.50      0.00      0.00      0.00      0.00
05:26:09 PM      0.00     12.18   1779.70      0.00  10387.82      0.00      0.00      0.00      0.00
05:26:11 PM      0.00     42.64   1204.06      0.00  10685.79      0.00      0.00      0.00      0.00
05:26:13 PM      0.00     14.29   1897.45      0.00  10696.43      0.00      0.00      0.00      0.00
05:26:15 PM      0.00      0.00   1903.55      0.00  10635.03      0.00      0.00      0.00      0.00
05:26:17 PM      0.00     53.33   1907.18      0.00   9626.15      0.00      0.00      0.00      0.00
05:26:19 PM      0.00     66.67   1928.12      0.00   9656.77      0.00      0.00      0.00      0.00
05:26:21 PM      0.00      0.00   1938.86      0.00   8924.87      0.00      0.00      0.00      0.00
05:26:23 PM      0.00     60.30   1847.24      0.00   9042.71      0.00      0.00      0.00      0.00
05:26:25 PM      0.00      0.00   1855.56      0.00   8541.92      0.00      0.00      0.00      0.00
05:26:27 PM      0.00     46.00   3175.50      0.00  10797.00      0.00      0.00      0.00      0.00
05:26:29 PM      0.00     12.00   7728.00      0.00  11991.00      0.00      0.00      0.00      0.00
05:26:31 PM      0.00      0.00  10485.07      0.00  17332.34      0.00      0.00      0.00      0.00
05:26:33 PM      0.00     69.39   4631.63      0.00  12032.14      0.00      0.00      0.00      0.00
05:26:35 PM      0.00      0.00   8517.91      0.00  13355.22      0.00      0.00      0.00      0.00
05:26:37 PM      0.00     50.51   5316.16      0.00  13036.36      0.00      0.00      0.00      0.00
05:26:39 PM      0.00     12.06   3213.07      0.00  10574.37      0.00      0.00      0.00      0.00
05:26:41 PM      0.00      0.00   3169.85      0.00  11513.07      0.00      0.00      0.00      0.00
05:26:43 PM      0.00     63.27   2471.43      0.00  11673.98      0.00      0.00      0.00      0.00
05:26:45 PM      0.00      0.00   9267.68      0.00  12958.59      0.00      0.00      0.00      0.00
05:26:47 PM      0.00     57.14   3925.51      0.00  12286.22      0.00      0.00      0.00      0.00
05:26:49 PM      0.00     32.49   2934.52      0.00  11259.90      0.00      0.00      0.00      0.00
05:26:51 PM      0.00      0.00   4900.00      0.00  12510.15      0.00      0.00      0.00      0.00
05:26:53 PM      0.00     87.56   3928.36      0.00  11327.36      0.00      0.00      0.00      0.00
05:26:55 PM      0.00      0.00   1863.82      0.00  10652.26      0.00      0.00      0.00      0.00
05:26:57 PM      0.00     44.00   1841.00      0.00  10594.50      0.00      0.00      0.00      0.00
05:26:59 PM      0.00     10.10   1886.36      0.00  10632.32      0.00      0.00      0.00      0.00
05:27:01 PM      0.00      0.00   1886.80      0.00  10765.99      0.00      0.00      0.00      0.00
05:27:03 PM      0.00     48.48   3478.28      0.00  11685.35      0.00      0.00      0.00      0.00
05:27:05 PM      0.00      0.00   1906.22      0.00  10864.77      0.00      0.00      0.00      0.00
05:27:07 PM      0.00     41.24   1782.47      0.00  10531.96      0.00      0.00      0.00      0.00
05:27:09 PM      0.00     12.31   1211.28      0.00  10546.67      0.00      0.00      0.00      0.00
05:27:11 PM      0.00      0.00   1877.27      0.00  10655.56      0.00      0.00      0.00      0.00
05:27:13 PM      0.00     62.31   1861.31      0.00  10516.58      0.00      0.00      0.00      0.00
05:27:15 PM      0.00      0.00   1835.50      0.00  11050.00      0.00      0.00      0.00      0.00
05:27:17 PM      0.00      0.00   1863.64      0.00  10801.01      0.00      0.00      0.00      0.00
05:27:19 PM      0.00     78.79   1869.70      0.00  11106.06      0.00      0.00      0.00      0.00
05:27:21 PM      0.00      0.00   1878.79      0.00  10895.96      0.00      0.00      0.00      0.00
05:27:23 PM      0.00     57.44   1890.26      0.00  10753.85      0.00      0.00      0.00      0.00
05:27:25 PM      0.00      0.00   1761.42      0.00  10465.99      0.00      0.00      0.00      0.00
05:27:27 PM      0.00      0.00   2532.65      0.00  10576.02      0.00      0.00      0.00      0.00
05:27:29 PM      0.00     87.31   8033.50      0.00  12107.11      0.00      0.00      0.00      0.00
05:27:31 PM      0.00      0.00  11573.23      0.00  17329.29      0.00      0.00      0.00      0.00
05:27:33 PM      0.00     48.24   4623.12      0.00  11602.01      0.00      0.00      0.00      0.00
05:27:35 PM      0.00      0.00   8644.72      0.00  13175.88      0.00      0.00      0.00      0.00
05:27:37 PM      0.00      0.00   5257.29      0.00  12675.88      0.00      0.00      0.00      0.00
05:27:39 PM      0.00     58.59   3286.36      0.00  10736.87      0.00      0.00      0.00      0.00
05:27:41 PM      0.00      0.00   3128.79      0.00  11657.58      0.00      0.00      0.00      0.00
05:27:43 PM      0.00     68.39   2524.35      0.00  11762.18      0.00      0.00      0.00      0.00
05:27:45 PM      0.00      0.00   9205.58      0.00  12680.20      0.00      0.00      0.00      0.00
05:27:47 PM      0.00      0.00   3413.33      0.00  11897.95      0.00      0.00      0.00      0.00
05:27:49 PM      0.00     70.10   3660.82      0.00  12027.32      0.00      0.00      0.00      0.00
05:27:51 PM      0.00      0.00   4692.93      0.00  11852.53      0.00      0.00      0.00      0.00
05:27:53 PM      0.00     52.26   4221.11      0.00  12332.16      0.00      0.00      0.00      0.00
05:27:55 PM      0.00      0.00   1861.81      0.00  10703.02      0.00      0.00      0.00      0.00
05:27:57 PM      0.00      0.00   1870.05      0.00  10564.97      0.00      0.00      0.00      0.00
05:27:59 PM      0.00     56.57   1872.22      0.00  10812.63      0.00      0.00      0.00      0.00
05:28:01 PM      0.00      0.00   1904.06      0.00  10901.02      0.00      0.00      0.00      0.00
05:28:03 PM      0.00     69.39   3504.59      0.00  11845.41      0.00      0.00      0.00      0.00
05:28:05 PM      0.00      0.00   1756.63      0.00  10546.94      0.00      0.00      0.00      0.00
05:28:07 PM      0.00      0.00   1194.87      0.00  10405.64      0.00      0.00      0.00      0.00
05:28:09 PM      0.00     67.01   1893.40      0.00  10645.18      0.00      0.00      0.00      0.00
05:28:11 PM      0.00      0.00   1894.44      0.00  10580.30      0.00      0.00      0.00      0.00
05:28:13 PM      0.00     20.10   1865.33      0.00  10729.15      0.00      0.00      0.00      0.00
05:28:15 PM      0.00     52.53   1865.66      0.00  10753.03      0.00      0.00      0.00      0.00
05:28:17 PM      0.00      0.00   1853.27      0.00  10559.80      0.00      0.00      0.00      0.00
05:28:19 PM      0.00     81.59   1841.79      0.00  10510.45      0.00      0.00      0.00      0.00
05:28:21 PM      0.00      0.00   1916.92      0.00  10630.77      0.00      0.00      0.00      0.00
05:28:23 PM      0.00      2.05   1767.18      0.00  10652.31      0.00      0.00      0.00      0.00
05:28:25 PM      0.00     49.74   1198.96      0.00  10250.78      0.00      0.00      0.00      0.00
05:28:27 PM      0.00      0.00   3235.71      0.00  10705.61      0.00      0.00      0.00      0.00
05:28:29 PM      0.00     60.61   7674.75      0.00  11867.17      0.00      0.00      0.00      0.00
05:28:31 PM      0.00      0.00  11356.70      0.00  17727.84      0.00      0.00      0.00      0.00
05:28:33 PM      0.00      6.03   4542.21      0.00  11751.76      0.00      0.00      0.00      0.00
05:28:35 PM      0.00     42.42   8623.23      0.00  13712.63      0.00      0.00      0.00      0.00
05:28:37 PM      0.00      0.00   5281.59      0.00  12742.29      0.00      0.00      0.00      0.00
05:28:39 PM      0.00     98.49   3398.49      0.00  10752.26      0.00      0.00      0.00      0.00
05:28:41 PM      0.00      0.00   2996.45      0.00  11553.81      0.00      0.00      0.00      0.00
05:28:43 PM      0.00     20.62   2372.16      0.00  11490.21      0.00      0.00      0.00      0.00
05:28:45 PM      0.00     54.55   8569.70      0.00  12342.93      0.00      0.00      0.00      0.00
05:28:47 PM      0.00      0.00   4174.74      0.00  12143.30      0.00      0.00      0.00      0.00
05:28:49 PM      0.00     30.77   3732.82      0.00  11782.05      0.00      0.00      0.00      0.00
05:28:51 PM      0.00     52.79   4443.15      0.00  11679.19      0.00      0.00      0.00      0.00
05:28:53 PM      0.00      4.02   3859.30      0.00  12401.51      0.00      0.00      0.00      0.00
05:28:55 PM      0.00     52.26   1862.81      0.00  10714.57      0.00      0.00      0.00      0.00
05:28:57 PM      0.00      0.00   1874.75      0.00  10690.91      0.00      0.00      0.00      0.00
05:28:59 PM      0.00     12.31   1904.62      0.00  10846.15      0.00      0.00      0.00      0.00
05:29:01 PM      0.00     52.26   1754.27      0.00  10202.51      0.00      0.00      0.00      0.00
05:29:03 PM      0.00      2.05   2824.10      0.00  11461.54      0.00      0.00      0.00      0.00
05:29:05 PM      0.00     45.60   1912.44      0.00  10698.45      0.00      0.00      0.00      0.00
05:29:07 PM      0.00      0.00   1876.14      0.00  10509.14      0.00      0.00      0.00      0.00
05:29:09 PM      0.00     16.41   1826.15      0.00  10842.56      0.00      0.00      0.00      0.00
05:29:11 PM      0.00     44.90   1577.04      0.00  10602.04      0.00      0.00      0.00      0.00
05:29:13 PM      0.00     60.00   1846.00      0.00  10562.50      0.00      0.00      0.00      0.00
05:29:15 PM      0.00      0.00   1865.66      0.00  10737.88      0.00      0.00      0.00      0.00
05:29:17 PM      0.00     56.28   1849.25      0.00  10594.47      0.00      0.00      0.00      0.00
05:29:19 PM      0.00     32.00   1851.50      0.00  10702.50      0.00      0.00      0.00      0.00
05:29:21 PM      0.00     52.53   1752.02      0.00  10185.86      0.00      0.00      0.00      0.00
05:29:23 PM      0.00      6.12   1210.71      0.00  10494.90      0.00      0.00      0.00      0.00
05:29:25 PM      0.00      0.00   1877.66      0.00  10663.96      0.00      0.00      0.00      0.00
05:29:27 PM      0.00     57.44   3278.97      0.00  10905.13      0.00      0.00      0.00      0.00
05:29:29 PM      0.00     10.10   8202.02      0.00  12052.02      0.00      0.00      0.00      0.00
05:29:31 PM      0.00     57.14  11434.69      0.00  17508.67      0.00      0.00      0.00      0.00
05:29:33 PM      0.00      1.99   4571.64      0.00  11559.70      0.00      0.00      0.00      0.00
05:29:35 PM      0.00      0.00   8551.24      0.00  13061.19      0.00      0.00      0.00      0.00
05:29:37 PM      0.00     42.21   5343.22      0.00  13161.31      0.00      0.00      0.00      0.00
05:29:39 PM      0.00     14.00   3356.00      0.00  11961.00      0.00      0.00      0.00      0.00
05:29:41 PM      0.00     40.61   2370.56      0.00  10509.64      0.00      0.00      0.00      0.00
05:29:43 PM      0.00     26.53   2348.98      0.00  11708.67      0.00      0.00      0.00      0.00
05:29:45 PM      0.00      0.00   9585.42      0.00  13415.62      0.00      0.00      0.00      0.00
05:29:47 PM      0.00     44.44   4199.49      0.00  11950.51      0.00      0.00      0.00      0.00
05:29:49 PM      0.00     49.48   3881.44      0.00  11762.37      0.00      0.00      0.00      0.00
05:29:51 PM      0.00      0.00   4563.96      0.00  12691.88      0.00      0.00      0.00      0.00
05:29:53 PM      0.00     62.31   3985.43      0.00  10694.47      0.00      0.00      0.00      0.00
05:29:55 PM      0.00      0.00   1863.82      0.00  10123.62      0.00      0.00      0.00      0.00
05:29:57 PM      0.00     52.26   1844.22      0.00  10523.62      0.00      0.00      0.00      0.00
05:29:59 PM      0.00     12.18   1769.54      0.00  10409.14      0.00      0.00      0.00      0.00
05:30:01 PM      0.00      0.00   1448.74      0.00   9959.30      0.00      0.00      0.00      0.00
05:30:03 PM      0.00    100.00   4032.81      0.00  11921.35      0.00      0.00      0.00      0.00
05:30:05 PM      0.00      0.00   1883.16      0.00  10483.67      0.00      0.00      0.00      0.00
05:30:07 PM      0.00     44.44   1870.20      0.00  10465.66      0.00      0.00      0.00      0.00
05:30:09 PM      0.00     10.20   1918.37      0.00  10538.78      0.00      0.00      0.00      0.00
05:30:11 PM      0.00      0.00   1891.37      0.00  10608.12      0.00      0.00      0.00      0.00
05:30:13 PM      0.00     69.04   1884.26      0.00  10528.93      0.00      0.00      0.00      0.00
05:30:15 PM      0.00      0.00   1849.00      0.00  10552.50      0.00      0.00      0.00      0.00
05:30:17 PM      0.00     44.44   1867.68      0.00  10618.18      0.00      0.00      0.00      0.00
05:30:19 PM      0.00     37.81   1720.40      0.00  10451.24      0.00      0.00      0.00      0.00
05:30:21 PM      0.00      0.00   1200.51      0.00  10075.63      0.00      0.00      0.00      0.00
05:30:23 PM      0.00    127.18   1894.87      0.00  10715.38      0.00      0.00      0.00      0.00
05:30:25 PM      0.00      0.00   1894.36      0.00  10660.51      0.00      0.00      0.00      0.00
05:30:27 PM      0.00     45.13   3453.85      0.00  10957.95      0.00      0.00      0.00      0.00
05:30:29 PM      0.00     10.26   8599.49      0.00  12304.62      0.00      0.00      0.00      0.00
05:30:31 PM      0.00      0.00  10316.92      0.00  17105.64      0.00      0.00      0.00      0.00
05:30:33 PM      0.00     54.00   4613.50      0.00  11319.00      0.00      0.00      0.00      0.00
05:30:35 PM      0.00      0.00   8478.00      0.00  13253.50      0.00      0.00      0.00      0.00
05:30:37 PM      0.00     46.23   5287.94      0.00  12759.80      0.00      0.00      0.00      0.00
05:30:39 PM      0.00     10.00   3397.50      0.00  11592.00      0.00      0.00      0.00      0.00
05:30:41 PM      0.00      0.00   2355.28      0.00   9950.75      0.00      0.00      0.00      0.00
05:30:43 PM      0.00    245.36   2272.68      0.00  11730.41      0.00      0.00      0.00      0.00
05:30:45 PM      0.00      0.00   9402.56      0.00  13012.82      0.00      0.00      0.00      0.00
05:30:47 PM      0.00     51.02   4804.08      0.00  12886.22      0.00      0.00      0.00      0.00
05:30:49 PM      0.00     32.99   3289.69      0.00  10780.41      0.00      0.00      0.00      0.00
05:30:51 PM      0.00      0.00   4511.11      0.00  12450.00      0.00      0.00      0.00      0.00
05:30:53 PM      0.00     64.32   3992.96      0.00  11545.73      0.00      0.00      0.00      0.00
05:30:55 PM      0.00      0.00   1870.35      0.00  10375.38      0.00      0.00      0.00      0.00
05:30:57 PM      0.00      0.00   1879.70      0.00  10648.73      0.00      0.00      0.00      0.00
05:30:59 PM      0.00     88.44   1750.75      0.00  10334.67      0.00      0.00      0.00      0.00
05:31:01 PM      0.00      0.00   1834.85      0.00  10157.07      0.00      0.00      0.00      0.00
05:31:03 PM      0.00     58.88   2839.09      0.00  11372.59      0.00      0.00      0.00      0.00
05:31:05 PM      0.00      0.00   1923.71      0.00  10826.80      0.00      0.00      0.00      0.00
05:31:07 PM      0.00      0.00   1909.79      0.00  10649.48      0.00      0.00      0.00      0.00
05:31:09 PM      0.00     57.44   1910.26      0.00  10401.54      0.00      0.00      0.00      0.00
05:31:11 PM      0.00      0.00   1916.92      0.00  10776.92      0.00      0.00      0.00      0.00
05:31:13 PM      0.00     56.85   1878.17      0.00  10670.05      0.00      0.00      0.00      0.00
05:31:15 PM      0.00      0.00   1860.80      0.00  10465.83      0.00      0.00      0.00      0.00
05:31:17 PM      0.00      0.00   1868.34      0.00  10569.85      0.00      0.00      0.00      0.00
05:31:19 PM      0.00     74.37   1748.24      0.00  10407.04      0.00      0.00      0.00      0.00
05:31:21 PM      0.00      0.00   1200.51      0.00   9963.45      0.00      0.00      0.00      0.00
05:31:23 PM      0.00     59.49   1896.92      0.00  10376.41      0.00      0.00      0.00      0.00
05:31:25 PM      0.00      0.00   1883.67      0.00  10629.08      0.00      0.00      0.00      0.00
05:31:27 PM      0.00      0.00   3461.03      0.00  10359.49      0.00      0.00      0.00      0.00
05:31:29 PM      0.00     91.37   8651.27      0.00  12224.37      0.00      0.00      0.00      0.00
05:31:31 PM      0.00      0.00  10763.13      0.00  16766.67      0.00      0.00      0.00      0.00
05:31:33 PM      0.00     58.59   4869.70      0.00  11592.42      0.00      0.00      0.00      0.00
05:31:35 PM      0.00      0.00   8536.55      0.00  13198.98      0.00      0.00      0.00      0.00
05:31:37 PM      0.00      0.00   5321.00      0.00  12660.50      0.00      0.00      0.00      0.00
05:31:39 PM      0.00     58.59   3313.13      0.00  11435.35      0.00      0.00      0.00      0.00
05:31:41 PM      0.00      0.00   2593.00      0.00  10138.50      0.00      0.00      0.00      0.00
05:31:43 PM      0.00     64.65   2159.60      0.00  11551.01      0.00      0.00      0.00      0.00
05:31:45 PM      0.00      0.00   9197.50      0.00  12593.00      0.00      0.00      0.00      0.00
05:31:47 PM      0.00      0.00   4103.54      0.00  11771.72      0.00      0.00      0.00      0.00
05:31:49 PM      0.00     78.39   3866.33      0.00  11289.45      0.00      0.00      0.00      0.00
05:31:51 PM      0.00      0.00   4541.92      0.00  12454.55      0.00      0.00      0.00      0.00
05:31:53 PM      0.00     54.82   4026.90      0.00  11773.60      0.00      0.00      0.00      0.00
05:31:55 PM      0.00      0.00   1875.25      0.00  10902.02      0.00      0.00      0.00      0.00
05:31:57 PM      0.00      0.00   1871.72      0.00  10583.84      0.00      0.00      0.00      0.00
05:31:59 PM      0.00     80.40   1742.71      0.00  10398.99      0.00      0.00      0.00      0.00
05:32:01 PM      0.00      0.00   1855.84      0.00  10356.85      0.00      0.00      0.00      0.00
05:32:03 PM      0.00     56.85   2854.82      0.00  11281.73      0.00      0.00      0.00      0.00
05:32:05 PM      0.00      0.00   1944.56      0.00  10649.22      0.00      0.00      0.00      0.00
05:32:07 PM      0.00      0.00   1902.58      0.00  10677.32      0.00      0.00      0.00      0.00
05:32:09 PM      0.00     51.28   1928.72      0.00  10615.38      0.00      0.00      0.00      0.00
05:32:11 PM      0.00      0.00   1912.69      0.00   9287.82      0.00      0.00      0.00      0.00
05:32:13 PM      0.00     61.69   1840.80      0.00  10461.69      0.00      0.00      0.00      0.00
05:32:15 PM      0.00      0.00   1872.73      0.00  10372.22      0.00      0.00      0.00      0.00
05:32:17 PM      0.00      0.00   1862.81      0.00  10482.91      0.00      0.00      0.00      0.00
05:32:19 PM      0.00     84.00   1726.00      0.00   9772.00      0.00      0.00      0.00      0.00
05:32:21 PM      0.00      0.00   1209.09      0.00   9848.99      0.00      0.00      0.00      0.00
05:32:23 PM      0.00     47.42   1906.19      0.00  10406.70      0.00      0.00      0.00      0.00
05:32:25 PM      0.00      0.00   1899.49      0.00  10456.92      0.00      0.00      0.00      0.00
05:32:27 PM      0.00      0.00   3516.58      0.00  10354.40      0.00      0.00      0.00      0.00
05:32:29 PM      0.00     79.59   8082.14      0.00  11857.14      0.00      0.00      0.00      0.00
05:32:31 PM      0.00      0.00  10832.99      0.00  16478.35      0.00      0.00      0.00      0.00
05:32:33 PM      0.00     54.55   5176.26      0.00  11163.13      0.00      0.00      0.00      0.00
05:32:35 PM      0.00      0.00   8102.53      0.00  12933.33      0.00      0.00      0.00      0.00
05:32:37 PM      0.00      0.00   5220.71      0.00  12535.35      0.00      0.00      0.00      0.00
05:32:39 PM      0.00     58.29   2772.86      0.00  11066.83      0.00      0.00      0.00      0.00
05:32:41 PM      0.00      0.00   3247.21      0.00  10395.43      0.00      0.00      0.00      0.00
05:32:43 PM      0.00     24.87   2190.16      0.00  10931.09      0.00      0.00      0.00      0.00
05:32:45 PM      0.00     51.28   9402.05      0.00  12825.13      0.00      0.00      0.00      0.00
05:32:47 PM      0.00      0.00   4839.18      0.00  12632.47      0.00      0.00      0.00      0.00
05:32:49 PM      0.00     84.10   3276.41      0.00  10297.44      0.00      0.00      0.00      0.00
05:32:51 PM      0.00      0.00   4562.44      0.00  12301.52      0.00      0.00      0.00      0.00
05:32:53 PM      0.00      2.02   4005.56      0.00  11394.95      0.00      0.00      0.00      0.00
05:32:55 PM      0.00     42.21   1856.78      0.00  10680.90      0.00      0.00      0.00      0.00
05:32:57 PM      0.00      0.00   1862.63      0.00  10376.77      0.00      0.00      0.00      0.00
05:32:59 PM      0.00     54.27   1611.06      0.00   9941.71      0.00      0.00      0.00      0.00
05:33:01 PM      0.00      0.00   2206.06      0.00  10241.41      0.00      0.00      0.00      0.00
05:33:03 PM      0.00     46.70   2618.78      0.00  11470.56      0.00      0.00      0.00      0.00
05:33:05 PM      0.00     55.67   1908.25      0.00  10417.53      0.00      0.00      0.00      0.00
05:33:07 PM      0.00      0.00   1918.04      0.00  10546.39      0.00      0.00      0.00      0.00
05:33:09 PM      0.00     59.49   1917.44      0.00  10324.10      0.00      0.00      0.00      0.00
05:33:11 PM      0.00      0.00   1918.88      0.00  10286.22      0.00      0.00      0.00      0.00
05:33:13 PM      0.00     20.20   1890.40      0.00  10269.70      0.00      0.00      0.00      0.00
05:33:15 PM      0.00     42.64   1881.73      0.00  10061.42      0.00      0.00      0.00      0.00
05:33:17 PM      0.00      0.00   1740.20      0.00  10044.72      0.00      0.00      0.00      0.00
05:33:19 PM      0.00     82.41   1169.85      0.00   9737.19      0.00      0.00      0.00      0.00
05:33:21 PM      0.00      0.00   1897.97      0.00  10174.11      0.00      0.00      0.00      0.00
05:33:23 PM      0.00      2.04   1887.76      0.00  10389.80      0.00      0.00      0.00      0.00
05:33:25 PM      0.00     54.17   1928.65      0.00  10293.23      0.00      0.00      0.00      0.00
05:33:27 PM      0.00      0.00   3487.63      0.00  10580.41      0.00      0.00      0.00      0.00
05:33:29 PM      0.00      8.21   9117.44      0.00  12216.92      0.00      0.00      0.00      0.00
05:33:31 PM      0.00     59.18  10462.24      0.00  16673.47      0.00      0.00      0.00      0.00
05:33:33 PM      0.00      6.03   4945.23      0.00  11284.92      0.00      0.00      0.00      0.00
05:33:35 PM      0.00     50.51   8417.17      0.00  12907.07      0.00      0.00      0.00      0.00
05:33:37 PM      0.00      0.00   5345.73      0.00  12579.40      0.00      0.00      0.00      0.00
05:33:39 PM      0.00     56.57   3378.79      0.00  10877.78      0.00      0.00      0.00      0.00
05:33:41 PM      0.00     52.53   2555.05      0.00  10003.03      0.00      0.00      0.00      0.00
05:33:43 PM      0.00     22.45   2173.98      0.00  10769.39      0.00      0.00      0.00      0.00
05:33:45 PM      0.00     50.76   9331.98      0.00  12383.76      0.00      0.00      0.00      0.00
05:33:47 PM      0.00      0.00   4854.64      0.00  12697.42      0.00      0.00      0.00      0.00
05:33:49 PM      0.00     32.99   3300.52      0.00  10657.22      0.00      0.00      0.00      0.00
05:33:51 PM      0.00     62.63   4543.43      0.00  12393.94      0.00      0.00      0.00      0.00
05:33:53 PM      0.00      4.00   3977.00      0.00  10959.00      0.00      0.00      0.00      0.00
05:33:55 PM      0.00     42.42   1886.36      0.00  10404.55      0.00      0.00      0.00      0.00
05:33:57 PM      0.00      0.00   1867.68      0.00  10369.19      0.00      0.00      0.00      0.00
05:33:59 PM      0.00     10.10   1742.42      0.00  10137.88      0.00      0.00      0.00      0.00
05:34:01 PM      0.00     46.46   2197.98      0.00   9825.76      0.00      0.00      0.00      0.00
05:34:03 PM      0.00      2.04   2509.69      0.00  11225.51      0.00      0.00      0.00      0.00
05:34:05 PM      0.00     41.03   1900.51      0.00  10439.49      0.00      0.00      0.00      0.00
05:34:07 PM      0.00      0.00   1912.95      0.00  10177.20      0.00      0.00      0.00      0.00
05:34:09 PM      0.00     14.36   1929.74      0.00  10426.15      0.00      0.00      0.00      0.00
05:34:11 PM      0.00     51.28   1914.36      0.00  10384.62      0.00      0.00      0.00      0.00
05:34:13 PM      0.00     52.53   1874.75      0.00  10307.58      0.00      0.00      0.00      0.00
05:34:15 PM      0.00      0.00   1848.50      0.00  10142.00      0.00      0.00      0.00      0.00
05:34:17 PM      0.00     54.82   1764.47      0.00   9972.59      0.00      0.00      0.00      0.00
05:34:19 PM      0.00     34.17   1169.85      0.00   9792.96      0.00      0.00      0.00      0.00
05:34:21 PM      0.00     62.94   1895.94      0.00  10061.42      0.00      0.00      0.00      0.00
05:34:23 PM      0.00      6.19   1920.10      0.00  10246.39      0.00      0.00      0.00      0.00
05:34:25 PM      0.00      0.00   1909.79      0.00  10066.49      0.00      0.00      0.00      0.00
05:34:27 PM      0.00     57.73   3544.85      0.00  11271.65      0.00      0.00      0.00      0.00
05:34:29 PM      0.00     12.24   8415.31      0.00  11267.35      0.00      0.00      0.00      0.00
05:34:31 PM      0.00     51.28  10381.54      0.00  16858.97      0.00      0.00      0.00      0.00
05:34:33 PM      0.00      1.99   4902.99      0.00  11090.05      0.00      0.00      0.00      0.00
05:34:35 PM      0.00      0.00   7786.00      0.00  12900.50      0.00      0.00      0.00      0.00
05:34:37 PM      0.00     44.22   5109.55      0.00  12244.72      0.00      0.00      0.00      0.00
05:34:39 PM      0.00     14.00   2759.50      0.00  10447.00      0.00      0.00      0.00      0.00
05:34:41 PM      0.00     45.13   3482.56      0.00  10126.15      0.00      0.00      0.00      0.00
05:34:43 PM      0.00     22.56   1974.87      0.00  10931.79      0.00      0.00      0.00      0.00
05:34:45 PM      0.00      0.00   9270.26      0.00  12840.00      0.00      0.00      0.00      0.00
05:34:47 PM      0.00     50.76   4517.26      0.00  12836.04      0.00      0.00      0.00      0.00
05:34:49 PM      0.00     69.39   3361.73      0.00  10764.80      0.00      0.00      0.00      0.00
05:34:51 PM      0.00      0.00   4377.66      0.00  11704.57      0.00      0.00      0.00      0.00
05:34:53 PM      0.00     58.00   4033.00      0.00  12245.00      0.00      0.00      0.00      0.00
05:34:55 PM      0.00      0.00   1870.85      0.00  10553.77      0.00      0.00      0.00      0.00
05:34:57 PM      0.00     64.00   1729.00      0.00  10345.00      0.00      0.00      0.00      0.00
05:34:59 PM      0.00      6.00   1171.50      0.00   5718.50      0.00      0.00      0.00      0.00
05:35:01 PM      0.00      0.00   3118.00      0.00   1475.50      0.00      0.00      0.00      0.00
05:35:03 PM      0.00     62.31   2159.80      0.00   2218.59      0.00      0.00      0.00      0.00
05:35:05 PM      0.00      0.00   1835.50      0.00   1342.00      0.00      0.00      0.00      0.00
05:35:07 PM      0.00      0.00   1844.72      0.00   1335.18      0.00      0.00      0.00      0.00
05:35:09 PM      0.00     46.23   1873.37      0.00   1364.82      0.00      0.00      0.00      0.00
05:35:11 PM      0.00      0.00   1851.00      0.00   1387.00      0.00      0.00      0.00      0.00
05:35:13 PM      0.00     72.00   1834.00      0.00   1320.00      0.00      0.00      0.00      0.00
05:35:15 PM      0.00      0.00   2450.50      0.00   1349.50      0.00      0.00      0.00      0.00
05:35:17 PM      0.00      0.00   1964.82      0.00   1319.60      0.00      0.00      0.00      0.00
05:35:19 PM      0.00     88.00   1846.00      0.00   1522.00      0.00      0.00      0.00      0.00
05:35:21 PM      0.00      0.00   1860.00      0.00   1328.50      0.00      0.00      0.00      0.00
05:35:23 PM      0.00    116.58   1845.73      0.00   1330.15      0.00      0.00      0.00      0.00
05:35:25 PM      0.00      0.00   1836.50      0.00   1306.50      0.00      0.00      0.00      0.00
