Linux 2.6.32-431.3.1.el6.x86_64 (mule-perflab02.managed.contegix.com) 	03/20/2014 	_x86_64_	(24 CPU)

05:17:43 PM  atmptf/s  estres/s retrans/s isegerr/s   orsts/s
05:17:45 PM      0.51      0.00      0.00      0.00      0.51
05:17:47 PM      0.51      0.00      0.00      0.00      0.51
05:17:49 PM      0.00      0.00      0.00      0.00      0.00
05:17:51 PM      0.51      0.00      0.00      0.00      0.51
05:17:53 PM      0.51      0.00      0.00      0.00      0.51
05:17:55 PM      0.00      0.00      0.00      0.00      0.00
05:17:57 PM      0.51      0.00      0.00      0.00      0.51
05:17:59 PM      0.50      0.00      0.00      0.00      0.50
05:18:01 PM      0.00      0.00      0.00      0.00      0.00
05:18:03 PM      0.50      0.00      0.00      0.00      0.50
05:18:05 PM      0.50      0.00      0.00      0.00      0.50
05:18:07 PM      0.00      0.00      0.00      0.00      0.00
05:18:09 PM      0.51      0.00      0.00      0.00      0.51
05:18:11 PM      0.50      0.00      0.00      0.00      0.50
05:18:13 PM      0.00      0.00      0.00      0.00      0.00
05:18:15 PM      0.50      0.00      0.00      0.00      0.50
05:18:17 PM      0.51      0.00      0.00      0.00      0.51
05:18:19 PM      0.00      0.00      0.00      0.00      0.00
05:18:21 PM      0.51      0.00      0.00      0.00      0.51
05:18:23 PM      0.50      0.00      0.00      0.00      0.50
05:18:25 PM      0.00      0.00      0.00      0.00      0.00
05:18:27 PM      0.51      0.00      0.00      0.00      0.51
05:18:29 PM      0.50      0.00      0.00      0.00      0.50
05:18:31 PM      0.00      0.00      0.00      0.00      0.00
05:18:33 PM      0.51      0.00      0.00      0.00      0.51
05:18:35 PM      0.51      0.00      0.00      0.00      0.51
05:18:37 PM      0.00      0.00      0.00      0.00      0.00
05:18:39 PM      0.51      0.00      0.00      0.00      0.51
05:18:41 PM      0.51      0.00      0.00      0.00      0.51
05:18:43 PM      0.00      0.00      0.00      0.00      0.00
05:18:45 PM      0.51      0.00      0.00      0.00      0.51
05:18:47 PM      0.50      0.00      0.00      0.00      0.50
05:18:49 PM      0.00      0.00      0.00      0.00      0.00
05:18:51 PM      0.51      0.00      0.00      0.00      0.51
05:18:53 PM      0.51      0.00      0.00      0.00      0.51
05:18:55 PM      0.00      0.00      0.00      0.00      0.00
05:18:57 PM      0.51      0.00      0.00      0.00      0.51
05:18:59 PM      0.51      0.00      0.00      0.00      0.51
05:19:01 PM      0.00      0.00      0.00      0.00      0.00
05:19:03 PM      0.50      0.00      0.00      0.00      0.50
05:19:05 PM      0.50      0.00      0.00      0.00      0.50
05:19:07 PM      0.00      0.00      0.00      0.00      0.00
05:19:09 PM      0.50      0.00      0.00      0.00      0.50
05:19:11 PM      0.51      0.00      0.00      0.00      0.51
05:19:13 PM      0.00      0.00      0.00      0.00      0.00
05:19:15 PM      0.51      0.00      0.00      0.00      0.51
05:19:17 PM      0.50      0.00      0.00      0.00      0.50
05:19:19 PM      0.00      0.00      0.00      0.00      0.00
05:19:21 PM      0.51      0.00      0.00      0.00      0.51
05:19:23 PM      0.51      0.00      0.00      0.00      0.51
05:19:25 PM      0.00      0.00      0.00      0.00      0.00
05:19:27 PM      0.51      0.00      0.00      0.00      0.51
05:19:29 PM      0.51      0.00      0.00      0.00      0.51
05:19:31 PM      0.00      0.00      0.00      0.00      0.00
05:19:33 PM      0.50      0.00      0.00      0.00      0.50
05:19:35 PM      0.51      0.00      0.00      0.00      0.51
05:19:37 PM      0.00      0.00      0.00      0.00      0.00
05:19:39 PM      0.51      0.00      0.00      0.00      0.51
05:19:41 PM      0.50      0.00      0.00      0.00      0.50
05:19:43 PM      0.00      0.00      0.00      0.00      0.00
05:19:45 PM      0.50      0.00      0.00      0.00      0.50
05:19:47 PM      0.50      0.00      0.00      0.00      0.50
05:19:49 PM      0.00      0.00      0.00      0.00      0.00
05:19:51 PM      0.50      0.00      0.00      0.00      0.50
05:19:53 PM      0.51      0.00      0.00      0.00      0.51
05:19:55 PM      0.00      0.00      0.00      0.00      0.00
05:19:57 PM      0.51      0.00      0.00      0.00      0.51
05:19:59 PM      0.51      0.00      0.00      0.00      0.51
05:20:01 PM      0.00      0.00      0.00      0.00      0.00
05:20:03 PM      0.50      0.00      0.00      0.00      0.50
05:20:05 PM      0.50      0.00      0.00      0.00      0.50
05:20:07 PM      0.00      0.00      0.00      0.00      0.00
05:20:09 PM      0.50      0.00      0.00      0.00      0.50
05:20:11 PM      0.50      0.00      0.00      0.00      0.50
05:20:13 PM      0.00      0.00      0.00      0.00      0.00
05:20:15 PM      0.52      0.00      0.00      0.00      0.52
05:20:17 PM      0.51      0.00      0.00      0.00      0.51
05:20:19 PM      0.00      0.00      0.00      0.00      0.00
05:20:21 PM      1.03      0.00      0.00      0.00      0.51
05:20:23 PM      0.50      0.00      0.00      0.00      0.50
05:20:25 PM      0.00      0.00      0.00      0.00      0.00
05:20:27 PM      0.50      0.00      0.00      0.00      0.50
05:20:29 PM      0.50      0.00      0.00      0.00      0.50
05:20:31 PM      0.00      0.00      0.00      0.00      0.00
05:20:33 PM      0.51      0.00      0.00      0.00      0.51
05:20:35 PM      0.52      0.00      0.00      0.00      0.52
05:20:37 PM      0.00      0.00      0.00      0.00      0.00
05:20:39 PM      0.52      0.00      0.00      0.00      0.52
05:20:41 PM      0.51      0.00      0.00      0.00      0.51
05:20:43 PM      0.00      0.00      0.00      0.00      0.00
05:20:45 PM      0.50      0.00      0.00      0.00      0.50
05:20:47 PM      0.51      0.00      0.00      0.00      0.51
05:20:49 PM      0.00      0.00      0.00      0.00      0.00
05:20:51 PM      0.50      0.00      0.00      0.00      0.50
05:20:53 PM      0.52      0.00      0.00      0.00      0.52
05:20:55 PM      0.00      0.00      0.00      0.00      0.00
05:20:57 PM      0.51      0.00      0.00      0.00      0.51
05:20:59 PM      0.52      0.00      0.00      0.00      0.52
05:21:01 PM      0.00      0.00      0.00      0.00      0.00
05:21:03 PM      0.50      0.00      0.00      0.00      0.50
05:21:05 PM      0.51      0.00      0.00      0.00      0.51
05:21:07 PM      0.00      0.00      0.00      0.00      0.00
05:21:09 PM      0.51      0.00      0.00      0.00      0.51
05:21:11 PM      0.51      0.00      0.00      0.00      0.51
05:21:13 PM      0.00      0.00      0.00      0.00      0.00
05:21:15 PM      0.51      0.00      0.00      0.00      0.51
05:21:17 PM      0.52      0.00      0.00      0.00      0.52
05:21:19 PM      0.00      0.00      0.00      0.00      0.00
05:21:21 PM      0.52      0.00      1.55      0.00      0.52
05:21:23 PM      0.50      0.00      0.00      0.00      0.50
05:21:25 PM      0.00      0.00      0.00      0.00      0.00
05:21:27 PM      0.50      0.00      0.00      0.00      0.50
05:21:29 PM      0.51      0.00      0.00      0.00      0.51
05:21:31 PM      0.00      0.00      0.00      0.00      0.00
05:21:33 PM      0.52      0.00      0.00      0.00      0.52
05:21:35 PM      0.52      0.00      0.52      0.00      0.52
05:21:37 PM      0.00      0.00      0.00      0.00      0.00
05:21:39 PM      0.52      0.00      0.00      0.00      0.52
05:21:41 PM      0.51      0.00      0.00      0.00      0.51
05:21:43 PM      0.00      0.00      0.00      0.00      0.00
05:21:45 PM      0.51      0.00      0.00      0.00      0.51
05:21:47 PM      0.51      0.00      0.00      0.00      0.51
05:21:49 PM      0.00      0.00      0.00      0.00      0.00
05:21:51 PM      0.51      0.00      0.00      0.00      0.51
05:21:53 PM      0.52      0.00      0.00      0.00      0.52
05:21:55 PM      0.00      0.00      0.00      0.00      0.00
05:21:57 PM      0.52      0.00      0.00      0.00      0.52
05:21:59 PM      0.52      0.00      0.00      0.00      0.52
05:22:01 PM      0.00      0.00      0.00      0.00      0.00
05:22:03 PM      0.51      0.00      0.00      0.00      0.51
05:22:05 PM      0.51      0.00      0.00      0.00      0.51
05:22:07 PM      0.00      0.00      0.00      0.00      0.00
05:22:09 PM      0.51      0.00      1.01      0.00      0.51
05:22:11 PM      0.51      0.00      0.00      0.00      0.51
05:22:13 PM      0.00      0.00      0.00      0.00      0.00
05:22:15 PM      0.52      0.00      0.00      0.00      0.52
05:22:17 PM      0.52      0.00      0.00      0.00      0.52
05:22:19 PM      0.00      0.00      0.00      0.00      0.00
05:22:21 PM      0.51      0.00      0.00      0.00      0.51
05:22:23 PM      0.51      0.00      0.00      0.00      0.51
05:22:25 PM      0.00      0.00     17.17      0.00      0.00
05:22:27 PM      0.51      0.00     21.32      0.00      0.51
05:22:29 PM      0.51      0.00     26.53      0.00      0.51
05:22:31 PM      0.00      0.00     26.77      0.00      0.00
05:22:33 PM      0.52      0.00     17.80      0.00      0.52
05:22:35 PM      0.52      0.00     13.54      0.00      0.52
05:22:37 PM      0.00      0.00     27.32      0.00      0.00
05:22:39 PM      0.52      0.00     31.96      0.00      0.52
05:22:41 PM      0.51      0.00     21.54      0.00      0.51
05:22:43 PM      0.00      0.00      7.04      0.00      0.00
05:22:45 PM      0.51      0.00     25.00      0.00      0.51
05:22:47 PM      0.51      0.00     29.95      0.00      0.51
05:22:49 PM      0.00      0.00     14.72      0.00      0.00
05:22:51 PM      0.51      0.00     20.00      0.00      0.51
05:22:53 PM      0.52      0.00     23.96      0.00      0.52
05:22:55 PM      0.00      0.00     13.99      0.00      0.00
05:22:57 PM      0.52      0.00     12.57      0.00      0.52
05:22:59 PM      0.52      0.00      8.81      0.00      0.52
05:23:01 PM      0.00      0.00     18.75      0.00      0.00
05:23:03 PM      0.51      0.00     12.18      0.00      0.51
05:23:05 PM      0.50      0.00     36.68      0.00      0.50
05:23:07 PM      0.00      0.00     23.74      0.00      0.00
05:23:09 PM      0.51      0.00     24.87      0.00      0.51
05:23:11 PM      0.51      0.00     15.82      0.00      0.51
05:23:13 PM      0.00      0.00     12.11      0.00      0.00
05:23:15 PM      0.52      0.00     12.37      0.00      0.52
05:23:17 PM      0.52      0.00     20.94      0.00      0.52
05:23:19 PM      0.00      0.00      4.74      0.00      0.00
05:23:21 PM      0.51      0.00     27.69      0.00      0.51
05:23:23 PM      0.50      0.00     21.11      0.00      0.50
05:23:25 PM      0.00      0.00     32.32      0.00      0.00
05:23:27 PM      0.50      0.00     22.50      0.00      0.50
05:23:29 PM      0.51      0.00     22.22      0.00      0.51
05:23:31 PM      0.00      0.00     68.72      0.00      0.00
05:23:33 PM      0.52      0.00     29.69      0.00      0.52
05:23:35 PM      0.52      0.00     39.58      0.00      0.52
05:23:37 PM      0.00      0.00     43.16      0.00      0.00
05:23:39 PM      0.53      0.00     44.21      0.00      0.53
05:23:41 PM      0.51      0.00     31.12      0.00      0.51
05:23:43 PM      0.00      0.00     37.88      0.00      0.00
05:23:45 PM      0.51      0.00     46.94      0.00      0.51
05:23:47 PM      0.51      0.00     48.73      0.00      0.51
05:23:49 PM      0.00      0.00     44.33      0.00      0.00
05:23:51 PM      0.51      0.00     33.33      0.00      0.51
05:23:53 PM      0.52      0.00     53.89      0.00      0.52
05:23:55 PM      0.00      0.00     38.54      0.00      0.00
05:23:57 PM      0.52      0.00     57.81      0.00      0.52
05:23:59 PM      0.52      0.00     24.08      0.00      0.52
05:24:01 PM      0.00      0.00     44.56      0.00      0.00
05:24:03 PM      0.51      0.00     38.89      0.00      0.51
05:24:05 PM      0.51      0.00     51.52      0.00      0.51
05:24:07 PM      0.00      0.00     39.80      0.00      0.00
05:24:09 PM      1.01      0.00     51.52      0.00      0.51
05:24:11 PM      0.00      0.00     30.77      0.00      0.00
05:24:13 PM      0.52      0.00     49.21      0.00      0.52
05:24:15 PM      0.51      0.00     48.21      0.00      0.51
05:24:17 PM      0.00      0.00     53.65      0.00      0.00
05:24:19 PM      0.52      0.00     47.12      0.00      0.52
05:24:21 PM      0.52      0.00     45.88      0.00      0.52
05:24:23 PM      0.00      0.00     55.56      0.00      0.00
05:24:25 PM      0.51      0.00     41.12      0.00      0.51
05:24:27 PM      0.51      0.00     48.47      0.00      0.51
05:24:29 PM      0.00      0.00     41.21      0.00      0.00
05:24:31 PM      0.51      0.00     40.82      0.00      0.51
05:24:33 PM      0.52      0.00     56.02      0.00      0.52
05:24:35 PM      0.00      0.00     71.13      0.00      0.00
05:24:37 PM      0.52      0.00    119.27      0.00      0.52
05:24:39 PM      0.52      0.00    120.42      0.00      0.52
05:24:41 PM      0.00      0.00    112.50      0.00      0.00
05:24:43 PM      0.51      0.00    117.35      0.00      0.51
05:24:45 PM      0.52      0.00    105.67      0.00      0.52
05:24:47 PM      0.00      0.00    102.51      0.00      0.00
05:24:49 PM      0.51      0.00    125.00      0.00      0.51
05:24:51 PM      0.51      0.00    118.97      0.00      0.51
05:24:53 PM      0.00      0.00    124.87      0.00      0.00
05:24:55 PM      0.50      0.00    107.04      0.00      0.50
05:24:57 PM      0.51      0.00    111.22      0.00      0.51
05:24:59 PM      0.00      0.00    118.27      0.00      0.00
05:25:01 PM      0.50      0.00    128.64      0.00      0.50
05:25:03 PM      0.51      0.00     98.98      0.00      0.51
05:25:05 PM      0.00      0.00     78.28      0.00      0.00
05:25:07 PM      0.51      0.00    100.00      0.00      0.51
05:25:09 PM      0.51      0.00    118.18      0.00      0.51
05:25:11 PM      0.00      0.00    121.54      0.00      0.00
05:25:13 PM      0.52      0.00    117.19      0.00      0.52
05:25:15 PM      0.52      0.00    119.90      0.00      0.52
05:25:17 PM      0.00      0.00    134.03      0.00      0.00
05:25:19 PM      0.52      0.00    120.83      0.00      0.52
05:25:21 PM      0.52      0.00    109.38      0.00      0.52
05:25:23 PM      0.00      0.00     93.40      0.00      0.00
05:25:25 PM      0.51      0.00    130.46      0.00      0.51
05:25:27 PM      0.51      0.00    145.13      0.00      0.51
05:25:29 PM      0.00      0.00    141.50      0.00      0.00
05:25:31 PM      0.52      0.00    115.03      0.00      0.52
05:25:33 PM      0.52      0.00    129.84      0.00      0.52
05:25:35 PM      0.00      0.00     91.10      0.00      0.00
05:25:37 PM      0.53      0.00    108.95      0.00      0.53
05:25:39 PM      0.52      0.00     72.92      0.00      0.52
05:25:41 PM      0.00      0.00    168.91      0.00      0.00
05:25:43 PM      0.51      0.00    159.60      0.00      0.51
05:25:45 PM      0.51      0.00    186.29      0.00      0.51
05:25:47 PM      0.00      0.00    187.37      0.00      0.00
05:25:49 PM      0.51      0.00    190.40      0.00      0.51
05:25:51 PM      0.51      0.00    111.22      0.00      0.51
05:25:53 PM      0.00      0.00    183.51      0.00      0.00
05:25:55 PM      0.53      0.00    196.30      0.00      0.53
05:25:57 PM      0.52      0.00    193.26      0.00      0.52
05:25:59 PM      0.00      0.00    174.09      0.00      0.00
05:26:01 PM      0.52      0.00    161.14      0.00      0.52
05:26:03 PM      0.51      0.00    188.32      0.00      0.51
05:26:05 PM      0.00      0.00     17.68      0.00      0.00
05:26:07 PM      0.50      0.00     26.50      0.00      0.50
05:26:09 PM      0.51      0.00      0.00      0.00      0.51
05:26:11 PM      0.00      0.00      0.00      0.00      0.00
05:26:13 PM      0.51      0.00      0.00      0.00      0.51
05:26:15 PM      0.51      0.00      0.00      0.00      0.51
05:26:17 PM      0.00      0.00     25.13      0.00      0.00
05:26:19 PM      0.52      0.00     47.64      0.00      0.52
05:26:21 PM      0.52      0.00     27.46      0.00      0.52
05:26:23 PM      0.00      0.00     36.50      0.00      0.00
05:26:25 PM      0.51      0.00     92.39      0.00      0.51
05:26:27 PM      0.50      0.00      0.00      0.00      0.50
05:26:29 PM      0.00      0.00      0.00      0.00      0.00
05:26:31 PM      0.50      0.00      0.00      0.00      0.50
05:26:33 PM      0.51      0.00      0.00      0.00      0.51
05:26:35 PM      0.00      0.00      0.00      0.00      0.00
05:26:37 PM      0.50      0.00      0.00      0.00      0.50
05:26:39 PM      0.50      0.00      0.00      0.00      0.50
05:26:41 PM      0.00      0.00      0.00      0.00      0.00
05:26:43 PM      0.51      0.00      0.00      0.00      0.51
05:26:45 PM      0.50      0.00      0.00      0.00      0.50
05:26:47 PM      0.00      0.00      0.00      0.00      0.00
05:26:49 PM      0.51      0.00      0.00      0.00      0.51
05:26:51 PM      0.51      0.00      0.00      0.00      0.51
05:26:53 PM      0.00      0.00      0.00      0.00      0.00
05:26:55 PM      0.50      0.00      0.00      0.00      0.50
05:26:57 PM      0.50      0.00      0.00      0.00      0.50
05:26:59 PM      0.00      0.00      0.00      0.00      0.00
05:27:01 PM      0.51      0.00      0.00      0.00      0.51
05:27:03 PM      0.51      0.00      0.00      0.00      0.51
05:27:05 PM      0.00      0.00      0.00      0.00      0.00
05:27:07 PM      0.52      0.00      0.00      0.00      0.52
05:27:09 PM      0.51      0.00      0.00      0.00      0.51
05:27:11 PM      0.00      0.00      0.00      0.00      0.00
05:27:13 PM      0.50      0.00      0.00      0.00      0.50
05:27:15 PM      0.50      0.00      0.00      0.00      0.50
05:27:17 PM      0.00      0.00      0.00      0.00      0.00
05:27:19 PM      0.51      0.00      0.00      0.00      0.51
05:27:21 PM      0.50      0.00      0.00      0.00      0.50
05:27:23 PM      0.00      0.00      0.00      0.00      0.00
05:27:25 PM      0.51      0.00      0.00      0.00      0.51
05:27:27 PM      0.51      0.00      0.00      0.00      0.51
05:27:29 PM      0.00      0.00      0.00      0.00      0.00
05:27:31 PM      0.51      0.00      0.00      0.00      0.51
05:27:33 PM      0.50      0.00      0.00      0.00      0.50
05:27:35 PM      0.00      0.00      0.00      0.00      0.00
05:27:37 PM      0.50      0.00      0.00      0.00      0.50
05:27:39 PM      0.50      0.00      0.00      0.00      0.50
05:27:41 PM      0.00      0.00      0.00      0.00      0.00
05:27:43 PM      0.51      0.00      0.00      0.00      0.51
05:27:45 PM      0.51      0.00      0.00      0.00      0.51
05:27:47 PM      0.00      0.00      0.00      0.00      0.00
05:27:49 PM      0.51      0.00      0.00      0.00      0.51
05:27:51 PM      0.51      0.00      0.00      0.00      0.51
05:27:53 PM      0.00      0.00      0.00      0.00      0.00
05:27:55 PM      0.50      0.00      0.00      0.00      0.50
05:27:57 PM      0.51      0.00      0.00      0.00      0.51
05:27:59 PM      0.00      0.00      0.00      0.00      0.00
05:28:01 PM      0.51      0.00      0.00      0.00      0.51
05:28:03 PM      0.51      0.00      0.00      0.00      0.51
05:28:05 PM      0.00      0.00      0.00      0.00      0.00
05:28:07 PM      0.51      0.00      0.00      0.00      0.51
05:28:09 PM      0.51      0.00      0.00      0.00      0.51
05:28:11 PM      0.00      0.00      0.00      0.00      0.00
05:28:13 PM      0.50      0.00      0.00      0.00      0.50
05:28:15 PM      0.51      0.00      0.00      0.00      0.51
05:28:17 PM      0.00      0.00      0.00      0.00      0.00
05:28:19 PM      0.50      0.00      0.00      0.00      0.50
05:28:21 PM      0.51      0.00      0.00      0.00      0.51
05:28:23 PM      0.00      0.00      0.00      0.00      0.00
05:28:25 PM      0.52      0.00      0.00      0.00      0.52
05:28:27 PM      0.51      0.00      0.00      0.00      0.51
05:28:29 PM      0.00      0.00      0.00      0.00      0.00
05:28:31 PM      0.51      0.00      0.00      0.00      0.51
05:28:33 PM      0.51      0.00      0.00      0.00      0.51
05:28:35 PM      0.00      0.00      0.00      0.00      0.00
05:28:37 PM      0.50      0.00      0.00      0.00      0.50
05:28:39 PM      0.50      0.00      0.00      0.00      0.50
05:28:41 PM      0.00      0.00      0.00      0.00      0.00
05:28:43 PM      0.52      0.00      0.00      0.00      0.52
05:28:45 PM      0.51      0.00      0.00      0.00      0.51
05:28:47 PM      0.00      0.00      0.00      0.00      0.00
05:28:49 PM      0.52      0.00      0.00      0.00      0.52
05:28:51 PM      0.51      0.00      0.00      0.00      0.51
05:28:53 PM      0.00      0.00      0.00      0.00      0.00
05:28:55 PM      0.50      0.00      0.00      0.00      0.50
05:28:57 PM      0.51      0.00      0.00      0.00      0.51
05:28:59 PM      0.00      0.00      0.00      0.00      0.00
05:29:01 PM      0.51      0.00      0.00      0.00      0.51
05:29:03 PM      0.51      0.00      0.00      0.00      0.51
05:29:05 PM      0.00      0.00      0.00      0.00      0.00
05:29:07 PM      0.51      0.00      0.00      0.00      0.51
05:29:09 PM      0.51      0.00      0.00      0.00      0.51
05:29:11 PM      0.00      0.00      0.00      0.00      0.00
05:29:13 PM      0.50      0.00      0.00      0.00      0.50
05:29:15 PM      0.50      0.00      0.00      0.00      0.50
05:29:17 PM      0.00      0.00      0.00      0.00      0.00
05:29:19 PM      0.50      0.00      0.00      0.00      0.50
05:29:21 PM      0.50      0.00      0.00      0.00      0.50
05:29:23 PM      0.00      0.00      0.00      0.00      0.00
05:29:25 PM      0.51      0.00      0.00      0.00      0.51
05:29:27 PM      0.52      0.00      0.00      0.00      0.52
05:29:29 PM      0.00      0.00      0.00      0.00      0.00
05:29:31 PM      0.51      0.00      0.00      0.00      0.51
05:29:33 PM      0.50      0.00      0.00      0.00      0.50
05:29:35 PM      0.00      0.00      0.00      0.00      0.00
05:29:37 PM      0.50      0.00      0.00      0.00      0.50
05:29:39 PM      0.51      0.00      0.00      0.00      0.51
05:29:41 PM      0.00      0.00      0.00      0.00      0.00
05:29:43 PM      0.52      0.00      0.00      0.00      0.52
05:29:45 PM      0.52      0.00      0.00      0.00      0.52
05:29:47 PM      0.00      0.00      0.00      0.00      0.00
05:29:49 PM      0.52      0.00      0.00      0.00      0.52
05:29:51 PM      0.51      0.00      0.00      0.00      0.51
05:29:53 PM      0.00      0.00     42.71      0.00      0.00
05:29:55 PM      0.50      0.00     24.12      0.00      0.50
05:29:57 PM      0.50      0.00     25.13      0.00      0.50
05:29:59 PM      0.00      0.00     26.90      0.00      0.00
05:30:01 PM      0.51      0.00     19.19      0.00      0.51
05:30:03 PM      0.52      0.00      0.00      0.00      0.52
05:30:05 PM      0.00      0.00      0.00      0.00      0.00
05:30:07 PM      0.51      0.00      5.56      0.00      0.51
05:30:09 PM      0.51      0.00      9.69      0.00      0.51
05:30:11 PM      0.00      0.00      0.51      0.00      0.00
05:30:13 PM      0.51      0.00      0.00      0.00      0.51
05:30:15 PM      0.50      0.00      0.00      0.00      0.50
05:30:17 PM      0.00      0.00      0.00      0.00      0.00
05:30:19 PM      0.50      0.00      0.00      0.00      0.50
05:30:21 PM      0.51      0.00      0.00      0.00      0.51
05:30:23 PM      0.00      0.00      0.00      0.00      0.00
05:30:25 PM      0.52      0.00      0.00      0.00      0.52
05:30:27 PM      0.51      0.00      0.00      0.00      0.51
05:30:29 PM      0.00      0.00     11.68      0.00      0.00
05:30:31 PM      0.52      0.00      7.73      0.00      0.52
05:30:33 PM      0.50      0.00      0.00      0.00      0.50
05:30:35 PM      0.00      0.00      0.00      0.00      0.00
05:30:37 PM      0.50      0.00      0.00      0.00      0.50
05:30:39 PM      0.50      0.00      1.01      0.00      0.50
05:30:41 PM      0.00      0.00      0.00      0.00      0.00
05:30:43 PM      0.51      0.00      0.00      0.00      0.51
05:30:45 PM      0.51      0.00      0.00      0.00      0.51
05:30:47 PM      0.00      0.00      0.00      0.00      0.00
05:30:49 PM      0.52      0.00      0.00      0.00      0.52
05:30:51 PM      0.50      0.00      0.00      0.00      0.50
05:30:53 PM      0.00      0.00      1.52      0.00      0.00
05:30:55 PM      0.50      0.00      0.00      0.00      0.50
05:30:57 PM      0.51      0.00      0.00      0.00      0.51
05:30:59 PM      0.00      0.00      0.00      0.00      0.00
05:31:01 PM      0.51      0.00      0.00      0.00      0.51
05:31:03 PM      0.51      0.00      5.13      0.00      0.51
05:31:05 PM      0.00      0.00      0.00      0.00      0.00
05:31:07 PM      0.51      0.00      3.08      0.00      0.51
05:31:09 PM      0.52      0.00      1.03      0.00      0.52
05:31:11 PM      0.00      0.00      0.00      0.00      0.00
05:31:13 PM      0.51      0.00      0.00      0.00      0.51
05:31:15 PM      0.50      0.00      0.00      0.00      0.50
05:31:17 PM      0.00      0.00      0.00      0.00      0.00
05:31:19 PM      0.51      0.00      0.00      0.00      0.51
05:31:21 PM      0.51      0.00      1.53      0.00      0.51
05:31:23 PM      0.00      0.00     12.24      0.00      0.00
05:31:25 PM      0.51      0.00      0.00      0.00      0.51
05:31:27 PM      0.51      0.00      0.00      0.00      0.51
05:31:29 PM      0.00      0.00      0.00      0.00      0.00
05:31:31 PM      0.51      0.00      0.00      0.00      0.51
05:31:33 PM      0.51      0.00      0.00      0.00      0.51
05:31:35 PM      0.00      0.00      8.04      0.00      0.00
05:31:37 PM      0.51      0.00      0.00      0.00      0.51
05:31:39 PM      0.50      0.00      0.00      0.00      0.50
05:31:41 PM      0.00      0.00      0.00      0.00      0.00
05:31:43 PM      0.50      0.00      0.00      0.00      0.50
05:31:45 PM      0.50      0.00      0.00      0.00      0.50
05:31:47 PM      0.00      0.00      3.55      0.00      0.00
05:31:49 PM      0.51      0.00      0.00      0.00      0.51
05:31:51 PM      0.50      0.00      0.00      0.00      0.50
05:31:53 PM      0.00      0.00      0.00      0.00      0.00
05:31:55 PM      0.50      0.00      0.00      0.00      0.50
05:31:57 PM      0.51      0.00      4.10      0.00      0.51
05:31:59 PM      0.00      0.00      0.00      0.00      0.00
05:32:01 PM      0.51      0.00      0.00      0.00      0.51
05:32:03 PM      0.51      0.00     13.85      0.00      0.51
05:32:05 PM      0.00      0.00      5.67      0.00      0.00
05:32:07 PM      0.51      0.00      1.03      0.00      0.51
05:32:09 PM      0.52      0.00      0.00      0.00      0.52
05:32:11 PM      0.00      0.00     66.50      0.00      0.00
05:32:13 PM      0.50      0.00     23.50      0.00      0.50
05:32:15 PM      0.50      0.00     20.60      0.00      0.50
05:32:17 PM      0.00      0.00     14.14      0.00      0.00
05:32:19 PM      0.50      0.00     38.81      0.00      0.50
05:32:21 PM      0.51      0.00     32.99      0.00      0.51
05:32:23 PM      0.00      0.00     46.94      0.00      0.00
05:32:25 PM      0.52      0.00     15.98      0.00      0.52
05:32:27 PM      0.52      0.00     27.98      0.00      0.52
05:32:29 PM      0.00      0.00     35.90      0.00      0.00
05:32:31 PM      0.52      0.00     78.35      0.00      0.52
05:32:33 PM      0.50      0.00     66.33      0.00      0.50
05:32:35 PM      0.00      0.00     37.88      0.00      0.00
05:32:37 PM      0.51      0.00     15.15      0.00      0.51
05:32:39 PM      0.51      0.00     16.67      0.00      0.51
05:32:41 PM      0.00      0.00      1.52      0.00      0.00
05:32:43 PM      0.52      0.00     33.16      0.00      0.52
05:32:45 PM      0.51      0.00     27.04      0.00      0.51
05:32:47 PM      0.00      0.00     59.07      0.00      0.00
05:32:49 PM      0.51      0.00     24.62      0.00      0.51
05:32:51 PM      0.51      0.00     49.49      0.00      0.51
05:32:53 PM      0.00      0.00      7.58      0.00      0.00
05:32:55 PM      0.50      0.00     11.50      0.00      0.50
05:32:57 PM      0.51      0.00     41.12      0.00      0.51
05:32:59 PM      0.00      0.00     42.71      0.00      0.00
05:33:01 PM      0.50      0.00     38.69      0.00      0.50
05:33:03 PM      0.51      0.00     14.21      0.00      0.51
05:33:05 PM      0.00      0.00     29.02      0.00      0.00
05:33:07 PM      0.51      0.00     36.22      0.00      0.51
05:33:09 PM      0.52      0.00     55.67      0.00      0.52
05:33:11 PM      0.00      0.00     47.45      0.00      0.00
05:33:13 PM      0.50      0.00     34.17      0.00      0.50
05:33:15 PM      0.51      0.00     57.36      0.00      0.51
05:33:17 PM      0.00      0.00     41.92      0.00      0.00
05:33:19 PM      0.51      0.00     45.96      0.00      0.51
05:33:21 PM      0.50      0.00     22.61      0.00      0.50
05:33:23 PM      0.00      0.00     24.62      0.00      0.00
05:33:25 PM      0.52      0.00     31.61      0.00      0.52
05:33:27 PM      0.52      0.00     40.93      0.00      0.52
05:33:29 PM      0.00      0.00     36.22      0.00      0.00
05:33:31 PM      0.52      0.00     22.16      0.00      0.52
05:33:33 PM      0.50      0.00     29.65      0.00      0.50
05:33:35 PM      0.00      0.00     27.64      0.00      0.00
05:33:37 PM      0.50      0.00     46.23      0.00      0.50
05:33:39 PM      0.50      0.00     26.13      0.00      0.50
05:33:41 PM      0.00      0.00     19.60      0.00      0.00
05:33:43 PM      0.52      0.00     81.25      0.00      0.52
05:33:45 PM      0.50      0.00     23.62      0.00      0.50
05:33:47 PM      0.00      0.00     31.44      0.00      0.00
05:33:49 PM      0.52      0.00     26.80      0.00      0.52
05:33:51 PM      0.50      0.00     24.12      0.00      0.50
05:33:53 PM      0.00      0.00     57.58      0.00      0.00
05:33:55 PM      0.51      0.00     26.26      0.00      0.51
05:33:57 PM      0.51      0.00     34.85      0.00      0.51
05:33:59 PM      0.00      0.00     37.37      0.00      0.00
05:34:01 PM      0.51      0.00     46.46      0.00      0.51
05:34:03 PM      0.51      0.00     17.86      0.00      0.51
05:34:05 PM      0.00      0.00     18.97      0.00      0.00
05:34:07 PM      0.51      0.00     43.37      0.00      0.51
05:34:09 PM      0.52      0.00     16.06      0.00      0.52
05:34:11 PM      0.00      0.00     39.80      0.00      0.00
05:34:13 PM      0.51      0.00     29.80      0.00      0.51
05:34:15 PM      0.51      0.00     16.16      0.00      0.51
05:34:17 PM      0.00      0.00     29.15      0.00      0.00
05:34:19 PM      0.51      0.00     44.44      0.00      0.51
05:34:21 PM      0.51      0.00     55.05      0.00      0.51
05:34:23 PM      0.00      0.00     64.43      0.00      0.00
05:34:25 PM      0.52      0.00     48.70      0.00      0.52
05:34:27 PM      0.52      0.00     32.47      0.00      0.52
05:34:29 PM      0.00      0.00     12.24      0.00      0.00
05:34:31 PM      0.51      0.00     36.22      0.00      0.51
05:34:33 PM      0.50      0.00     33.67      0.00      0.50
05:34:35 PM      0.00      0.00     15.42      0.00      0.00
05:34:37 PM      0.50      0.00     26.63      0.00      0.50
05:34:39 PM      0.50      0.00     30.85      0.00      0.50
05:34:41 PM      0.00      0.00     38.66      0.00      0.00
05:34:43 PM      0.52      0.00     53.09      0.00      0.52
05:34:45 PM      0.51      0.00      0.00      0.00      0.51
05:34:47 PM      0.00      0.00      0.00      0.00      0.00
05:34:49 PM      0.51      0.00      0.00      0.00      0.51
05:34:51 PM      0.51      0.00      0.00      0.00      0.51
05:34:53 PM      0.00      0.00      0.00      0.00      0.00
05:34:55 PM      0.50      0.00      0.00      0.00      0.50
05:34:57 PM      0.50      0.00      0.00      0.00      0.50
05:34:59 PM      0.00      0.00      0.00      0.00      0.00
05:35:01 PM      0.50      0.00      0.00      0.00      0.50
05:35:03 PM      0.50      0.00      0.00      0.00      0.50
05:35:05 PM      0.00      0.00      0.00      0.00      0.00
05:35:07 PM      0.50      0.00      0.00      0.00      0.50
05:35:09 PM      0.50      0.00      0.00      0.00      0.50
05:35:11 PM      0.00      0.00      0.00      0.00      0.00
05:35:13 PM      0.50      0.00      0.00      0.00      0.50
05:35:15 PM      0.50      0.00      0.00      0.00      0.50
05:35:17 PM      0.00      0.00      0.00      0.00      0.00
05:35:19 PM      0.50      0.00      0.00      0.00      0.50
05:35:21 PM      0.50      0.00      0.00      0.00      0.50
05:35:23 PM      0.00      0.00      0.00      0.00      0.00
05:35:25 PM      0.50      0.00      0.00      0.00      0.50
