22:17:43
198
22:17:45
240
22:17:48
250
22:17:50
263
22:17:52
263
22:17:54
263
22:17:56
263
22:17:59
263
22:18:01
263
22:18:03
263
22:18:05
263
22:18:08
263
22:18:10
263
22:18:12
263
22:18:14
263
22:18:16
263
22:18:19
263
22:18:21
263
22:18:23
263
22:18:25
263
22:18:28
263
22:18:30
262
22:18:32
262
22:18:34
262
22:18:37
262
22:18:39
261
22:18:41
261
22:18:44
261
22:18:46
261
22:18:48
261
22:18:50
261
22:18:52
261
22:18:55
261
22:18:57
261
22:18:59
261
22:19:01
261
22:19:04
261
22:19:06
261
22:19:08
261
22:19:10
261
22:19:12
261
22:19:15
261
22:19:17
261
22:19:19
261
22:19:21
261
22:19:24
261
22:19:26
261
22:19:28
261
22:19:30
260
22:19:33
260
22:19:35
260
22:19:37
260
22:19:39
259
22:19:41
259
22:19:44
259
22:19:46
259
22:19:48
259
22:19:50
259
22:19:53
259
22:19:55
259
22:19:57
259
22:19:59
259
22:20:02
259
22:20:04
259
22:20:06
259
22:20:08
259
22:20:10
259
22:20:13
259
22:20:15
259
22:20:17
259
22:20:19
259
22:20:22
259
22:20:24
259
22:20:26
259
22:20:28
259
22:20:31
258
22:20:33
258
22:20:35
258
22:20:37
258
22:20:39
257
22:20:42
257
22:20:44
257
22:20:46
257
22:20:48
257
22:20:51
257
22:20:53
257
22:20:55
257
22:20:57
257
22:21:00
257
22:21:02
257
22:21:04
257
22:21:06
257
22:21:08
257
22:21:11
257
22:21:13
257
22:21:15
257
22:21:17
257
22:21:20
257
22:21:22
257
22:21:24
257
22:21:26
257
22:21:28
257
22:21:31
257
22:21:33
257
22:21:35
257
22:21:37
257
22:21:39
256
22:21:42
256
22:21:44
256
22:21:46
256
22:21:48
257
22:21:51
257
22:21:53
257
22:21:55
257
22:21:57
257
22:21:59
257
22:22:02
257
22:22:04
257
22:22:06
257
22:22:08
257
22:22:11
257
22:22:13
257
22:22:15
257
22:22:17
257
22:22:20
257
22:22:22
257
22:22:24
257
22:22:26
257
22:22:28
257
22:22:31
256
22:22:33
256
22:22:35
256
22:22:37
256
22:22:39
255
22:22:42
255
22:22:44
255
22:22:46
255
22:22:48
256
22:22:51
256
22:22:53
256
22:22:55
256
22:22:57
256
22:22:59
256
22:23:02
256
22:23:04
256
22:23:06
256
22:23:08
256
22:23:11
256
22:23:13
256
22:23:15
256
22:23:17
256
22:23:19
256
22:23:22
256
22:23:24
256
22:23:26
256
22:23:28
256
22:23:30
255
22:23:33
255
22:23:35
255
22:23:37
255
22:23:39
254
22:23:41
254
22:23:44
254
22:23:46
254
22:23:48
254
22:23:50
254
22:23:53
254
22:23:55
254
22:23:57
254
22:23:59
254
22:24:02
254
22:24:04
254
22:24:06
254
22:24:08
254
22:24:10
254
22:24:13
254
22:24:15
255
22:24:17
255
22:24:19
255
22:24:21
255
22:24:24
255
22:24:26
255
22:24:28
255
22:24:30
255
22:24:32
254
22:24:35
254
22:24:37
254
22:24:39
253
22:24:41
253
22:24:43
253
22:24:46
254
22:24:48
254
22:24:50
254
22:24:52
254
22:24:54
254
22:24:57
254
22:24:59
254
22:25:01
254
22:25:03
254
22:25:05
254
22:25:08
254
22:25:10
254
22:25:12
254
22:25:14
254
22:25:16
254
22:25:19
254
22:25:21
254
22:25:23
254
22:25:25
254
22:25:27
254
22:25:30
254
22:25:32
253
22:25:34
253
22:25:36
253
22:25:38
252
22:25:41
252
22:25:43
252
22:25:45
252
22:25:47
252
22:25:49
252
22:25:51
252
22:25:54
252
22:25:56
252
22:25:58
252
22:26:00
252
22:26:02
252
22:26:05
252
22:26:07
252
22:26:09
252
22:26:11
252
22:26:13
252
22:26:16
253
22:26:18
253
22:26:20
253
22:26:22
253
22:26:24
253
22:26:27
253
22:26:29
253
22:26:31
252
22:26:33
253
22:26:36
253
22:26:38
253
22:26:40
252
22:26:42
252
22:26:45
252
22:26:47
252
22:26:49
252
22:26:51
252
22:26:54
252
22:26:56
252
22:26:58
252
22:27:00
252
22:27:02
252
22:27:05
252
22:27:07
252
22:27:09
252
22:27:11
252
22:27:14
252
22:27:16
252
22:27:18
252
22:27:20
252
22:27:23
252
22:27:25
252
22:27:27
252
22:27:29
252
22:27:32
251
22:27:34
251
22:27:36
251
22:27:38
251
22:27:40
250
22:27:43
250
22:27:45
250
22:27:47
250
22:27:49
250
22:27:52
251
22:27:54
251
22:27:56
251
22:27:58
251
22:28:01
251
22:28:03
251
22:28:05
251
22:28:07
251
22:28:09
251
22:28:12
251
22:28:14
251
22:28:16
251
22:28:18
251
22:28:21
251
22:28:23
251
22:28:25
251
22:28:27
251
22:28:30
251
22:28:32
250
22:28:34
250
22:28:36
250
22:28:39
249
22:28:41
249
22:28:43
249
22:28:45
249
22:28:48
249
22:28:50
249
22:28:52
249
22:28:54
249
22:28:57
249
22:28:59
249
22:29:01
249
22:29:03
249
22:29:05
249
22:29:08
249
22:29:10
250
22:29:12
250
22:29:14
250
22:29:17
250
22:29:19
250
22:29:21
250
22:29:23
250
22:29:26
250
22:29:28
250
22:29:30
250
22:29:32
249
22:29:34
249
22:29:37
249
22:29:39
248
22:29:41
248
22:29:43
248
22:29:46
248
22:29:48
248
22:29:50
248
22:29:52
248
22:29:54
248
22:29:57
248
22:29:59
248
22:30:01
248
22:30:03
248
22:30:06
248
22:30:08
248
22:30:10
248
22:30:12
248
22:30:14
248
22:30:17
248
22:30:19
248
22:30:21
248
22:30:23
248
22:30:26
248
22:30:28
248
22:30:30
248
22:30:32
248
22:30:34
248
22:30:37
248
22:30:39
247
22:30:41
247
22:30:43
247
22:30:46
247
22:30:48
248
22:30:50
248
22:30:52
248
22:30:54
248
22:30:57
248
22:30:59
248
22:31:01
248
22:31:03
248
22:31:06
248
22:31:08
248
22:31:10
248
22:31:12
248
22:31:14
248
22:31:17
248
22:31:19
248
22:31:21
248
22:31:23
248
22:31:26
248
22:31:28
248
22:31:30
248
22:31:32
247
22:31:35
247
22:31:37
247
22:31:39
246
22:31:41
246
22:31:43
246
22:31:46
246
22:31:48
246
22:31:50
246
22:31:52
246
22:31:55
246
22:31:57
246
22:31:59
246
22:32:01
246
22:32:03
246
22:32:06
246
22:32:08
246
22:32:10
246
22:32:12
246
22:32:15
246
22:32:17
246
22:32:19
246
22:32:21
246
22:32:24
246
22:32:26
246
22:32:28
246
22:32:30
246
22:32:32
246
22:32:35
246
22:32:37
246
22:32:39
245
22:32:41
245
22:32:44
245
22:32:46
245
22:32:48
245
22:32:50
245
22:32:52
245
22:32:55
245
22:32:57
245
22:32:59
245
22:33:01
245
22:33:04
245
22:33:06
245
22:33:08
245
22:33:10
245
22:33:12
245
22:33:15
245
22:33:17
245
22:33:19
245
22:33:21
245
22:33:24
245
22:33:26
245
22:33:28
245
22:33:30
245
22:33:32
245
22:33:35
245
22:33:37
245
22:33:39
244
22:33:41
244
22:33:44
244
22:33:46
244
22:33:48
244
22:33:50
244
22:33:52
244
22:33:55
244
22:33:57
245
22:33:59
245
22:34:01
245
22:34:04
245
22:34:06
245
22:34:08
245
22:34:10
245
22:34:12
245
22:34:15
245
22:34:17
245
22:34:19
245
22:34:21
245
22:34:24
245
22:34:26
245
22:34:28
245
22:34:30
245
22:34:32
244
22:34:35
244
22:34:37
244
22:34:39
243
22:34:41
243
22:34:44
243
22:34:46
243
22:34:48
243
22:34:50
243
22:34:53
243
22:34:55
243
22:34:57
243
22:34:59
243
22:35:01
243
22:35:04
243
22:35:06
243
22:35:08
243
22:35:10
243
22:35:12
243
22:35:14
243
22:35:16
243
22:35:18
243
22:35:21
243
22:35:23
243
22:35:25
243
