Time      compact_pages_moved compact_stall compact_fail compact_success thp_fault_alloc thp_fault_fallback thp_collapse_alloc thp_collapse_alloc_failed thp_split
22:17:43  0                   0             0            0               86658           0                  1642               0                         245      
22:17:45  0                   0             0            0               86658           0                  1642               0                         245      
22:17:47  0                   0             0            0               86658           0                  1642               0                         245      
22:17:49  0                   0             0            0               86658           0                  1642               0                         245      
22:17:51  0                   0             0            0               86658           0                  1642               0                         245      
22:17:53  0                   0             0            0               86658           0                  1642               0                         245      
22:17:55  0                   0             0            0               86658           0                  1642               0                         245      
22:17:57  0                   0             0            0               86658           0                  1642               0                         245      
22:17:59  0                   0             0            0               86658           0                  1642               0                         245      
22:18:01  0                   0             0            0               86658           0                  1642               0                         245      
22:18:03  0                   0             0            0               86658           0                  1642               0                         245      
22:18:05  0                   0             0            0               86658           0                  1642               0                         245      
22:18:07  0                   0             0            0               86658           0                  1642               0                         245      
22:18:09  0                   0             0            0               86658           0                  1642               0                         245      
22:18:11  0                   0             0            0               86658           0                  1642               0                         245      
22:18:13  0                   0             0            0               86658           0                  1642               0                         245      
22:18:15  0                   0             0            0               86658           0                  1642               0                         245      
22:18:17  0                   0             0            0               86658           0                  1642               0                         245      
22:18:20  0                   0             0            0               86658           0                  1642               0                         245      
22:18:22  0                   0             0            0               86658           0                  1642               0                         245      
22:18:24  0                   0             0            0               86658           0                  1642               0                         245      
22:18:26  0                   0             0            0               86658           0                  1642               0                         245      
22:18:28  0                   0             0            0               86658           0                  1642               0                         245      
22:18:30  0                   0             0            0               86658           0                  1642               0                         245      
22:18:32  0                   0             0            0               86658           0                  1642               0                         245      
22:18:34  0                   0             0            0               86658           0                  1642               0                         245      
22:18:36  0                   0             0            0               86658           0                  1642               0                         245      
22:18:38  0                   0             0            0               86658           0                  1642               0                         245      
22:18:40  0                   0             0            0               86658           0                  1642               0                         245      
22:18:42  0                   0             0            0               86658           0                  1642               0                         245      
22:18:44  0                   0             0            0               86658           0                  1642               0                         245      
22:18:46  0                   0             0            0               86658           0                  1642               0                         245      
22:18:48  0                   0             0            0               86658           0                  1642               0                         245      
22:18:50  0                   0             0            0               86658           0                  1642               0                         245      
22:18:52  0                   0             0            0               86658           0                  1642               0                         245      
22:18:54  0                   0             0            0               86658           0                  1642               0                         245      
22:18:56  0                   0             0            0               86658           0                  1642               0                         245      
22:18:58  0                   0             0            0               86658           0                  1642               0                         245      
22:19:00  0                   0             0            0               86658           0                  1642               0                         245      
22:19:02  0                   0             0            0               86658           0                  1642               0                         245      
22:19:04  0                   0             0            0               86658           0                  1642               0                         245      
22:19:06  0                   0             0            0               86658           0                  1642               0                         245      
22:19:08  0                   0             0            0               86658           0                  1642               0                         245      
22:19:10  0                   0             0            0               86658           0                  1642               0                         245      
22:19:12  0                   0             0            0               86658           0                  1642               0                         245      
22:19:14  0                   0             0            0               86658           0                  1642               0                         245      
22:19:16  0                   0             0            0               86658           0                  1642               0                         245      
22:19:18  0                   0             0            0               86658           0                  1642               0                         245      
22:19:20  0                   0             0            0               86658           0                  1642               0                         245      
22:19:22  0                   0             0            0               86658           0                  1642               0                         245      
22:19:24  0                   0             0            0               86658           0                  1643               0                         245      
Time      compact_pages_moved compact_stall compact_fail compact_success thp_fault_alloc thp_fault_fallback thp_collapse_alloc thp_collapse_alloc_failed thp_split
22:19:26  0                   0             0            0               86658           0                  1643               0                         245      
22:19:28  0                   0             0            0               86658           0                  1643               0                         245      
22:19:30  0                   0             0            0               86658           0                  1643               0                         245      
22:19:32  0                   0             0            0               86658           0                  1643               0                         245      
22:19:34  0                   0             0            0               86658           0                  1643               0                         245      
22:19:36  0                   0             0            0               86658           0                  1643               0                         245      
22:19:38  0                   0             0            0               86658           0                  1643               0                         245      
22:19:40  0                   0             0            0               86658           0                  1643               0                         245      
22:19:42  0                   0             0            0               86658           0                  1643               0                         245      
22:19:44  0                   0             0            0               86658           0                  1643               0                         245      
22:19:46  0                   0             0            0               86658           0                  1643               0                         245      
22:19:48  0                   0             0            0               86658           0                  1643               0                         245      
22:19:50  0                   0             0            0               86658           0                  1643               0                         245      
22:19:52  0                   0             0            0               86658           0                  1643               0                         245      
22:19:54  0                   0             0            0               86658           0                  1643               0                         245      
22:19:56  0                   0             0            0               86658           0                  1643               0                         245      
22:19:58  0                   0             0            0               86658           0                  1643               0                         245      
22:20:00  0                   0             0            0               86658           0                  1643               0                         245      
22:20:02  0                   0             0            0               86658           0                  1643               0                         245      
22:20:04  0                   0             0            0               86658           0                  1643               0                         245      
22:20:06  0                   0             0            0               86658           0                  1643               0                         245      
22:20:08  0                   0             0            0               86658           0                  1643               0                         245      
22:20:10  0                   0             0            0               86658           0                  1643               0                         245      
22:20:12  0                   0             0            0               86658           0                  1643               0                         245      
22:20:14  0                   0             0            0               86658           0                  1643               0                         245      
22:20:16  0                   0             0            0               86658           0                  1643               0                         245      
22:20:18  0                   0             0            0               86658           0                  1643               0                         245      
22:20:20  0                   0             0            0               86658           0                  1643               0                         245      
22:20:22  0                   0             0            0               86658           0                  1643               0                         245      
22:20:24  0                   0             0            0               86658           0                  1643               0                         245      
22:20:26  0                   0             0            0               86658           0                  1643               0                         245      
22:20:28  0                   0             0            0               86658           0                  1643               0                         245      
22:20:30  0                   0             0            0               86658           0                  1643               0                         245      
22:20:32  0                   0             0            0               86658           0                  1643               0                         245      
22:20:34  0                   0             0            0               86658           0                  1643               0                         245      
22:20:36  0                   0             0            0               86658           0                  1643               0                         245      
22:20:38  0                   0             0            0               86658           0                  1643               0                         245      
22:20:40  0                   0             0            0               86658           0                  1643               0                         245      
22:20:42  0                   0             0            0               86658           0                  1643               0                         245      
22:20:44  0                   0             0            0               86658           0                  1643               0                         245      
22:20:46  0                   0             0            0               86658           0                  1643               0                         245      
22:20:48  0                   0             0            0               86658           0                  1643               0                         245      
22:20:50  0                   0             0            0               86658           0                  1643               0                         245      
22:20:52  0                   0             0            0               86658           0                  1643               0                         245      
22:20:54  0                   0             0            0               86658           0                  1643               0                         245      
22:20:56  0                   0             0            0               86658           0                  1643               0                         245      
22:20:58  0                   0             0            0               86658           0                  1643               0                         245      
22:21:00  0                   0             0            0               86658           0                  1643               0                         245      
22:21:02  0                   0             0            0               86658           0                  1643               0                         245      
22:21:05  0                   0             0            0               86658           0                  1643               0                         245      
22:21:07  0                   0             0            0               86658           0                  1643               0                         245      
Time      compact_pages_moved compact_stall compact_fail compact_success thp_fault_alloc thp_fault_fallback thp_collapse_alloc thp_collapse_alloc_failed thp_split
22:21:09  0                   0             0            0               86658           0                  1643               0                         245      
22:21:11  0                   0             0            0               86658           0                  1643               0                         245      
22:21:13  0                   0             0            0               86658           0                  1643               0                         245      
22:21:15  0                   0             0            0               86658           0                  1643               0                         245      
22:21:17  0                   0             0            0               86658           0                  1643               0                         245      
22:21:19  0                   0             0            0               86658           0                  1643               0                         245      
22:21:21  0                   0             0            0               86658           0                  1643               0                         245      
22:21:23  0                   0             0            0               86658           0                  1643               0                         245      
22:21:25  0                   0             0            0               86658           0                  1643               0                         245      
22:21:27  0                   0             0            0               86658           0                  1643               0                         245      
22:21:29  0                   0             0            0               86658           0                  1643               0                         245      
22:21:31  0                   0             0            0               86658           0                  1643               0                         245      
22:21:33  0                   0             0            0               86658           0                  1643               0                         245      
22:21:35  0                   0             0            0               86658           0                  1643               0                         245      
22:21:37  0                   0             0            0               86658           0                  1643               0                         245      
22:21:39  0                   0             0            0               86658           0                  1643               0                         245      
22:21:41  0                   0             0            0               86658           0                  1643               0                         245      
22:21:43  0                   0             0            0               86658           0                  1643               0                         245      
22:21:45  0                   0             0            0               86658           0                  1643               0                         245      
22:21:47  0                   0             0            0               86658           0                  1643               0                         245      
22:21:49  0                   0             0            0               86658           0                  1643               0                         245      
22:21:51  0                   0             0            0               86658           0                  1643               0                         245      
22:21:53  0                   0             0            0               86658           0                  1643               0                         245      
22:21:55  0                   0             0            0               86658           0                  1643               0                         245      
22:21:57  0                   0             0            0               86658           0                  1643               0                         245      
22:21:59  0                   0             0            0               86658           0                  1643               0                         245      
22:22:01  0                   0             0            0               86658           0                  1643               0                         245      
22:22:03  0                   0             0            0               86658           0                  1643               0                         245      
22:22:05  0                   0             0            0               86658           0                  1643               0                         245      
22:22:07  0                   0             0            0               86658           0                  1643               0                         245      
22:22:09  0                   0             0            0               86658           0                  1643               0                         245      
22:22:11  0                   0             0            0               86658           0                  1643               0                         245      
22:22:13  0                   0             0            0               86658           0                  1643               0                         245      
22:22:15  0                   0             0            0               86658           0                  1643               0                         245      
22:22:17  0                   0             0            0               86658           0                  1643               0                         245      
22:22:19  0                   0             0            0               86658           0                  1643               0                         245      
22:22:21  0                   0             0            0               86658           0                  1643               0                         245      
22:22:23  0                   0             0            0               86658           0                  1643               0                         245      
22:22:25  0                   0             0            0               86658           0                  1645               0                         245      
22:22:27  0                   0             0            0               86658           0                  1645               0                         245      
22:22:29  0                   0             0            0               86658           0                  1645               0                         245      
22:22:31  0                   0             0            0               86658           0                  1645               0                         245      
22:22:33  0                   0             0            0               86658           0                  1645               0                         245      
22:22:35  0                   0             0            0               86658           0                  1653               0                         245      
22:22:37  0                   0             0            0               86658           0                  1653               0                         245      
22:22:39  0                   0             0            0               86658           0                  1653               0                         245      
22:22:41  0                   0             0            0               86658           0                  1653               0                         245      
22:22:43  0                   0             0            0               86658           0                  1653               0                         245      
22:22:45  0                   0             0            0               86658           0                  1654               0                         245      
22:22:47  0                   0             0            0               86658           0                  1654               0                         245      
22:22:49  0                   0             0            0               86658           0                  1654               0                         245      
Time      compact_pages_moved compact_stall compact_fail compact_success thp_fault_alloc thp_fault_fallback thp_collapse_alloc thp_collapse_alloc_failed thp_split
22:22:51  0                   0             0            0               86658           0                  1654               0                         245      
22:22:53  0                   0             0            0               86658           0                  1654               0                         245      
22:22:55  0                   0             0            0               86658           0                  1654               0                         245      
22:22:57  0                   0             0            0               86658           0                  1654               0                         245      
22:22:59  0                   0             0            0               86658           0                  1654               0                         245      
22:23:01  0                   0             0            0               86658           0                  1654               0                         245      
22:23:03  0                   0             0            0               86658           0                  1654               0                         245      
22:23:05  0                   0             0            0               86658           0                  1654               0                         245      
22:23:07  0                   0             0            0               86658           0                  1654               0                         245      
22:23:09  0                   0             0            0               86658           0                  1654               0                         245      
22:23:11  0                   0             0            0               86658           0                  1654               0                         245      
22:23:13  0                   0             0            0               86658           0                  1654               0                         245      
22:23:15  0                   0             0            0               86658           0                  1654               0                         245      
22:23:17  0                   0             0            0               86658           0                  1654               0                         245      
22:23:19  0                   0             0            0               86658           0                  1654               0                         245      
22:23:21  0                   0             0            0               86658           0                  1654               0                         245      
22:23:23  0                   0             0            0               86658           0                  1654               0                         245      
22:23:25  0                   0             0            0               86658           0                  1654               0                         245      
22:23:27  0                   0             0            0               86658           0                  1654               0                         245      
22:23:29  0                   0             0            0               86658           0                  1654               0                         245      
22:23:31  0                   0             0            0               86658           0                  1654               0                         245      
22:23:33  0                   0             0            0               86658           0                  1654               0                         245      
22:23:35  0                   0             0            0               86658           0                  1654               0                         245      
22:23:37  0                   0             0            0               86658           0                  1654               0                         245      
22:23:39  0                   0             0            0               86658           0                  1654               0                         245      
22:23:41  0                   0             0            0               86658           0                  1654               0                         245      
22:23:43  0                   0             0            0               86658           0                  1654               0                         245      
22:23:45  0                   0             0            0               86658           0                  1654               0                         245      
22:23:47  0                   0             0            0               86658           0                  1654               0                         245      
22:23:49  0                   0             0            0               86658           0                  1654               0                         245      
22:23:51  0                   0             0            0               86658           0                  1654               0                         245      
22:23:53  0                   0             0            0               86658           0                  1654               0                         245      
22:23:55  0                   0             0            0               86658           0                  1654               0                         245      
22:23:57  0                   0             0            0               86658           0                  1654               0                         245      
22:23:59  0                   0             0            0               86658           0                  1654               0                         245      
22:24:01  0                   0             0            0               86658           0                  1654               0                         245      
22:24:03  0                   0             0            0               86658           0                  1654               0                         245      
22:24:05  0                   0             0            0               86658           0                  1654               0                         245      
22:24:07  0                   0             0            0               86658           0                  1654               0                         245      
22:24:09  0                   0             0            0               86658           0                  1654               0                         245      
22:24:11  0                   0             0            0               86658           0                  1654               0                         245      
22:24:13  0                   0             0            0               86658           0                  1654               0                         245      
22:24:15  0                   0             0            0               86658           0                  1654               0                         245      
22:24:18  0                   0             0            0               86658           0                  1654               0                         245      
22:24:20  0                   0             0            0               86658           0                  1654               0                         245      
22:24:22  0                   0             0            0               86658           0                  1654               0                         245      
22:24:24  0                   0             0            0               86658           0                  1654               0                         245      
22:24:26  0                   0             0            0               86658           0                  1654               0                         245      
22:24:28  0                   0             0            0               86658           0                  1654               0                         245      
22:24:30  0                   0             0            0               86658           0                  1654               0                         245      
22:24:32  0                   0             0            0               86658           0                  1654               0                         245      
Time      compact_pages_moved compact_stall compact_fail compact_success thp_fault_alloc thp_fault_fallback thp_collapse_alloc thp_collapse_alloc_failed thp_split
22:24:34  0                   0             0            0               86658           0                  1654               0                         245      
22:24:36  0                   0             0            0               86658           0                  1654               0                         245      
22:24:38  0                   0             0            0               86658           0                  1654               0                         245      
22:24:40  0                   0             0            0               86658           0                  1654               0                         245      
22:24:42  0                   0             0            0               86658           0                  1654               0                         245      
22:24:44  0                   0             0            0               86658           0                  1654               0                         245      
22:24:46  0                   0             0            0               86658           0                  1654               0                         245      
22:24:48  0                   0             0            0               86658           0                  1654               0                         245      
22:24:50  0                   0             0            0               86658           0                  1654               0                         245      
22:24:52  0                   0             0            0               86658           0                  1654               0                         245      
22:24:54  0                   0             0            0               86658           0                  1654               0                         245      
22:24:56  0                   0             0            0               86658           0                  1654               0                         245      
22:24:58  0                   0             0            0               86658           0                  1654               0                         245      
22:25:00  0                   0             0            0               86658           0                  1654               0                         245      
22:25:02  0                   0             0            0               86658           0                  1654               0                         245      
22:25:04  0                   0             0            0               86658           0                  1654               0                         245      
22:25:06  0                   0             0            0               86658           0                  1654               0                         245      
22:25:08  0                   0             0            0               86658           0                  1654               0                         245      
22:25:10  0                   0             0            0               86658           0                  1654               0                         245      
22:25:12  0                   0             0            0               86658           0                  1654               0                         245      
22:25:14  0                   0             0            0               86658           0                  1654               0                         245      
22:25:16  0                   0             0            0               86658           0                  1654               0                         245      
22:25:18  0                   0             0            0               86658           0                  1654               0                         245      
22:25:20  0                   0             0            0               86658           0                  1654               0                         245      
22:25:22  0                   0             0            0               86658           0                  1654               0                         245      
22:25:24  0                   0             0            0               86658           0                  1654               0                         245      
22:25:26  0                   0             0            0               86658           0                  1654               0                         245      
22:25:28  0                   0             0            0               86658           0                  1654               0                         245      
22:25:30  0                   0             0            0               86658           0                  1654               0                         245      
22:25:32  0                   0             0            0               86658           0                  1654               0                         245      
22:25:34  0                   0             0            0               86658           0                  1654               0                         245      
22:25:36  0                   0             0            0               86658           0                  1654               0                         245      
22:25:38  0                   0             0            0               86658           0                  1654               0                         245      
22:25:40  0                   0             0            0               86658           0                  1654               0                         245      
22:25:42  0                   0             0            0               86658           0                  1654               0                         245      
22:25:44  0                   0             0            0               86658           0                  1654               0                         245      
22:25:46  0                   0             0            0               86658           0                  1654               0                         245      
22:25:48  0                   0             0            0               86658           0                  1654               0                         245      
22:25:50  0                   0             0            0               86658           0                  1654               0                         245      
22:25:52  0                   0             0            0               86658           0                  1654               0                         245      
22:25:54  0                   0             0            0               86658           0                  1654               0                         245      
22:25:56  0                   0             0            0               86658           0                  1654               0                         245      
22:25:58  0                   0             0            0               86658           0                  1654               0                         245      
22:26:00  0                   0             0            0               86658           0                  1654               0                         245      
22:26:02  0                   0             0            0               86658           0                  1654               0                         245      
22:26:04  0                   0             0            0               86658           0                  1654               0                         245      
22:26:06  0                   0             0            0               86658           0                  1654               0                         245      
22:26:08  0                   0             0            0               86658           0                  1654               0                         245      
22:26:10  0                   0             0            0               86658           0                  1654               0                         245      
22:26:12  0                   0             0            0               86658           0                  1654               0                         245      
22:26:14  0                   0             0            0               86658           0                  1654               0                         245      
Time      compact_pages_moved compact_stall compact_fail compact_success thp_fault_alloc thp_fault_fallback thp_collapse_alloc thp_collapse_alloc_failed thp_split
22:26:16  0                   0             0            0               86658           0                  1654               0                         245      
22:26:18  0                   0             0            0               86658           0                  1654               0                         245      
22:26:20  0                   0             0            0               86658           0                  1654               0                         245      
22:26:22  0                   0             0            0               86658           0                  1654               0                         245      
22:26:24  0                   0             0            0               86658           0                  1654               0                         245      
22:26:26  0                   0             0            0               86658           0                  1654               0                         245      
22:26:28  0                   0             0            0               86658           0                  1654               0                         245      
22:26:30  0                   0             0            0               86658           0                  1654               0                         245      
22:26:32  0                   0             0            0               86658           0                  1654               0                         245      
22:26:34  0                   0             0            0               86658           0                  1654               0                         245      
22:26:36  0                   0             0            0               86658           0                  1654               0                         245      
22:26:38  0                   0             0            0               86658           0                  1654               0                         245      
22:26:40  0                   0             0            0               86658           0                  1654               0                         245      
22:26:42  0                   0             0            0               86658           0                  1654               0                         245      
22:26:44  0                   0             0            0               86658           0                  1654               0                         245      
22:26:46  0                   0             0            0               86658           0                  1654               0                         245      
22:26:48  0                   0             0            0               86658           0                  1654               0                         245      
22:26:50  0                   0             0            0               86658           0                  1654               0                         245      
22:26:52  0                   0             0            0               86658           0                  1654               0                         245      
22:26:54  0                   0             0            0               86658           0                  1654               0                         245      
22:26:56  0                   0             0            0               86658           0                  1654               0                         245      
22:26:58  0                   0             0            0               86658           0                  1654               0                         245      
22:27:00  0                   0             0            0               86658           0                  1654               0                         245      
22:27:02  0                   0             0            0               86658           0                  1654               0                         245      
22:27:04  0                   0             0            0               86658           0                  1654               0                         245      
22:27:06  0                   0             0            0               86658           0                  1654               0                         245      
22:27:08  0                   0             0            0               86658           0                  1654               0                         245      
22:27:10  0                   0             0            0               86658           0                  1654               0                         245      
22:27:12  0                   0             0            0               86658           0                  1654               0                         245      
22:27:14  0                   0             0            0               86658           0                  1654               0                         245      
22:27:16  0                   0             0            0               86658           0                  1654               0                         245      
22:27:18  0                   0             0            0               86658           0                  1654               0                         245      
22:27:21  0                   0             0            0               86658           0                  1654               0                         245      
22:27:23  0                   0             0            0               86658           0                  1654               0                         245      
22:27:25  0                   0             0            0               86658           0                  1654               0                         245      
22:27:27  0                   0             0            0               86658           0                  1654               0                         245      
22:27:29  0                   0             0            0               86658           0                  1654               0                         245      
22:27:31  0                   0             0            0               86658           0                  1654               0                         245      
22:27:33  0                   0             0            0               86658           0                  1654               0                         245      
22:27:35  0                   0             0            0               86658           0                  1654               0                         245      
22:27:37  0                   0             0            0               86658           0                  1654               0                         245      
22:27:39  0                   0             0            0               86658           0                  1654               0                         245      
22:27:41  0                   0             0            0               86658           0                  1654               0                         245      
22:27:43  0                   0             0            0               86658           0                  1654               0                         245      
22:27:45  0                   0             0            0               86658           0                  1654               0                         245      
22:27:47  0                   0             0            0               86658           0                  1654               0                         245      
22:27:49  0                   0             0            0               86658           0                  1654               0                         245      
22:27:51  0                   0             0            0               86658           0                  1654               0                         245      
22:27:53  0                   0             0            0               86658           0                  1654               0                         245      
22:27:55  0                   0             0            0               86658           0                  1654               0                         245      
22:27:57  0                   0             0            0               86658           0                  1654               0                         245      
Time      compact_pages_moved compact_stall compact_fail compact_success thp_fault_alloc thp_fault_fallback thp_collapse_alloc thp_collapse_alloc_failed thp_split
22:27:59  0                   0             0            0               86658           0                  1654               0                         245      
22:28:01  0                   0             0            0               86658           0                  1654               0                         245      
22:28:03  0                   0             0            0               86658           0                  1654               0                         245      
22:28:05  0                   0             0            0               86658           0                  1654               0                         245      
22:28:07  0                   0             0            0               86658           0                  1654               0                         245      
22:28:09  0                   0             0            0               86658           0                  1654               0                         245      
22:28:11  0                   0             0            0               86658           0                  1654               0                         245      
22:28:13  0                   0             0            0               86658           0                  1654               0                         245      
22:28:15  0                   0             0            0               86658           0                  1654               0                         245      
22:28:17  0                   0             0            0               86658           0                  1654               0                         245      
22:28:19  0                   0             0            0               86658           0                  1654               0                         245      
22:28:21  0                   0             0            0               86658           0                  1654               0                         245      
22:28:23  0                   0             0            0               86658           0                  1654               0                         245      
22:28:25  0                   0             0            0               86658           0                  1654               0                         245      
22:28:27  0                   0             0            0               86658           0                  1654               0                         245      
22:28:29  0                   0             0            0               86658           0                  1654               0                         245      
22:28:31  0                   0             0            0               86658           0                  1654               0                         245      
22:28:33  0                   0             0            0               86658           0                  1654               0                         245      
22:28:35  0                   0             0            0               86658           0                  1654               0                         245      
22:28:37  0                   0             0            0               86658           0                  1654               0                         245      
22:28:39  0                   0             0            0               86658           0                  1654               0                         245      
22:28:41  0                   0             0            0               86658           0                  1654               0                         245      
22:28:43  0                   0             0            0               86658           0                  1654               0                         245      
22:28:45  0                   0             0            0               86658           0                  1654               0                         245      
22:28:47  0                   0             0            0               86658           0                  1654               0                         245      
22:28:49  0                   0             0            0               86658           0                  1654               0                         245      
22:28:51  0                   0             0            0               86658           0                  1654               0                         245      
22:28:53  0                   0             0            0               86658           0                  1654               0                         245      
22:28:55  0                   0             0            0               86658           0                  1654               0                         245      
22:28:57  0                   0             0            0               86658           0                  1654               0                         245      
22:28:59  0                   0             0            0               86658           0                  1654               0                         245      
22:29:01  0                   0             0            0               86658           0                  1654               0                         245      
22:29:03  0                   0             0            0               86658           0                  1654               0                         245      
22:29:05  0                   0             0            0               86658           0                  1654               0                         245      
22:29:07  0                   0             0            0               86658           0                  1654               0                         245      
22:29:09  0                   0             0            0               86658           0                  1654               0                         245      
22:29:11  0                   0             0            0               86658           0                  1654               0                         245      
22:29:13  0                   0             0            0               86658           0                  1654               0                         245      
22:29:15  0                   0             0            0               86658           0                  1654               0                         245      
22:29:17  0                   0             0            0               86658           0                  1654               0                         245      
22:29:19  0                   0             0            0               86658           0                  1654               0                         245      
22:29:21  0                   0             0            0               86658           0                  1654               0                         245      
22:29:23  0                   0             0            0               86658           0                  1654               0                         245      
22:29:25  0                   0             0            0               86658           0                  1654               0                         245      
22:29:27  0                   0             0            0               86658           0                  1654               0                         245      
22:29:29  0                   0             0            0               86658           0                  1654               0                         245      
22:29:31  0                   0             0            0               86658           0                  1654               0                         245      
22:29:33  0                   0             0            0               86658           0                  1654               0                         245      
22:29:35  0                   0             0            0               86658           0                  1654               0                         245      
22:29:37  0                   0             0            0               86658           0                  1654               0                         245      
22:29:39  0                   0             0            0               86658           0                  1654               0                         245      
Time      compact_pages_moved compact_stall compact_fail compact_success thp_fault_alloc thp_fault_fallback thp_collapse_alloc thp_collapse_alloc_failed thp_split
22:29:41  0                   0             0            0               86658           0                  1654               0                         245      
22:29:43  0                   0             0            0               86658           0                  1654               0                         245      
22:29:45  0                   0             0            0               86658           0                  1654               0                         245      
22:29:47  0                   0             0            0               86658           0                  1654               0                         245      
22:29:49  0                   0             0            0               86658           0                  1654               0                         245      
22:29:51  0                   0             0            0               86658           0                  1654               0                         245      
22:29:53  0                   0             0            0               86658           0                  1654               0                         245      
22:29:55  0                   0             0            0               86658           0                  1654               0                         245      
22:29:57  0                   0             0            0               86658           0                  1654               0                         245      
22:30:00  0                   0             0            0               86658           0                  1654               0                         245      
22:30:02  0                   0             0            0               86658           0                  1654               0                         245      
22:30:04  0                   0             0            0               86658           0                  1654               0                         245      
22:30:06  0                   0             0            0               86658           0                  1654               0                         245      
22:30:08  0                   0             0            0               86658           0                  1654               0                         245      
22:30:10  0                   0             0            0               86658           0                  1654               0                         245      
22:30:12  0                   0             0            0               86658           0                  1654               0                         245      
22:30:14  0                   0             0            0               86658           0                  1654               0                         245      
22:30:16  0                   0             0            0               86658           0                  1654               0                         245      
22:30:18  0                   0             0            0               86658           0                  1654               0                         245      
22:30:20  0                   0             0            0               86658           0                  1654               0                         245      
22:30:22  0                   0             0            0               86658           0                  1654               0                         245      
22:30:24  0                   0             0            0               86658           0                  1654               0                         245      
22:30:26  0                   0             0            0               86658           0                  1654               0                         245      
22:30:28  0                   0             0            0               86658           0                  1654               0                         245      
22:30:30  0                   0             0            0               86658           0                  1654               0                         245      
22:30:32  0                   0             0            0               86658           0                  1654               0                         245      
22:30:34  0                   0             0            0               86658           0                  1654               0                         245      
22:30:36  0                   0             0            0               86658           0                  1654               0                         245      
22:30:38  0                   0             0            0               86658           0                  1654               0                         245      
22:30:40  0                   0             0            0               86658           0                  1654               0                         245      
22:30:42  0                   0             0            0               86658           0                  1654               0                         245      
22:30:44  0                   0             0            0               86658           0                  1654               0                         245      
22:30:46  0                   0             0            0               86658           0                  1654               0                         245      
22:30:48  0                   0             0            0               86658           0                  1654               0                         245      
22:30:50  0                   0             0            0               86658           0                  1654               0                         245      
22:30:52  0                   0             0            0               86658           0                  1654               0                         245      
22:30:54  0                   0             0            0               86658           0                  1654               0                         245      
22:30:56  0                   0             0            0               86658           0                  1654               0                         245      
22:30:58  0                   0             0            0               86658           0                  1654               0                         245      
22:31:00  0                   0             0            0               86658           0                  1654               0                         245      
22:31:02  0                   0             0            0               86658           0                  1654               0                         245      
22:31:04  0                   0             0            0               86658           0                  1654               0                         245      
22:31:06  0                   0             0            0               86658           0                  1654               0                         245      
22:31:08  0                   0             0            0               86658           0                  1654               0                         245      
22:31:10  0                   0             0            0               86658           0                  1654               0                         245      
22:31:12  0                   0             0            0               86658           0                  1654               0                         245      
22:31:14  0                   0             0            0               86658           0                  1654               0                         245      
22:31:16  0                   0             0            0               86658           0                  1654               0                         245      
22:31:18  0                   0             0            0               86658           0                  1654               0                         245      
22:31:20  0                   0             0            0               86658           0                  1654               0                         245      
22:31:22  0                   0             0            0               86658           0                  1654               0                         245      
Time      compact_pages_moved compact_stall compact_fail compact_success thp_fault_alloc thp_fault_fallback thp_collapse_alloc thp_collapse_alloc_failed thp_split
22:31:24  0                   0             0            0               86658           0                  1654               0                         245      
22:31:26  0                   0             0            0               86658           0                  1654               0                         245      
22:31:28  0                   0             0            0               86658           0                  1654               0                         245      
22:31:30  0                   0             0            0               86658           0                  1654               0                         245      
22:31:32  0                   0             0            0               86658           0                  1654               0                         245      
22:31:34  0                   0             0            0               86658           0                  1654               0                         245      
22:31:36  0                   0             0            0               86658           0                  1654               0                         245      
22:31:38  0                   0             0            0               86658           0                  1654               0                         245      
22:31:40  0                   0             0            0               86658           0                  1654               0                         245      
22:31:42  0                   0             0            0               86658           0                  1654               0                         245      
22:31:44  0                   0             0            0               86658           0                  1654               0                         245      
22:31:46  0                   0             0            0               86658           0                  1654               0                         245      
22:31:48  0                   0             0            0               86658           0                  1654               0                         245      
22:31:50  0                   0             0            0               86658           0                  1654               0                         245      
22:31:52  0                   0             0            0               86658           0                  1654               0                         245      
22:31:54  0                   0             0            0               86658           0                  1654               0                         245      
22:31:56  0                   0             0            0               86658           0                  1654               0                         245      
22:31:58  0                   0             0            0               86658           0                  1654               0                         245      
22:32:00  0                   0             0            0               86658           0                  1654               0                         245      
22:32:02  0                   0             0            0               86658           0                  1654               0                         245      
22:32:04  0                   0             0            0               86658           0                  1654               0                         245      
22:32:06  0                   0             0            0               86658           0                  1654               0                         245      
22:32:08  0                   0             0            0               86658           0                  1654               0                         245      
22:32:10  0                   0             0            0               86658           0                  1654               0                         245      
22:32:12  0                   0             0            0               86658           0                  1654               0                         245      
22:32:14  0                   0             0            0               86658           0                  1654               0                         245      
22:32:16  0                   0             0            0               86658           0                  1654               0                         245      
22:32:18  0                   0             0            0               86658           0                  1654               0                         245      
22:32:20  0                   0             0            0               86658           0                  1654               0                         245      
22:32:22  0                   0             0            0               86658           0                  1654               0                         245      
22:32:24  0                   0             0            0               86658           0                  1654               0                         245      
22:32:26  0                   0             0            0               86658           0                  1654               0                         245      
22:32:28  0                   0             0            0               86658           0                  1654               0                         245      
22:32:30  0                   0             0            0               86658           0                  1654               0                         245      
22:32:32  0                   0             0            0               86658           0                  1654               0                         245      
22:32:34  0                   0             0            0               86658           0                  1654               0                         245      
22:32:36  0                   0             0            0               86658           0                  1654               0                         245      
22:32:38  0                   0             0            0               86658           0                  1654               0                         245      
22:32:40  0                   0             0            0               86658           0                  1654               0                         245      
22:32:42  0                   0             0            0               86658           0                  1654               0                         245      
22:32:44  0                   0             0            0               86658           0                  1654               0                         245      
22:32:47  0                   0             0            0               86658           0                  1654               0                         245      
22:32:49  0                   0             0            0               86658           0                  1654               0                         245      
22:32:51  0                   0             0            0               86658           0                  1654               0                         245      
22:32:53  0                   0             0            0               86658           0                  1654               0                         245      
22:32:55  0                   0             0            0               86658           0                  1654               0                         245      
22:32:57  0                   0             0            0               86658           0                  1654               0                         245      
22:32:59  0                   0             0            0               86658           0                  1654               0                         245      
22:33:01  0                   0             0            0               86658           0                  1654               0                         245      
22:33:03  0                   0             0            0               86658           0                  1654               0                         245      
22:33:05  0                   0             0            0               86658           0                  1654               0                         245      
Time      compact_pages_moved compact_stall compact_fail compact_success thp_fault_alloc thp_fault_fallback thp_collapse_alloc thp_collapse_alloc_failed thp_split
22:33:07  0                   0             0            0               86658           0                  1654               0                         245      
22:33:09  0                   0             0            0               86658           0                  1654               0                         245      
22:33:11  0                   0             0            0               86658           0                  1654               0                         245      
22:33:13  0                   0             0            0               86658           0                  1654               0                         245      
22:33:15  0                   0             0            0               86658           0                  1654               0                         245      
22:33:17  0                   0             0            0               86658           0                  1654               0                         245      
22:33:19  0                   0             0            0               86658           0                  1654               0                         245      
22:33:21  0                   0             0            0               86658           0                  1654               0                         245      
22:33:23  0                   0             0            0               86658           0                  1654               0                         245      
22:33:25  0                   0             0            0               86658           0                  1654               0                         245      
22:33:27  0                   0             0            0               86658           0                  1654               0                         245      
22:33:29  0                   0             0            0               86658           0                  1654               0                         245      
22:33:31  0                   0             0            0               86658           0                  1654               0                         245      
22:33:33  0                   0             0            0               86658           0                  1654               0                         245      
22:33:35  0                   0             0            0               86658           0                  1654               0                         245      
22:33:37  0                   0             0            0               86658           0                  1654               0                         245      
22:33:39  0                   0             0            0               86658           0                  1654               0                         245      
22:33:41  0                   0             0            0               86658           0                  1654               0                         245      
22:33:43  0                   0             0            0               86658           0                  1654               0                         245      
22:33:45  0                   0             0            0               86658           0                  1654               0                         245      
22:33:47  0                   0             0            0               86658           0                  1654               0                         245      
22:33:49  0                   0             0            0               86658           0                  1654               0                         245      
22:33:51  0                   0             0            0               86658           0                  1654               0                         245      
22:33:53  0                   0             0            0               86658           0                  1654               0                         245      
22:33:55  0                   0             0            0               86658           0                  1654               0                         245      
22:33:57  0                   0             0            0               86658           0                  1654               0                         245      
22:33:59  0                   0             0            0               86658           0                  1654               0                         245      
22:34:01  0                   0             0            0               86658           0                  1654               0                         245      
22:34:03  0                   0             0            0               86658           0                  1654               0                         245      
22:34:05  0                   0             0            0               86658           0                  1654               0                         245      
22:34:07  0                   0             0            0               86658           0                  1654               0                         245      
22:34:09  0                   0             0            0               86658           0                  1654               0                         245      
22:34:11  0                   0             0            0               86658           0                  1654               0                         245      
22:34:13  0                   0             0            0               86658           0                  1654               0                         245      
22:34:15  0                   0             0            0               86658           0                  1654               0                         245      
22:34:17  0                   0             0            0               86658           0                  1654               0                         245      
22:34:19  0                   0             0            0               86658           0                  1654               0                         245      
22:34:21  0                   0             0            0               86658           0                  1654               0                         245      
22:34:23  0                   0             0            0               86658           0                  1654               0                         245      
22:34:25  0                   0             0            0               86658           0                  1654               0                         245      
22:34:27  0                   0             0            0               86658           0                  1654               0                         245      
22:34:29  0                   0             0            0               86658           0                  1654               0                         245      
22:34:31  0                   0             0            0               86658           0                  1654               0                         245      
22:34:33  0                   0             0            0               86658           0                  1654               0                         245      
22:34:35  0                   0             0            0               86658           0                  1654               0                         245      
22:34:37  0                   0             0            0               86658           0                  1654               0                         245      
22:34:39  0                   0             0            0               86658           0                  1654               0                         245      
22:34:41  0                   0             0            0               86658           0                  1654               0                         245      
22:34:43  0                   0             0            0               86658           0                  1654               0                         245      
22:34:45  0                   0             0            0               86658           0                  1654               0                         245      
22:34:47  0                   0             0            0               86658           0                  1654               0                         245      
Time      compact_pages_moved compact_stall compact_fail compact_success thp_fault_alloc thp_fault_fallback thp_collapse_alloc thp_collapse_alloc_failed thp_split
22:34:49  0                   0             0            0               86658           0                  1654               0                         245      
22:34:51  0                   0             0            0               86658           0                  1654               0                         245      
22:34:53  0                   0             0            0               86658           0                  1654               0                         245      
22:34:55  0                   0             0            0               86658           0                  1654               0                         245      
22:34:57  0                   0             0            0               86658           0                  1654               0                         245      
22:34:59  0                   0             0            0               86658           0                  1654               0                         245      
22:35:01  0                   0             0            0               86658           0                  1654               0                         245      
22:35:03  0                   0             0            0               86658           0                  1654               0                         245      
22:35:05  0                   0             0            0               86658           0                  1654               0                         245      
22:35:07  0                   0             0            0               86658           0                  1654               0                         245      
22:35:09  0                   0             0            0               86658           0                  1654               0                         245      
22:35:11  0                   0             0            0               86658           0                  1654               0                         245      
22:35:13  0                   0             0            0               86658           0                  1654               0                         245      
22:35:15  0                   0             0            0               86658           0                  1654               0                         245      
22:35:17  0                   0             0            0               86658           0                  1654               0                         245      
22:35:19  0                   0             0            0               86658           0                  1654               0                         245      
22:35:21  0                   0             0            0               86658           0                  1654               0                         245      
22:35:23  0                   0             0            0               86658           0                  1654               0                         245      
