Time      numa_hit numa_miss numa_foreign numa_interleave numa_local numa_other
22:17:43  604461949 0         0            41252           604434340  27609     
22:17:45  604486868 0         0            41252           604459259  27609     
22:17:47  604511278 0         0            41252           604483669  27609     
22:17:49  604532685 0         0            41252           604505076  27609     
22:17:51  604555281 0         0            41252           604527672  27609     
22:17:53  604578697 0         0            41252           604551088  27609     
22:17:55  604599742 0         0            41252           604572133  27609     
22:17:57  604620918 0         0            41252           604593309  27609     
22:17:59  604642144 0         0            41252           604614535  27609     
22:18:01  604664987 0         0            41252           604637378  27609     
22:18:03  604686560 0         0            41252           604658951  27609     
22:18:05  604707404 0         0            41252           604679795  27609     
22:18:07  604727538 0         0            41252           604699929  27609     
22:18:09  604748510 0         0            41252           604720901  27609     
22:18:11  604770284 0         0            41252           604742675  27609     
22:18:13  604791471 0         0            41252           604763862  27609     
22:18:15  604812757 0         0            41252           604785148  27609     
22:18:17  604834163 0         0            41252           604806554  27609     
22:18:20  604855343 0         0            41252           604827734  27609     
22:18:22  604876734 0         0            41252           604849125  27609     
22:18:24  604897773 0         0            41252           604870164  27609     
22:18:26  604918654 0         0            41252           604891045  27609     
22:18:28  604940517 0         0            41252           604912908  27609     
22:18:30  604972588 0         0            41252           604944979  27609     
22:18:32  604999072 0         0            41252           604971463  27609     
22:18:34  605027141 0         0            41252           604999531  27610     
22:18:36  605051938 0         0            41252           605024328  27610     
22:18:38  605075318 0         0            41252           605047708  27610     
22:18:40  605098918 0         0            41252           605071308  27610     
22:18:42  605122949 0         0            41252           605095339  27610     
22:18:44  605144531 0         0            41252           605116921  27610     
22:18:46  605172163 0         0            41252           605144553  27610     
22:18:48  605195727 0         0            41252           605168117  27610     
22:18:50  605219871 0         0            41252           605192261  27610     
22:18:52  605242746 0         0            41252           605215136  27610     
22:18:54  605265990 0         0            41252           605238379  27611     
22:18:56  605287254 0         0            41252           605259643  27611     
22:18:58  605308149 0         0            41252           605280538  27611     
22:19:00  605329596 0         0            41252           605301985  27611     
22:19:02  605352719 0         0            41252           605325108  27611     
22:19:04  605374352 0         0            41252           605346741  27611     
22:19:06  605394969 0         0            41252           605367358  27611     
22:19:08  605415339 0         0            41252           605387728  27611     
22:19:10  605436736 0         0            41252           605409125  27611     
22:19:12  605458194 0         0            41252           605430583  27611     
22:19:14  605479143 0         0            41252           605451532  27611     
22:19:16  605500139 0         0            41252           605472528  27611     
22:19:18  605521864 0         0            41252           605494253  27611     
22:19:20  605543384 0         0            41252           605515773  27611     
22:19:22  605564292 0         0            41252           605536681  27611     
22:19:24  605586418 0         0            41252           605558807  27611     
Time      numa_hit numa_miss numa_foreign numa_interleave numa_local numa_other
22:19:26  605607029 0         0            41252           605579418  27611     
22:19:28  605630278 0         0            41252           605602667  27611     
22:19:30  605663781 0         0            41252           605636170  27611     
22:19:32  605688459 0         0            41252           605660848  27611     
22:19:34  605715047 0         0            41252           605687436  27611     
22:19:36  605739426 0         0            41252           605711815  27611     
22:19:38  605762317 0         0            41252           605734706  27611     
22:19:40  605786009 0         0            41252           605758398  27611     
22:19:42  605809508 0         0            41252           605781897  27611     
22:19:44  605833962 0         0            41252           605806351  27611     
22:19:46  605859517 0         0            41252           605831906  27611     
22:19:48  605882649 0         0            41252           605855038  27611     
22:19:50  605906617 0         0            41252           605879006  27611     
22:19:52  605930152 0         0            41252           605902541  27611     
22:19:54  605953719 0         0            41252           605926108  27611     
22:19:56  605974654 0         0            41252           605947043  27611     
22:19:58  605995675 0         0            41252           605968064  27611     
22:20:00  606016930 0         0            41252           605989319  27611     
22:20:02  606040511 0         0            41252           606012900  27611     
22:20:04  606061618 0         0            41252           606034007  27611     
22:20:06  606081972 0         0            41252           606054361  27611     
22:20:08  606102303 0         0            41252           606074692  27611     
22:20:10  606122546 0         0            41252           606094935  27611     
22:20:12  606143702 0         0            41252           606116091  27611     
22:20:14  606164067 0         0            41252           606136456  27611     
22:20:16  606184479 0         0            41252           606156868  27611     
22:20:18  606205327 0         0            41252           606177716  27611     
22:20:20  606226034 0         0            41252           606198423  27611     
22:20:22  606246691 0         0            41252           606219080  27611     
22:20:24  606267211 0         0            41252           606239600  27611     
22:20:26  606288221 0         0            41252           606260610  27611     
22:20:28  606310331 0         0            41252           606282720  27611     
22:20:30  606342675 0         0            41252           606315064  27611     
22:20:32  606366856 0         0            41252           606339245  27611     
22:20:34  606395575 0         0            41252           606367964  27611     
22:20:36  606417089 0         0            41252           606389478  27611     
22:20:38  606438837 0         0            41252           606411226  27611     
22:20:40  606461887 0         0            41252           606434276  27611     
22:20:42  606484063 0         0            41252           606456451  27612     
22:20:44  606511418 0         0            41252           606483806  27612     
22:20:46  606532605 0         0            41252           606504993  27612     
22:20:48  606554545 0         0            41252           606526933  27612     
22:20:50  606576531 0         0            41252           606548919  27612     
22:20:52  606598178 0         0            41252           606570566  27612     
22:20:54  606621200 0         0            41252           606593588  27612     
22:20:56  606641647 0         0            41252           606614035  27612     
22:20:58  606662151 0         0            41252           606634539  27612     
22:21:00  606682848 0         0            41252           606655236  27612     
22:21:02  606705838 0         0            41252           606678226  27612     
22:21:05  606726297 0         0            41252           606698685  27612     
22:21:07  606746596 0         0            41252           606718984  27612     
Time      numa_hit numa_miss numa_foreign numa_interleave numa_local numa_other
22:21:09  606766944 0         0            41252           606739332  27612     
22:21:11  606787175 0         0            41252           606759563  27612     
22:21:13  606807306 0         0            41252           606779694  27612     
22:21:15  606827759 0         0            41252           606800147  27612     
22:21:17  606847983 0         0            41252           606820371  27612     
22:21:19  606866931 0         0            41252           606839319  27612     
22:21:21  606887024 0         0            41252           606859412  27612     
22:21:23  606906074 0         0            41252           606878462  27612     
22:21:25  606925985 0         0            41252           606898373  27612     
22:21:27  606945057 0         0            41252           606917445  27612     
22:21:29  606967055 0         0            41252           606939443  27612     
22:21:31  606998342 0         0            41252           606970730  27612     
22:21:33  607021124 0         0            41252           606993512  27612     
22:21:35  607049161 0         0            41252           607021548  27613     
22:21:37  607068689 0         0            41252           607041076  27613     
22:21:39  607089757 0         0            41252           607062144  27613     
22:21:41  607111232 0         0            41252           607083618  27614     
22:21:43  607132852 0         0            41252           607105238  27614     
22:21:45  607159213 0         0            41252           607131599  27614     
22:21:47  607178749 0         0            41252           607151135  27614     
22:21:49  607199947 0         0            41252           607172333  27614     
22:21:51  607221684 0         0            41252           607194070  27614     
22:21:53  607242766 0         0            41252           607215152  27614     
22:21:55  607263256 0         0            41252           607235642  27614     
22:21:57  607282930 0         0            41252           607255316  27614     
22:21:59  607302004 0         0            41252           607274390  27614     
22:22:01  607321818 0         0            41252           607294204  27614     
22:22:03  607343376 0         0            41252           607315762  27614     
22:22:05  607362616 0         0            41252           607335002  27614     
22:22:07  607381773 0         0            41252           607354159  27614     
22:22:09  607401330 0         0            41252           607373715  27615     
22:22:11  607420863 0         0            41252           607393248  27615     
22:22:13  607440889 0         0            41252           607413274  27615     
22:22:15  607459381 0         0            41252           607431766  27615     
22:22:17  607478286 0         0            41252           607450671  27615     
22:22:19  607498384 0         0            41252           607470769  27615     
22:22:21  607518835 0         0            41252           607491220  27615     
22:22:23  607538319 0         0            41252           607510704  27615     
22:22:25  607557548 0         0            41252           607529933  27615     
22:22:27  607576398 0         0            41252           607548783  27615     
22:22:29  607601606 0         0            41252           607573991  27615     
22:22:31  607631578 0         0            41252           607603963  27615     
22:22:33  607652454 0         0            41252           607624839  27615     
22:22:35  607676465 0         0            41252           607648850  27615     
22:22:37  607697031 0         0            41252           607669416  27615     
22:22:39  607717233 0         0            41252           607689618  27615     
22:22:41  607737547 0         0            41252           607709932  27615     
22:22:43  607756522 0         0            41252           607728907  27615     
22:22:45  607783189 0         0            41252           607755573  27616     
22:22:47  607804331 0         0            41252           607776715  27616     
22:22:49  607824747 0         0            41252           607797131  27616     
Time      numa_hit numa_miss numa_foreign numa_interleave numa_local numa_other
22:22:51  607846029 0         0            41252           607818413  27616     
22:22:53  607866409 0         0            41252           607838793  27616     
22:22:55  607884781 0         0            41252           607857165  27616     
22:22:57  607902738 0         0            41252           607875122  27616     
22:22:59  607921166 0         0            41252           607893549  27617     
22:23:01  607941626 0         0            41252           607914009  27617     
22:23:03  607960790 0         0            41252           607933173  27617     
22:23:05  607979124 0         0            41252           607951507  27617     
22:23:07  607998140 0         0            41252           607970523  27617     
22:23:09  608016524 0         0            41252           607988907  27617     
22:23:11  608035742 0         0            41252           608008125  27617     
22:23:13  608054297 0         0            41252           608026680  27617     
22:23:15  608072905 0         0            41252           608045288  27617     
22:23:17  608091154 0         0            41252           608063537  27617     
22:23:19  608109476 0         0            41252           608081859  27617     
22:23:21  608127964 0         0            41252           608100347  27617     
22:23:23  608146720 0         0            41252           608119103  27617     
22:23:25  608165427 0         0            41252           608137810  27617     
22:23:27  608186671 0         0            41252           608159054  27617     
22:23:29  608214667 0         0            41252           608187050  27617     
22:23:31  608240362 0         0            41252           608212745  27617     
22:23:33  608263398 0         0            41252           608235781  27617     
22:23:35  608284916 0         0            41252           608257299  27617     
22:23:37  608305030 0         0            41252           608277413  27617     
22:23:39  608324559 0         0            41252           608296942  27617     
22:23:41  608344866 0         0            41252           608317249  27617     
22:23:43  608362713 0         0            41252           608335096  27617     
22:23:45  608388279 0         0            41252           608360662  27617     
22:23:47  608408281 0         0            41252           608380664  27617     
22:23:49  608428542 0         0            41252           608400924  27618     
22:23:51  608448422 0         0            41252           608420804  27618     
22:23:53  608468459 0         0            41252           608440841  27618     
22:23:55  608486254 0         0            41252           608458636  27618     
22:23:57  608504876 0         0            41252           608477258  27618     
22:23:59  608522445 0         0            41252           608494827  27618     
22:24:01  608542046 0         0            41252           608514428  27618     
22:24:03  608559832 0         0            41252           608532214  27618     
22:24:05  608577616 0         0            41252           608549998  27618     
22:24:07  608595344 0         0            41252           608567726  27618     
22:24:09  608612668 0         0            41252           608585050  27618     
22:24:11  608631161 0         0            41252           608603543  27618     
22:24:13  608649679 0         0            41252           608622061  27618     
22:24:15  608667179 0         0            41252           608639561  27618     
22:24:18  608685564 0         0            41252           608657946  27618     
22:24:20  608703427 0         0            41252           608675809  27618     
22:24:22  608721196 0         0            41252           608693578  27618     
22:24:24  608737949 0         0            41252           608710331  27618     
22:24:26  608755811 0         0            41252           608728193  27618     
22:24:28  608775951 0         0            41252           608748333  27618     
22:24:30  608804311 0         0            41252           608776693  27618     
22:24:32  608827327 0         0            41252           608799709  27618     
Time      numa_hit numa_miss numa_foreign numa_interleave numa_local numa_other
22:24:34  608851014 0         0            41252           608823396  27618     
22:24:36  608870235 0         0            41252           608842617  27618     
22:24:38  608887024 0         0            41252           608859406  27618     
22:24:40  608904779 0         0            41252           608877161  27618     
22:24:42  608922544 0         0            41252           608894926  27618     
22:24:44  608937969 0         0            41252           608910351  27618     
22:24:46  608959956 0         0            41252           608932338  27618     
22:24:48  608976392 0         0            41252           608948774  27618     
22:24:50  608995070 0         0            41252           608967452  27618     
22:24:52  609012357 0         0            41252           608984739  27618     
22:24:54  609030124 0         0            41252           609002506  27618     
22:24:56  609045212 0         0            41252           609017594  27618     
22:24:58  609060740 0         0            41252           609033122  27618     
22:25:00  609076082 0         0            41252           609048464  27618     
22:25:02  609093889 0         0            41252           609066271  27618     
22:25:04  609111109 0         0            41252           609083491  27618     
22:25:06  609127326 0         0            41252           609099708  27618     
22:25:08  609143252 0         0            41252           609115634  27618     
22:25:10  609157483 0         0            41252           609129865  27618     
22:25:12  609172832 0         0            41252           609145214  27618     
22:25:14  609188393 0         0            41252           609160775  27618     
22:25:16  609203666 0         0            41252           609176048  27618     
22:25:18  609218495 0         0            41252           609190877  27618     
22:25:20  609234026 0         0            41252           609206408  27618     
22:25:22  609250383 0         0            41252           609222765  27618     
22:25:24  609266252 0         0            41252           609238634  27618     
22:25:26  609281370 0         0            41252           609253752  27618     
22:25:28  609297807 0         0            41252           609270189  27618     
22:25:30  609324071 0         0            41252           609296453  27618     
22:25:32  609342387 0         0            41252           609314769  27618     
22:25:34  609361741 0         0            41252           609334122  27619     
22:25:36  609381384 0         0            41252           609353765  27619     
22:25:38  609399707 0         0            41252           609372088  27619     
22:25:40  609417371 0         0            41252           609389752  27619     
22:25:42  609432045 0         0            41252           609404426  27619     
22:25:44  609443218 0         0            41252           609415599  27619     
22:25:46  609463102 0         0            41252           609435483  27619     
22:25:48  609475489 0         0            41252           609447870  27619     
22:25:50  609492333 0         0            41252           609464714  27619     
22:25:52  609507667 0         0            41252           609480048  27619     
22:25:54  609520642 0         0            41252           609493023  27619     
22:25:56  609532907 0         0            41252           609505288  27619     
22:25:58  609542245 0         0            41252           609514626  27619     
22:26:00  609554449 0         0            41252           609526830  27619     
22:26:02  609568743 0         0            41252           609541124  27619     
22:26:04  609585986 0         0            41252           609558367  27619     
22:26:06  609606725 0         0            41252           609579106  27619     
22:26:08  609627106 0         0            41252           609599487  27619     
22:26:10  609648385 0         0            41252           609620766  27619     
22:26:12  609669470 0         0            41252           609641851  27619     
22:26:14  609690690 0         0            41252           609663071  27619     
Time      numa_hit numa_miss numa_foreign numa_interleave numa_local numa_other
22:26:16  609710837 0         0            41252           609683218  27619     
22:26:18  609729543 0         0            41252           609701924  27619     
22:26:20  609746335 0         0            41252           609718716  27619     
22:26:22  609764115 0         0            41252           609736496  27619     
22:26:24  609779748 0         0            41252           609752129  27619     
22:26:26  609800476 0         0            41252           609772857  27619     
22:26:28  609824447 0         0            41252           609796828  27619     
22:26:30  609859010 0         0            41252           609831391  27619     
22:26:32  609885438 0         0            41252           609857819  27619     
22:26:34  609914039 0         0            41252           609886419  27620     
22:26:36  609937857 0         0            41252           609910237  27620     
22:26:38  609960190 0         0            41252           609932570  27620     
22:26:40  609982979 0         0            41252           609955359  27620     
22:26:42  610005586 0         0            41252           609977966  27620     
22:26:44  610031959 0         0            41252           610004339  27620     
22:26:46  610055215 0         0            41252           610027595  27620     
22:26:48  610078681 0         0            41252           610051061  27620     
22:26:50  610101700 0         0            41252           610074080  27620     
22:26:52  610124906 0         0            41252           610097286  27620     
22:26:54  610147780 0         0            41252           610120160  27620     
22:26:56  610168757 0         0            41252           610141137  27620     
22:26:58  610190112 0         0            41252           610162492  27620     
22:27:00  610210973 0         0            41252           610183353  27620     
22:27:02  610233387 0         0            41252           610205767  27620     
22:27:04  610254325 0         0            41252           610226705  27620     
22:27:06  610275578 0         0            41252           610247958  27620     
22:27:08  610296767 0         0            41252           610269147  27620     
22:27:10  610318059 0         0            41252           610290439  27620     
22:27:12  610339290 0         0            41252           610311670  27620     
22:27:14  610360120 0         0            41252           610332500  27620     
22:27:16  610381844 0         0            41252           610354224  27620     
22:27:18  610403522 0         0            41252           610375902  27620     
22:27:21  610425764 0         0            41252           610398144  27620     
22:27:23  610445640 0         0            41252           610418020  27620     
22:27:25  610466802 0         0            41252           610439182  27620     
22:27:27  610488785 0         0            41252           610461165  27620     
22:27:29  610511472 0         0            41252           610483852  27620     
22:27:31  610544592 0         0            41252           610516972  27620     
22:27:33  610569766 0         0            41252           610542146  27620     
22:27:35  610598681 0         0            41252           610571061  27620     
22:27:37  610620321 0         0            41252           610592701  27620     
22:27:39  610643029 0         0            41252           610615409  27620     
22:27:41  610665913 0         0            41252           610638292  27621     
22:27:43  610688219 0         0            41252           610660598  27621     
22:27:45  610715537 0         0            41252           610687916  27621     
22:27:47  610737364 0         0            41252           610709743  27621     
22:27:49  610760583 0         0            41252           610732962  27621     
22:27:51  610784034 0         0            41252           610756413  27621     
22:27:53  610807154 0         0            41252           610779533  27621     
22:27:55  610830423 0         0            41252           610802802  27621     
22:27:57  610851016 0         0            41252           610823395  27621     
Time      numa_hit numa_miss numa_foreign numa_interleave numa_local numa_other
22:27:59  610872629 0         0            41252           610845008  27621     
22:28:01  610894137 0         0            41252           610866516  27621     
22:28:03  610916557 0         0            41252           610888936  27621     
22:28:05  610937539 0         0            41252           610909918  27621     
22:28:07  610958276 0         0            41252           610930655  27621     
22:28:09  610979229 0         0            41252           610951608  27621     
22:28:11  611000407 0         0            41252           610972786  27621     
22:28:13  611021304 0         0            41252           610993683  27621     
22:28:15  611043065 0         0            41252           611015444  27621     
22:28:17  611064334 0         0            41252           611036713  27621     
22:28:19  611085121 0         0            41252           611057500  27621     
22:28:21  611106611 0         0            41252           611078990  27621     
22:28:23  611127353 0         0            41252           611099732  27621     
22:28:25  611147947 0         0            41252           611120326  27621     
22:28:27  611169105 0         0            41252           611141484  27621     
22:28:29  611196010 0         0            41252           611168389  27621     
22:28:31  611228664 0         0            41252           611201043  27621     
22:28:33  611251397 0         0            41252           611223776  27621     
22:28:35  611280510 0         0            41252           611252889  27621     
22:28:37  611303736 0         0            41252           611276115  27621     
22:28:39  611326203 0         0            41252           611298582  27621     
22:28:41  611347684 0         0            41252           611320063  27621     
22:28:43  611369903 0         0            41252           611342282  27621     
22:28:45  611396977 0         0            41252           611369356  27621     
22:28:47  611419582 0         0            41252           611391961  27621     
22:28:49  611442409 0         0            41252           611414788  27621     
22:28:51  611466041 0         0            41252           611438420  27621     
22:28:53  611489409 0         0            41252           611461788  27621     
22:28:55  611510961 0         0            41252           611483340  27621     
22:28:57  611532603 0         0            41252           611504982  27621     
22:28:59  611554000 0         0            41252           611526379  27621     
22:29:01  611575495 0         0            41252           611547874  27621     
22:29:03  611596808 0         0            41252           611569187  27621     
22:29:05  611617399 0         0            41252           611589778  27621     
22:29:07  611638577 0         0            41252           611610956  27621     
22:29:09  611659928 0         0            41252           611632307  27621     
22:29:11  611681089 0         0            41252           611653468  27621     
22:29:13  611702331 0         0            41252           611674710  27621     
22:29:15  611723434 0         0            41252           611695813  27621     
22:29:17  611744468 0         0            41252           611716847  27621     
22:29:19  611766182 0         0            41252           611738561  27621     
22:29:21  611787235 0         0            41252           611759614  27621     
22:29:23  611807320 0         0            41252           611779699  27621     
22:29:25  611828225 0         0            41252           611800604  27621     
22:29:27  611851434 0         0            41252           611823813  27621     
22:29:29  611881055 0         0            41252           611853434  27621     
22:29:31  611909777 0         0            41252           611882156  27621     
22:29:33  611935539 0         0            41252           611907918  27621     
22:29:35  611960378 0         0            41252           611932757  27621     
22:29:37  611984111 0         0            41252           611956490  27621     
22:29:39  612008463 0         0            41252           611980842  27621     
Time      numa_hit numa_miss numa_foreign numa_interleave numa_local numa_other
22:29:41  612031265 0         0            41252           612003644  27621     
22:29:43  612052874 0         0            41252           612025253  27621     
22:29:45  612080054 0         0            41252           612052433  27621     
22:29:47  612103215 0         0            41252           612075594  27621     
22:29:49  612126215 0         0            41252           612098594  27621     
22:29:51  612149384 0         0            41252           612121763  27621     
22:29:53  612170721 0         0            41252           612143100  27621     
22:29:55  612191244 0         0            41252           612163623  27621     
22:29:57  612212158 0         0            41252           612184537  27621     
22:30:00  612233074 0         0            41252           612205453  27621     
22:30:02  612256001 0         0            41252           612228380  27621     
22:30:04  612276501 0         0            41252           612248880  27621     
22:30:06  612295974 0         0            41252           612268353  27621     
22:30:08  612317110 0         0            41252           612289489  27621     
22:30:10  612338399 0         0            41252           612310778  27621     
22:30:12  612359135 0         0            41252           612331514  27621     
22:30:14  612380103 0         0            41252           612352482  27621     
22:30:16  612400693 0         0            41252           612373072  27621     
22:30:18  612422053 0         0            41252           612394432  27621     
22:30:20  612443345 0         0            41252           612415724  27621     
22:30:22  612464516 0         0            41252           612436895  27621     
22:30:24  612485464 0         0            41252           612457843  27621     
22:30:26  612506112 0         0            41252           612478491  27621     
22:30:28  612528304 0         0            41252           612500683  27621     
22:30:30  612559835 0         0            41252           612532214  27621     
22:30:32  612585516 0         0            41252           612557895  27621     
22:30:34  612611610 0         0            41252           612583989  27621     
22:30:36  612635987 0         0            41252           612608366  27621     
22:30:38  612658725 0         0            41252           612631104  27621     
22:30:40  612681688 0         0            41252           612654067  27621     
22:30:42  612704270 0         0            41252           612676649  27621     
22:30:44  612725477 0         0            41252           612697856  27621     
22:30:46  612753196 0         0            41252           612725575  27621     
22:30:48  612775693 0         0            41252           612748072  27621     
22:30:50  612797905 0         0            41252           612770284  27621     
22:30:52  612820771 0         0            41252           612793150  27621     
22:30:54  612843628 0         0            41252           612816007  27621     
22:30:56  612865116 0         0            41252           612837495  27621     
22:30:58  612886150 0         0            41252           612858529  27621     
22:31:00  612906793 0         0            41252           612879172  27621     
22:31:02  612929981 0         0            41252           612902360  27621     
22:31:04  612950425 0         0            41252           612922804  27621     
22:31:06  612971855 0         0            41252           612944234  27621     
22:31:08  612992734 0         0            41252           612965113  27621     
22:31:10  613012239 0         0            41252           612984618  27621     
22:31:12  613033742 0         0            41252           613006121  27621     
22:31:14  613054693 0         0            41252           613027072  27621     
22:31:16  613075558 0         0            41252           613047937  27621     
22:31:18  613096506 0         0            41252           613068885  27621     
22:31:20  613117536 0         0            41252           613089915  27621     
22:31:22  613137535 0         0            41252           613109914  27621     
Time      numa_hit numa_miss numa_foreign numa_interleave numa_local numa_other
22:31:24  613158167 0         0            41252           613130546  27621     
22:31:26  613179078 0         0            41252           613151457  27621     
22:31:28  613200875 0         0            41252           613173254  27621     
22:31:30  613232612 0         0            41252           613204991  27621     
22:31:32  613257227 0         0            41252           613229606  27621     
22:31:34  613283282 0         0            41252           613255661  27621     
22:31:36  613307403 0         0            41252           613279782  27621     
22:31:38  613329826 0         0            41252           613302205  27621     
22:31:40  613352626 0         0            41252           613325005  27621     
22:31:42  613375631 0         0            41252           613348010  27621     
22:31:44  613400639 0         0            41252           613373018  27621     
22:31:46  613424828 0         0            41252           613397207  27621     
22:31:48  613447030 0         0            41252           613419409  27621     
22:31:50  613469502 0         0            41252           613441881  27621     
22:31:52  613492023 0         0            41252           613464402  27621     
22:31:54  613515749 0         0            41252           613488128  27621     
22:31:56  613537700 0         0            41252           613510079  27621     
22:31:58  613558799 0         0            41252           613531178  27621     
22:32:00  613579434 0         0            41252           613551813  27621     
22:32:02  613601285 0         0            41252           613573664  27621     
22:32:04  613622287 0         0            41252           613594666  27621     
22:32:06  613643839 0         0            41252           613616218  27621     
22:32:08  613664333 0         0            41252           613636712  27621     
22:32:10  613682302 0         0            41252           613654681  27621     
22:32:12  613702849 0         0            41252           613675228  27621     
22:32:14  613723568 0         0            41252           613695947  27621     
22:32:16  613744048 0         0            41252           613716427  27621     
22:32:18  613764660 0         0            41252           613737039  27621     
22:32:20  613785311 0         0            41252           613757690  27621     
22:32:22  613805389 0         0            41252           613777768  27621     
22:32:24  613825496 0         0            41252           613797875  27621     
22:32:26  613845423 0         0            41252           613817802  27621     
22:32:28  613867678 0         0            41252           613840057  27621     
22:32:30  613899091 0         0            41252           613871470  27621     
22:32:32  613921374 0         0            41252           613893753  27621     
22:32:34  613950238 0         0            41252           613922617  27621     
22:32:36  613971260 0         0            41252           613943638  27622     
22:32:38  613993568 0         0            41252           613965946  27622     
22:32:40  614015813 0         0            41252           613988191  27622     
22:32:42  614037583 0         0            41252           614009961  27622     
22:32:44  614065041 0         0            41252           614037419  27622     
22:32:47  614084808 0         0            41252           614057186  27622     
22:32:49  614106747 0         0            41252           614079125  27622     
22:32:51  614129782 0         0            41252           614102160  27622     
22:32:53  614152202 0         0            41252           614124580  27622     
22:32:55  614174441 0         0            41252           614146819  27622     
22:32:57  614194814 0         0            41252           614167192  27622     
22:32:59  614215221 0         0            41252           614187599  27622     
22:33:01  614236210 0         0            41252           614208588  27622     
22:33:03  614258831 0         0            41252           614231209  27622     
22:33:05  614279639 0         0            41252           614252017  27622     
Time      numa_hit numa_miss numa_foreign numa_interleave numa_local numa_other
22:33:07  614300352 0         0            41252           614272730  27622     
22:33:09  614320373 0         0            41252           614292751  27622     
22:33:11  614340475 0         0            41252           614312853  27622     
22:33:13  614360870 0         0            41252           614333248  27622     
22:33:15  614379991 0         0            41252           614352369  27622     
22:33:17  614400393 0         0            41252           614372771  27622     
22:33:19  614420829 0         0            41252           614393207  27622     
22:33:21  614440542 0         0            41252           614412920  27622     
22:33:23  614460894 0         0            41252           614433272  27622     
22:33:25  614480936 0         0            41252           614453314  27622     
22:33:27  614500980 0         0            41252           614473358  27622     
22:33:29  614524770 0         0            41252           614497148  27622     
22:33:31  614557465 0         0            41252           614529843  27622     
22:33:33  614579740 0         0            41252           614552118  27622     
22:33:35  614609164 0         0            41252           614581542  27622     
22:33:37  614628550 0         0            41252           614600928  27622     
22:33:39  614650228 0         0            41252           614622606  27622     
22:33:41  614672330 0         0            41252           614644708  27622     
22:33:43  614694177 0         0            41252           614666555  27622     
22:33:45  614720857 0         0            41252           614693235  27622     
22:33:47  614740726 0         0            41252           614713104  27622     
22:33:49  614763651 0         0            41252           614736029  27622     
22:33:51  614787557 0         0            41252           614759935  27622     
22:33:53  614808935 0         0            41252           614781313  27622     
22:33:55  614831922 0         0            41252           614804300  27622     
22:33:57  614852219 0         0            41252           614824597  27622     
22:33:59  614872238 0         0            41252           614844616  27622     
22:34:01  614891862 0         0            41252           614864240  27622     
22:34:03  614914180 0         0            41252           614886558  27622     
22:34:05  614934886 0         0            41252           614907264  27622     
22:34:07  614954268 0         0            41252           614926646  27622     
22:34:09  614974896 0         0            41252           614947274  27622     
22:34:11  614995013 0         0            41252           614967391  27622     
22:34:13  615015544 0         0            41252           614987922  27622     
22:34:15  615035682 0         0            41252           615008060  27622     
22:34:17  615055780 0         0            41252           615028158  27622     
22:34:19  615075182 0         0            41252           615047560  27622     
22:34:21  615094991 0         0            41252           615067369  27622     
22:34:23  615114668 0         0            41252           615087046  27622     
22:34:25  615134413 0         0            41252           615106791  27622     
22:34:27  615156476 0         0            41252           615128854  27622     
22:34:29  615183521 0         0            41252           615155899  27622     
22:34:31  615213027 0         0            41252           615185405  27622     
22:34:33  615237915 0         0            41252           615210293  27622     
22:34:35  615262684 0         0            41252           615235062  27622     
22:34:37  615285057 0         0            41252           615257435  27622     
22:34:39  615305641 0         0            41252           615278019  27622     
22:34:41  615327363 0         0            41252           615299741  27622     
22:34:43  615347316 0         0            41252           615319694  27622     
22:34:45  615375344 0         0            41252           615347722  27622     
22:34:47  615398656 0         0            41252           615371034  27622     
Time      numa_hit numa_miss numa_foreign numa_interleave numa_local numa_other
22:34:49  615421417 0         0            41252           615393795  27622     
22:34:51  615443920 0         0            41252           615416298  27622     
22:34:53  615466917 0         0            41252           615439295  27622     
22:34:55  615488617 0         0            41252           615460995  27622     
22:34:57  615509752 0         0            41252           615482130  27622     
22:34:59  615519316 0         0            41252           615491694  27622     
22:35:01  615523914 0         0            41252           615496292  27622     
22:35:03  615526467 0         0            41252           615498845  27622     
22:35:05  615529173 0         0            41252           615501551  27622     
22:35:07  615531773 0         0            41252           615504151  27622     
22:35:09  615534210 0         0            41252           615506588  27622     
22:35:11  615537011 0         0            41252           615509389  27622     
22:35:13  615539536 0         0            41252           615511914  27622     
22:35:15  615542505 0         0            41252           615514883  27622     
22:35:17  615545043 0         0            41252           615517421  27622     
22:35:19  615547758 0         0            41252           615520136  27622     
22:35:21  615550380 0         0            41252           615522758  27622     
22:35:23  615553036 0         0            41252           615525414  27622     
