Linux 2.6.32-431.3.1.el6.x86_64 (mule-perflab06.managed.contegix.com) 	06/18/2014 	_x86_64_	(24 CPU)

05:18:49 PM   frmpg/s   bufpg/s   campg/s
05:18:51 PM  -9028.00      0.50     12.50
05:18:53 PM   -266.17      0.00      2.99
05:18:55 PM   -129.29      0.00      1.01
05:18:57 PM    105.05      0.00      2.02
05:18:59 PM    -21.21      0.00      1.01
05:19:01 PM   -188.32      0.00      3.05
05:19:03 PM     79.90      0.00      2.01
05:19:05 PM   -151.27      0.00      0.51
05:19:07 PM  -1196.50      0.00      1.50
05:19:09 PM   1127.64      0.00      2.01
05:19:11 PM  -1102.50      0.00      2.00
05:19:13 PM    -34.52      0.00      1.52
05:19:15 PM   1114.00      0.00      0.50
05:19:17 PM    258.67      0.00      1.02
05:19:19 PM     97.98      0.00      1.01
05:19:21 PM    103.02      0.00      2.51
05:19:23 PM     61.11      0.00      0.51
05:19:25 PM     80.30      0.00      2.02
05:19:27 PM   -149.75      0.00      1.01
05:19:29 PM    -77.50      0.00      1.00
05:19:31 PM    126.26      0.00      2.53
05:19:33 PM    -16.67      0.00      1.01
05:19:35 PM    142.93      0.00      1.52
05:19:37 PM     80.20      0.00      1.52
05:19:39 PM     62.12      0.00      0.51
05:19:41 PM     33.33      0.00      3.03
05:19:43 PM    -43.72      0.00      0.50
05:19:45 PM    -62.31      0.00      1.51
05:19:47 PM     49.50      0.00      1.00
05:19:49 PM      2.02      0.00      1.52
05:19:51 PM      4.02      0.00      2.01
05:19:53 PM   -108.00      0.00      0.50
05:19:55 PM     76.65      0.00      1.52
05:19:57 PM  -1277.39      0.00      1.51
05:19:59 PM   1065.82      0.00      0.51
05:20:01 PM      3.03      0.00      2.53
05:20:03 PM     13.64      0.00      2.53
05:20:05 PM     74.62      0.00      2.03
05:20:07 PM  -1254.50      0.00      1.00
05:20:09 PM   1229.65      0.00      3.02
05:20:11 PM  -1193.43      0.00      2.02
05:20:13 PM     -0.51      0.00      1.52
05:20:15 PM   1122.84      0.00      1.52
05:20:17 PM    -22.61      0.00      1.01
05:20:19 PM     15.58      0.00      1.51
05:20:21 PM     30.15      0.00      2.01
05:20:23 PM     63.13      0.00      1.52
05:20:25 PM    -30.81      0.00      1.52
05:20:27 PM     93.47      0.00      1.01
05:20:29 PM   -133.67      0.00      2.51
05:20:31 PM     31.31      0.00      1.52
05:20:33 PM     17.59      0.00      1.51
05:20:35 PM     82.56      0.00      1.54
05:20:37 PM   -113.20      0.00      1.02
05:20:39 PM     50.25      0.00      0.50
05:20:41 PM    -96.48      0.00      2.01
05:20:43 PM     -4.02      0.00      1.51
05:20:45 PM     69.54      0.00      1.02
05:20:47 PM    -66.83      0.00      1.51
05:20:49 PM     62.00      0.00      1.00
05:20:51 PM     20.00      0.00      2.00
05:20:53 PM     69.04      0.00      2.03
05:20:55 PM   -109.55      0.00      0.50
05:20:57 PM     87.88      0.00      1.52
05:20:59 PM     37.56      0.00      1.52
05:21:01 PM    -11.68      0.00      3.05
05:21:03 PM    109.05      0.00      2.01
05:21:05 PM    -91.04      0.00      0.50
05:21:07 PM  -1135.53      0.00      1.52
05:21:09 PM    988.44      0.00      2.01
05:21:11 PM  -1216.33      0.00      1.53
05:21:13 PM    243.50      0.00      1.50
05:21:15 PM   1160.61      0.00      0.51
05:21:17 PM   -106.60      0.00      2.54
05:21:19 PM    -93.97      0.00      2.51
05:21:21 PM    -18.18      0.00      0.51
05:21:23 PM    162.63      1.01      1.01
05:21:25 PM    -46.97      0.00      2.53
05:21:27 PM    -13.20      0.00      1.02
05:21:29 PM     92.54      0.00      2.49
05:21:31 PM    -63.40      0.00      1.03
05:21:33 PM     31.50      0.00      1.50
05:21:35 PM    -64.97      0.00      2.03
05:21:37 PM    -76.26      0.00      0.51
05:21:39 PM    111.62      0.00      2.02
05:21:41 PM      0.00      0.00      0.51
05:21:43 PM     -2.03      0.00      2.03
05:21:45 PM     32.32      0.00      1.01
05:21:47 PM   -155.05      0.00      1.52
05:21:49 PM     65.33      0.00      2.01
05:21:51 PM    -31.16      0.00      1.01
05:21:53 PM    139.80      0.00      1.49
05:21:55 PM    -30.96      0.00      0.51
05:21:57 PM  -1292.93      0.00      1.52
05:21:59 PM    985.43      0.50      2.51
05:22:01 PM     65.33      0.00      1.51
05:22:03 PM    147.47      0.00      2.02
05:22:05 PM     43.72      0.00      0.50
05:22:07 PM  -1155.84      0.00      3.05
05:22:09 PM   1028.79      0.00      2.53
05:22:11 PM  -1090.36      0.00      1.52
05:22:13 PM    -21.72      0.00      1.52
05:22:15 PM    919.80      0.00      1.52
05:22:17 PM    158.29      0.00      1.51
05:22:19 PM    -11.56      0.00      1.01
05:22:21 PM     -3.06      0.00      1.53
05:22:23 PM     77.50      0.00      2.00
05:22:25 PM    -56.78      0.00      0.50
05:22:27 PM    125.63      0.00      1.51
05:22:29 PM   -139.59      0.00      1.02
05:22:31 PM      0.00      0.00      2.99
05:22:33 PM     79.70      0.00      0.51
05:22:35 PM     18.00      0.00      2.00
05:22:37 PM    -34.01      0.00      1.02
05:22:39 PM    -88.89      0.00      1.52
05:22:41 PM   -904.04      0.00      1.01
05:22:43 PM   1138.00      0.00      1.00
05:22:45 PM    -93.43      0.00      1.01
05:22:47 PM     33.50      0.00      2.00
05:22:49 PM     49.25      0.00      1.51
05:22:51 PM     31.16      0.00      2.01
05:22:53 PM    -26.90      0.00      0.51
05:22:55 PM    -23.62      0.00      2.01
05:22:57 PM    -20.20      0.00      2.02
05:22:59 PM     83.33      0.00      2.53
05:23:01 PM    -61.62      0.00      2.53
05:23:03 PM    -79.29      0.00      1.52
05:23:05 PM     45.23      0.00      1.51
05:23:07 PM  -1241.41      0.00      0.51
05:23:09 PM   1208.08      0.00      2.53
05:23:11 PM  -1238.89      0.00      2.53
05:23:13 PM    296.50      0.00      1.00
05:23:15 PM   1006.57      0.00      1.01
05:23:17 PM   -308.59      0.00      1.52
05:23:19 PM     82.50      0.00      2.00
05:23:21 PM    -44.44      0.00      1.52
05:23:23 PM    128.28      0.00      0.51
05:23:25 PM      2.99      0.00      1.49
05:23:27 PM    -25.25      0.00      1.01
05:23:29 PM     96.48      0.00      2.01
05:23:31 PM    -30.81      0.00      2.02
05:23:33 PM     98.00      0.00      1.00
05:23:35 PM    -15.08      0.00      2.01
05:23:37 PM     46.97      0.00      0.51
05:23:39 PM   -195.43      0.00      2.03
05:23:41 PM    154.77      0.00      0.50
05:23:43 PM    -92.46      0.00      1.51
05:23:45 PM    -46.97      0.00      2.53
05:23:47 PM     47.45      0.00      2.55
05:23:49 PM     52.26      0.00      2.01
05:23:51 PM    -95.41      0.00      0.51
05:23:53 PM    -94.97      0.00      1.01
05:23:55 PM     31.47      0.00      1.52
05:23:57 PM  -1234.00      0.00      1.00
05:23:59 PM   1223.71      0.00      2.06
05:24:01 PM      0.50      0.00      2.99
05:24:03 PM    -63.32      0.00      1.51
05:24:05 PM  -1463.27      0.00      1.02
05:24:07 PM    263.13      0.00      1.52
05:24:09 PM   1196.43      0.51      3.57
05:24:11 PM   -189.95      0.00      1.01
05:24:13 PM  -1011.17      0.00      1.52
05:24:15 PM   1118.27      0.00      0.51
05:24:17 PM     80.30      0.00      2.53
05:24:19 PM     91.00      1.50      1.50
05:24:21 PM   -171.21      0.00      1.01
05:24:23 PM      5.03      0.00      1.51
05:24:25 PM    132.32      0.00      1.01
05:24:27 PM    -10.05      0.00      2.01
05:24:29 PM     48.73      0.00      1.02
05:24:31 PM    -63.27      0.00      1.53
05:24:33 PM     30.35      0.00      1.00
05:24:35 PM    -40.61      0.00      1.52
05:24:37 PM    -77.89      0.00      1.51
05:24:39 PM    177.04      0.00      1.02
05:24:41 PM    -14.14      0.00      1.52
05:24:43 PM    121.72      0.00      1.52
05:24:45 PM    -93.47      0.00      1.01
05:24:47 PM    111.00      0.00      2.00
05:24:49 PM   -155.78      0.00      1.51
05:24:51 PM    161.31      0.00      1.51
05:24:53 PM    -74.37      0.50      0.50
05:24:55 PM     62.24      0.00      1.02
05:24:57 PM  -1277.16      0.00      2.54
05:24:59 PM   1220.10      0.00      1.01
05:25:01 PM     47.98      0.00      3.03
05:25:03 PM    -76.53      0.00      1.53
05:25:05 PM     64.14      0.00      1.52
05:25:07 PM  -1126.63      0.00      2.51
05:25:09 PM   1055.78      0.00      1.51
05:25:11 PM  -1270.41      0.00      1.02
05:25:13 PM   -272.73      0.00      1.01
05:25:15 PM   1036.36      0.00      1.01
05:25:17 PM   -757.58      0.00      2.02
05:25:19 PM    980.50      0.00      1.00
05:25:21 PM    -50.00      0.00      2.02
05:25:23 PM    -52.76      0.00      2.51
05:25:25 PM    202.01      0.00      0.50
05:25:27 PM     31.47      0.00      3.05
05:25:29 PM    -46.27      1.00      1.49
05:25:31 PM    -11.06      0.00      2.01
05:25:33 PM     57.29      0.00      1.01
05:25:35 PM     16.58      0.00      1.01
05:25:37 PM     14.72      0.00      2.03
05:25:39 PM     61.62      0.00      1.01
05:25:41 PM     62.31      0.00      1.51
05:25:43 PM    -46.23      0.00      1.01
05:25:45 PM    -31.79      0.00      1.54
05:25:47 PM    -29.29      0.00      1.52
05:25:49 PM     18.59      0.00      1.01
05:25:51 PM      1.52      0.00      1.01
05:25:53 PM    -64.00      0.00      0.50
05:25:55 PM    -30.30      0.00      1.52
05:25:57 PM    -83.76      0.00      2.03
05:25:59 PM    112.06      0.00      1.01
05:26:01 PM    -86.93      0.00      2.51
05:26:03 PM    -61.62      0.00      1.52
05:26:05 PM    -42.21      0.00      1.51
05:26:07 PM  -1145.96      0.00      1.52
05:26:09 PM   1164.00      0.00      1.50
05:26:11 PM  -1166.33      0.00      2.51
05:26:13 PM    306.53      0.00      1.51
05:26:15 PM    987.76      0.00      2.55
05:26:17 PM      4.52      0.00      1.51
05:26:19 PM    177.78      0.00      2.02
05:26:21 PM     18.00      0.00      1.00
05:26:23 PM   -168.18      0.00      1.52
05:26:25 PM    123.62      0.00      1.01
05:26:27 PM    -61.93      0.00      2.03
05:26:29 PM    -87.94      0.00      1.51
05:26:31 PM    105.56      0.00      1.01
05:26:33 PM   -358.29      0.00      0.00
05:26:35 PM    125.38      0.00      2.03
05:26:37 PM     66.33      0.00      1.01
05:26:39 PM     18.50      0.50      2.00
05:26:41 PM     92.93      0.00      0.51
05:26:43 PM   -172.00      0.00      2.00
05:26:45 PM    191.33      0.00      1.53
05:26:47 PM    -78.61      0.00      1.00
05:26:49 PM     84.18      0.00      2.04
05:26:51 PM    -39.50      0.00      1.50
05:26:53 PM    -32.83      0.00      1.52
05:26:55 PM    143.43      0.00      1.52
05:26:57 PM  -1248.48      0.00      1.01
05:26:59 PM   1177.27      0.00      2.53
05:27:01 PM      9.64      0.00      1.52
05:27:03 PM    -85.86      0.00      2.53
05:27:05 PM    -27.27      0.00      1.01
05:27:07 PM  -1148.73      0.00      3.05
05:27:09 PM   1104.55      0.00      1.52
05:27:11 PM  -1310.00      0.00      0.00
05:27:13 PM    142.21      0.00      1.51
05:27:15 PM   1065.82      0.00      3.06
05:27:17 PM    101.02      0.00      1.53
05:27:19 PM     96.45      0.00      1.52
05:27:21 PM     34.00      0.00      0.50
05:27:23 PM    -75.25      0.00      2.02
05:27:25 PM   -111.62      0.00      1.01
05:27:27 PM     84.34      0.00      1.52
05:27:29 PM     35.53      0.00      2.03
05:27:31 PM    -40.91      0.00      2.02
05:27:33 PM     62.00      0.00      1.50
05:27:35 PM     -5.50      0.00      1.50
05:27:37 PM     -2.02      0.00      1.52
05:27:39 PM    -19.19      0.00      1.01
05:27:41 PM    -96.45      0.00      1.52
05:27:43 PM     33.00      0.00      2.00
05:27:45 PM     18.69      0.00      1.01
05:27:47 PM    -12.69      0.00      2.03
05:27:49 PM    -59.09      0.51      1.01
05:27:51 PM    -16.75      0.00      0.51
05:27:53 PM    -35.32      0.00      1.49
05:27:55 PM    190.95      0.00      2.51
05:27:57 PM  -1230.46      0.00      1.52
05:27:59 PM   1250.00      0.00      1.00
05:28:01 PM     12.56      0.00      2.01
05:28:03 PM   -173.98      0.00      2.04
05:28:05 PM  -1412.50      0.00      1.50
05:28:07 PM    483.92      0.00      1.51
05:28:09 PM    908.04      0.00      2.01
05:28:11 PM  -1046.97      0.00      2.02
05:28:13 PM      0.00      0.00      1.52
05:28:15 PM   1056.06      0.00      1.52
05:28:17 PM      1.50      0.00      2.00
05:28:19 PM    112.87      0.00      0.50
05:28:21 PM   -129.59      0.00      1.53
05:28:23 PM    145.92      0.00      2.04
05:28:25 PM    -76.88      0.00      1.51
05:28:27 PM    157.58      0.00      1.52
05:28:29 PM   -184.34      0.00      0.51
05:28:31 PM   -156.28      0.00      2.01
05:28:33 PM    -38.69      0.00      1.01
05:28:35 PM    185.86      0.00      2.02
05:28:37 PM     48.74      0.00      1.01
05:28:39 PM    -67.68      0.00      1.52
05:28:41 PM     65.48      0.00      2.03
05:28:43 PM     30.46      0.00      1.52
05:28:45 PM   -142.64      0.00      3.05
05:28:47 PM    -31.31      0.00      1.52
05:28:49 PM     29.44      0.00      1.02
05:28:51 PM    111.06      0.00      2.01
05:28:53 PM   -205.05      0.00      1.52
05:28:55 PM    174.37      0.00      1.01
05:28:57 PM  -1309.50      0.00      1.50
05:28:59 PM   1070.71      0.00      1.01
05:29:01 PM      0.00      0.00      2.53
05:29:03 PM    110.10      0.00      1.52
05:29:05 PM    -54.12      0.00      2.06
05:29:07 PM  -1201.51      0.00      1.51
05:29:09 PM   1206.53      0.00      1.51
05:29:11 PM  -1449.49      0.00      1.52
05:29:13 PM     93.97      0.00      1.01
05:29:15 PM   1094.92      0.00      1.52
05:29:17 PM     98.48      0.00      2.54
05:29:19 PM     30.96      0.00      1.02
05:29:21 PM    -66.83      0.00      1.51
05:29:23 PM     97.49      0.00      1.01
05:29:25 PM      1.00      0.00      2.50
05:29:27 PM      8.54      0.00      1.01
05:29:29 PM     -0.51      0.00      1.01
05:29:31 PM    110.50      0.00      2.50
05:29:33 PM    -15.74      0.51      1.02
05:29:35 PM     35.53      0.00      2.54
05:29:37 PM    -15.66      0.00      1.01
05:29:39 PM    -15.31      0.00      1.02
05:29:41 PM    -46.19      0.00      2.03
05:29:43 PM     78.68      0.00      1.02
05:29:45 PM    -45.96      0.00      1.52
05:29:47 PM    -46.50      0.00      1.50
05:29:49 PM     26.26      0.00      1.01
05:29:51 PM    -93.43      0.00      1.01
05:29:53 PM      3.03      0.00      1.52
05:29:55 PM    203.02      0.00      1.01
05:29:57 PM  -1184.18      0.00      2.04
05:29:59 PM   1102.02      0.00      2.02
05:30:01 PM    120.60      0.00      2.01
05:30:03 PM    -31.16      0.00      4.02
05:30:05 PM  -1619.60      0.00      1.51
05:30:07 PM    396.00      0.00      1.00
05:30:09 PM   1134.34      0.51      2.53
05:30:11 PM  -1329.15      0.00      1.01
05:30:13 PM    165.66      0.00      2.53
05:30:15 PM   1141.92      0.00      1.01
05:30:17 PM   -139.50      0.00      1.50
05:30:19 PM    127.92      0.00      2.03
05:30:21 PM    -15.74      0.00      1.02
05:30:23 PM     37.56      0.00      2.54
05:30:25 PM   -127.27      0.00      0.51
05:30:27 PM    125.87      0.00      1.49
05:30:29 PM     34.34      0.00      1.01
05:30:31 PM    -77.89      0.00      1.51
05:30:33 PM    194.44      0.00      1.52
05:30:35 PM    -82.41      0.00      1.01
05:30:37 PM     63.13      0.00      1.01
05:30:39 PM     15.00      0.00      2.00
05:30:41 PM   -109.14      0.00      1.52
05:30:43 PM    -85.43      0.00      1.51
05:30:45 PM     63.96      0.00      1.02
05:30:47 PM     51.01      0.00      1.52
05:30:49 PM     66.33      0.00      1.51
05:30:51 PM    -11.06      0.00      2.01
05:30:53 PM     60.61      0.00      1.01
05:30:55 PM     47.45      0.00      2.04
05:30:57 PM  -1305.03      0.00      1.01
05:30:59 PM   1189.45      0.00      1.51
05:31:01 PM   -155.56      0.00      2.53
05:31:03 PM     97.98      0.00      2.53
05:31:05 PM   -100.51      0.00      1.02
05:31:07 PM  -1152.02      0.00      0.51
05:31:09 PM   1198.48      0.00      1.52
05:31:11 PM  -1194.95      0.00      2.53
05:31:13 PM     68.53      0.00      2.03
05:31:15 PM   1149.24      0.00      1.52
05:31:17 PM    -15.42      0.00      1.49
05:31:19 PM     53.54      0.00      1.01
05:31:21 PM    -49.49      0.00      1.52
05:31:23 PM    -30.50      0.00      1.00
05:31:25 PM     18.18      0.00      1.52
05:31:27 PM    -12.50      0.00      2.00
05:31:29 PM    157.79      0.00      0.50
05:31:31 PM     63.96      0.00      3.05
05:31:33 PM    -45.73      0.00      1.01
05:31:35 PM     17.09      0.00      2.01
05:31:37 PM      4.08      0.00      1.02
05:31:39 PM     43.50      0.00      1.00
05:31:41 PM    -46.23      0.00      1.01
05:31:43 PM     64.47      0.00      2.03
05:31:45 PM   -157.21      0.00      1.00
05:31:47 PM     29.44      0.00      1.02
05:31:49 PM    -21.50      0.00      1.00
05:31:51 PM    143.65      0.00      2.03
05:31:53 PM    -48.99      0.51      1.01
05:31:55 PM     32.83      0.00      2.53
05:31:57 PM  -1173.10      0.00      1.52
05:31:59 PM   1046.46      0.00      2.53
05:32:01 PM     45.27      0.00      2.49
05:32:03 PM      3.05      0.00      2.54
05:32:05 PM     31.82      0.00      1.52
05:32:07 PM  -1159.80      0.00      1.51
05:32:09 PM   1111.62      0.00      3.03
05:32:11 PM  -1137.00      0.00      2.00
05:32:13 PM    121.94      0.00      1.53
05:32:15 PM    986.29      0.00      1.52
05:32:17 PM     55.10      0.00      1.02
05:32:19 PM     41.12      0.00      1.52
05:32:21 PM     17.59      0.00      0.50
05:32:23 PM    143.22      0.00      2.51
05:32:25 PM   -159.00      0.00      1.50
05:32:27 PM    -26.90      0.00      1.02
05:32:29 PM     61.93      0.00      1.02
05:32:31 PM     27.27      0.00      2.02
05:32:33 PM   -108.50      0.00      1.00
05:32:35 PM     50.51      0.00      1.52
05:32:37 PM     47.45      0.00      1.02
05:32:39 PM    -46.97      0.00      1.52
05:32:41 PM      7.04      0.00      1.51
05:32:43 PM    -28.43      0.00      1.02
05:32:45 PM     18.27      0.00      1.02
05:32:47 PM    -13.07      0.00      1.01
05:32:49 PM    -31.00      0.00      2.00
05:32:51 PM    -15.74      0.00      2.54
05:32:53 PM     25.00      0.00      1.00
05:32:55 PM      1.01      0.00      1.51
05:32:57 PM  -1294.42      0.00      1.52
05:32:59 PM   1274.24      0.00      1.01
05:33:01 PM   -189.39      0.00      2.02
05:33:03 PM     62.81      0.00      1.51
05:33:05 PM     38.97      0.00      1.54
05:33:07 PM  -1203.05      0.00      1.02
05:33:09 PM   1220.51      0.00      2.56
05:33:11 PM  -1217.68      0.00      1.01
05:33:13 PM    115.66      0.00      2.02
05:33:15 PM   1151.02      0.00      1.02
05:33:17 PM    112.63      0.00      1.01
05:33:19 PM    -71.36      0.00      1.01
05:33:21 PM    109.60      0.00      2.53
05:33:23 PM     -1.02      0.00      1.52
05:33:25 PM     48.76      0.00      1.00
05:33:27 PM    -48.19      0.00      1.04
05:33:29 PM   -120.10      0.00      1.51
05:33:31 PM     83.76      0.00      3.05
05:33:33 PM    -79.90      0.00      1.01
05:33:35 PM     58.00      0.00      2.00
05:33:37 PM     20.71      0.00      1.52
05:33:39 PM   -106.03      0.00      1.01
05:33:41 PM    -79.29      0.00      2.53
05:33:43 PM    113.57      0.00      1.51
05:33:45 PM    181.82      0.00      1.01
05:33:47 PM   -109.60      0.00      2.02
05:33:49 PM     88.27      0.00      1.02
05:33:51 PM    -15.74      0.00      1.52
05:33:53 PM    -14.57      0.00      1.51
05:33:55 PM      1.01      0.00      1.01
05:33:57 PM  -1136.04      0.00      2.03
05:33:59 PM    933.00      0.00      1.00
05:34:01 PM    131.50      0.00      3.00
05:34:03 PM   -172.36      0.00      1.51
05:34:05 PM    -76.14      0.00      1.52
05:34:07 PM   -977.04      0.00      1.02
05:34:09 PM   1057.00      0.00      2.00
05:34:11 PM  -1120.00      0.00      3.00
05:34:13 PM   -157.36      0.00      1.02
05:34:15 PM   1167.34      0.00      1.01
05:34:17 PM   -155.78      0.00      1.51
05:34:19 PM    -67.01      0.00      0.51
05:34:21 PM   -217.59      0.00      2.01
05:34:23 PM    381.82      0.00      1.01
05:34:25 PM    -12.69      0.00      1.52
05:34:27 PM     86.00      0.00      1.00
05:34:29 PM     48.72      0.00      1.54
05:34:31 PM     -1.00      0.00      2.50
05:34:33 PM    -17.26      0.00      1.02
05:34:35 PM      4.06      0.00      1.52
05:34:37 PM    -47.21      0.00      1.02
05:34:39 PM     55.28      0.00      1.01
05:34:41 PM     48.74      0.00      2.01
05:34:43 PM    -49.49      0.00      1.02
05:34:45 PM    -76.88      0.00      1.51
05:34:47 PM    -11.56      0.00      1.01
05:34:49 PM     14.21      0.00      1.52
05:34:51 PM     29.15      0.00      3.02
05:34:53 PM    -85.43      0.00      1.01
05:34:55 PM    171.36      0.00      1.01
05:34:57 PM  -1359.50      0.00      2.00
05:34:59 PM   1277.78      0.00      1.01
05:35:01 PM    -64.00      0.00      3.50
05:35:03 PM   -106.53      0.00      1.01
05:35:05 PM    161.11      0.00      1.52
05:35:07 PM  -1183.92      0.00      1.51
05:35:09 PM   1087.37      0.00      2.02
05:35:11 PM  -1074.00      0.00      1.50
05:35:13 PM   -127.14      0.00      1.51
05:35:15 PM   1129.44      0.00      2.03
05:35:17 PM    155.78      0.00      1.01
05:35:19 PM     75.88      0.00      2.51
05:35:21 PM    -71.50      0.00      1.00
05:35:23 PM     67.68      0.00      1.52
05:35:25 PM    -57.87      0.00      1.02
05:35:27 PM    -15.66      0.00      1.52
05:35:29 PM     16.24      0.00      1.52
05:35:31 PM    -44.16      0.00      2.03
05:35:33 PM     75.63      0.00      1.52
05:35:35 PM   -103.02      0.00      1.01
05:35:37 PM     63.59      0.00      0.51
05:35:39 PM   -246.77      0.00      1.99
05:35:41 PM    290.00      0.00      0.50
05:35:43 PM   -206.63      0.00      1.53
05:35:45 PM    134.18      0.00      1.02
05:35:47 PM    -31.66      0.00      2.51
05:35:49 PM     65.99      0.00      1.52
05:35:51 PM    -63.00      0.00      1.50
05:35:53 PM     46.50      0.00      1.50
05:35:55 PM     75.25      0.00      1.01
05:35:57 PM  -1250.00      0.00      2.02
05:35:59 PM   1150.25      1.01      1.51
05:36:01 PM    -90.86      0.00      2.03
05:36:03 PM    -61.54      0.00      2.05
05:36:05 PM    136.55      0.00      1.52
05:36:07 PM  -1060.89      0.00      1.49
05:36:09 PM   1069.70      0.00      2.02
05:36:11 PM  -1240.40      0.00      3.03
05:36:13 PM    217.59      0.00      1.51
05:36:15 PM   1203.52      0.00      1.51
05:36:17 PM   -237.56      0.00      0.00
05:36:19 PM    153.77      0.00      2.01
05:36:21 PM   -238.89      0.00      1.52
05:36:23 PM    282.83      0.00      1.52
05:36:25 PM     47.24      0.00      1.01
05:36:27 PM    -45.45      0.00      1.52
05:36:29 PM    -78.89      0.00      1.51
05:36:31 PM     96.45      0.00      1.02
05:36:33 PM    -93.43      0.00      1.01
05:36:35 PM    -78.39      0.00      2.01
05:36:37 PM     61.81      0.00      1.01
05:36:39 PM    -29.08      0.00      2.04
05:36:41 PM     32.83      0.00      1.01
05:36:43 PM     63.64      0.00      1.52
05:36:45 PM    -60.80      0.00      1.51
05:36:47 PM    -42.86      0.00      0.51
05:36:49 PM     34.34      0.00      2.53
05:36:51 PM    -29.44      0.00      1.52
05:36:53 PM     31.63      0.00      1.53
05:36:55 PM    -20.60      0.00      2.01
05:36:57 PM  -1286.93      0.00      1.01
05:36:59 PM   1152.04      0.00      2.04
05:37:01 PM    110.15      0.00      2.03
05:37:03 PM     -1.02      0.00      1.52
05:37:05 PM    173.87      0.00      1.01
05:37:07 PM  -1128.06      0.00      2.04
05:37:09 PM    935.53      0.51      3.55
05:37:11 PM  -1138.07      0.00      1.02
05:37:13 PM    107.04      0.00      1.01
05:37:15 PM   1102.01      0.00      1.51
05:37:17 PM    -78.17      0.00      1.02
05:37:19 PM    -31.31      0.00      2.02
05:37:21 PM    -38.19      0.00      1.51
05:37:23 PM    -12.63      0.00      1.52
05:37:25 PM     94.47      0.00      1.51
05:37:27 PM     93.47      0.00      1.51
05:37:29 PM     18.69      0.00      2.02
05:37:31 PM    -47.72      0.00      1.02
05:37:33 PM    108.04      0.00      2.51
05:37:35 PM    -45.45      0.00      0.51
05:37:37 PM     58.59      0.00      0.51
05:37:39 PM    -45.69      0.00      1.52
05:37:41 PM    -18.50      0.00      2.00
05:37:43 PM    109.64      0.00      1.02
05:37:45 PM    -73.50      0.00      2.00
05:37:47 PM    -44.39      0.00      1.02
05:37:49 PM    -25.76      0.00      2.02
05:37:51 PM     29.29      0.00      1.01
05:37:53 PM     16.08      0.00      1.01
05:37:55 PM     14.80      0.00      1.53
05:37:57 PM  -1278.17      0.00      1.52
05:37:59 PM   1233.50      0.00      1.52
05:38:01 PM   -108.54      0.00      2.01
05:38:03 PM     44.72      0.00      1.51
05:38:05 PM   -109.09      0.00      2.53
05:38:07 PM  -1058.76      0.00      1.55
05:38:09 PM   1164.65      0.00      2.53
05:38:11 PM  -1226.26      0.00      1.01
05:38:13 PM    -70.85      0.00      1.01
05:38:15 PM    973.23      0.00      1.52
05:38:17 PM     91.96      0.00      1.01
05:38:19 PM     63.96      0.00      1.52
05:38:21 PM     79.80      0.00      2.53
05:38:23 PM     78.28      0.00      0.51
05:38:25 PM   -129.29      0.00      1.52
05:38:27 PM    174.37      0.00      1.01
05:38:29 PM     16.67      0.00      2.53
05:38:31 PM   -293.97      0.00      2.01
05:38:33 PM    155.05      0.00      0.51
05:38:35 PM    -64.80      0.00      2.55
05:38:37 PM     34.50      0.00      2.00
05:38:39 PM    -30.30      0.00      2.02
05:38:41 PM     94.47      0.00      0.50
05:38:43 PM    -83.33      0.51      1.01
05:38:45 PM    111.62      0.00      2.53
05:38:47 PM   -152.53      0.00      1.52
05:38:49 PM     87.94      0.00      2.01
05:38:51 PM    -39.80      0.00      0.51
05:38:53 PM    -15.23      0.00      2.54
05:38:55 PM     56.35      0.00      1.02
05:38:57 PM  -1386.93      0.00      0.50
05:38:59 PM   1140.61      0.00      1.52
05:39:01 PM    156.57      0.00      2.53
05:39:03 PM      5.53      0.00      2.01
05:39:05 PM    -54.27      0.00      1.51
05:39:07 PM  -1129.29      0.00      1.01
05:39:09 PM   1091.88      0.00      2.54
05:39:11 PM  -1399.49      0.00      0.51
05:39:13 PM     94.44      0.00      1.52
05:39:15 PM   1157.79      0.00      1.01
05:39:17 PM    -35.68      0.00      2.51
05:39:19 PM    -32.99      0.00      1.52
05:39:21 PM    113.57      0.00      0.50
05:39:23 PM     69.19      0.00      1.52
05:39:25 PM   -169.54      0.00      1.02
05:39:27 PM     44.95      0.00      2.53
05:39:29 PM    118.09      0.00      1.51
05:39:31 PM   -191.88      0.00      1.02
05:39:33 PM     63.13      0.00      1.52
05:39:35 PM    -12.50      0.00      0.50
05:39:37 PM     92.89      0.00      2.03
05:39:39 PM    189.85      0.00      1.52
05:39:41 PM   -432.83      0.00      1.01
05:39:43 PM    564.32      0.00      2.01
05:39:45 PM   -105.00      0.00      0.50
05:39:47 PM    -49.24      0.00      3.05
05:39:49 PM    -84.85      0.00      0.51
05:39:51 PM    -33.17      0.00      2.01
05:39:53 PM    131.98      0.00      1.52
05:39:55 PM      3.05      0.00      1.02
05:39:57 PM  -1131.31      0.00      2.02
05:39:59 PM   1211.56      0.00      1.51
05:40:01 PM   -139.80      0.00      2.55
05:40:03 PM    -42.93      0.00      3.03
05:40:05 PM  -1473.50      0.00      1.00
05:40:07 PM    376.77      0.00      2.02
05:40:09 PM   1179.29      0.00      2.53
05:40:11 PM  -1084.50      0.00      1.00
05:40:13 PM   -313.57      0.00      2.01
05:40:15 PM   1100.51      0.00      1.52
05:40:17 PM    205.56      0.00      1.52
05:40:19 PM   -171.21      0.00      1.01
05:40:21 PM    -90.91      0.00      1.01
05:40:23 PM    357.00      0.00      1.50
05:40:25 PM     30.81      0.00      1.01
05:40:27 PM    -28.93      0.00      2.54
05:40:29 PM     70.85      0.00      1.01
05:40:31 PM    -30.30      0.00      1.52
05:40:33 PM     85.43      0.00      1.01
05:40:35 PM    -61.62      0.00      1.01
05:40:37 PM     33.00      0.00      2.00
05:40:39 PM     13.64      0.00      1.01
05:40:41 PM    -52.02      0.00      1.52
05:40:43 PM   -184.42      0.00      1.01
05:40:45 PM     64.97      0.00      1.02
05:40:47 PM     57.58      0.00      2.02
05:40:49 PM    -33.33      0.00      2.02
05:40:51 PM     -7.04      0.00      1.51
05:40:53 PM     81.12      0.00      1.02
05:40:55 PM     47.74      0.00      2.51
05:40:57 PM  -1204.00      0.00      1.00
05:40:59 PM   1075.13      0.00      0.00
05:41:01 PM    -18.27      0.00      2.54
05:41:03 PM     53.50      0.00      3.00
05:41:05 PM     47.96      0.00      2.04
05:41:07 PM  -1136.04      0.00      1.52
05:41:09 PM   1137.69      0.00      2.01
05:41:11 PM  -1051.01      0.00      2.02
05:41:13 PM     52.02      0.00      1.01
05:41:15 PM   1056.06      0.00      1.52
05:41:17 PM    -60.61      0.00      1.52
05:41:19 PM    -47.21      0.00      1.02
05:41:21 PM    -34.67      0.00      2.01
05:41:23 PM     32.32      0.00      0.51
05:41:25 PM     25.38      0.00      2.03
05:41:27 PM    -14.29      0.00      2.04
05:41:29 PM    142.64      0.00      1.52
05:41:31 PM   -155.50      0.00      2.00
05:41:33 PM     31.66      0.00      1.51
05:41:35 PM     32.66      0.00      2.51
05:41:37 PM   -140.50      0.00      0.00
05:41:39 PM     45.73      0.00      1.01
05:41:41 PM     36.87      0.00      1.52
05:41:43 PM    -46.00      0.00      1.00
05:41:45 PM    -62.94      0.00      2.03
05:41:47 PM     65.66      0.00      1.52
05:41:49 PM     46.97      0.00      1.01
05:41:51 PM    -39.90      0.00      1.52
05:41:53 PM    124.24      0.00      1.01
05:41:55 PM     31.47      0.00      2.54
05:41:57 PM  -1162.81      0.00      0.50
05:41:59 PM   1129.65      0.00      1.51
05:42:01 PM     70.20      0.00      2.53
05:42:03 PM     -4.06      0.00      1.52
05:42:05 PM  -1731.63      0.00      2.04
05:42:07 PM    494.50      0.00      1.00
05:42:09 PM   1077.78      0.00      3.54
05:42:11 PM  -1271.21      0.00      0.51
05:42:13 PM    252.53      0.00      1.52
05:42:15 PM   1046.23      0.00      2.51
05:42:17 PM    -96.45      0.00      1.02
05:42:19 PM     34.69      0.00      0.51
05:42:21 PM    -80.30      0.00      1.52
05:42:23 PM     66.67      0.00      2.02
05:42:25 PM     60.61      0.00      2.02
05:42:27 PM    -12.63      0.00      1.01
05:42:29 PM    -24.62      0.00      1.51
05:42:31 PM    -15.74      0.00      0.51
05:42:33 PM    -20.71      0.00      2.53
05:42:35 PM     47.96      0.00      1.53
05:42:37 PM    -91.46      0.00      1.01
05:42:39 PM    -15.66      0.00      1.52
05:42:41 PM     35.03      0.00      1.02
05:42:43 PM     14.50      0.00      1.50
05:42:45 PM     19.70      0.00      1.52
05:42:47 PM     50.76      0.00      1.02
05:42:49 PM    -45.00      0.00      2.50
05:42:51 PM     31.16      0.00      1.01
05:42:53 PM    -30.77      0.00      1.54
05:42:55 PM    -63.32      0.00      1.51
05:42:57 PM  -1321.21      0.00      1.52
05:42:59 PM   1073.50      0.00      1.00
05:43:01 PM    -14.72      0.00      1.52
05:43:03 PM     45.50      0.00      2.50
05:43:05 PM     98.97      0.00      2.56
05:43:07 PM  -1070.05      0.00      0.51
05:43:09 PM   1015.58      0.00      2.01
05:43:11 PM   -967.84      0.00      0.50
05:43:13 PM     34.67      0.00      2.01
05:43:15 PM    907.18      0.00      1.54
05:43:17 PM     96.46      0.00      1.01
05:43:19 PM     14.21      0.00      1.52
05:43:21 PM      1.01      0.00      1.51
05:43:23 PM    -31.84      0.00      1.49
05:43:25 PM      2.51      0.00      1.51
05:43:27 PM     51.53      0.00      2.04
05:43:29 PM     62.63      0.00      2.53
05:43:31 PM     17.59      0.00      1.51
05:43:33 PM    -47.45      0.00      1.53
05:43:35 PM    -59.80      0.00      1.51
05:43:37 PM     33.84      0.00      2.53
05:43:39 PM    -76.02      0.00      0.51
05:43:41 PM    -73.10      0.00      0.51
05:43:43 PM     14.14      0.00      2.02
05:43:45 PM   -110.15      0.00      1.02
05:43:47 PM    361.93      0.00      2.03
05:43:49 PM    -78.17      0.00      0.51
05:43:51 PM     56.63      0.00      1.53
05:43:53 PM   -121.72      0.00      2.02
05:43:55 PM      4.02      0.00      1.01
05:43:57 PM  -1172.59      0.00      1.52
05:43:59 PM    964.97      0.00      1.02
05:44:01 PM    276.77      0.00      3.54
05:44:03 PM      1.00      0.00      2.00
05:44:05 PM   -176.65      0.00      1.02
05:44:07 PM  -1005.05      0.00      1.01
05:44:09 PM    987.44      0.00      2.01
05:44:11 PM   -998.47      0.00      2.04
05:44:13 PM     88.38      0.00      1.52
05:44:15 PM    973.98      0.00      2.04
05:44:17 PM     32.34      0.00      1.00
05:44:19 PM     15.82      0.00      2.55
05:44:21 PM    -94.97      0.00      0.50
05:44:23 PM   -110.66      0.00      1.52
05:44:25 PM    204.52      0.00      1.51
05:44:27 PM     28.43      0.00      2.03
05:44:29 PM     27.92      0.00      0.51
05:44:31 PM    109.60      0.00      1.52
05:44:33 PM     46.46      0.00      1.01
05:44:35 PM    131.82      0.00      2.02
05:44:37 PM    -93.94      0.00      1.01
05:44:39 PM    112.12      0.00      1.01
05:44:41 PM   -125.25      0.00      1.01
05:44:43 PM    -72.45      0.00      2.55
05:44:45 PM     63.64      0.00      2.02
05:44:47 PM     32.49      0.00      0.51
05:44:49 PM    -12.06      0.00      2.01
05:44:51 PM    -47.72      0.00      1.52
05:44:53 PM    -91.84      0.00      2.04
05:44:55 PM    -43.37      0.00      1.53
05:44:57 PM  -1066.50      0.00      1.50
05:44:59 PM   1113.64      0.00      1.52
05:45:01 PM     32.99      0.00      3.05
05:45:03 PM   -122.00      0.00      2.00
05:45:05 PM    -37.00      0.00      1.00
05:45:07 PM  -1274.75      0.00      1.01
05:45:09 PM   1381.12      0.00      2.04
05:45:11 PM  -1241.00      0.00      1.00
05:45:13 PM     19.00      0.00      2.50
05:45:15 PM    993.94      0.00      2.02
05:45:17 PM    -71.94      0.00      1.02
05:45:19 PM     61.42      0.00      1.02
05:45:21 PM     78.68      0.00      2.03
05:45:23 PM    160.61      0.00      2.02
05:45:25 PM     32.66      0.00      1.51
05:45:27 PM    -46.73      0.00      1.51
05:45:29 PM    -43.94      0.00      1.01
05:45:31 PM    -92.96      0.00      2.51
05:45:33 PM     57.29      0.00      1.51
05:45:35 PM     17.17      0.00      1.52
05:45:37 PM     55.05      0.00      1.52
05:45:39 PM    -79.80      0.00      1.01
05:45:41 PM     63.64      0.00      1.01
05:45:43 PM     -2.02      0.00      1.01
05:45:45 PM    -59.09      0.00      1.01
05:45:47 PM    208.16      0.00      1.53
05:45:49 PM    -43.43      0.00      1.52
05:45:51 PM    -78.35      0.00      1.03
05:45:53 PM    -79.29      0.00      1.52
05:45:55 PM     85.71      0.00      1.53
05:45:57 PM  -1263.96      0.00      1.52
05:45:59 PM   1246.15      0.00      1.03
05:46:01 PM     -4.55      0.00      3.03
05:46:03 PM     55.56      0.00      2.53
05:46:05 PM    -63.64      0.00      1.52
05:46:07 PM  -1046.46      0.00      1.52
05:46:09 PM   1046.73      0.00      2.51
05:46:11 PM  -1274.24      0.00      1.52
05:46:13 PM     57.14      0.00      1.53
05:46:15 PM    922.61      0.00      1.51
05:46:17 PM    -31.50      0.00      0.50
05:46:19 PM    131.98      0.00      2.03
05:46:21 PM    -78.79      0.00      0.51
05:46:23 PM    -79.00      0.00      2.00
05:46:25 PM    190.86      0.00      1.02
05:46:27 PM     13.57      0.00      1.01
05:46:29 PM    116.84      0.00      1.53
05:46:31 PM   -154.77      0.00      1.51
05:46:33 PM    170.71      0.00      1.01
05:46:35 PM    -30.15      0.00      1.01
05:46:37 PM    -44.67      0.00      2.03
05:46:39 PM     94.97      0.00      1.01
05:46:41 PM     47.50      0.00      2.00
05:46:43 PM    -73.00      0.00      1.00
05:46:45 PM    -77.78      0.00      1.52
05:46:47 PM     16.16      0.00      1.01
05:46:49 PM     19.60      0.00      1.51
05:46:51 PM    -29.80      0.00      2.02
05:46:53 PM     15.50      0.00      1.50
05:46:55 PM     81.22      0.00      2.03
05:46:57 PM  -1369.90      0.00      1.02
05:46:59 PM   1086.87      0.00      2.02
05:47:01 PM     47.21      0.00      2.54
05:47:03 PM   -187.94      0.00      1.01
05:47:05 PM  -1628.79      0.00      1.52
05:47:07 PM    610.61      0.00      1.52
05:47:09 PM   1268.53      0.00      2.03
05:47:11 PM  -1454.08      0.00      2.55
05:47:13 PM     13.43      0.00      1.49
05:47:15 PM   1174.11      0.00      1.02
05:47:17 PM     31.82      0.00      1.52
05:47:19 PM      1.01      0.00      1.51
05:47:21 PM    124.12      0.00      2.01
05:47:23 PM     15.58      0.00      1.51
05:47:25 PM    -61.31      0.00      2.01
05:47:27 PM    -47.21      0.00      1.02
05:47:29 PM     48.99      0.00      1.52
05:47:31 PM    -30.30      0.00      1.52
05:47:33 PM     17.09      0.00      1.51
05:47:35 PM      4.04      0.00      1.01
05:47:37 PM     77.16      0.00      1.02
05:47:39 PM     -0.51      0.00      2.02
05:47:41 PM    -35.03      0.00      2.03
05:47:43 PM    -33.50      0.00      0.51
05:47:45 PM     -4.04      0.00      1.01
05:47:47 PM   -359.90      0.00      1.02
05:47:49 PM    445.92      0.00      2.04
05:47:51 PM    -39.70      0.00      1.01
05:47:53 PM      2.03      0.00      1.52
05:47:55 PM    -93.40      0.00      1.02
05:47:57 PM  -1094.95      0.00      1.52
05:47:59 PM   1124.62      0.00      1.51
05:48:01 PM     87.88      0.00      3.03
05:48:03 PM     76.88      0.00      2.01
05:48:05 PM    217.77      0.00      1.52
05:48:07 PM  -1377.78      0.00      1.01
05:48:09 PM    886.29      0.00      2.03
05:48:11 PM  -1091.37      0.00      1.52
05:48:13 PM    173.60      0.00      2.03
05:48:15 PM    990.05      0.00      1.99
05:48:17 PM    -60.91      0.00      1.02
05:48:19 PM     92.46      0.00      1.51
05:48:21 PM   -156.57      0.00      2.02
05:48:23 PM    108.54      0.50      0.50
05:48:25 PM    -14.21      0.00      1.52
05:48:27 PM    146.67      0.00      1.03
05:48:29 PM     33.17      0.00      2.51
05:48:31 PM   -155.78      0.00      2.51
05:48:33 PM     78.68      0.00      0.51
05:48:35 PM     94.44      0.00      3.03
05:48:37 PM     31.31      0.00      1.52
05:48:39 PM    -60.80      0.00      1.01
05:48:41 PM    -44.62      0.00      1.54
05:48:43 PM     64.32      0.00      1.01
05:48:45 PM    193.91      0.00      2.54
05:48:47 PM   -124.50      0.00      1.50
05:48:49 PM      1.00      0.00      1.49
05:48:51 PM    -48.47      0.00      1.53
05:48:53 PM     34.52      0.00      1.02
05:48:55 PM     52.79      0.00      1.52
05:48:57 PM  -1279.70      0.00      1.02
05:48:59 PM    984.50      0.00      1.50
05:49:01 PM     58.00      0.00      2.50
05:49:03 PM    -22.34      0.00      1.52
05:49:05 PM   -118.09      0.00      1.51
05:49:07 PM  -1175.25      0.00      1.01
05:49:09 PM   1308.08      0.00      2.53
05:49:11 PM  -1249.75      0.00      2.03
05:49:13 PM     -2.04      0.00      1.02
05:49:15 PM   1138.19      0.00      1.01
05:49:17 PM     82.41      0.00      1.01
05:49:19 PM    110.15      0.00      3.05
05:49:21 PM   -127.27      0.00      1.01
05:49:23 PM    -14.65      0.00      1.01
05:49:25 PM      7.00      0.00      1.00
05:49:27 PM    126.90      0.00      1.52
05:49:29 PM    159.30      0.00      2.01
05:49:31 PM   -125.63      0.00      1.01
05:49:33 PM      4.04      0.00      1.52
05:49:35 PM     47.47      0.00      2.02
05:49:37 PM      0.00      0.00      2.00
05:49:39 PM      1.01      0.00      1.52
05:49:41 PM   -188.32      0.00      0.00
05:49:43 PM     35.00      0.00      2.00
05:49:45 PM     20.20      0.00      1.01
05:49:47 PM    -60.61      0.00      1.01
05:49:49 PM    158.59      0.00      2.02
05:49:51 PM    -59.90      0.00      1.49
05:49:53 PM   -108.72      0.00      1.54
05:49:55 PM     15.74      0.00      1.02
05:49:57 PM  -1206.15      0.00      2.56
05:49:59 PM   1042.21      0.00      2.01
05:50:01 PM     62.63      0.00      2.02
05:50:03 PM   -214.65      0.00      2.02
05:50:05 PM  -1590.95      0.00      1.51
05:50:07 PM    566.50      0.00      2.03
05:50:09 PM   1349.49      0.00      3.06
05:50:11 PM  -1273.00      0.00      1.50
05:50:13 PM   -109.60      0.00      0.51
05:50:15 PM   1267.17      0.00      2.02
05:50:17 PM     44.95      0.00      1.01
05:50:19 PM      3.02      0.00      2.01
05:50:21 PM    126.13      0.00      0.50
05:50:23 PM   -216.58      0.00      2.01
05:50:25 PM     78.68      0.00      1.52
05:50:27 PM     30.46      0.00      1.02
05:50:29 PM     50.25      0.00      1.52
05:50:31 PM    -15.66      0.00      1.52
05:50:33 PM     30.61      0.00      1.02
05:50:35 PM     59.39      0.00      2.03
05:50:37 PM    -22.61      0.00      1.01
05:50:39 PM     35.68      0.00      2.01
05:50:41 PM   -102.00      0.00      1.00
05:50:43 PM     81.54      0.00      1.03
05:50:45 PM     18.69      0.00      1.52
05:50:47 PM     30.15      0.00      1.51
05:50:49 PM    -46.73      0.00      2.01
05:50:51 PM   -140.10      0.00      1.02
05:50:53 PM     93.53      0.00      1.00
05:50:55 PM    -13.64      0.00      2.53
05:50:57 PM  -1280.40      0.00      1.01
05:50:59 PM   1190.91      0.00      2.53
05:51:01 PM    -18.50      0.00      2.50
05:51:03 PM     63.68      0.00      0.50
05:51:05 PM    -49.49      0.00      2.02
05:51:07 PM  -1189.45      0.00      2.01
05:51:09 PM   1168.50      0.00      2.00
05:51:11 PM  -1051.01      0.00      1.01
05:51:13 PM    -29.65      0.00      2.01
05:51:15 PM   1264.97      0.00      1.02
05:51:17 PM   -138.50      0.00      1.50
05:51:19 PM    154.55      0.00      1.52
05:51:21 PM   -168.18      0.00      2.02
05:51:23 PM     44.16      0.00      1.02
05:51:25 PM     34.34      0.00      1.01
05:51:27 PM    -13.71      0.00      2.03
05:51:29 PM    -55.78      0.00      2.01
05:51:31 PM    -78.28      0.00      1.52
05:51:33 PM    103.03      0.00      1.01
05:51:35 PM    115.66      0.00      1.01
05:51:37 PM    -65.15      0.00      2.02
05:51:39 PM    -76.26      0.00      1.52
05:51:41 PM     13.71      0.00      1.52
05:51:43 PM     66.33      0.00      0.00
05:51:45 PM    -62.12      0.00      1.52
05:51:47 PM     36.87      0.00      1.52
05:51:49 PM     95.92      0.00      2.04
05:51:51 PM    -24.49      0.00      1.53
05:51:53 PM    153.77      0.00      1.01
05:51:55 PM   -254.08      0.00      1.53
05:51:57 PM   -971.86      0.00      2.01
05:51:59 PM   1050.00      0.00      1.02
05:52:01 PM    -12.63      0.00      3.03
05:52:03 PM    -15.66      0.00      1.01
05:52:05 PM     17.59      0.00      2.01
05:52:07 PM  -1297.96      0.00      2.04
05:52:09 PM   1102.02      0.00      2.53
05:52:11 PM  -1232.83      0.00      1.01
05:52:13 PM    125.89      0.00      1.02
05:52:15 PM   1068.84      0.00      2.01
05:52:17 PM     17.68      0.00      2.02
05:52:19 PM     17.35      0.00      1.53
05:52:21 PM   -120.00      0.00      1.00
05:52:23 PM    123.74      0.00      0.51
05:52:25 PM    -39.70      0.00      2.01
05:52:27 PM    125.00      0.00      1.00
05:52:29 PM   -225.38      0.00      1.02
05:52:31 PM     16.67      0.00      1.52
05:52:33 PM     36.55      0.00      1.52
05:52:35 PM    -35.18      0.00      1.01
05:52:37 PM     82.23      0.00      2.03
05:52:39 PM   -222.84      0.00      1.02
05:52:41 PM      1.01      0.00      2.02
05:52:43 PM     85.71      0.00      1.02
05:52:45 PM     65.33      0.00      1.01
05:52:47 PM     92.96      0.00      2.01
05:52:49 PM   -125.63      0.00      2.01
05:52:51 PM     16.08      0.00      2.01
05:52:53 PM    -45.23      0.00      1.01
05:52:55 PM      0.51      0.00      3.03
05:52:57 PM  -1178.89      0.00      2.01
05:52:59 PM   1132.32      0.00      1.01
05:53:01 PM     63.08      0.00      2.05
05:53:03 PM    -56.57      0.00      1.52
05:53:05 PM  -1387.82      0.00      1.52
05:53:07 PM    503.03      0.00      1.52
05:53:09 PM   1072.86      0.00      2.01
05:53:11 PM  -1137.06      0.00      1.02
05:53:13 PM    -66.15      0.00      1.03
05:53:15 PM   1159.30      0.00      3.02
05:53:17 PM     30.00      0.00      1.00
05:53:19 PM      4.06      0.00      1.52
05:53:21 PM     63.13      0.00      2.02
05:53:23 PM    -30.96      0.00      1.02
05:53:25 PM     20.81      0.00      1.52
05:53:27 PM    -48.50      0.00      2.00
05:53:29 PM   -122.96      0.00      1.53
05:53:31 PM    246.73      0.00      2.51
05:53:33 PM    -61.81      0.00      1.01
05:53:35 PM     78.89      0.00      1.51
05:53:37 PM    -54.27      0.00      2.01
05:53:39 PM     12.94      0.00      1.00
05:53:41 PM    -74.49      0.00      0.51
05:53:43 PM     76.53      0.00      1.53
05:53:45 PM     10.55      0.00      2.01
05:53:47 PM    109.14      0.00      1.52
05:53:49 PM    -41.71      0.00      1.51
05:53:51 PM    117.95      0.00      0.51
05:53:53 PM   -163.96      0.00      1.52
05:53:55 PM   -147.21      0.00      2.54
05:53:57 PM  -1076.77      0.00      1.01
05:53:59 PM   1176.00      0.00      1.50
05:54:01 PM   -144.95      0.00      2.02
05:54:03 PM      2.53      0.00      2.53
05:54:05 PM    204.57      0.00      1.02
05:54:07 PM  -1128.28      0.00      1.52
05:54:09 PM   1037.37      0.00      3.03
05:54:11 PM  -1023.86      0.00      1.02
05:54:13 PM     -0.51      0.00      1.52
05:54:15 PM    929.80      0.00      1.01
05:54:17 PM   -180.90      0.00      1.51
05:54:19 PM     61.62      0.00      1.52
05:54:21 PM     47.21      0.00      1.52
05:54:23 PM    -13.71      0.00      1.02
05:54:25 PM     51.76      0.00      1.51
05:54:27 PM    125.25      0.00      2.02
05:54:29 PM    -24.50      0.00      1.00
05:54:31 PM    172.50      0.00      2.00
05:54:33 PM   -123.74      0.00      1.01
05:54:35 PM    -44.39      0.00      2.04
05:54:37 PM    -15.74      0.00      2.03
05:54:39 PM    -15.74      0.00      0.51
05:54:41 PM     48.48      0.00      1.52
05:54:43 PM    -30.30      0.00      1.52
05:54:45 PM      0.00      0.00      1.51
05:54:47 PM    -93.85      0.00      1.54
05:54:49 PM    -15.82      0.00      2.04
05:54:51 PM     78.11      0.00      1.99
05:54:53 PM     75.63      0.00      1.52
05:54:55 PM   -166.33      0.00      0.50
05:54:57 PM  -1242.71      0.00      1.51
05:54:59 PM   1165.31      0.00      1.53
05:55:01 PM    154.55      0.00      2.02
05:55:03 PM      4.50      0.00      1.50
05:55:05 PM     57.29      0.00      2.01
05:55:07 PM  -1098.50      0.00      2.50
05:55:09 PM   1121.32      0.00      2.03
05:55:11 PM  -1663.13      0.00      1.01
05:55:13 PM    312.12      0.00      1.01
05:55:15 PM   1317.77      0.00      2.03
05:55:17 PM     48.99      0.00      1.01
05:55:19 PM    -92.00      0.00      1.50
05:55:21 PM     76.65      0.00      1.02
05:55:23 PM     15.23      0.00      2.03
05:55:25 PM    125.89      0.00      2.03
05:55:27 PM      0.51      0.00      1.01
05:55:29 PM    -29.00      0.00      1.50
05:55:31 PM     49.24      0.00      1.52
05:55:33 PM    -50.00      0.00      2.02
05:55:35 PM     13.57      0.00      1.01
05:55:37 PM   -125.76      0.00      0.51
05:55:39 PM    121.72      0.00      1.01
05:55:41 PM     46.97      0.00      1.52
05:55:43 PM    -14.57      0.00      1.51
05:55:45 PM     93.97      0.00      1.51
05:55:47 PM   -122.73      0.00      1.01
05:55:49 PM     94.95      0.00      2.02
05:55:51 PM     65.48      0.00      1.02
05:55:53 PM    -29.00      0.00      1.50
05:55:55 PM    -77.78      0.00      2.02
05:55:57 PM  -1152.28      0.00      2.03
05:55:59 PM   1003.02      0.00      1.01
05:56:01 PM     26.40      0.00      2.54
05:56:03 PM    -44.72      0.00      2.01
05:56:05 PM    113.13      0.00      2.02
05:56:07 PM  -1270.20      0.00      1.52
05:56:09 PM   1124.00      0.00      1.50
05:56:11 PM  -1067.86      0.00      1.02
05:56:13 PM     29.59      0.00      1.53
05:56:15 PM    936.55      0.00      2.03
05:56:17 PM    -59.50      0.00      2.00
05:56:19 PM     97.47      0.00      1.01
05:56:21 PM    128.64      0.00      1.51
05:56:23 PM   -206.57      0.00      1.01
05:56:25 PM     94.97      0.00      1.51
05:56:27 PM     35.68      0.00      1.01
05:56:29 PM    -63.78      0.00      1.53
05:56:31 PM      1.00      0.00      2.00
05:56:33 PM     79.70      0.00      1.02
05:56:35 PM    -46.23      0.00      1.51
05:56:37 PM   -156.85      0.00      1.52
05:56:39 PM    125.50      0.00      1.00
05:56:41 PM      2.53      0.00      1.52
05:56:43 PM     54.23      0.00      1.49
05:56:45 PM    -14.14      0.00      2.53
05:56:47 PM   -110.00      0.00      1.00
05:56:49 PM     -0.50      0.00      1.51
05:56:51 PM     80.20      0.00      0.00
05:56:53 PM   -126.13      0.00      2.01
05:56:55 PM    113.71      0.00      1.52
05:56:57 PM  -1264.97      0.00      1.02
05:56:59 PM   1281.73      0.00      1.52
05:57:01 PM   -104.55      0.00      3.03
05:57:03 PM    124.12      0.00      2.01
05:57:05 PM  -1489.39      0.00      2.02
05:57:07 PM    419.70      0.00      2.02
05:57:09 PM    970.56      0.00      2.03
05:57:11 PM  -1202.01      0.00      1.01
05:57:13 PM    -33.17      0.00      1.01
05:57:15 PM   1026.40      0.00      2.03
05:57:17 PM    126.13      0.00      2.01
05:57:19 PM    -30.10      0.00      1.53
05:57:21 PM     15.50      0.00      1.00
05:57:23 PM     29.29      0.00      1.01
05:57:25 PM     64.29      0.00      2.55
05:57:27 PM    -36.50      0.00      0.50
05:57:29 PM    -41.92      0.00      1.01
05:57:31 PM      0.00      0.00      1.52
05:57:33 PM     63.64      0.00      1.52
05:57:35 PM    110.05      0.00      2.01
05:57:37 PM    -44.72      0.00      1.51
05:57:39 PM    121.21      0.00      1.01
05:57:41 PM    -30.00      0.00      2.00
05:57:43 PM    -22.22      0.00      1.01
05:57:45 PM    -15.08      0.00      2.01
05:57:47 PM     10.05      0.00      1.01
05:57:49 PM     32.32      0.00      1.01
05:57:51 PM      3.05      0.00      1.52
05:57:53 PM     29.35      0.00      1.49
05:57:55 PM   -150.51      0.00      1.52
05:57:57 PM  -1237.31      0.00      1.00
05:57:59 PM   1254.08      0.00      2.04
05:58:01 PM    -91.46      0.00      2.01
05:58:03 PM     77.78      0.00      2.53
05:58:05 PM    -96.45      0.00      1.52
05:58:07 PM  -1033.84      0.00      1.01
05:58:09 PM    987.88      0.00      3.03
05:58:11 PM  -1107.54      0.00      1.01
05:58:13 PM    109.55      0.00      2.01
05:58:15 PM   1134.01      0.00      1.52
05:58:17 PM     44.72      0.00      1.51
05:58:19 PM      0.50      0.00      1.00
05:58:21 PM    -14.57      0.00      1.01
05:58:23 PM     43.72      0.00      2.51
05:58:25 PM    -89.85      0.00      1.52
05:58:27 PM    188.38      0.00      1.52
05:58:29 PM   -100.51      0.00      1.02
05:58:31 PM     46.50      0.00      2.50
05:58:33 PM    -62.63      0.00      1.52
05:58:35 PM      0.50      0.00      1.01
05:58:37 PM    -30.10      0.00      2.04
05:58:39 PM     17.59      0.00      1.51
05:58:41 PM    113.07      0.00      1.01
05:58:43 PM    -18.18      0.00      1.52
05:58:45 PM    -14.65      0.00      1.52
05:58:47 PM    -44.22      0.00      1.51
05:58:49 PM     31.82      0.00      0.51
05:58:51 PM   -117.50      0.00      2.00
05:58:53 PM    -80.20      0.00      1.52
05:58:55 PM    140.00      0.00      2.00
05:58:57 PM  -1032.14      0.00      2.04
05:58:59 PM   1085.64      0.00      0.51
05:59:01 PM    -30.50      0.00      2.50
05:59:03 PM     -1.52      0.00      2.02
05:59:05 PM  -1702.01      0.00      1.51
05:59:07 PM    490.40      0.00      1.01
05:59:09 PM   1084.42      0.00      2.01
05:59:11 PM  -1144.95      0.00      2.02
05:59:13 PM    172.00      0.00      1.50
05:59:15 PM    908.54      0.00      1.51
05:59:17 PM    -43.50      0.00      1.00
05:59:19 PM    174.11      0.00      1.52
05:59:21 PM   -234.67      0.00      1.51
05:59:23 PM    138.19      0.00      1.51
05:59:25 PM     78.68      0.00      1.02
05:59:27 PM -34953.77      0.00     20.10
05:59:29 PM   -125.89      0.00     10.15
05:59:31 PM    -74.50      0.00      2.00
05:59:33 PM     75.50      0.00      1.00
05:59:35 PM   -906.60      0.00      2.03
05:59:37 PM    964.14      0.00      0.51
05:59:39 PM     13.13      0.00      1.52
05:59:41 PM    -75.00      0.00      1.53
05:59:43 PM     75.62      0.00      1.99
05:59:45 PM      2.01      0.00      2.01
05:59:47 PM    -46.46      0.00      1.01
05:59:49 PM    -59.09      0.00      1.01
05:59:51 PM     94.97      0.00      1.51
05:59:53 PM    -31.31      0.00      2.02
05:59:55 PM    140.70      0.00      0.50
05:59:57 PM  -1253.33      0.00      1.54
05:59:59 PM   1110.05      0.00      1.51
06:00:01 PM    110.66      0.00      3.05
06:00:03 PM   -205.56      0.00      3.03
06:00:05 PM  -1528.64      0.00      0.50
06:00:07 PM    394.42      0.00      1.02
06:00:09 PM   1146.77      0.00      1.99
06:00:11 PM  -1167.51      0.00      1.02
06:00:13 PM     94.95      0.00      1.52
06:00:15 PM   1252.26      0.00      1.01
06:00:17 PM   -154.77      0.00      3.02
06:00:19 PM    158.88      0.00      1.02
06:00:21 PM    -62.44      0.00      2.03
06:00:23 PM     50.00      0.00      1.01
06:00:25 PM    -16.41      0.00      2.05
06:00:27 PM    -78.79      0.00      1.52
06:00:29 PM    -89.45      0.00      0.50
06:00:31 PM    150.00      0.00      2.55
06:00:33 PM    -15.00      0.00      1.50
06:00:35 PM    -77.39      0.00      1.01
06:00:37 PM     14.00      0.00      1.50
06:00:39 PM     30.46      0.00      1.02
06:00:41 PM   -109.05      0.00      2.51
06:00:43 PM    -29.95      0.00      1.52
06:00:45 PM     77.78      0.00      1.01
06:00:47 PM     -2.01      0.00      0.50
06:00:49 PM     94.47      0.00      2.51
06:00:51 PM    -47.50      0.00      2.00
06:00:53 PM    -57.07      0.00      1.01
06:00:55 PM     -5.56      0.00      1.52
06:00:57 PM  -1134.85      0.00      1.01
06:00:59 PM   1114.14      0.00      2.02
06:01:01 PM    -23.35      0.00      3.05
06:01:03 PM   -161.81      0.00      2.51
06:01:05 PM  -1570.71      0.00      1.52
06:01:07 PM    421.39      0.00      1.00
06:01:09 PM   1082.56      0.00      2.05
06:01:11 PM  -1316.16      0.00      1.01
06:01:13 PM    187.00      0.00      2.00
06:01:15 PM   1079.40      0.00      1.51
06:01:17 PM   -122.84      0.00      1.02
06:01:19 PM     39.20      0.00      1.51
06:01:21 PM     73.74      0.00      1.52
06:01:23 PM    -47.45      0.00      1.53
06:01:25 PM    -62.19      0.00      1.00
06:01:27 PM     63.08      0.00      1.54
06:01:29 PM    194.92      0.00      2.54
06:01:31 PM    -76.50      0.00      1.00
06:01:33 PM     26.63      0.00      1.51
06:01:35 PM     37.06      0.00      1.02
06:01:37 PM    -77.50      0.00      1.50
06:01:39 PM    -39.20      0.00      2.51
06:01:41 PM     65.99      0.00      1.02
06:01:43 PM   -121.11      0.00      1.51
06:01:45 PM      9.64      0.00      1.02
06:01:47 PM    187.06      0.00      1.49
06:01:49 PM    -77.50      0.00      1.00
06:01:51 PM     26.00      0.00      2.00
06:01:53 PM     29.80      0.00      2.02
06:01:55 PM     18.69      0.00      0.51
06:01:57 PM  -1355.05      0.00      2.02
06:01:59 PM   1277.00      0.00      1.00
06:02:01 PM    -28.28      0.00      2.53
06:02:03 PM    -45.73      0.00      1.51
06:02:05 PM   -109.18      0.00      1.53
06:02:07 PM   -881.00      0.00      1.50
06:02:09 PM    942.42      0.00      2.53
06:02:11 PM   -993.47      0.00      1.01
06:02:13 PM    141.62      0.00      2.03
06:02:15 PM    911.06      0.00      1.51
06:02:17 PM    -49.75      0.00      1.52
06:02:19 PM    145.96      0.00      1.01
06:02:21 PM     83.76      0.00      1.52
06:02:23 PM    -48.50      0.00      1.00
06:02:25 PM    -44.67      0.00      1.52
06:02:27 PM    -28.14      0.00      2.01
06:02:29 PM   -107.11      0.00      1.52
06:02:31 PM     32.83      0.00      1.52
06:02:33 PM    112.76      0.00      1.02
06:02:35 PM    -57.29      0.00      1.51
06:02:37 PM    -94.95      0.00      1.01
06:02:39 PM    -31.63      0.00      1.53
06:02:41 PM    -15.15      0.00      1.01
06:02:43 PM   -123.74      0.00      1.52
06:02:45 PM    172.00      0.00      0.50
06:02:47 PM     15.58      0.00      1.51
06:02:49 PM     -1.01      0.00      2.02
06:02:51 PM    -15.74      0.00      2.03
06:02:53 PM    -83.33      0.00      1.01
06:02:55 PM    -10.10      0.00      1.52
06:02:57 PM   -932.00      0.00      1.50
06:02:59 PM    841.62      0.00      1.52
06:03:01 PM    -42.86      0.00      3.06
06:03:03 PM     61.62      0.00      1.52
06:03:05 PM  -1580.10      0.00      1.00
06:03:07 PM    589.45      0.00      2.01
06:03:09 PM    944.95      0.00      2.53
06:03:11 PM   -928.28      0.00      1.01
06:03:13 PM    -48.22      0.00      2.03
06:03:15 PM   1048.74      0.00      1.51
06:03:17 PM     30.46      0.00      1.02
06:03:19 PM    -33.84      0.00      2.53
06:03:21 PM    -33.33      0.00      1.01
06:03:23 PM  -4720.81      0.00      1.52
06:03:25 PM   -489.00      0.00      2.50
06:03:27 PM   -844.67      0.00      1.52
06:03:29 PM  -4105.00      0.00      2.50
06:03:31 PM    236.04      0.00      2.54
06:03:33 PM     94.39      0.00      0.51
06:03:35 PM   -224.37      0.00      1.52
06:03:37 PM     84.34      0.00      0.51
06:03:39 PM  -2577.00      0.00      2.50
06:03:41 PM   -343.88      0.00      1.02
06:03:43 PM  12718.59      0.00      1.01
06:03:45 PM    146.73      0.00      1.01
06:03:47 PM     57.36      0.00      1.02
06:03:49 PM     -9.55      0.00      2.01
06:03:51 PM    141.50      0.00      1.00
06:03:53 PM    164.65      0.00      1.01
06:03:55 PM    -71.07      0.00      1.52
06:03:57 PM  -1232.66      0.00      1.01
06:03:59 PM   1241.21      0.00      1.51
06:04:01 PM    -66.67      0.00      2.02
06:04:03 PM    -23.74      0.00      1.52
06:04:05 PM     78.50      0.00      2.00
06:04:07 PM  -1162.63      0.00      0.51
06:04:09 PM   1044.67      0.00      3.05
06:04:11 PM  -1186.87      0.00      2.02
06:04:13 PM     57.29      0.00      1.51
06:04:15 PM   1153.54      0.00      1.52
06:04:17 PM    -11.11      0.00      1.52
06:04:19 PM     50.50      0.00      3.50
06:04:21 PM     50.77      0.00      0.51
06:04:23 PM    107.50      0.00      1.50
06:04:25 PM    -81.91      0.00      1.01
06:04:27 PM    -64.65      0.00      2.02
06:04:29 PM     49.75      0.00      1.51
06:04:31 PM     44.22      0.00      1.01
06:04:33 PM    -38.07      0.00      0.51
06:04:35 PM     52.02      0.00      2.02
06:04:37 PM    -11.11      0.00      1.52
06:04:39 PM    -29.95      0.00      1.02
06:04:41 PM    -29.44      0.00      1.02
06:04:43 PM    107.50      0.00      1.00
06:04:45 PM    -75.63      0.00      2.03
06:04:47 PM     66.16      0.00      1.01
06:04:49 PM    133.67      0.00      2.51
06:04:51 PM     14.50      0.00      1.50
06:04:53 PM    -13.00      0.00      1.50
06:04:55 PM    -46.00      0.00      1.00
06:04:57 PM  -1338.27      0.00      1.02
06:04:59 PM   1154.50      0.00      2.50
06:05:01 PM    -29.29      0.00      3.54
06:05:03 PM    -62.00      0.00      1.00
06:05:05 PM  -1721.21      0.00      1.52
06:05:07 PM    507.50      0.00      1.00
06:05:09 PM   1110.05      0.00      2.51
06:05:11 PM  -1242.64      0.00      1.02
06:05:13 PM    163.96      0.00      1.02
06:05:15 PM   1119.00      0.00      2.00
06:05:17 PM      3.03      0.00      1.01
06:05:19 PM    -34.34      0.00      1.52
06:05:21 PM    110.10      0.00      0.51
06:05:23 PM   -206.60      0.00      1.02
06:05:25 PM    129.23      0.00      2.56
06:05:27 PM    100.51      0.00      1.01
06:05:29 PM    100.51      0.00      2.04
06:05:31 PM   -170.85      0.00      1.01
06:05:33 PM     41.21      0.00      1.51
06:05:35 PM    -78.28      0.00      1.52
06:05:37 PM     62.00      0.00      0.50
06:05:39 PM     63.82      0.00      4.02
06:05:41 PM    -35.18      0.00      1.51
06:05:43 PM     34.34      0.00      1.01
06:05:45 PM    -59.30      0.00      1.01
06:05:47 PM    -32.49      0.00      1.02
06:05:49 PM    -50.25      0.00      3.05
06:05:51 PM    125.76      0.00      0.51
06:05:53 PM    -30.50      0.00      1.50
06:05:55 PM    154.00      0.00      1.00
06:05:57 PM  -1367.17      0.00      2.53
06:05:59 PM   1148.99      0.00      1.01
06:06:01 PM      0.51      0.00      2.55
06:06:03 PM    -16.58      0.00      1.01
06:06:05 PM  -1369.35      0.00      2.01
06:06:07 PM    249.25      0.00      1.51
06:06:09 PM   1161.31      0.00      2.01
06:06:11 PM  -1137.06      0.00      1.52
06:06:13 PM    172.59      0.51      2.54
06:06:15 PM    985.35      0.00      1.01
06:06:17 PM     17.59      0.00      2.01
06:06:19 PM     41.00      0.00      1.00
06:06:21 PM   -126.13      0.00      1.51
06:06:23 PM    -29.00      0.00      2.00
06:06:25 PM    134.34      0.00      0.51
06:06:27 PM   -138.38      0.00      2.02
06:06:29 PM     34.67      0.00      1.51
06:06:31 PM     65.66      0.00      1.01
06:06:33 PM    -47.98      0.00      1.01
06:06:35 PM     33.50      0.00      1.02
06:06:37 PM    -75.25      0.00      3.03
06:06:39 PM    -16.75      0.00      0.51
06:06:41 PM     76.88      0.00      0.50
06:06:43 PM   -190.86      0.00      1.02
06:06:45 PM    193.97      0.00      1.51
06:06:47 PM     47.50      0.00      2.00
06:06:49 PM     64.80      0.00      1.53
06:06:51 PM     33.00      0.00      1.00
06:06:53 PM   -108.50      0.00      1.50
06:06:55 PM    101.50      0.00      2.00
06:06:57 PM  -1041.41      0.00      2.02
06:06:59 PM   1103.52      0.00      1.01
06:07:01 PM   -113.07      0.00      2.01
06:07:03 PM     21.11      0.00      2.01
06:07:05 PM  -1663.78      0.00      1.53
06:07:07 PM    663.27      0.00      2.04
06:07:09 PM   1009.55      0.00      1.51
06:07:11 PM  -1156.63      0.00      2.04
06:07:13 PM     41.29      0.00      1.99
06:07:15 PM    971.72      0.00      1.01
06:07:17 PM   -109.14      0.00      2.03
06:07:19 PM    -81.73      0.00      0.51
06:07:21 PM     66.50      0.00      1.52
06:07:23 PM    -79.19      0.00      1.52
06:07:25 PM     17.26      0.00      0.51
06:07:27 PM     65.33      0.00      3.02
06:07:29 PM     61.00      0.00      1.00
06:07:31 PM    -46.19      0.00      2.03
06:07:33 PM     47.74      0.00      1.01
06:07:35 PM    -43.37      0.00      1.53
06:07:37 PM    112.69      0.00      2.03
06:07:39 PM    -22.61      0.00      0.50
06:07:41 PM   -153.00      0.00      1.50
06:07:43 PM    144.67      0.00      1.02
06:07:45 PM     16.08      0.00      1.51
06:07:47 PM     61.93      0.00      2.54
06:07:49 PM   -118.50      0.00      0.50
06:07:51 PM     31.00      0.00      2.00
06:07:53 PM     26.26      0.00      0.51
06:07:55 PM    -87.31      0.00      1.52
06:07:57 PM  -1134.67      0.00      0.50
06:07:59 PM   1217.26      0.00      2.03
06:08:01 PM    -30.65      0.00      2.51
06:08:03 PM   -126.26      0.00      1.52
06:08:05 PM    155.78      0.00      1.51
06:08:07 PM  -1161.11      0.00      2.02
06:08:09 PM   1081.41      0.00      3.02
06:08:11 PM  -1362.63      0.00      2.02
06:08:13 PM    328.64      0.00      1.01
06:08:15 PM   1002.51      0.00      1.51
06:08:17 PM     50.00      0.00      2.02
06:08:19 PM    -92.39      0.00      1.52
06:08:21 PM    -15.15      0.00      2.02
06:08:23 PM     60.00      0.00      1.50
06:08:25 PM    168.18      0.00      1.01
06:08:27 PM    -85.86      0.00      2.02
06:08:29 PM    -90.82      0.00      1.02
06:08:31 PM    173.10      0.00      1.52
06:08:33 PM     25.63      0.00      1.01
06:08:35 PM    -47.21      0.00      0.51
06:08:37 PM   -186.43      0.00      1.51
06:08:39 PM     51.28      0.00      2.56
06:08:41 PM     17.68      0.00      0.51
06:08:43 PM      1.02      0.00      1.53
06:08:45 PM    -15.15      0.00      2.02
06:08:47 PM     46.97      0.00      2.02
06:08:49 PM     63.82      0.00      1.51
06:08:51 PM    -46.19      0.00      1.02
06:08:53 PM     75.25      0.00      1.52
06:08:55 PM    -15.58      0.00      1.51
06:08:57 PM  -1084.62      0.00      1.54
06:08:59 PM   1032.32      0.00      1.01
06:09:01 PM     30.30      0.00      2.53
06:09:03 PM   -108.08      0.00      1.52
06:09:05 PM      3.02      0.00      2.51
06:09:07 PM  -1161.73      0.00      1.02
06:09:09 PM   1103.52      0.00      2.01
06:09:11 PM     -2.03      0.00      1.02
06:09:13 PM  -1124.62      0.00      1.51
06:09:15 PM   1042.64      0.00      1.52
06:09:17 PM    -28.28      0.00      1.52
06:09:19 PM   -151.50      0.00      1.00
06:09:21 PM    294.47      0.00      2.01
06:09:23 PM    -62.63      0.00      1.01
06:09:25 PM      1.01      0.00      2.02
06:09:27 PM     63.82      0.00      1.51
06:09:29 PM    -29.29      0.00      1.52
06:09:31 PM    186.50      0.00      1.00
06:09:33 PM     18.69      0.00      1.01
06:09:35 PM    -78.00      0.00      2.00
06:09:37 PM     66.16      0.00      1.01
06:09:39 PM    -57.07      0.00      2.53
06:09:41 PM    -15.50      0.00      1.00
06:09:43 PM   -141.33      0.00      1.53
06:09:45 PM     47.74      0.00      2.51
06:09:47 PM     30.00      0.00      0.50
06:09:49 PM     14.57      0.00      1.51
06:09:51 PM    -60.30      0.00      0.50
06:09:53 PM     79.50      0.00      2.00
06:09:55 PM    -48.99      0.00      2.53
06:09:57 PM  -1281.91      0.00      0.50
06:09:59 PM   1326.13      0.00      2.51
06:10:01 PM    -29.29      0.00      2.53
06:10:03 PM   -108.50      0.00      2.50
06:10:05 PM  -1632.66      0.00      1.51
06:10:07 PM    503.55      0.00      1.02
06:10:09 PM    972.73      0.00      3.03
06:10:11 PM  -1010.61      0.00      0.51
06:10:13 PM    220.10      0.00      1.51
06:10:15 PM   1047.74      0.00      2.01
06:10:17 PM    -44.72      0.00      1.51
06:10:19 PM   -178.61      0.00      1.00
06:10:21 PM    140.20      0.00      1.01
06:10:23 PM    125.38      0.00      1.52
06:10:25 PM    -45.69      0.00      2.54
06:10:27 PM   -118.59      0.00      1.01
06:10:29 PM    -78.06      0.00      1.02
06:10:31 PM    234.34      0.00      1.01
06:10:33 PM   -218.18      0.00      2.02
06:10:35 PM     92.93      0.00      1.01
06:10:37 PM    -38.58      0.00      1.02
06:10:39 PM      1.00      0.00      1.00
06:10:41 PM     67.01      0.00      2.06
06:10:43 PM     93.91      0.00      1.02
06:10:45 PM   -123.62      0.00      3.02
06:10:47 PM   -102.05      0.00      1.54
06:10:49 PM     98.49      0.00      1.51
06:10:51 PM     64.82      0.00      1.51
06:10:53 PM     44.50      0.00      0.50
06:10:55 PM     17.77      0.00      2.54
06:10:57 PM  -1145.18      0.00      2.03
06:10:59 PM    910.50      0.00      1.00
06:11:01 PM    157.36      0.00      2.54
06:11:03 PM     94.44      0.00      1.01
06:11:05 PM    -15.66      0.00      3.03
06:11:07 PM  -1233.50      0.00      1.52
06:11:09 PM   1061.93      0.00      2.03
06:11:11 PM  -1054.00      0.00      1.00
06:11:13 PM     35.53      0.00      1.52
06:11:15 PM   1112.24      0.00      2.04
06:11:17 PM    -75.88      0.00      1.01
06:11:19 PM     -4.02      0.00      1.01
06:11:21 PM   -169.39      0.00      2.55
06:11:23 PM    157.79      0.00      0.50
06:11:25 PM    127.14      0.00      2.01
06:11:27 PM    -78.28      0.00      1.01
06:11:29 PM    -77.27      0.00      1.52
06:11:31 PM    115.15      0.00      2.02
06:11:33 PM     81.00      0.50      0.50
06:11:35 PM     18.09      0.00      2.51
06:11:37 PM     43.72      0.00      1.01
06:11:39 PM     -1.00      0.00      2.00
06:11:41 PM   -204.04      0.00      0.51
06:11:43 PM     79.50      0.00      2.00
06:11:45 PM    -46.00      0.00      1.50
06:11:47 PM    -33.50      0.00      1.52
06:11:49 PM    -27.78      0.00      1.52
06:11:51 PM    -38.78      0.00      0.51
06:11:53 PM    168.66      0.00      2.49
06:11:55 PM   -234.01      0.00      1.02
06:11:57 PM  -1114.57      0.00      0.50
06:11:59 PM   1166.67      0.00      1.03
06:12:01 PM    -78.17      0.00      2.03
06:12:03 PM    284.50      0.00      2.00
06:12:05 PM     30.46      0.00      2.54
06:12:07 PM  -1164.32      0.00      1.51
06:12:09 PM   1081.31      0.00      2.02
06:12:11 PM  -1051.78      0.00      2.03
06:12:13 PM     -5.56      0.00      2.02
06:12:15 PM   1085.28      0.00      1.02
06:12:17 PM     46.23      0.00      1.01
06:12:19 PM   -176.02      0.00      2.04
06:12:21 PM    -17.09      0.00      2.01
06:12:23 PM      3.52      0.00      2.01
06:12:25 PM     75.76      0.00      1.01
06:12:27 PM   -122.84      0.00      1.52
06:12:29 PM    -55.10      0.00      1.02
06:12:31 PM     66.00      0.00      1.50
06:12:33 PM    126.90      0.00      1.52
06:12:35 PM   -204.02      0.00      1.01
06:12:37 PM     31.96      0.00      0.52
06:12:39 PM     94.82      0.00      1.55
06:12:41 PM    -61.00      0.00      0.50
06:12:43 PM    141.29      0.00      2.49
06:12:45 PM    -60.80      0.00      1.01
06:12:47 PM     49.49      0.00      1.52
06:12:49 PM    -30.00      0.00      1.00
06:12:51 PM    -60.30      0.00      1.51
06:12:53 PM    115.66      0.00      2.02
06:12:55 PM    -13.07      0.00      1.51
06:12:57 PM  -1313.20      0.00      1.02
06:12:59 PM   1271.64      0.00      1.49
06:13:01 PM    173.37      0.00      2.01
06:13:03 PM    -78.17      0.00      2.03
06:13:05 PM   -167.84      0.00      2.01
06:13:07 PM  -1126.67      0.00      2.05
06:13:09 PM   1084.92      0.00      1.51
06:13:11 PM  -1165.48      0.00      1.52
06:13:13 PM    -32.66      0.00      2.01
06:13:15 PM   1026.90      0.00      0.51
06:13:17 PM    -11.56      0.00      1.51
06:13:19 PM     82.23      0.00      1.52
06:13:21 PM    -43.43      0.00      1.52
06:13:23 PM    198.50      0.00      2.50
06:13:25 PM    -64.29      0.00      1.02
06:13:27 PM     15.58      0.00      2.01
06:13:29 PM     47.47      0.00      1.01
06:13:31 PM   -107.61      0.00      1.52
06:13:33 PM     31.68      0.00      1.49
06:13:35 PM    147.45      0.00      1.02
06:13:37 PM    -28.79      0.00      1.01
06:13:39 PM     46.19      0.00      1.52
06:13:41 PM     -5.05      0.00      2.02
06:13:43 PM    -62.81      0.00      2.01
06:13:45 PM     50.51      0.00      1.53
06:13:47 PM    -62.44      0.00      1.52
06:13:49 PM   -104.98      0.00      1.00
06:13:51 PM    -25.76      0.00      2.02
06:13:53 PM     16.58      0.00      2.01
06:13:55 PM     34.01      0.00      0.51
06:13:57 PM  -1260.10      0.00      2.02
06:13:59 PM   1094.42      0.00      1.02
06:14:01 PM     59.70      0.00      3.48
06:14:03 PM     80.71      0.00      1.52
06:14:05 PM    -81.91      0.00      2.01
06:14:07 PM  -1209.64      0.00      1.52
06:14:09 PM   1225.76      0.00      1.52
06:14:11 PM  -1255.84      0.00      2.03
06:14:13 PM    138.19      0.00      2.01
06:14:15 PM   1164.62      0.00      2.05
06:14:17 PM    -12.56      0.00      1.01
06:14:19 PM   -216.08      0.00      1.51
06:14:21 PM    191.84      0.00      2.04
06:14:23 PM    110.05      0.00      1.01
06:14:25 PM     15.08      0.00      0.50
06:14:27 PM    -16.67      0.00      1.52
06:14:29 PM   -168.00      0.00      1.50
06:14:31 PM    -79.29      0.00      1.52
06:14:33 PM     44.44      0.00      1.01
06:14:35 PM    -56.28      0.00      1.01
06:14:37 PM    -20.10      0.00      2.01
06:14:39 PM   -184.69      0.00      1.02
06:14:41 PM    230.85      0.00      1.99
06:14:43 PM    -46.23      0.00      1.51
06:14:45 PM     14.21      0.00      1.02
06:14:47 PM     16.33      0.00      2.04
06:14:49 PM    116.16      0.00      1.01
06:14:51 PM    -50.51      0.00      1.52
06:14:53 PM   -118.59      0.00      2.51
06:14:55 PM    154.27      0.00      1.51
06:14:57 PM  -1208.54      0.00      1.01
06:14:59 PM   1119.90      0.00      1.02
06:15:01 PM     75.88      0.00      4.02
06:15:03 PM    -99.49      0.00      0.51
06:15:05 PM  -1530.30      0.00      2.02
06:15:07 PM    486.73      0.00      1.53
06:15:09 PM   1180.90      0.00      2.01
06:15:11 PM  -1254.59      0.00      1.53
06:15:13 PM    -52.02      0.00      1.01
06:15:15 PM   1089.50      0.00      1.50
06:15:17 PM      5.56      0.00      1.52
06:15:19 PM   -107.61      0.00      1.02
06:15:21 PM    125.89      0.00      2.54
06:15:23 PM    112.69      0.00      0.51
06:15:25 PM    -61.00      0.00      2.50
06:15:27 PM   -118.59      0.00      1.51
06:15:29 PM    109.50      0.00      1.00
06:15:31 PM    118.18      0.00      2.53
06:15:33 PM   -112.63      0.00      1.52
06:15:35 PM     97.99      0.00      1.01
06:15:37 PM     50.00      0.00      0.51
06:15:39 PM    -22.11      0.00      1.51
06:15:41 PM     37.19      0.00      2.51
06:15:43 PM     -8.50      0.00      2.00
06:15:45 PM     19.10      0.00      1.01
06:15:47 PM    -66.33      0.00      1.02
06:15:49 PM    -39.59      0.00      1.52
06:15:51 PM     62.69      0.00      0.50
06:15:53 PM   -157.14      0.00      2.04
06:15:55 PM     65.66      0.00      1.52
06:15:57 PM  -1090.00      0.00      1.00
06:15:59 PM   1002.01      0.00      1.51
06:16:01 PM   -109.05      0.00      2.01
06:16:03 PM    183.33      0.00      2.53
06:16:05 PM      7.14      0.00      1.53
06:16:07 PM  -1225.89      0.00      1.52
06:16:09 PM   1074.11      0.00      2.54
06:16:11 PM  -1159.09      0.00      1.01
06:16:13 PM     -4.57      0.00      2.03
06:16:15 PM   1135.03      0.00      2.03
06:16:17 PM    -16.50      0.00      0.50
06:16:19 PM     62.44      0.00      1.52
06:16:21 PM    -15.15      0.00      2.53
06:16:23 PM   -125.63      0.00      1.51
06:16:25 PM    238.07      0.00      0.51
06:16:27 PM    -59.90      0.00      1.52
06:16:29 PM    -17.59      0.00      1.51
06:16:31 PM    141.92      0.00      1.52
06:16:33 PM   -140.51      0.00      2.05
06:16:35 PM     79.80      0.00      0.51
06:16:37 PM    -45.18      0.00      1.52
06:16:39 PM     98.98      0.00      1.52
06:16:41 PM      0.00      0.00      2.03
06:16:43 PM     66.16      0.00      1.01
06:16:45 PM    -68.34      0.00      1.01
06:16:47 PM     55.33      0.00      2.54
06:16:49 PM    -16.16      0.00      1.01
06:16:51 PM    -46.70      0.00      1.52
06:16:53 PM     48.22      0.00      1.02
06:16:55 PM     60.91      0.00      2.03
06:16:57 PM  -1186.87      0.00      0.51
06:16:59 PM   1124.00      0.00      1.50
06:17:01 PM     62.63      0.00      2.02
06:17:03 PM    -78.68      0.00      2.54
06:17:05 PM     15.58      0.00      2.01
06:17:07 PM  -1217.68      0.00      1.01
06:17:09 PM    931.12      0.00      2.04
06:17:11 PM  -1216.75      0.00      1.52
06:17:13 PM     78.79      0.00      1.01
06:17:15 PM   1227.64      0.00      1.01
06:17:17 PM   -111.62      0.00      1.52
06:17:19 PM    214.65      0.00      3.03
06:17:21 PM     48.00      0.00      1.00
06:17:23 PM     31.47      0.00      1.52
06:17:25 PM     31.16      0.00      1.01
06:17:27 PM    -90.86      0.00      2.03
06:17:29 PM     30.30      0.00      2.02
06:17:31 PM     13.57      0.00      0.50
06:17:33 PM   -108.59      0.00      1.52
06:17:35 PM    127.92      0.00      2.03
06:17:37 PM     17.59      0.00      1.01
06:17:39 PM     95.98      0.00      2.01
06:17:41 PM    -43.65      0.00      1.02
06:17:43 PM   -124.75      0.00      2.02
06:17:45 PM      2.03      0.00      0.51
06:17:47 PM     79.70      0.00      1.02
06:17:49 PM     46.97      0.00      1.01
06:17:51 PM    -74.62      0.00      2.54
06:17:53 PM     46.73      0.00      1.51
06:17:55 PM    126.15      0.00      1.03
06:17:57 PM  -1211.11      0.00      1.01
06:17:59 PM   1038.58      0.00      3.05
06:18:01 PM    109.55      0.00      2.51
06:18:03 PM     -1.02      0.00      1.52
06:18:05 PM  -1650.51      0.00      1.01
06:18:07 PM    439.09      0.00      2.03
06:18:09 PM    740.61      0.00      2.54
06:18:11 PM   -939.90      0.00      2.02
06:18:13 PM    -48.22      0.00      1.02
06:18:15 PM   1181.54      0.00      2.56
06:18:17 PM     16.34      0.00      1.49
06:18:19 PM    128.57      0.00      1.53
06:18:21 PM     29.95      0.00      1.02
06:18:23 PM     61.81      0.00      1.51
06:18:25 PM   -234.18      0.00      2.04
06:18:27 PM     25.50      0.00      1.50
06:18:29 PM    -76.26      0.00      1.01
06:18:31 PM    101.01      0.00      1.51
06:18:33 PM      5.56      0.00      1.01
06:18:35 PM     16.50      0.00      1.50
06:18:37 PM    159.09      0.00      1.01
06:18:39 PM     17.09      0.00      1.51
06:18:41 PM    -15.58      0.00      2.01
06:18:43 PM    -68.84      0.00      0.50
06:18:45 PM    -30.00      0.00      2.00
06:18:47 PM    156.50      0.00      1.00
06:18:49 PM   -141.62      0.00      2.54
06:18:51 PM     62.00      0.00      1.00
06:18:53 PM   -156.78      0.00      0.50
06:18:55 PM     38.78      0.00      1.53
06:18:57 PM  -1286.87      0.00      1.52
06:18:59 PM   1228.14      0.00      3.02
06:19:01 PM     16.67      0.00      2.02
06:19:03 PM     30.15      0.00      1.51
06:19:05 PM   -161.50      0.00      2.00
06:19:07 PM   -941.50      0.00      0.00
06:19:09 PM    881.31      0.00      3.54
06:19:11 PM  -1223.23      0.00      0.51
06:19:13 PM     45.96      0.00      2.53
06:19:15 PM   1307.46      0.00      1.49
06:19:17 PM    114.95      0.00      0.52
06:19:19 PM    -90.95      0.00      2.01
06:19:21 PM    156.85      0.00      1.02
06:19:23 PM     45.96      0.00      1.52
06:19:25 PM   -184.34      0.00      1.01
06:19:27 PM     63.96      0.00      1.52
06:19:29 PM    -14.14      0.00      3.54
06:19:31 PM     37.88      0.00      0.51
06:19:33 PM     -3.50      0.00      1.50
06:19:35 PM    -47.74      0.00      0.50
06:19:37 PM    -27.64      0.00      2.51
06:19:39 PM   -109.05      0.00      2.01
06:19:41 PM     65.66      0.00      1.01
06:19:43 PM   -111.17      0.00      1.02
06:19:45 PM     53.33      0.00      0.51
06:19:47 PM    -61.50      0.00      1.50
06:19:49 PM     69.70      0.00      2.53
06:19:51 PM     63.64      0.00      0.51
06:19:53 PM    -27.27      0.00      2.02
06:19:55 PM     81.22      0.00      1.02
06:19:57 PM  -1282.32      0.00      2.02
06:19:59 PM   1112.56      0.00      1.01
06:20:01 PM     95.50      0.00      2.50
06:20:03 PM   -121.00      0.00      2.00
06:20:05 PM    221.43      0.00      1.02
06:20:07 PM  -1140.50      0.00      2.50
06:20:09 PM   1097.98      0.00      2.02
06:20:11 PM  -1135.53      0.00      1.52
06:20:13 PM    141.92      0.00      1.01
06:20:15 PM    863.13      0.00      1.01
06:20:17 PM    -13.50      0.00      2.00
06:20:19 PM     15.31      0.00      1.02
06:20:21 PM     64.00      0.00      0.50
06:20:23 PM    -16.67      0.00      2.53
06:20:25 PM    -32.16      0.00      2.01
06:20:27 PM    142.64      0.00      2.03
06:20:29 PM    -53.03      0.00      1.01
06:20:31 PM     94.47      0.00      1.51
06:20:33 PM    -32.16      0.00      1.51
06:20:35 PM    -36.55      0.00      1.02
06:20:37 PM     47.98      0.51      2.02
06:20:39 PM    -47.21      0.00      1.52
06:20:41 PM   -138.50      0.00      1.00
06:20:43 PM     67.34      0.50      1.01
06:20:45 PM    -92.93      0.00      1.52
06:20:47 PM     32.49      0.00      2.54
06:20:49 PM    125.13      0.00      0.50
06:20:51 PM   -189.29      0.00      2.55
06:20:53 PM      3.02      0.00      1.01
06:20:55 PM      0.51      0.00      1.02
06:20:57 PM  -1027.41      0.00      2.03
06:20:59 PM   1082.32      0.00      1.01
06:21:01 PM    -94.47      0.00      1.51
06:21:03 PM   -122.61      0.00      1.51
06:21:05 PM    185.93      0.00      1.01
06:21:07 PM  -1005.08      0.00      4.06
06:21:09 PM    859.09      0.00      1.52
06:21:11 PM  -1103.52      0.00      1.01
06:21:13 PM    120.20      0.00      1.52
06:21:15 PM    870.71      0.00      1.01
06:21:17 PM     18.09      0.00      2.01
06:21:19 PM    223.47      0.00      1.02
06:21:21 PM    -79.40      0.00      2.01
06:21:23 PM     64.62      0.00      2.05
06:21:25 PM     47.74      0.00      0.50
06:21:27 PM    -12.56      0.00      3.02
06:21:29 PM    -46.94      0.00      0.51
06:21:31 PM      1.52      0.00      2.02
06:21:33 PM      3.02      0.00      0.50
06:21:35 PM     62.12      0.00      1.01
06:21:37 PM    -46.97      0.00      1.52
06:21:39 PM   -109.69      0.00      1.53
06:21:41 PM     67.68      0.00      1.52
06:21:43 PM      3.05      0.00      1.52
06:21:45 PM    -41.41      0.00      1.01
06:21:47 PM     47.45      0.00      3.06
06:21:49 PM     -7.50      0.00      0.50
06:21:51 PM    -29.44      0.00      1.52
06:21:53 PM     21.21      0.00      0.51
06:21:55 PM    124.62      0.00      2.01
06:21:57 PM  -1300.51      0.00      1.52
06:21:59 PM   1210.55      0.00      1.01
06:22:01 PM     32.16      0.00      3.02
06:22:03 PM    -47.45      0.00      1.53
06:22:05 PM  -1543.94      0.00      2.02
06:22:07 PM    405.05      0.00      2.02
06:22:09 PM   1066.83      0.00      2.01
06:22:11 PM  -1298.48      0.00      2.02
06:22:13 PM    122.22      0.00      0.51
06:22:15 PM   1045.23      0.00      1.51
06:22:17 PM    -38.58      0.00      1.52
06:22:19 PM    -21.61      0.00      1.51
06:22:21 PM     92.35      0.00      1.02
06:22:23 PM    130.00      0.00      1.00
06:22:25 PM    -44.44      0.00      1.52
06:22:27 PM    -30.00      0.00      2.50
06:22:29 PM    -24.75      0.00      1.01
06:22:31 PM    188.89      0.00      1.01
06:22:33 PM     42.86      0.00      1.02
06:22:35 PM     30.30      0.00      2.02
06:22:37 PM    -85.93      0.00      1.51
06:22:39 PM     32.32      0.00      2.02
06:22:41 PM     86.73      0.00      0.51
06:22:43 PM    -41.92      0.00      3.03
06:22:45 PM     35.86      0.00      2.53
06:22:47 PM   -141.62      0.00      1.02
06:22:49 PM     67.00      0.00      1.50
06:22:51 PM    -17.68      0.00      0.51
06:22:53 PM     20.92      0.00      2.04
06:22:55 PM     61.11      0.00      1.52
06:22:57 PM  -1182.83      0.00      0.51
06:22:59 PM   1052.53      0.00      2.02
06:23:01 PM      0.00      0.00      2.54
06:23:03 PM     62.81      0.00      1.51
06:23:05 PM  -1712.56      0.00      2.01
06:23:07 PM    583.16      0.00      1.53
06:23:09 PM   1271.21      0.00      2.53
06:23:11 PM  -1241.71      0.00      1.01
06:23:13 PM     79.19      0.00      1.52
06:23:15 PM    970.35      0.00      2.51
06:23:17 PM    -64.32      0.00      1.51
06:23:19 PM    117.09      0.00      1.01
06:23:21 PM    -63.64      0.00      1.52
06:23:23 PM    -45.50      0.00      1.50
06:23:25 PM    147.72      0.00      1.52
06:23:27 PM    -77.00      0.00      2.00
06:23:29 PM      2.01      0.00      0.50
06:23:31 PM     95.43      0.00      1.52
06:23:33 PM    -45.27      0.00      1.99
06:23:35 PM   -139.90      0.00      1.01
06:23:37 PM    -16.00      0.00      0.50
06:23:39 PM     19.70      0.00      1.01
06:23:41 PM     96.97      0.00      1.52
06:23:43 PM    -13.00      0.00      1.50
06:23:45 PM     73.37      0.00      1.51
06:23:47 PM    -91.92      0.00      2.02
06:23:49 PM     95.98      0.00      1.51
06:23:51 PM     93.94      0.00      1.01
06:23:53 PM    -15.90      0.00      1.03
06:23:55 PM   -235.68      0.00      2.51
06:23:57 PM  -1004.06      0.00      2.03
06:23:59 PM   1122.61      0.00      0.50
06:24:01 PM      3.00      0.00      2.00
06:24:03 PM    -77.39      0.00      1.01
06:24:05 PM   -128.28      0.00      3.03
06:24:07 PM  -1126.26      0.00      2.53
06:24:09 PM   1037.56      0.00      2.03
06:24:11 PM  -1115.82      0.00      1.02
06:24:13 PM     67.68      0.00      1.52
06:24:15 PM   1019.00      0.00      1.00
06:24:17 PM    116.58      0.00      1.51
06:24:19 PM   -295.48      0.00      0.50
06:24:21 PM    315.15      0.00      2.53
06:24:23 PM    -73.87      0.00      2.51
06:24:25 PM     76.77      0.00      1.52
06:24:27 PM     46.97      0.00      1.52
06:24:29 PM      1.52      0.00      1.01
06:24:31 PM    -26.40      0.00      1.52
06:24:33 PM    -28.06      0.00      1.02
06:24:35 PM     25.76      0.00      2.02
06:24:37 PM    109.60      0.00      2.02
06:24:39 PM    -32.16      0.00      0.50
06:24:41 PM   -133.00      0.00      1.50
06:24:43 PM    144.72      0.00      0.50
06:24:45 PM   -232.66      0.00      3.02
06:24:47 PM    204.04      0.00      1.52
06:24:49 PM     30.85      0.00      1.00
06:24:51 PM   -111.17      0.00      1.52
06:24:53 PM     61.69      0.00      0.50
06:24:55 PM   -201.52      0.00      2.03
06:24:57 PM  -1118.59      0.00      1.51
06:24:59 PM   1088.00      0.00      0.50
06:25:01 PM    383.16      0.00      3.06
06:25:03 PM    -47.45      0.00      1.02
06:25:05 PM   -500.00      0.00      2.01
06:25:07 PM   -588.00      0.00      0.50
06:25:09 PM    950.75      0.00      3.02
06:25:11 PM  -1310.15      0.00      2.03
06:25:13 PM    238.89      0.00      0.51
06:25:15 PM   1068.21      0.00      2.05
06:25:17 PM    126.13      0.00      0.50
06:25:19 PM   -176.26      0.00      2.02
06:25:21 PM     14.57      0.00      1.51
06:25:23 PM    -43.43      0.00      2.53
06:25:25 PM    -10.55      0.00      1.01
06:25:27 PM    190.45      0.00      2.01
06:25:29 PM    -78.06      0.00      1.53
06:25:31 PM   -115.31      0.00      1.02
06:25:33 PM     22.73      0.00      1.01
06:25:35 PM     -1.52      0.00      2.54
06:25:37 PM    175.76      0.00      0.51
06:25:39 PM    -91.92      0.00      1.52
06:25:41 PM    -34.52      0.00      0.51
06:25:43 PM     86.36      0.00      3.03
06:25:45 PM    -65.66      0.00      1.52
06:25:47 PM      1.01      0.00      0.51
06:25:49 PM   -122.22      0.00      2.02
06:25:51 PM    202.54      0.00      1.02
06:25:53 PM     69.19      0.00      2.02
06:25:55 PM   -170.77      0.00      1.03
06:25:57 PM  -1068.69      0.00      1.01
06:25:59 PM   1046.50      0.00      2.50
06:26:01 PM     77.89      0.00      2.01
06:26:03 PM     63.50      0.00      2.50
06:26:05 PM    -65.99      0.00      0.51
06:26:07 PM  -1106.53      0.00      2.01
06:26:09 PM   1018.18      0.00      2.02
06:26:11 PM  -1379.19      0.00      0.00
06:26:13 PM    -60.61      0.00      2.02
06:26:15 PM   1352.53      0.00      1.01
06:26:17 PM      2.51      0.00      2.01
06:26:19 PM   -203.03      0.00      1.52
06:26:21 PM    158.59      0.00      0.51
06:26:23 PM     79.80      0.00      2.53
06:26:25 PM   -107.04      0.00      1.01
06:26:27 PM     51.52      0.00      1.52
06:26:29 PM     24.50      0.00      0.50
06:26:31 PM     90.40      0.00      1.52
06:26:33 PM     16.00      0.00      2.00
06:26:35 PM     17.17      0.00      1.01
06:26:37 PM     84.26      0.00      1.52
06:26:39 PM   -141.21      0.00      1.51
06:26:41 PM    -32.32      0.00      1.01
06:26:43 PM     38.31      0.00      1.49
06:26:45 PM     93.94      0.00      1.52
06:26:47 PM    -66.16      0.00      1.52
06:26:49 PM    -76.88      0.00      1.01
06:26:51 PM    -63.13      0.00      0.51
06:26:53 PM     53.77      0.00      2.01
06:26:55 PM    -14.14      0.00      1.52
06:26:57 PM  -1081.63      0.00      1.02
06:26:59 PM   1062.12      0.00      3.03
06:27:01 PM    172.36      0.00      2.51
06:27:03 PM   -114.80      0.00      5.10
06:27:05 PM  -1627.14      0.00      2.01
06:27:07 PM    484.92      0.00      1.51
06:27:09 PM   1147.98      0.00      1.52
06:27:11 PM  -1248.22      0.00      1.52
06:27:13 PM    -42.50      0.00      2.00
06:27:15 PM   1162.63      0.00      1.52
06:27:17 PM     50.00      0.00      1.52
06:27:19 PM   -158.38      0.00      1.52
06:27:21 PM    -16.00      0.00      1.00
06:27:23 PM     33.84      0.00      1.52
06:27:25 PM    -63.64      0.00      1.01
06:27:27 PM    144.44      0.00      2.02
06:27:29 PM    -94.42      0.00      1.02
06:27:31 PM    -36.36      0.00      0.51
06:27:33 PM    138.97      0.00      2.05
06:27:35 PM   -670.20      0.00      0.51
06:27:37 PM    864.97      0.00      2.03
06:27:39 PM   -152.00      0.00      1.50
06:27:41 PM    158.50      0.00      1.00
06:27:43 PM   -205.53      0.00      2.01
06:27:45 PM     48.48      0.00      1.01
06:27:47 PM    -62.44      0.00      1.52
06:27:49 PM    -30.00      0.00      1.00
06:27:51 PM    115.38      0.00      1.54
06:27:53 PM     96.46      0.00      2.02
06:27:55 PM   -218.18      0.00      1.01
06:27:57 PM   -962.63      0.00      2.02
06:27:59 PM   1053.03      0.00      0.51
06:28:01 PM     94.92      0.00      3.05
06:28:03 PM    -33.00      0.00      2.00
06:28:05 PM  -1479.90      0.00      1.51
06:28:07 PM    297.98      0.00      1.52
06:28:09 PM   1128.79      0.00      1.52
06:28:11 PM  -1225.38      0.00      2.03
06:28:13 PM    -26.90      0.00      1.52
06:28:15 PM   1206.09      0.00      1.52
06:28:17 PM     98.98      0.00      1.53
06:28:19 PM    -90.95      0.00      1.51
06:28:21 PM    -95.48      0.00      1.51
06:28:23 PM     33.17      0.00      1.01
06:28:25 PM      9.00      0.00      2.50
06:28:27 PM    -17.17      0.00      0.51
06:28:29 PM     34.00      0.00      1.50
06:28:31 PM     15.74      0.00      1.52
06:28:33 PM   -123.00      0.00      2.00
06:28:35 PM    117.44      0.00      1.03
06:28:37 PM     28.79      0.00      1.01
06:28:39 PM    -44.50      0.00      1.50
06:28:41 PM     51.76      0.00      2.01
06:28:43 PM     63.45      0.00      1.52
06:28:45 PM    -48.47      0.00      0.51
06:28:47 PM   -127.92      0.00      1.02
06:28:49 PM    -57.36      0.00      2.03
06:28:51 PM   -231.16      0.00      1.51
06:28:53 PM    432.83      0.00      1.52
06:28:55 PM     75.12      0.00      1.00
06:28:57 PM  -1234.34      0.00      2.53
06:28:59 PM   1066.16      0.00      1.01
06:29:01 PM     40.40      0.00      2.53
06:29:03 PM    -32.99      0.00      1.52
06:29:05 PM    109.18      0.00      2.04
06:29:07 PM  -1161.50      0.00      1.50
06:29:09 PM    994.44      0.00      1.52
06:29:11 PM   -972.22      0.00      2.02
06:29:13 PM    140.70      0.00      1.51
06:29:15 PM    948.98      0.00      1.53
06:29:17 PM     33.16      0.00      2.04
06:29:19 PM    -67.00      0.00      0.50
06:29:21 PM     28.79      0.00      3.03
06:29:23 PM    -41.71      0.00      1.01
06:29:25 PM   -108.67      0.00      0.51
06:29:27 PM     16.50      0.00      1.00
06:29:29 PM    -59.00      0.00      2.00
06:29:31 PM     75.00      0.00      1.53
06:29:33 PM    127.00      0.00      1.50
06:29:35 PM     95.94      0.00      1.02
06:29:37 PM    -91.96      0.00      1.01
06:29:39 PM    -12.18      0.00      2.54
06:29:41 PM     55.78      0.00      1.51
06:29:43 PM    -16.75      0.00      1.52
06:29:45 PM     58.88      0.00      1.52
06:29:47 PM   -201.50      0.00      1.50
06:29:49 PM     66.83      0.00      1.51
06:29:51 PM     67.01      0.00      1.02
06:29:53 PM    -78.39      0.00      1.51
06:29:55 PM    -27.78      0.00      1.52
06:29:57 PM  -1262.50      0.00      1.00
06:29:59 PM   1406.06      0.00      1.01
06:30:01 PM    -43.00      0.00      3.00
06:30:03 PM    -80.40      0.00      3.52
06:30:05 PM  -1453.77      0.00      0.50
06:30:07 PM    287.00      0.00      1.50
06:30:09 PM    910.10      0.00      2.02
06:30:11 PM   -947.21      0.00      1.52
06:30:13 PM    188.83      0.00      1.52
06:30:15 PM   1049.24      0.00      0.51
06:30:17 PM     18.00      0.00      2.00
06:30:19 PM     38.38      0.00      2.53
06:30:21 PM    -62.50      0.00      1.50
06:30:23 PM      0.51      0.00      2.03
06:30:25 PM     94.42      0.00      0.51
06:30:27 PM    -80.71      0.00      2.03
06:30:29 PM     67.34      0.00      1.01
06:30:31 PM   -198.47      0.00      2.04
06:30:33 PM    108.50      0.00      1.00
06:30:35 PM    -54.31      0.00      1.52
06:30:37 PM     16.58      0.00      1.51
06:30:39 PM     72.50      0.00      1.00
06:30:41 PM    -61.81      0.00      1.51
06:30:43 PM      9.09      0.00      1.52
06:30:45 PM    -37.69      0.00      0.00
06:30:47 PM    -45.45      0.00      2.53
06:30:49 PM      3.02      0.00      1.01
06:30:51 PM    142.71      0.00      2.51
06:30:53 PM   -122.61      0.00      1.01
06:30:55 PM    173.50      0.00      1.50
06:30:57 PM  -1186.67      0.00      1.54
06:30:59 PM   1043.65      0.00      2.03
06:31:01 PM     19.29      0.00      2.54
06:31:03 PM     91.46      0.00      1.51
06:31:05 PM  -1783.76      0.00      1.52
06:31:07 PM    498.49      0.00      2.01
06:31:09 PM    998.49      0.00      1.51
06:31:11 PM  -1032.83      0.00      1.52
06:31:13 PM     95.96      0.00      1.01
06:31:15 PM    794.47      0.00      3.02
06:31:17 PM     15.66      0.00      1.52
06:31:19 PM     78.06      0.00      1.02
06:31:21 PM    100.50      0.00      1.50
06:31:23 PM    -64.97      0.00      1.52
06:31:25 PM    672.36      0.00      0.50
06:31:27 PM   1824.12      0.00      2.01
06:31:29 PM    -33.33      0.00      2.02
06:31:31 PM    222.00      0.00      1.50
06:31:33 PM    238.69      0.00      2.51
