Linux 2.6.32-431.3.1.el6.x86_64 (mule-perflab06.managed.contegix.com) 	06/18/2014 	_x86_64_	(24 CPU)

05:18:49 PM    proc/s   cswch/s
05:18:51 PM     19.00  25304.00
05:18:53 PM      6.00  26786.50
05:18:55 PM      8.04  29823.12
05:18:57 PM     18.88  33103.57
05:18:59 PM      7.04  33247.24
05:19:01 PM      7.58  38179.80
05:19:03 PM      7.58  37773.74
05:19:05 PM     15.23  33723.35
05:19:07 PM     12.00  31738.50
05:19:09 PM      7.54  30719.60
05:19:11 PM     11.50  30865.50
05:19:13 PM     13.20  33071.57
05:19:15 PM     14.57  27820.60
05:19:17 PM      8.63  30272.08
05:19:19 PM      8.59  34219.19
05:19:21 PM      6.53  36171.36
05:19:23 PM      4.55  36985.35
05:19:25 PM      6.03  24555.78
05:19:27 PM      6.03  31250.75
05:19:29 PM      6.03  35620.10
05:19:31 PM      7.58  37209.09
05:19:33 PM      6.06  37029.80
05:19:35 PM      6.06  37306.57
05:19:37 PM      6.09  37259.90
05:19:39 PM      6.06  29565.15
05:19:41 PM      6.03  25381.41
05:19:43 PM      6.06  33152.02
05:19:45 PM      6.03  31528.14
05:19:47 PM      5.97  36129.35
05:19:49 PM      6.53  36718.09
05:19:51 PM      7.61  33797.97
05:19:53 PM      6.00  32049.00
05:19:55 PM      8.08  37250.00
05:19:57 PM     18.69  37083.33
05:19:59 PM      7.11  35636.04
05:20:01 PM      7.61  31030.96
05:20:03 PM      7.11  38529.95
05:20:05 PM     10.05  38731.16
05:20:07 PM     12.06  38902.51
05:20:09 PM      7.54  39093.47
05:20:11 PM     12.06  37799.50
05:20:13 PM     13.27  39812.76
05:20:15 PM     14.72  32881.73
05:20:17 PM      8.54  33779.40
05:20:19 PM      8.54  32806.03
05:20:21 PM      8.04  38968.34
05:20:23 PM      6.57  32536.36
05:20:25 PM      6.03  26147.74
05:20:27 PM      6.03  36849.75
05:20:29 PM      6.03  33143.72
05:20:31 PM      7.61  38046.70
05:20:33 PM      6.03  38355.78
05:20:35 PM      6.15  38491.79
05:20:37 PM      6.06  37489.39
05:20:39 PM      6.03  37879.90
05:20:41 PM      6.06  36742.42
05:20:43 PM      6.03  36835.18
05:20:45 PM      4.57  37569.54
05:20:47 PM      4.48  31947.76
05:20:49 PM      6.57  37835.86
05:20:51 PM      7.50  37594.00
05:20:53 PM      6.09  37735.03
05:20:55 PM      8.04  37698.49
05:20:57 PM     18.69  38052.02
05:20:59 PM      7.11  38047.21
05:21:01 PM      7.61  38839.09
05:21:03 PM      7.54  32391.96
05:21:05 PM     11.50  37770.00
05:21:07 PM     11.62  36191.92
05:21:09 PM      7.54  36673.87
05:21:11 PM     11.73  32766.84
05:21:13 PM     13.00  27141.50
05:21:15 PM     14.65  37931.82
05:21:17 PM      8.59  34064.14
05:21:19 PM      8.59  38435.35
05:21:21 PM      8.08  38511.11
05:21:23 PM      6.06  38529.80
05:21:25 PM      4.55  38513.13
05:21:27 PM      4.57  38257.87
05:21:29 PM      5.97  26106.97
05:21:31 PM      7.69  34421.03
05:21:33 PM      6.03  37984.92
05:21:35 PM      6.09  38053.81
05:21:37 PM      6.60  36228.93
05:21:39 PM      6.03  36660.30
05:21:41 PM      6.60  37527.41
05:21:43 PM      6.06  37912.12
05:21:45 PM      6.06  32752.02
05:21:47 PM      6.06  37956.57
05:21:49 PM      6.53  31918.59
05:21:51 PM      7.58  37749.49
05:21:53 PM      5.97  37511.44
05:21:55 PM      8.12  38465.48
05:21:57 PM     18.69  38130.30
05:21:59 PM      7.00  37059.50
05:22:01 PM      8.08  38028.28
05:22:03 PM      7.58  29039.90
05:22:05 PM     10.05  37923.62
05:22:07 PM     10.15  38299.49
05:22:09 PM      7.58  37910.10
05:22:11 PM     11.68  37442.64
05:22:13 PM     13.00  38505.00
05:22:15 PM     14.87  33575.38
05:22:17 PM      8.54  37756.78
05:22:19 PM      8.54  37947.74
05:22:21 PM      7.61  33359.39
05:22:23 PM      6.03  36454.77
05:22:25 PM      6.03  28487.94
05:22:27 PM      6.03  32711.06
05:22:29 PM      6.09  37891.37
05:22:31 PM      7.46  36599.00
05:22:33 PM      6.06  37658.59
05:22:35 PM      6.53  25745.23
05:22:37 PM      6.60  30802.54
05:22:39 PM      6.06  33835.86
05:22:41 PM      6.06  33013.13
05:22:43 PM      4.48  32097.01
05:22:45 PM      4.57  32365.48
05:22:47 PM      6.00  29771.00
05:22:49 PM      6.53  35886.93
05:22:51 PM      8.04  37502.01
05:22:53 PM      6.57  35823.23
05:22:55 PM      7.58  33089.90
05:22:57 PM     18.69  38171.72
05:22:59 PM      7.07  28055.56
05:23:01 PM      7.58  38305.05
05:23:03 PM      7.54  38400.00
05:23:05 PM     11.56  36807.04
05:23:07 PM     11.68  36829.44
05:23:09 PM      7.58  28420.20
05:23:11 PM     11.62  30860.10
05:23:13 PM     13.00  38682.50
05:23:15 PM     14.57  23004.02
05:23:17 PM      8.59  33172.73
05:23:19 PM      7.04  32821.11
05:23:21 PM      6.03  36077.89
05:23:23 PM      6.09  37595.43
05:23:25 PM      5.97  36599.50
05:23:27 PM      6.06  30891.92
05:23:29 PM      6.03  31287.94
05:23:31 PM      7.58  37833.33
05:23:33 PM      6.00  34196.50
05:23:35 PM      6.53  30353.77
05:23:37 PM      6.03  33765.83
05:23:39 PM      6.09  33370.05
05:23:41 PM      6.06  32881.31
05:23:43 PM      6.00  39094.00
05:23:45 PM      6.06  39381.82
05:23:47 PM      6.15  37430.77
05:23:49 PM      6.53  38145.23
05:23:51 PM      8.67  35398.98
05:23:53 PM      6.03  30783.92
05:23:55 PM      8.12  33063.96
05:23:57 PM     17.00  27995.00
05:23:59 PM      5.67  37302.06
05:24:01 PM      7.46  37682.59
05:24:03 PM      7.50  37511.50
05:24:05 PM     15.38  38050.26
05:24:07 PM     12.06  33098.99
05:24:09 PM      7.69  38688.72
05:24:11 PM     13.07  37970.85
05:24:13 PM     12.18  35818.78
05:24:15 PM     14.65  35135.35
05:24:17 PM      8.63  32816.24
05:24:19 PM      8.50  27622.50
05:24:21 PM      7.58  36571.72
05:24:23 PM      6.03  37112.56
05:24:25 PM      6.03  37477.39
05:24:27 PM      6.06  35247.98
05:24:29 PM      6.09  33375.13
05:24:31 PM      7.61  31420.81
05:24:33 PM      6.00  35339.50
05:24:35 PM      6.57  30950.00
05:24:37 PM      6.06  37532.83
05:24:39 PM      4.57  33253.81
05:24:41 PM      4.55  30348.99
05:24:43 PM      6.03  35488.94
05:24:45 PM      6.09  38482.23
05:24:47 PM      5.97  32666.17
05:24:49 PM      6.57  38974.24
05:24:51 PM      7.54  39205.53
05:24:53 PM      6.03  38361.81
05:24:55 PM      8.67  38128.06
05:24:57 PM     18.78  32739.09
05:24:59 PM      7.04  34918.59
05:25:01 PM      7.58  37289.39
05:25:03 PM      7.58  37233.84
05:25:05 PM     11.68  37936.04
05:25:07 PM     12.12  29197.98
05:25:09 PM      8.04  31186.43
05:25:11 PM     13.27  40217.35
05:25:13 PM     11.56  32625.63
05:25:15 PM     14.65  37955.56
05:25:17 PM      8.59  37344.44
05:25:19 PM      7.00  36903.50
05:25:21 PM      7.54  36096.48
05:25:23 PM      6.09  35136.04
05:25:25 PM      6.03  34486.93
05:25:27 PM      6.03  36078.89
05:25:29 PM      5.97  31665.17
05:25:31 PM      7.61  32819.29
05:25:33 PM      6.03  32598.99
05:25:35 PM      6.53  37364.32
05:25:37 PM      6.60  37547.21
05:25:39 PM      6.06  37232.32
05:25:41 PM      6.03  36156.28
05:25:43 PM      6.00  36990.50
05:25:45 PM      6.15  38324.10
05:25:47 PM      6.06  36866.16
05:25:49 PM      6.03  37148.24
05:25:51 PM      7.61  37236.55
05:25:53 PM      6.00  36066.50
05:25:55 PM      7.58  37332.32
05:25:57 PM     18.18  37956.57
05:25:59 PM      4.52  33484.42
05:26:01 PM      7.54  31529.65
05:26:03 PM      7.61  37616.24
05:26:05 PM     11.50  37169.00
05:26:07 PM     11.62  37449.49
05:26:09 PM      7.54  37720.60
05:26:11 PM     11.50  38360.50
05:26:13 PM     13.07  34003.52
05:26:15 PM     14.87  38474.87
05:26:17 PM      9.05  38288.94
05:26:19 PM      8.59  34042.93
05:26:21 PM      8.00  38747.00
05:26:23 PM      6.06  38712.12
05:26:25 PM      6.03  38371.36
05:26:27 PM      6.06  38137.88
05:26:29 PM      6.03  32889.95
05:26:31 PM      7.61  38023.35
05:26:33 PM      6.03  37932.66
05:26:35 PM      6.60  38273.10
05:26:37 PM      5.03  37006.53
05:26:39 PM      4.98  37865.67
05:26:41 PM      6.09  37932.49
05:26:43 PM      6.00  37237.00
05:26:45 PM      6.12  31716.33
05:26:47 PM      5.97  31099.50
05:26:49 PM      6.60  38258.88
05:26:51 PM      7.50  34858.00
05:26:53 PM      6.06  31566.67
05:26:55 PM      7.58  40186.36
05:26:57 PM     18.78  39371.57
05:26:59 PM      7.07  36817.17
05:27:01 PM      7.54  33692.96
05:27:03 PM      7.61  39011.17
05:27:05 PM     11.68  37590.36
05:27:07 PM     11.68  33765.99
05:27:09 PM      7.58  38020.71
05:27:11 PM     12.00  31837.50
05:27:13 PM     13.07  36408.54
05:27:15 PM     14.72  32046.19
05:27:17 PM      5.61  37416.84
05:27:19 PM      8.63  37110.15
05:27:21 PM      7.54  33014.07
05:27:23 PM      6.06  37588.89
05:27:25 PM      6.03  38327.64
05:27:27 PM      6.03  37859.30
05:27:29 PM      6.67  38518.97
05:27:31 PM      7.50  37476.50
05:27:33 PM      6.00  36960.00
05:27:35 PM      6.57  37736.36
05:27:37 PM      6.57  37160.61
05:27:39 PM      6.57  37266.16
05:27:41 PM      6.06  36924.75
05:27:43 PM      6.03  36672.36
05:27:45 PM      6.03  36363.82
05:27:47 PM      6.09  32583.25
05:27:49 PM      6.53  36972.86
05:27:51 PM      8.16  38521.43
05:27:53 PM      6.00  32953.50
05:27:55 PM      5.97  32211.44
05:27:57 PM     16.84  38734.18
05:27:59 PM      7.50  37206.50
05:28:01 PM      7.58  37975.76
05:28:03 PM      7.61  32878.68
05:28:05 PM     11.62  34920.20
05:28:07 PM     11.44  27416.42
05:28:09 PM      8.08  35881.31
05:28:11 PM     12.12  33454.55
05:28:13 PM     13.07  34158.29
05:28:15 PM     14.65  37518.69
05:28:17 PM      8.50  38181.50
05:28:19 PM      8.46  37839.80
05:28:21 PM      6.12  39101.02
05:28:23 PM      6.09  38465.99
05:28:25 PM      6.03  37174.37
05:28:27 PM      6.06  33618.18
05:28:29 PM      7.58  31317.68
05:28:31 PM      7.50  35914.50
05:28:33 PM      6.03  39320.60
05:28:35 PM      5.08  39172.59
05:28:37 PM      4.52  39226.13
05:28:39 PM      6.09  39482.74
05:28:41 PM      6.06  37270.71
05:28:43 PM      6.09  34001.52
05:28:45 PM      6.06  39167.68
05:28:47 PM      6.09  40026.90
05:28:49 PM      6.09  38540.61
05:28:51 PM      8.04  37762.81
05:28:53 PM      6.03  37700.00
05:28:55 PM      7.58  33164.65
05:28:57 PM     18.00  36925.50
05:28:59 PM      7.58  32879.80
05:29:01 PM      7.58  36919.70
05:29:03 PM      7.61  35953.30
05:29:05 PM     15.38  39098.97
05:29:07 PM     11.06  32807.54
05:29:09 PM      7.04  38097.99
05:29:11 PM     13.13  38891.92
05:29:13 PM     12.06  37998.49
05:29:15 PM     13.20  35834.52
05:29:17 PM      7.11  29293.91
05:29:19 PM      8.67  32867.35
05:29:21 PM      7.54  36623.12
05:29:23 PM      6.00  32423.50
05:29:25 PM      6.03  37449.25
05:29:27 PM      6.03  33186.43
05:29:29 PM      6.03  35052.76
05:29:31 PM      7.50  33780.50
05:29:33 PM      6.12  31543.88
05:29:35 PM      6.57  33268.18
05:29:37 PM      6.09  34916.75
05:29:39 PM      6.12  31291.84
05:29:41 PM      6.06  37842.93
05:29:43 PM      6.03  29549.25
05:29:45 PM      6.15  35220.00
05:29:47 PM      5.97  36390.55
05:29:49 PM      6.60  36663.45
05:29:51 PM      7.54  36957.29
05:29:53 PM      4.57  37758.88
05:29:55 PM      6.03  36639.20
05:29:57 PM     18.37  37420.41
05:29:59 PM      7.54  33527.64
05:30:01 PM      7.58  37557.07
05:30:03 PM      8.50  38128.50
05:30:05 PM     12.06  28899.50
05:30:07 PM     12.00  38235.00
05:30:09 PM      7.61  33753.81
05:30:11 PM     11.56  33359.80
05:30:13 PM     13.07  39373.87
05:30:15 PM     14.65  38739.39
05:30:17 PM      8.54  38317.59
05:30:19 PM      8.63  30013.71
05:30:21 PM      8.04  30003.02
05:30:23 PM      6.12  37713.78
05:30:25 PM      6.06  37653.54
05:30:27 PM      5.97  38417.91
05:30:29 PM      6.06  38121.72
05:30:31 PM      7.07  37380.30
05:30:33 PM      3.52  33293.97
05:30:35 PM      6.50  37396.50
05:30:37 PM      6.06  33498.48
05:30:39 PM      6.06  35572.22
05:30:41 PM      6.09  35002.03
05:30:43 PM      6.00  37086.00
05:30:45 PM      6.09  37275.63
05:30:47 PM      6.06  36895.96
05:30:49 PM      6.06  37643.43
05:30:51 PM      7.54  37228.14
05:30:53 PM      6.06  37130.30
05:30:55 PM      8.63  37471.07
05:30:57 PM     18.69  32407.07
05:30:59 PM      8.04  37390.95
05:31:01 PM      7.58  37879.29
05:31:03 PM      7.54  34708.04
05:31:05 PM     12.24  31520.92
05:31:07 PM     11.56  38440.70
05:31:09 PM      7.61  29365.99
05:31:11 PM     13.20  38849.24
05:31:13 PM     10.15  33546.19
05:31:15 PM     13.13  39024.75
05:31:17 PM      8.50  31195.00
05:31:19 PM      8.54  31916.58
05:31:21 PM      8.08  29746.46
05:31:23 PM      6.03  33154.27
05:31:25 PM      6.03  28611.06
05:31:27 PM      6.03  37174.87
05:31:29 PM      6.00  36833.00
05:31:31 PM      7.65  38440.82
05:31:33 PM      6.03  36616.08
05:31:35 PM      6.50  37931.00
05:31:37 PM      6.63  34545.92
05:31:39 PM      6.00  33881.50
05:31:41 PM      6.03  39286.43
05:31:43 PM      6.12  39018.37
05:31:45 PM      6.44  29552.48
05:31:47 PM      6.09  30915.74
05:31:49 PM      5.50  34796.50
05:31:51 PM      5.08  34013.71
05:31:53 PM      6.09  37153.81
05:31:55 PM      7.58  30453.54
05:31:57 PM     18.18  32520.20
05:31:59 PM      7.61  37861.93
05:32:01 PM      7.46  32119.90
05:32:03 PM      7.61  39111.17
05:32:05 PM     11.62  38988.38
05:32:07 PM     11.56  38275.88
05:32:09 PM      7.50  37096.50
05:32:11 PM     12.12  37679.80
05:32:13 PM     13.13  33955.05
05:32:15 PM     14.87  38886.15
05:32:17 PM      8.67  37045.92
05:32:19 PM      8.63  29623.86
05:32:21 PM      7.50  37673.00
05:32:23 PM      6.06  38002.02
05:32:25 PM      5.97  37486.07
05:32:27 PM      6.12  38334.69
05:32:29 PM      4.57  30870.05
05:32:31 PM      6.03  35832.66
05:32:33 PM      6.03  37729.65
05:32:35 PM      6.57  38191.92
05:32:37 PM      6.63  38515.31
05:32:39 PM      6.06  26013.13
05:32:41 PM      6.03  25061.81
05:32:43 PM      6.06  37923.74
05:32:45 PM      6.09  33262.94
05:32:47 PM      6.53  33186.43
05:32:49 PM      6.50  33196.00
05:32:51 PM      8.08  27951.01
05:32:53 PM      6.03  36903.02
05:32:55 PM      7.54  38014.07
05:32:57 PM     18.27  33704.06
05:32:59 PM      7.58  31959.60
05:33:01 PM      7.58  37579.29
05:33:03 PM      7.58  35641.41
05:33:05 PM     11.79  24011.28
05:33:07 PM     10.15  35685.79
05:33:09 PM      6.12  37014.29
05:33:11 PM     11.68  38247.72
05:33:13 PM     13.13  38401.01
05:33:15 PM     14.80  33313.27
05:33:17 PM      8.59  31689.90
05:33:19 PM      8.54  32611.06
05:33:21 PM      7.54  27342.71
05:33:23 PM      6.60  37246.70
05:33:25 PM      5.97  30667.16
05:33:27 PM      6.22  34382.38
05:33:29 PM      6.03  33410.55
05:33:31 PM      7.65  33383.67
05:33:33 PM      6.00  32371.00
05:33:35 PM      6.50  32417.00
05:33:37 PM      6.09  33245.18
05:33:39 PM      6.00  32948.00
05:33:41 PM      6.06  42028.28
05:33:43 PM      4.52  35443.22
05:33:45 PM      4.57  34695.94
05:33:47 PM      6.03  33161.81
05:33:49 PM      6.67  28371.79
05:33:51 PM      8.08  38469.19
05:33:53 PM      6.03  37672.36
05:33:55 PM      8.08  38941.41
05:33:57 PM     18.18  39058.08
05:33:59 PM      7.50  38011.00
05:34:01 PM      7.58  32536.87
05:34:03 PM      7.50  36473.00
05:34:05 PM     15.23  33831.98
05:34:07 PM     12.24  27885.20
05:34:09 PM      7.50  34143.50
05:34:11 PM     13.07  36738.19
05:34:13 PM     11.68  33949.75
05:34:15 PM     14.57  33238.69
05:34:17 PM      9.05  26106.53
05:34:19 PM      8.54  30776.38
05:34:21 PM      8.12  37975.13
05:34:23 PM      5.03  37294.47
05:34:25 PM      4.59  37378.57
05:34:27 PM      6.00  37334.50
05:34:29 PM      6.09  37040.61
05:34:31 PM      7.54  38063.82
05:34:33 PM      6.09  38000.00
05:34:35 PM      6.09  37630.46
05:34:37 PM      6.60  37789.85
05:34:39 PM      6.06  36738.89
05:34:41 PM      6.03  36401.01
05:34:43 PM      6.09  37514.72
05:34:45 PM      6.00  38236.00
05:34:47 PM      6.09  30530.96
05:34:49 PM      6.57  30785.86
05:34:51 PM      8.08  37529.80
05:34:53 PM      6.03  35247.74
05:34:55 PM      7.50  34671.00
05:34:57 PM     18.00  33542.00
05:34:59 PM      7.61  32690.36
05:35:01 PM      7.50  37056.00
05:35:03 PM      6.00  36674.00
05:35:05 PM     10.15  38986.80
05:35:07 PM     12.56  38196.48
05:35:09 PM      7.54  37455.28
05:35:11 PM     13.00  38068.00
05:35:13 PM     11.56  36974.37
05:35:15 PM     14.72  38238.58
05:35:17 PM      8.54  38147.24
05:35:19 PM      8.54  37630.65
05:35:21 PM      8.04  36305.03
05:35:23 PM      6.03  35717.09
05:35:25 PM      6.09  30798.98
05:35:27 PM      6.09  33161.93
05:35:29 PM      6.09  37981.73
05:35:31 PM      7.61  33766.50
05:35:33 PM      6.06  32726.77
05:35:35 PM      6.06  37462.63
05:35:37 PM      6.63  37797.45
05:35:39 PM      6.00  37253.00
05:35:41 PM      5.97  34969.65
05:35:43 PM      4.62  30791.79
05:35:45 PM      4.59  38156.12
05:35:47 PM      6.00  37123.50
05:35:49 PM      6.06  31898.48
05:35:51 PM      8.04  36834.17
05:35:53 PM      6.03  37237.19
05:35:55 PM      8.08  37214.65
05:35:57 PM     18.59  30773.37
05:35:59 PM      7.58  34825.25
05:36:01 PM      7.61  36735.53
05:36:03 PM      7.61  37787.82
05:36:05 PM     12.18  37698.48
05:36:07 PM     11.50  37980.00
05:36:09 PM      7.54  37269.35
05:36:11 PM     11.62  29160.61
05:36:13 PM     13.07  32921.11
05:36:15 PM     14.65  33966.67
05:36:17 PM      8.59  33198.48
05:36:19 PM      8.59  38115.66
05:36:21 PM      8.08  37260.61
05:36:23 PM      4.55  36984.85
05:36:25 PM      4.52  36964.32
05:36:27 PM      6.03  37388.44
05:36:29 PM      6.57  38007.07
05:36:31 PM      7.58  38048.48
05:36:33 PM      6.09  36989.85
05:36:35 PM      6.00  37063.00
05:36:37 PM      7.00  36750.50
05:36:39 PM      6.15  37982.05
05:36:41 PM      6.06  33005.56
05:36:43 PM      6.06  38778.28
05:36:45 PM      6.06  38353.03
05:36:47 PM      6.12  38430.10
05:36:49 PM      6.06  33215.15
05:36:51 PM      7.61  37685.28
05:36:53 PM      6.09  37945.18
05:36:55 PM      7.54  37634.17
05:36:57 PM     17.17  36047.98
05:36:59 PM      8.63  31204.57
05:37:01 PM      7.65  38593.37
05:37:03 PM      6.09  37847.72
05:37:05 PM     10.05  37931.16
05:37:07 PM     11.68  33502.03
05:37:09 PM      8.12  36699.49
05:37:11 PM     11.73  35552.55
05:37:13 PM     13.07  29802.51
05:37:15 PM     14.57  26252.26
05:37:17 PM      8.63  37732.99
05:37:19 PM      8.54  34767.84
05:37:21 PM      7.54  34802.51
05:37:23 PM      6.09  37926.90
05:37:25 PM      6.03  37226.13
05:37:27 PM      6.53  37338.19
05:37:29 PM      6.57  35132.83
05:37:31 PM      7.61  29925.38
05:37:33 PM      6.03  38271.86
05:37:35 PM      6.06  38125.25
05:37:37 PM      7.07  38014.14
05:37:39 PM      6.06  37366.16
05:37:41 PM      6.03  27870.85
05:37:43 PM      4.55  34227.78
05:37:45 PM      4.52  35346.73
05:37:47 PM      6.09  38040.10
05:37:49 PM      6.06  37439.90
05:37:51 PM      8.63  37878.68
05:37:53 PM      6.03  37022.61
05:37:55 PM      7.61  38540.10
05:37:57 PM     17.86  33621.43
05:37:59 PM      9.64  38487.31
05:38:01 PM      7.54  38290.95
05:38:03 PM      7.54  38016.08
05:38:05 PM     11.62  38034.85
05:38:07 PM     11.79  39302.56
05:38:09 PM      7.61  33612.18
05:38:11 PM     11.62  37436.87
05:38:13 PM     13.07  38728.64
05:38:15 PM     14.65  37515.66
05:38:17 PM      8.54  32746.73
05:38:19 PM      8.63  38441.62
05:38:21 PM      6.06  33180.81
05:38:23 PM      4.55  35526.77
05:38:25 PM      6.06  33141.92
05:38:27 PM      6.03  22395.48
05:38:29 PM      6.06  35772.22
05:38:31 PM      7.54  38030.15
05:38:33 PM      6.06  38700.00
05:38:35 PM      6.06  32657.58
05:38:37 PM      6.57  37222.22
05:38:39 PM      6.00  36454.50
05:38:41 PM      6.09  38316.24
05:38:43 PM      6.03  37138.69
05:38:45 PM      6.09  35584.26
05:38:47 PM      6.06  31062.12
05:38:49 PM      6.03  34235.18
05:38:51 PM      9.18  34277.04
05:38:53 PM      6.09  39370.05
05:38:55 PM      7.61  35313.20
05:38:57 PM     17.59  36412.56
05:38:59 PM      8.63  31336.55
05:39:01 PM      7.54  37164.32
05:39:03 PM      6.06  37523.23
05:39:05 PM     13.57  37909.05
05:39:07 PM     12.06  33510.05
05:39:09 PM      7.65  32976.53
05:39:11 PM     11.68  37323.86
05:39:13 PM     13.13  34344.44
05:39:15 PM     14.57  32746.73
05:39:17 PM      8.54  37356.28
05:39:19 PM      8.59  37790.40
05:39:21 PM      7.54  37143.72
05:39:23 PM      6.09  37765.99
05:39:25 PM      6.09  36865.99
05:39:27 PM      6.06  37926.26
05:39:29 PM      6.00  37764.00
05:39:31 PM      7.61  33623.35
05:39:33 PM      6.09  37571.57
05:39:35 PM      5.97  36301.00
05:39:37 PM      6.60  38342.13
05:39:39 PM      6.12  39013.78
05:39:41 PM      6.00  38065.00
05:39:43 PM      4.55  38946.46
05:39:45 PM      4.50  36512.50
05:39:47 PM      6.12  33633.16
05:39:49 PM      6.06  37247.98
05:39:51 PM      7.54  37584.92
05:39:53 PM      5.05  37857.07
05:39:55 PM      7.11  37644.16
05:39:57 PM     17.77  33358.88
05:39:59 PM      8.50  33189.00
05:40:01 PM      7.61  33774.62
05:40:03 PM      8.63  38247.72
05:40:05 PM     12.06  37538.19
05:40:07 PM     11.56  38117.09
05:40:09 PM      7.58  37682.32
05:40:11 PM     13.07  31501.01
05:40:13 PM     11.56  39048.74
05:40:15 PM     14.65  41678.79
05:40:17 PM      8.63  30753.81
05:40:19 PM      8.50  36908.50
05:40:21 PM      8.12  37413.20
05:40:23 PM      5.03  37934.17
05:40:25 PM      4.50  37126.50
05:40:27 PM      6.12  38895.92
05:40:29 PM      6.06  38318.18
05:40:31 PM      7.58  37545.45
05:40:33 PM      6.03  38347.24
05:40:35 PM      6.03  38229.15
05:40:37 PM      6.53  38180.90
05:40:39 PM      7.58  36028.79
05:40:41 PM      6.06  36769.70
05:40:43 PM      6.06  37673.74
05:40:45 PM      6.03  37158.29
05:40:47 PM      6.06  35101.01
05:40:49 PM      6.09  25898.48
05:40:51 PM      8.08  37632.83
05:40:53 PM      6.06  32312.63
05:40:55 PM      7.54  37388.94
05:40:57 PM     17.59  33202.01
05:40:59 PM      8.63  33374.11
05:41:01 PM      7.61  30737.06
05:41:03 PM      4.50  36548.00
05:41:05 PM     10.20  37131.63
05:41:07 PM     11.62  37471.72
05:41:09 PM      8.04  37218.09
05:41:11 PM     11.62  36912.63
05:41:13 PM     13.20  38386.80
05:41:15 PM     14.65  36752.02
05:41:17 PM      9.09  37831.82
05:41:19 PM      8.63  33038.58
05:41:21 PM      8.04  33224.62
05:41:23 PM      6.06  32753.54
05:41:25 PM      6.09  38551.27
05:41:27 PM      6.12  37004.59
05:41:29 PM      6.06  35491.92
05:41:31 PM      7.54  35088.94
05:41:33 PM      6.03  37431.16
05:41:35 PM      6.53  37606.53
05:41:37 PM      6.50  37782.50
05:41:39 PM      6.03  36561.81
05:41:41 PM      6.53  37347.74
05:41:43 PM      5.53  37838.69
05:41:45 PM      3.55  37315.74
05:41:47 PM      6.03  33456.78
05:41:49 PM      6.06  37707.07
05:41:51 PM      7.61  38283.76
05:41:53 PM      6.06  30574.75
05:41:55 PM      7.61  30992.89
05:41:57 PM     17.59  38553.77
05:41:59 PM      8.54  35816.58
05:42:01 PM      7.58  33407.07
05:42:03 PM      7.58  35489.39
05:42:05 PM     11.73  38992.35
05:42:07 PM     11.56  33883.42
05:42:09 PM      7.61  34189.34
05:42:11 PM     11.62  37465.15
05:42:13 PM     13.00  39238.50
05:42:15 PM     14.72  39074.11
05:42:17 PM      8.59  33664.14
05:42:19 PM      8.59  33124.24
05:42:21 PM      7.61  31517.77
05:42:23 PM      6.06  31887.37
05:42:25 PM      4.55  37765.66
05:42:27 PM      4.55  37925.76
05:42:29 PM      6.03  37811.06
05:42:31 PM      7.61  37723.86
05:42:33 PM      6.12  38335.71
05:42:35 PM      6.60  32895.94
05:42:37 PM      7.00  38098.00
05:42:39 PM      6.06  37501.52
05:42:41 PM      6.12  35514.80
05:42:43 PM      6.03  29948.24
05:42:45 PM      6.03  36881.41
05:42:47 PM      6.03  32293.97
05:42:49 PM      6.06  33799.49
05:42:51 PM      8.59  33021.72
05:42:53 PM      6.09  34725.89
05:42:55 PM      7.54  30952.76
05:42:57 PM     17.77  38648.73
05:42:59 PM      8.50  37714.50
05:43:01 PM      7.61  39308.63
05:43:03 PM      7.50  38501.00
05:43:05 PM     11.73  34069.90
05:43:07 PM      8.63  37941.62
05:43:09 PM      7.54  32237.69
05:43:11 PM     11.56  37325.63
05:43:13 PM     13.13  38545.45
05:43:15 PM     15.38  38071.79
05:43:17 PM      8.59  37557.07
05:43:19 PM      8.63  37872.59
05:43:21 PM      7.50  36410.50
05:43:23 PM      6.03  37284.92
05:43:25 PM      6.03  37190.95
05:43:27 PM      6.12  37871.94
05:43:29 PM      6.00  33694.50
05:43:31 PM      7.61  38286.80
05:43:33 PM      6.60  37751.27
05:43:35 PM      6.00  36928.50
05:43:37 PM      6.63  38194.39
05:43:39 PM      6.06  37481.31
05:43:41 PM      6.09  38058.38
05:43:43 PM      6.09  33007.61
05:43:45 PM      6.09  34069.54
05:43:47 PM      4.57  39309.64
05:43:49 PM      4.55  32575.25
05:43:51 PM      8.67  34572.45
05:43:53 PM      6.09  31684.77
05:43:55 PM      7.54  36238.19
05:43:57 PM     17.77  37367.01
05:43:59 PM      8.59  37127.27
05:44:01 PM      7.61  38164.97
05:44:03 PM      7.50  38779.00
05:44:05 PM     15.66  27324.75
05:44:07 PM     11.68  34645.69
05:44:09 PM      7.50  34602.00
05:44:11 PM     11.68  34764.47
05:44:13 PM     13.27  40114.29
05:44:15 PM     14.72  38159.90
05:44:17 PM      9.00  36850.50
05:44:19 PM      8.63  38661.93
05:44:21 PM      7.58  37093.94
05:44:23 PM      6.12  37267.35
05:44:25 PM      6.00  36569.00
05:44:27 PM      6.09  30143.15
05:44:29 PM      4.57  29452.79
05:44:31 PM      6.06  37257.58
05:44:33 PM      6.06  36853.03
05:44:35 PM      6.06  37375.76
05:44:37 PM      6.57  35316.67
05:44:39 PM      6.06  31384.34
05:44:41 PM      6.06  37097.98
05:44:43 PM      6.12  37675.51
05:44:45 PM      6.06  38856.57
05:44:47 PM      6.06  32381.31
05:44:49 PM      6.03  37622.61
05:44:51 PM      8.12  37223.35
05:44:53 PM      6.15  37751.28
05:44:55 PM      7.61  37691.37
05:44:57 PM     17.09  32169.85
05:44:59 PM      8.54  32413.07
05:45:01 PM      7.61  35220.81
05:45:03 PM      8.04  30053.77
05:45:05 PM     11.94  37640.30
05:45:07 PM     11.56  38046.23
05:45:09 PM      7.18  38769.23
05:45:11 PM      9.05  38262.31
05:45:13 PM     13.00  38247.00
05:45:15 PM     15.08  37972.36
05:45:17 PM      8.67  38625.51
05:45:19 PM      8.67  33736.22
05:45:21 PM      8.08  38662.63
05:45:23 PM      6.09  34005.08
05:45:25 PM      6.03  35225.63
05:45:27 PM      6.03  36831.66
05:45:29 PM      6.06  32858.59
05:45:31 PM      7.54  37408.04
05:45:33 PM      6.00  32918.50
05:45:35 PM      6.06  37907.07
05:45:37 PM      6.57  37094.44
05:45:39 PM      6.03  37523.62
05:45:41 PM      6.09  38494.42
05:45:43 PM      6.03  38202.01
05:45:45 PM      6.63  34310.71
05:45:47 PM      4.57  33296.45
05:45:49 PM      4.57  37993.91
05:45:51 PM      7.73  33289.18
05:45:53 PM      6.06  33206.06
05:45:55 PM      7.65  35755.61
05:45:57 PM     17.77  34994.92
05:45:59 PM      8.72  34860.51
05:46:01 PM      7.58  30634.85
05:46:03 PM      7.58  35705.05
05:46:05 PM     11.62  31193.43
05:46:07 PM     11.62  39544.95
05:46:09 PM      7.54  38791.96
05:46:11 PM     13.20  34188.32
05:46:13 PM     11.68  33342.64
05:46:15 PM     14.57  33008.04
05:46:17 PM      8.50  37489.00
05:46:19 PM      8.63  35636.04
05:46:21 PM      8.04  35708.04
05:46:23 PM      6.03  28414.57
05:46:25 PM      6.06  36329.80
05:46:27 PM      4.55  35201.01
05:46:29 PM      4.59  33923.47
05:46:31 PM      7.54  35201.51
05:46:33 PM      6.03  33519.60
05:46:35 PM      6.57  37118.69
05:46:37 PM      6.60  38258.38
05:46:39 PM      6.03  37302.51
05:46:41 PM      6.00  32172.00
05:46:43 PM      6.00  36934.00
05:46:45 PM      6.06  36633.84
05:46:47 PM      6.03  37472.36
05:46:49 PM      6.06  33801.01
05:46:51 PM      8.04  30205.03
05:46:53 PM      6.03  41650.25
05:46:55 PM      7.58  33045.96
05:46:57 PM     17.95  37811.79
05:46:59 PM      8.54  32429.15
05:47:01 PM      7.61  38111.68
05:47:03 PM      7.54  37665.33
05:47:05 PM     11.62  37906.57
05:47:07 PM     10.20  37806.12
05:47:09 PM      6.06  36749.49
05:47:11 PM     13.20  38651.78
05:47:13 PM     11.50  37313.00
05:47:15 PM     14.72  38334.52
05:47:17 PM      8.50  37628.50
05:47:19 PM      8.63  37946.70
05:47:21 PM      7.54  38524.12
05:47:23 PM      6.03  37973.87
05:47:25 PM      6.00  37684.50
05:47:27 PM      6.12  38982.65
05:47:29 PM      6.57  32731.31
05:47:31 PM      7.58  37021.72
05:47:33 PM      6.03  37243.22
05:47:35 PM      6.57  37760.61
05:47:37 PM      6.60  38142.64
05:47:39 PM      6.06  37387.88
05:47:41 PM      6.60  37661.93
05:47:43 PM      6.09  38351.78
05:47:45 PM      6.03  38031.66
05:47:47 PM      6.12  38735.71
05:47:49 PM      4.59  38563.27
05:47:51 PM      7.00  36901.00
05:47:53 PM      6.06  37973.23
05:47:55 PM      7.65  37977.55
05:47:57 PM     17.26  38082.74
05:47:59 PM      8.59  37651.52
05:48:01 PM      7.54  38391.96
05:48:03 PM      7.50  37017.00
05:48:05 PM     11.62  38760.10
05:48:07 PM     11.68  38597.46
05:48:09 PM      8.67  38829.59
05:48:11 PM     11.62  30625.76
05:48:13 PM     13.27  29297.96
05:48:15 PM     14.43  34582.59
05:48:17 PM      8.63  35308.12
05:48:19 PM      8.54  38320.10
05:48:21 PM      7.58  33431.31
05:48:23 PM      6.00  36355.50
05:48:25 PM      6.09  36418.78
05:48:27 PM      4.59  38530.61
05:48:29 PM      4.55  33610.61
05:48:31 PM      7.58  38594.95
05:48:33 PM      6.09  38593.91
05:48:35 PM      6.06  33643.94
05:48:37 PM      6.53  38723.12
05:48:39 PM      6.03  36828.64
05:48:41 PM      6.15  37989.23
05:48:43 PM      6.00  37651.00
05:48:45 PM      6.12  34078.57
05:48:47 PM      6.00  32710.00
05:48:49 PM      6.00  38715.00
05:48:51 PM      8.67  39632.14
05:48:53 PM      6.09  39460.41
05:48:55 PM      7.61  39614.21
05:48:57 PM     17.68  38521.72
05:48:59 PM      8.50  36887.00
05:49:01 PM      7.54  37277.39
05:49:03 PM      7.61  37567.51
05:49:05 PM     15.58  37377.39
05:49:07 PM     11.56  33229.15
05:49:09 PM      6.09  32402.54
05:49:11 PM     10.10  32645.45
05:49:13 PM     13.27  38245.41
05:49:15 PM     14.65  37473.74
05:49:17 PM      8.50  33476.00
05:49:19 PM      9.14  32906.09
05:49:21 PM      8.08  36474.75
05:49:23 PM      6.06  37194.44
05:49:25 PM      6.03  36753.77
05:49:27 PM      6.09  33589.34
05:49:29 PM      6.03  38132.66
05:49:31 PM      7.58  37391.41
05:49:33 PM      6.03  36788.94
05:49:35 PM      6.03  37891.96
05:49:37 PM      6.50  37006.50
05:49:39 PM      7.11  22239.59
05:49:41 PM      6.09  37118.27
05:49:43 PM      5.97  35921.39
05:49:45 PM      6.09  37573.60
05:49:47 PM      4.55  32298.48
05:49:49 PM      4.55  38440.91
05:49:51 PM      7.92  35484.16
05:49:53 PM      6.15  35747.69
05:49:55 PM      7.61  37080.20
05:49:57 PM     17.95  39006.67
05:49:59 PM      8.50  37013.00
05:50:01 PM      7.58  37048.99
05:50:03 PM      8.59  37292.93
05:50:05 PM     12.12  37227.27
05:50:07 PM     11.62  34266.67
05:50:09 PM      7.65  38996.43
05:50:11 PM     11.56  38581.41
05:50:13 PM     13.20  39534.52
05:50:15 PM     14.57  32908.54
05:50:17 PM      8.59  34690.40
05:50:19 PM      8.50  30958.50
05:50:21 PM      8.04  35584.92
05:50:23 PM      6.53  34595.98
05:50:25 PM      6.09  36819.29
05:50:27 PM      4.59  37836.73
05:50:29 PM      4.55  37010.61
05:50:31 PM      7.61  37605.58
05:50:33 PM      6.12  37758.16
05:50:35 PM      6.06  37589.39
05:50:37 PM      6.53  37804.02
05:50:39 PM      6.03  36740.20
05:50:41 PM      6.03  33004.52
05:50:43 PM      6.15  39367.18
05:50:45 PM      6.06  32629.80
05:50:47 PM      6.00  38541.50
05:50:49 PM      6.06  39081.31
05:50:51 PM      8.08  32997.47
05:50:53 PM      5.97  37819.90
05:50:55 PM      7.61  35059.90
05:50:57 PM     17.59  30524.12
05:50:59 PM      8.59  38233.33
05:51:01 PM      7.46  32888.06
05:51:03 PM      7.50  35310.50
05:51:05 PM     12.12  31438.89
05:51:07 PM     11.56  37829.15
05:51:09 PM      5.03  38380.90
05:51:11 PM     11.56  38063.82
05:51:13 PM     13.07  33649.25
05:51:15 PM     14.65  39716.67
05:51:17 PM      8.54  39472.36
05:51:19 PM      8.59  36261.62
05:51:21 PM      8.08  35189.39
05:51:23 PM      6.09  33383.25
05:51:25 PM      6.03  37466.83
05:51:27 PM      6.12  38614.80
05:51:29 PM      6.00  37495.00
05:51:31 PM      7.61  37455.33
05:51:33 PM      6.06  37470.20
05:51:35 PM      6.53  30012.06
05:51:37 PM      6.57  34842.42
05:51:39 PM      6.06  33580.81
05:51:41 PM      6.09  31011.17
05:51:43 PM      6.03  30640.70
05:51:45 PM      6.09  32264.47
05:51:47 PM      6.09  37186.80
05:51:49 PM      4.57  33171.57
05:51:51 PM      6.57  33442.93
05:51:53 PM      4.57  39256.85
05:51:55 PM      7.61  38881.22
05:51:57 PM     17.68  38108.59
05:51:59 PM      8.59  30364.14
05:52:01 PM      7.65  35581.12
05:52:03 PM      7.50  32631.00
05:52:05 PM     11.68  33955.84
05:52:07 PM     11.62  38834.34
05:52:09 PM      7.65  36628.57
05:52:11 PM     13.13  37406.57
05:52:13 PM     11.62  23414.65
05:52:15 PM     14.65  38416.16
05:52:17 PM      8.54  28927.64
05:52:19 PM      8.67  33400.51
05:52:21 PM      7.46  36565.17
05:52:23 PM      6.09  31978.17
05:52:25 PM      6.03  32478.39
05:52:27 PM      5.00  32894.00
05:52:29 PM      6.63  38570.92
05:52:31 PM      7.58  38730.81
05:52:33 PM      6.09  39243.65
05:52:35 PM      7.54  36652.76
05:52:37 PM      6.60  37482.74
05:52:39 PM      6.06  33904.04
05:52:41 PM      6.09  32345.18
05:52:43 PM      6.06  37737.37
05:52:45 PM      6.06  38005.05
05:52:47 PM      6.03  35496.48
05:52:49 PM      6.06  35257.07
05:52:51 PM      7.00  37510.50
05:52:53 PM      6.06  36863.64
05:52:55 PM      7.58  37410.61
05:52:57 PM     17.09  32866.83
05:52:59 PM      8.59  37811.62
05:53:01 PM      7.61  32773.10
05:53:03 PM      7.65  38388.27
05:53:05 PM     11.68  39541.12
05:53:07 PM     10.10  37437.37
05:53:09 PM      6.00  37711.50
05:53:11 PM     11.73  33097.96
05:53:13 PM     13.33  40566.15
05:53:15 PM     14.50  38362.50
05:53:17 PM      8.54  39071.86
05:53:19 PM      9.14  34034.52
05:53:21 PM      7.58  27891.41
05:53:23 PM      6.06  37124.24
05:53:25 PM      6.12  36118.88
05:53:27 PM      6.00  31788.00
05:53:29 PM      6.12  37942.86
05:53:31 PM      7.54  29317.09
05:53:33 PM      6.03  38971.86
05:53:35 PM      6.00  25682.00
05:53:37 PM      6.57  33887.88
05:53:39 PM      5.97  32651.24
05:53:41 PM      6.12  33256.63
05:53:43 PM      6.06  32834.85
05:53:45 PM      4.57  33383.25
05:53:47 PM      5.08  39220.30
05:53:49 PM      6.03  37859.80
05:53:51 PM      8.72  39249.74
05:53:53 PM      6.09  37963.96
05:53:55 PM      7.61  32864.47
05:53:57 PM     17.17  32982.32
05:53:59 PM      8.54  32026.63
05:54:01 PM      7.58  36941.92
05:54:03 PM      7.58  33606.57
05:54:05 PM     15.66  38546.46
05:54:07 PM     11.56  38715.08
05:54:09 PM      8.08  39640.91
05:54:11 PM     11.68  39194.92
05:54:13 PM     13.13  34463.13
05:54:15 PM     14.65  37964.65
05:54:17 PM      9.09  36965.66
05:54:19 PM      8.59  36898.99
05:54:21 PM      7.58  36983.33
05:54:23 PM      4.57  37445.18
05:54:25 PM      4.55  37946.46
05:54:27 PM      6.03  37342.21
05:54:29 PM      5.97  32800.50
05:54:31 PM      7.58  29023.23
05:54:33 PM      6.06  38415.15
05:54:35 PM      6.09  32979.70
05:54:37 PM      6.63  38888.78
05:54:39 PM      6.06  30746.46
05:54:41 PM      6.06  36393.43
05:54:43 PM      6.09  37867.01
05:54:45 PM      6.00  38085.50
05:54:47 PM      6.15  33145.13
05:54:49 PM      6.12  33791.84
05:54:51 PM      7.50  37459.00
05:54:53 PM      6.09  28855.33
05:54:55 PM      7.50  32711.50
05:54:57 PM     17.26  38464.47
05:54:59 PM      8.63  38647.21
05:55:01 PM      6.03  38066.33
05:55:03 PM      6.53  36888.44
05:55:05 PM     12.06  37781.41
05:55:07 PM     12.00  37809.00
05:55:09 PM      7.58  33484.85
05:55:11 PM     13.20  33518.78
05:55:13 PM     11.62  37656.57
05:55:15 PM     15.74  36981.73
05:55:17 PM      8.50  37734.00
05:55:19 PM      8.59  38320.20
05:55:21 PM      8.12  38661.93
05:55:23 PM      6.06  38950.00
05:55:25 PM      6.09  37765.48
05:55:27 PM      6.06  32931.82
05:55:29 PM      6.03  32446.73
05:55:31 PM      7.54  32937.69
05:55:33 PM      6.09  33802.54
05:55:35 PM      6.06  38040.40
05:55:37 PM      6.06  38164.65
05:55:39 PM      6.50  27666.00
05:55:41 PM      4.59  33472.45
05:55:43 PM      4.50  32625.50
05:55:45 PM      6.06  28402.53
05:55:47 PM      6.06  37151.01
05:55:49 PM      6.03  23358.29
05:55:51 PM      7.61  30861.93
05:55:53 PM      6.03  37903.52
05:55:55 PM      7.58  31080.30
05:55:57 PM     17.17  30737.37
05:55:59 PM      8.59  32732.83
05:56:01 PM      7.61  30407.61
05:56:03 PM      7.54  30139.70
05:56:05 PM     11.62  38858.08
05:56:07 PM     11.56  38584.42
05:56:09 PM      7.58  38806.57
05:56:11 PM     12.18  39394.42
05:56:13 PM     13.27  34664.80
05:56:15 PM     15.23  38716.75
05:56:17 PM      8.50  38972.50
05:56:19 PM      7.07  38781.82
05:56:21 PM      6.53  35390.45
05:56:23 PM      6.06  35528.28
05:56:25 PM      6.03  30368.84
05:56:27 PM      5.97  30879.60
05:56:29 PM      6.19  36205.67
05:56:31 PM      7.50  30285.00
05:56:33 PM      6.09  38850.76
05:56:35 PM      6.53  37326.13
05:56:37 PM      6.09  37032.99
05:56:39 PM      6.50  37638.00
05:56:41 PM      6.03  37653.77
05:56:43 PM      6.00  36539.50
05:56:45 PM      6.06  37362.63
05:56:47 PM      6.00  36746.50
05:56:49 PM      6.03  37036.18
05:56:51 PM      7.58  37662.12
05:56:53 PM      6.06  32973.74
05:56:55 PM      8.12  36016.75
05:56:57 PM     15.74  37651.78
05:56:59 PM      7.61  37235.03
05:57:01 PM      7.58  37652.02
05:57:03 PM      7.54  32898.99
05:57:05 PM     12.12  30630.81
05:57:07 PM     11.62  34995.96
05:57:09 PM      7.58  32349.49
05:57:11 PM     11.62  32046.97
05:57:13 PM     13.07  37998.49
05:57:15 PM     14.57  36751.26
05:57:17 PM      8.63  37320.30
05:57:19 PM      8.63  37542.13
05:57:21 PM      7.50  27197.00
05:57:23 PM      6.09  36048.73
05:57:25 PM      6.09  34902.03
05:57:27 PM      6.03  36894.97
05:57:29 PM      6.53  36924.62
05:57:31 PM      7.58  37997.47
05:57:33 PM      6.06  32110.61
05:57:35 PM      5.03  36880.40
05:57:37 PM      4.55  37596.97
05:57:39 PM      6.57  37817.17
05:57:41 PM      6.00  32771.50
05:57:43 PM      6.06  32548.99
05:57:45 PM      6.03  36993.97
05:57:47 PM      6.03  37386.43
05:57:49 PM      6.03  37319.10
05:57:51 PM      8.67  38568.88
05:57:53 PM      6.00  33346.00
05:57:55 PM      7.50  32488.50
05:57:57 PM     17.00  37924.00
05:57:59 PM      8.59  38105.05
05:58:01 PM      7.58  25288.89
05:58:03 PM      7.61  33333.50
05:58:05 PM     11.68  38810.15
05:58:07 PM     11.62  38114.14
05:58:09 PM      7.58  37277.27
05:58:11 PM     11.62  33699.49
05:58:13 PM     13.00  33728.50
05:58:15 PM     13.71  33532.99
05:58:17 PM      7.04  37069.35
05:58:19 PM      8.46  36789.55
05:58:21 PM      7.54  37226.63
05:58:23 PM      6.03  37284.92
05:58:25 PM      6.06  37548.99
05:58:27 PM      6.06  34009.09
05:58:29 PM      6.09  33443.65
05:58:31 PM      7.50  29612.50
05:58:33 PM      6.09  30990.86
05:58:35 PM      6.03  32813.07
05:58:37 PM      6.06  38374.24
05:58:39 PM      6.60  38552.79
05:58:41 PM      6.03  37053.77
05:58:43 PM      6.06  37366.16
05:58:45 PM      6.03  37762.81
05:58:47 PM      6.03  30074.87
05:58:49 PM      6.60  31019.29
05:58:51 PM      7.96  38112.44
05:58:53 PM      6.09  32245.69
05:58:55 PM      6.00  37064.50
05:58:57 PM     15.90  39523.08
05:58:59 PM      9.18  37678.57
05:59:01 PM      7.50  36808.50
05:59:03 PM      7.58  31467.68
05:59:05 PM     15.66  31630.81
05:59:07 PM     11.62  37941.41
05:59:09 PM      7.54  37372.86
05:59:11 PM     11.62  37014.65
05:59:13 PM     13.00  35837.50
05:59:15 PM     14.50  34937.50
05:59:17 PM      8.54  31732.66
05:59:19 PM      8.54  38309.05
05:59:21 PM      7.58  32633.33
05:59:23 PM      6.57  38038.38
05:59:25 PM      6.06  33409.09
05:59:27 PM      6.03  30374.37
05:59:29 PM      7.11  30312.69
05:59:31 PM      7.54  37348.24
05:59:33 PM      6.00  37274.50
05:59:35 PM      6.09  37231.98
05:59:37 PM      4.52  37522.61
05:59:39 PM      5.08  37486.80
05:59:41 PM      6.09  37926.40
05:59:43 PM      5.97  37769.15
05:59:45 PM      6.03  37603.52
05:59:47 PM      6.09  34182.74
05:59:49 PM      6.03  28119.10
05:59:51 PM      7.58  37280.30
05:59:53 PM      6.57  37690.91
05:59:55 PM      7.54  37398.49
05:59:57 PM     17.86  38117.86
05:59:59 PM      8.59  37733.33
06:00:01 PM      7.61  32831.98
06:00:03 PM      8.54  37817.09
06:00:05 PM     12.06  30619.60
06:00:07 PM     11.73  33520.41
06:00:09 PM      7.46  36664.68
06:00:11 PM     11.62  33179.29
06:00:13 PM     12.18  33706.09
06:00:15 PM     12.56  37532.66
06:00:17 PM      8.54  32749.25
06:00:19 PM      8.63  33306.60
06:00:21 PM      8.12  32550.25
06:00:23 PM      6.57  38266.67
06:00:25 PM      6.12  33346.94
06:00:27 PM      6.06  37514.65
06:00:29 PM      6.03  37555.78
06:00:31 PM      7.65  38657.65
06:00:33 PM      6.03  32854.77
06:00:35 PM      6.03  37015.58
06:00:37 PM      7.00  32270.00
06:00:39 PM      6.60  37175.63
06:00:41 PM      6.03  37345.73
06:00:43 PM      6.09  37462.94
06:00:45 PM      6.06  33451.52
06:00:47 PM      6.00  31966.00
06:00:49 PM      6.06  33768.69
06:00:51 PM      6.00  34930.00
06:00:53 PM      4.55  30084.85
06:00:55 PM      7.58  37660.61
06:00:57 PM     17.17  28265.15
06:00:59 PM      9.60  32569.19
06:01:01 PM      7.61  37833.50
06:01:03 PM     19.10  33098.99
06:01:05 PM     11.56  30942.71
06:01:07 PM     11.50  33199.00
06:01:09 PM      7.65  37291.84
06:01:11 PM     11.68  38037.56
06:01:13 PM     13.00  39430.00
06:01:15 PM     15.08  33233.17
06:01:17 PM      8.63  38999.49
06:01:19 PM      9.55  38912.06
06:01:21 PM      8.08  37849.49
06:01:23 PM      6.09  38587.31
06:01:25 PM      6.00  38975.50
06:01:27 PM      6.12  39696.43
06:01:29 PM      4.59  33439.29
06:01:31 PM      6.00  33241.50
06:01:33 PM      6.03  37289.45
06:01:35 PM      6.57  35069.70
06:01:37 PM      6.00  30412.00
06:01:39 PM      6.57  37942.93
06:01:41 PM      6.09  38108.63
06:01:43 PM      6.03  26191.96
06:01:45 PM      6.09  31367.01
06:01:47 PM      5.94  33144.06
06:01:49 PM      6.00  37950.00
06:01:51 PM      7.54  38207.04
06:01:53 PM      6.06  30527.78
06:01:55 PM      7.50  34213.00
06:01:57 PM     17.26  38494.92
06:01:59 PM      8.50  37473.50
06:02:01 PM      7.58  30630.30
06:02:03 PM      7.54  23985.43
06:02:05 PM     11.73  37918.88
06:02:07 PM     10.55  36870.35
06:02:09 PM      6.03  37350.75
06:02:11 PM     11.62  37207.58
06:02:13 PM     13.20  33814.72
06:02:15 PM     14.57  32358.29
06:02:17 PM      8.63  37239.59
06:02:19 PM      8.59  37021.21
06:02:21 PM      7.54  34742.21
06:02:23 PM      6.06  30321.21
06:02:25 PM      6.06  33449.49
06:02:27 PM      6.03  33525.13
06:02:29 PM      6.09  33215.74
06:02:31 PM      7.61  37439.59
06:02:33 PM      6.09  38269.04
06:02:35 PM      6.57  36289.90
06:02:37 PM      6.06  37064.14
06:02:39 PM      6.60  37541.12
06:02:41 PM      6.06  34900.00
06:02:43 PM      6.06  35500.51
06:02:45 PM      6.03  37340.70
06:02:47 PM      5.50  37076.50
06:02:49 PM      3.54  36703.03
06:02:51 PM      8.63  37248.22
06:02:53 PM      7.11  32601.02
06:02:55 PM      7.58  36483.33
06:02:57 PM     16.92  21796.52
06:02:59 PM      8.67  35526.02
06:03:01 PM      7.65  38078.06
06:03:03 PM      7.58  34731.82
06:03:05 PM     11.44  25946.27
06:03:07 PM     11.50  37765.00
06:03:09 PM      7.61  37851.27
06:03:11 PM     11.62  38164.14
06:03:13 PM     13.20  38988.32
06:03:15 PM     14.57  36604.02
06:03:17 PM      8.63  35674.11
06:03:19 PM      8.59  30986.36
06:03:21 PM      7.58  38512.12
06:03:23 PM     39.39  38065.15
06:03:25 PM     24.62  38293.97
06:03:27 PM    406.57  40643.43
06:03:29 PM     48.00  38162.00
06:03:31 PM      7.61  38361.93
06:03:33 PM     11.22  31526.02
06:03:35 PM     10.15  36096.95
06:03:37 PM     19.70  37689.39
06:03:39 PM      9.55  38022.61
06:03:41 PM     17.26  39418.27
06:03:43 PM     31.16  37166.33
06:03:45 PM      6.06  37797.98
06:03:47 PM      6.06  38073.23
06:03:49 PM      6.06  29447.98
06:03:51 PM      8.00  35493.50
06:03:53 PM      6.06  32828.28
06:03:55 PM      7.61  38960.41
06:03:57 PM     17.09  32758.29
06:03:59 PM      9.00  32329.00
06:04:01 PM      7.61  37014.21
06:04:03 PM      7.58  37919.19
06:04:05 PM     15.42  38307.46
06:04:07 PM     11.62  37872.22
06:04:09 PM      6.09  37912.69
06:04:11 PM     11.62  37590.40
06:04:13 PM     11.56  39044.72
06:04:15 PM     14.65  37132.83
06:04:17 PM      8.63  36971.57
06:04:19 PM      8.50  36551.50
06:04:21 PM      8.16  30454.59
06:04:23 PM      6.03  34114.57
06:04:25 PM      6.03  36897.49
06:04:27 PM      6.06  37844.44
06:04:29 PM      6.03  37150.75
06:04:31 PM      7.54  37183.42
06:04:33 PM      6.06  37359.09
06:04:35 PM      6.09  38030.96
06:04:37 PM      6.03  35212.56
06:04:39 PM      6.60  34844.67
06:04:41 PM      6.12  35364.80
06:04:43 PM      5.94  32016.34
06:04:45 PM      6.15  35420.51
06:04:47 PM      5.56  30510.10
06:04:49 PM      3.50  38160.50
06:04:51 PM      7.50  33536.00
06:04:53 PM      6.53  39546.73
06:04:55 PM      7.50  38367.50
06:04:57 PM     17.26  37151.27
06:04:59 PM      9.05  37725.13
06:05:01 PM      7.54  33368.34
06:05:03 PM      7.54  32814.07
06:05:05 PM     12.56  32125.13
06:05:07 PM     11.56  37569.85
06:05:09 PM      7.50  33011.00
06:05:11 PM     10.20  37864.29
06:05:13 PM     13.07  38586.43
06:05:15 PM     14.65  37710.10
06:05:17 PM      8.59  33437.88
06:05:19 PM      8.59  32890.40
06:05:21 PM      8.59  33602.02
06:05:23 PM      6.09  38114.21
06:05:25 PM      6.12  37844.90
06:05:27 PM      4.57  38718.78
06:05:29 PM      4.55  38020.71
06:05:31 PM      7.61  33524.87
06:05:33 PM      6.03  27010.55
06:05:35 PM      6.03  36940.70
06:05:37 PM      6.03  30269.85
06:05:39 PM      6.50  41034.00
06:05:41 PM      6.03  36538.19
06:05:43 PM      6.09  30461.42
06:05:45 PM      6.53  36544.72
06:05:47 PM      6.09  36879.70
06:05:49 PM      6.06  37055.56
06:05:51 PM      7.61  33290.86
06:05:53 PM      6.00  32349.50
06:05:55 PM      7.50  32423.00
06:05:57 PM     17.17  37806.57
06:05:59 PM      8.54  37480.90
06:06:01 PM      7.65  38271.94
06:06:03 PM      7.54  32678.89
06:06:05 PM     10.10  28142.93
06:06:07 PM      9.95  26944.78
06:06:09 PM      7.61  38618.78
06:06:11 PM     11.68  38160.41
06:06:13 PM     13.20  39094.42
06:06:15 PM     14.50  37679.50
06:06:17 PM      8.54  37565.83
06:06:19 PM      8.54  32576.38
06:06:21 PM      8.54  36868.34
06:06:23 PM      6.03  37664.32
06:06:25 PM      6.06  35723.74
06:06:27 PM      6.03  36605.53
06:06:29 PM      6.03  37397.49
06:06:31 PM      7.61  38367.51
06:06:33 PM      6.03  38836.18
06:06:35 PM      6.63  38964.80
06:06:37 PM      6.06  38200.00
06:06:39 PM      6.60  37603.05
06:06:41 PM      6.03  37071.36
06:06:43 PM      6.06  37441.41
06:06:45 PM      6.03  34911.56
06:06:47 PM      4.52  29574.87
06:06:49 PM      4.59  36391.33
06:06:51 PM      7.46  36084.08
06:06:53 PM      6.50  32897.50
06:06:55 PM      8.54  37942.21
06:06:57 PM     17.09  38233.67
06:06:59 PM      9.05  38119.60
06:07:01 PM      8.08  30380.30
06:07:03 PM      7.50  40917.00
06:07:05 PM     11.79  41295.90
06:07:07 PM     11.68  40904.06
06:07:09 PM      7.58  41706.06
06:07:11 PM     12.24  40508.16
06:07:13 PM     12.94  41150.25
06:07:15 PM     14.57  31392.46
06:07:17 PM      8.67  32548.98
06:07:19 PM      8.59  32017.68
06:07:21 PM      7.65  37354.08
06:07:23 PM      6.57  36663.64
06:07:25 PM      4.59  38126.53
06:07:27 PM      4.52  37777.39
06:07:29 PM      6.50  37919.50
06:07:31 PM      7.61  37974.62
06:07:33 PM      6.03  36703.02
06:07:35 PM      6.60  37498.48
06:07:37 PM      6.12  38099.49
06:07:39 PM      6.50  36938.00
06:07:41 PM      6.03  36829.65
06:07:43 PM      6.06  37274.24
06:07:45 PM      6.06  32602.02
06:07:47 PM      6.06  32445.45
06:07:49 PM      6.00  36871.50
06:07:51 PM      8.04  37369.85
06:07:53 PM      6.06  32797.47
06:07:55 PM      7.58  32772.22
06:07:57 PM     17.09  28795.48
06:07:59 PM      8.63  34419.29
06:08:01 PM      7.58  27080.30
06:08:03 PM      6.03  37582.41
06:08:05 PM     10.10  38927.27
06:08:07 PM     11.62  39296.46
06:08:09 PM      7.50  37497.00
06:08:11 PM     11.68  38460.41
06:08:13 PM     13.07  27614.57
06:08:15 PM     14.57  37685.93
06:08:17 PM      8.59  38174.24
06:08:19 PM      8.63  37520.81
06:08:21 PM      7.54  33695.98
06:08:23 PM      6.03  38436.68
06:08:25 PM      6.57  38830.30
06:08:27 PM      6.06  38900.51
06:08:29 PM      6.09  38693.91
06:08:31 PM      7.61  38916.75
06:08:33 PM      6.03  32917.09
06:08:35 PM      6.12  37898.47
06:08:37 PM      6.00  37297.50
06:08:39 PM      6.67  33542.05
06:08:41 PM      6.06  32797.98
06:08:43 PM      3.59  39018.46
06:08:45 PM      6.57  38415.15
06:08:47 PM      6.06  38560.61
06:08:49 PM      6.03  37909.55
06:08:51 PM      8.12  36357.87
06:08:53 PM      7.54  37016.58
06:08:55 PM      7.54  27508.04
06:08:57 PM     17.44  38338.97
06:08:59 PM      8.59  37508.08
06:09:01 PM      7.61  38591.88
06:09:03 PM      7.58  33290.40
06:09:05 PM     16.08  36075.38
06:09:07 PM     11.73  39175.00
06:09:09 PM      7.54  33018.59
06:09:11 PM     13.07  33398.49
06:09:13 PM     11.62  33771.72
06:09:15 PM     14.72  37740.10
06:09:17 PM      8.59  33318.18
06:09:19 PM      8.54  38453.27
06:09:21 PM      7.00  33213.00
06:09:23 PM      3.55  33028.43
06:09:25 PM      6.50  32313.50
06:09:27 PM      6.09  36588.83
06:09:29 PM      6.03  30263.82
06:09:31 PM      7.54  31456.28
06:09:33 PM      6.03  32835.68
06:09:35 PM      6.03  37560.30
06:09:37 PM      6.06  34101.01
06:09:39 PM      6.57  38532.83
06:09:41 PM      6.00  31836.50
06:09:43 PM      6.12  38078.06
06:09:45 PM      6.03  32836.68
06:09:47 PM      5.94  29185.64
06:09:49 PM      6.09  33029.44
06:09:51 PM      7.50  32214.50
06:09:53 PM      6.00  33919.50
06:09:55 PM      7.61  34061.42
06:09:57 PM     17.09  36186.43
06:09:59 PM      8.54  33140.70
06:10:01 PM      8.59  33271.21
06:10:03 PM      7.50  29770.50
06:10:05 PM     10.55  30427.14
06:10:07 PM     15.15  38100.00
06:10:09 PM      7.61  38043.65
06:10:11 PM     11.56  33133.17
06:10:13 PM     13.13  39368.18
06:10:15 PM     14.50  36776.00
06:10:17 PM      9.09  37658.59
06:10:19 PM      8.46  32090.55
06:10:21 PM      8.04  33240.70
06:10:23 PM      6.09  32751.78
06:10:25 PM      6.06  33446.97
06:10:27 PM      6.06  32746.97
06:10:29 PM      6.09  38194.42
06:10:31 PM      7.61  35609.14
06:10:33 PM      6.06  35027.78
06:10:35 PM      6.06  37278.28
06:10:37 PM      6.06  32790.40
06:10:39 PM      6.53  29343.72
06:10:41 PM      4.64  38519.59
06:10:43 PM      4.55  33069.70
06:10:45 PM      6.06  36932.83
06:10:47 PM      6.12  36489.29
06:10:49 PM      6.03  37073.87
06:10:51 PM      7.54  37657.29
06:10:53 PM      6.00  33071.00
06:10:55 PM      7.65  38098.47
06:10:57 PM     17.17  38515.66
06:10:59 PM      8.54  33830.15
06:11:01 PM      7.58  32033.84
06:11:03 PM      7.61  37642.64
06:11:05 PM     11.62  37595.45
06:11:07 PM     11.68  38335.03
06:11:09 PM      7.61  37907.11
06:11:11 PM     11.50  37684.00
06:11:13 PM     13.13  37476.26
06:11:15 PM     14.87  38193.85
06:11:17 PM      8.54  37872.36
06:11:19 PM      8.54  37228.14
06:11:21 PM      8.12  32685.28
06:11:23 PM      4.55  36612.12
06:11:25 PM      4.52  37705.53
06:11:27 PM      6.06  33431.82
06:11:29 PM      6.06  33076.77
06:11:31 PM      7.58  37399.49
06:11:33 PM      6.50  38228.50
06:11:35 PM      6.53  36485.43
06:11:37 PM      6.03  30833.67
06:11:39 PM      7.04  30805.03
06:11:41 PM      6.00  38470.50
06:11:43 PM      6.03  36936.18
06:11:45 PM      6.00  34970.50
06:11:47 PM      6.06  33031.82
06:11:49 PM      6.06  38177.78
06:11:51 PM      7.65  39193.37
06:11:53 PM      6.50  33115.50
06:11:55 PM      7.61  32544.16
06:11:57 PM     17.09  37491.96
06:11:59 PM      8.72  32596.92
06:12:01 PM      7.58  37364.65
06:12:03 PM      6.03  38409.55
06:12:05 PM     10.66  33064.97
06:12:07 PM     11.56  36788.44
06:12:09 PM      7.58  36538.38
06:12:11 PM     11.73  35749.49
06:12:13 PM     13.07  26876.38
06:12:15 PM     14.72  32786.29
06:12:17 PM      8.50  36416.50
06:12:19 PM      9.74  38189.23
06:12:21 PM      7.54  36774.87
06:12:23 PM      6.03  37420.10
06:12:25 PM      6.06  26861.11
06:12:27 PM      6.06  37301.01
06:12:29 PM      6.12  37660.71
06:12:31 PM      7.54  37637.69
06:12:33 PM      6.09  36324.87
06:12:35 PM      6.53  37318.59
06:12:37 PM      6.19  38873.71
06:12:39 PM      6.70  38582.47
06:12:41 PM      5.53  25996.48
06:12:43 PM      3.47  36767.33
06:12:45 PM      6.06  34570.71
06:12:47 PM      6.03  32269.85
06:12:49 PM      6.03  37723.62
06:12:51 PM      8.00  41047.00
06:12:53 PM      6.60  42330.96
06:12:55 PM      7.54  27722.61
06:12:57 PM     17.26  37555.84
06:12:59 PM      8.96  36937.31
06:13:01 PM      7.54  32700.50
06:13:03 PM      7.61  38601.02
06:13:05 PM     11.56  30909.05
06:13:07 PM     11.73  28301.53
06:13:09 PM      7.54  35903.02
06:13:11 PM     11.73  33729.08
06:13:13 PM     13.00  38661.50
06:13:15 PM     14.80  35447.96
06:13:17 PM      8.59  37661.11
06:13:19 PM      8.59  37148.99
06:13:21 PM      6.06  37225.76
06:13:23 PM      5.50  32864.00
06:13:25 PM      6.09  33332.99
06:13:27 PM      6.06  37768.18
06:13:29 PM      6.06  33159.60
06:13:31 PM      7.61  32073.60
06:13:33 PM      5.97  37003.48
06:13:35 PM      6.06  37310.61
06:13:37 PM      6.09  37980.71
06:13:39 PM      6.60  35987.31
06:13:41 PM      6.06  29850.00
06:13:43 PM      6.03  33239.70
06:13:45 PM      6.12  35426.53
06:13:47 PM      6.06  25672.73
06:13:49 PM      6.00  37984.50
06:13:51 PM      8.08  38077.27
06:13:53 PM      6.53  35045.23
06:13:55 PM      7.65  34653.57
06:13:57 PM     17.17  37396.46
06:13:59 PM      9.09  33360.10
06:14:01 PM      7.46  32493.53
06:14:03 PM      4.57  33314.21
06:14:05 PM     15.58  30634.17
06:14:07 PM     11.62  24667.17
06:14:09 PM      7.61  37584.77
06:14:11 PM     12.18  28576.65
06:14:13 PM     13.07  37929.65
06:14:15 PM     14.87  38208.72
06:14:17 PM      8.50  36477.50
06:14:19 PM      8.59  32705.56
06:14:21 PM      7.65  37459.18
06:14:23 PM      6.06  32630.81
06:14:25 PM      5.97  27046.27
06:14:27 PM      6.09  33021.32
06:14:29 PM      8.00  32118.00
06:14:31 PM      7.61  29032.99
06:14:33 PM      5.97  32876.62
06:14:35 PM      6.09  33045.18
06:14:37 PM      6.03  32556.78
06:14:39 PM      6.60  32888.83
06:14:41 PM      4.52  32344.22
06:14:43 PM      4.50  36223.50
06:14:45 PM      6.09  38164.47
06:14:47 PM      6.12  35619.39
06:14:49 PM      6.06  28224.24
06:14:51 PM      7.58  23819.19
06:14:53 PM      6.50  29736.50
06:14:55 PM      7.54  31241.71
06:14:57 PM     17.17  30577.78
06:14:59 PM      9.18  30870.41
06:15:01 PM      7.54  33398.49
06:15:03 PM      7.54  31844.72
06:15:05 PM     12.18  37409.14
06:15:07 PM     11.62  37809.60
06:15:09 PM      7.61  33157.87
06:15:11 PM     11.73  28352.55
06:15:13 PM     13.13  34310.61
06:15:15 PM     14.43  33433.83
06:15:17 PM      7.11  33667.01
06:15:19 PM      7.11  33187.31
06:15:21 PM      8.63  32440.61
06:15:23 PM      6.09  37176.65
06:15:25 PM      6.00  37293.00
06:15:27 PM      6.06  36256.06
06:15:29 PM      6.00  37270.00
06:15:31 PM      7.50  36700.50
06:15:33 PM      5.56  33481.82
06:15:35 PM      5.08  38774.11
06:15:37 PM      6.03  29980.40
06:15:39 PM      6.03  36398.99
06:15:41 PM      6.53  32445.23
06:15:43 PM      6.00  33154.00
06:15:45 PM      6.03  27001.01
06:15:47 PM      6.12  38106.63
06:15:49 PM      6.06  37834.34
06:15:51 PM      7.54  27574.37
06:15:53 PM      6.60  37530.46
06:15:55 PM      7.54  37202.51
06:15:57 PM     15.58  34189.45
06:15:59 PM      7.50  27985.50
06:16:01 PM      7.61  37492.89
06:16:03 PM      7.54  34829.15
06:16:05 PM     11.68  35038.58
06:16:07 PM     11.79  36669.23
06:16:09 PM      7.61  37060.41
06:16:11 PM     11.62  37142.42
06:16:13 PM     13.20  38887.82
06:16:15 PM     15.66  37693.43
06:16:17 PM      8.50  30097.50
06:16:19 PM      8.63  30509.14
06:16:21 PM      8.12  30372.08
06:16:23 PM      6.00  34020.50
06:16:25 PM      6.09  33283.76
06:16:27 PM      6.03  32854.77
06:16:29 PM      6.09  37964.97
06:16:31 PM      7.58  32555.56
06:16:33 PM      6.12  33252.55
06:16:35 PM      6.60  35557.36
06:16:37 PM      4.57  36627.41
06:16:39 PM      5.08  37359.39
06:16:41 PM      6.09  37345.69
06:16:43 PM      6.06  37411.62
06:16:45 PM      6.03  33480.90
06:16:47 PM      6.09  33024.37
06:16:49 PM      6.09  33234.52
06:16:51 PM      7.61  32780.20
06:16:53 PM      6.57  36476.26
06:16:55 PM      7.61  36477.16
06:16:57 PM     17.17  31452.02
06:16:59 PM      9.00  35885.50
06:17:01 PM      7.58  41696.97
06:17:03 PM      7.61  41767.01
06:17:05 PM     11.62  31126.26
06:17:07 PM     10.05  32916.58
06:17:09 PM      7.65  38047.96
06:17:11 PM     11.62  31767.17
06:17:13 PM     13.13  38198.48
06:17:15 PM     13.07  36525.13
06:17:17 PM      7.61  36722.84
06:17:19 PM      8.59  34402.53
06:17:21 PM      7.54  29471.86
06:17:23 PM      6.06  37315.15
06:17:25 PM      6.06  32513.13
06:17:27 PM      6.09  32208.63
06:17:29 PM      6.53  36154.77
06:17:31 PM      7.54  30405.03
06:17:33 PM      6.06  30516.67
06:17:35 PM      6.63  38393.37
06:17:37 PM      5.97  37391.04
06:17:39 PM      6.57  37209.60
06:17:41 PM      6.12  36601.02
06:17:43 PM      6.03  33158.29
06:17:45 PM      6.09  37400.51
06:17:47 PM      6.06  27476.77
06:17:49 PM      6.06  37238.89
06:17:51 PM      8.16  32998.98
06:17:53 PM      7.04  37739.20
06:17:55 PM      6.15  33912.31
06:17:57 PM     15.66  33079.29
06:17:59 PM      9.14  37611.68
06:18:01 PM      7.54  37431.16
06:18:03 PM      7.58  37526.26
06:18:05 PM     11.68  31482.23
06:18:07 PM     11.62  37388.38
06:18:09 PM      7.65  37193.37
06:18:11 PM     11.68  33512.18
06:18:13 PM     13.13  33081.31
06:18:15 PM     14.87  36695.38
06:18:17 PM      8.96  37362.69
06:18:19 PM      8.59  33242.93
06:18:21 PM      7.65  30990.31
06:18:23 PM      6.03  34453.77
06:18:25 PM      6.15  39118.46
06:18:27 PM      6.00  27017.50
06:18:29 PM      6.00  36752.50
06:18:31 PM      7.58  37203.54
06:18:33 PM      4.55  31760.61
06:18:35 PM      4.50  36403.00
06:18:37 PM      6.03  30281.41
06:18:39 PM      6.06  34867.17
06:18:41 PM      6.53  37602.51
06:18:43 PM      6.00  25306.50
06:18:45 PM      6.03  42718.59
06:18:47 PM      6.00  39700.50
06:18:49 PM      6.06  34784.34
06:18:51 PM      8.00  37834.00
06:18:53 PM      6.06  35636.87
06:18:55 PM      7.61  33326.90
06:18:57 PM     17.26  33268.53
06:18:59 PM      8.54  32807.54
06:19:01 PM      8.12  37994.92
06:19:03 PM      7.50  35313.50
06:19:05 PM     15.58  30232.16
06:19:07 PM     11.50  37376.50
06:19:09 PM      7.58  37080.30
06:19:11 PM     11.56  37351.26
06:19:13 PM     11.56  37766.33
06:19:15 PM     13.07  37445.23
06:19:17 PM      8.72  39207.18
06:19:19 PM      8.54  27252.26
06:19:21 PM      9.64  33382.74
06:19:23 PM      6.03  32307.04
06:19:25 PM      6.09  32445.69
06:19:27 PM      6.12  38636.22
06:19:29 PM      6.03  32601.51
06:19:31 PM      7.50  32871.00
06:19:33 PM      6.09  28473.60
06:19:35 PM      6.00  33576.00
06:19:37 PM      6.03  31705.03
06:19:39 PM      6.57  29833.33
06:19:41 PM      6.53  21851.26
06:19:43 PM      6.09  33308.63
06:19:45 PM      6.15  39251.28
06:19:47 PM      6.03  32988.44
06:19:49 PM      6.03  32953.27
06:19:51 PM      6.06  37445.96
06:19:53 PM      5.05  33188.38
06:19:55 PM      7.61  33150.25
06:19:57 PM     17.17  33347.98
06:19:59 PM      8.54  36203.02
06:20:01 PM      8.50  35028.00
06:20:03 PM      7.54  26173.37
06:20:05 PM     12.18  35807.61
06:20:07 PM     11.50  29832.50
06:20:09 PM      7.61  36740.61
06:20:11 PM     11.62  31579.29
06:20:13 PM     13.07  31027.64
06:20:15 PM     14.57  32476.38
06:20:17 PM      8.63  38389.34
06:20:19 PM      8.63  32786.29
06:20:21 PM      8.00  30789.00
06:20:23 PM      6.57  32743.94
06:20:25 PM      6.03  35133.17
06:20:27 PM      5.08  33391.37
06:20:29 PM      4.55  35168.69
06:20:31 PM      7.54  37727.14
06:20:33 PM      6.03  38085.93
06:20:35 PM      6.09  38554.31
06:20:37 PM      6.03  33214.07
06:20:39 PM      6.12  38628.57
06:20:41 PM      6.50  38631.50
06:20:43 PM      6.03  36913.57
06:20:45 PM      6.06  33273.23
06:20:47 PM      6.09  37942.64
06:20:49 PM      6.06  37800.51
06:20:51 PM      7.61  38112.18
06:20:53 PM      6.03  38020.60
06:20:55 PM      7.61  33290.36
06:20:57 PM     18.69  35737.88
06:20:59 PM      9.14  35451.27
06:21:01 PM      7.54  37200.00
06:21:03 PM      7.54  37960.30
06:21:05 PM     11.06  38007.54
06:21:07 PM      9.18  37438.27
06:21:09 PM      7.54  37885.93
06:21:11 PM     11.56  32954.77
06:21:13 PM     13.13  39732.83
06:21:15 PM     14.65  32893.94
06:21:17 PM      8.59  29037.37
06:21:19 PM      8.63  39659.90
06:21:21 PM      8.04  33434.17
06:21:23 PM      6.15  38111.28
06:21:25 PM      6.00  32841.00
06:21:27 PM      6.09  28807.11
06:21:29 PM      6.12  32848.98
06:21:31 PM      7.54  36865.83
06:21:33 PM      6.53  32794.97
06:21:35 PM      6.57  37154.55
06:21:37 PM      6.09  37949.75
06:21:39 PM      6.09  37910.15
06:21:41 PM      7.11  33990.36
06:21:43 PM      4.55  31946.46
06:21:45 PM      4.55  28686.36
06:21:47 PM      6.09  37073.10
06:21:49 PM      6.03  38250.25
06:21:51 PM      7.61  30748.73
06:21:53 PM      6.57  33332.83
06:21:55 PM      7.54  33554.77
06:21:57 PM     17.17  28787.88
06:21:59 PM      9.60  25362.63
06:22:01 PM      7.54  29413.07
06:22:03 PM      7.61  39242.64
06:22:05 PM     11.62  33233.84
06:22:07 PM     11.62  38152.53
06:22:09 PM      7.54  28190.95
06:22:11 PM     11.56  37941.71
06:22:13 PM     13.20  40512.18
06:22:15 PM     15.08  32671.36
06:22:17 PM      8.63  38477.66
06:22:19 PM      8.59  37469.19
06:22:21 PM      7.65  38275.51
06:22:23 PM      4.50  37211.50
06:22:25 PM      4.52  38095.48
06:22:27 PM      5.97  31541.29
06:22:29 PM      6.09  37939.09
06:22:31 PM      7.58  38294.95
06:22:33 PM      6.15  38403.08
06:22:35 PM      6.53  30686.43
06:22:37 PM      6.03  34706.53
06:22:39 PM      6.09  37788.83
06:22:41 PM      6.57  33645.45
06:22:43 PM      6.09  39082.23
06:22:45 PM      6.06  32105.05
06:22:47 PM      6.09  33724.87
06:22:49 PM      6.00  37773.00
06:22:51 PM      8.12  32511.68
06:22:53 PM      6.09  38727.92
06:22:55 PM      7.58  37983.84
06:22:57 PM     17.17  29176.77
06:22:59 PM      9.60  33142.42
06:23:01 PM      7.61  33519.29
06:23:03 PM      6.03  32915.58
06:23:05 PM     10.00  37764.00
06:23:07 PM     11.73  39081.63
06:23:09 PM      7.61  35292.39
06:23:11 PM     11.56  35717.59
06:23:13 PM     13.27  37358.67
06:23:15 PM     14.50  36103.00
06:23:17 PM      8.54  30816.58
06:23:19 PM      8.59  29304.04
06:23:21 PM      7.54  36645.23
06:23:23 PM      6.03  32374.87
06:23:25 PM      6.06  33867.17
06:23:27 PM      7.04  38148.24
06:23:29 PM      6.00  33152.50
06:23:31 PM      7.61  33345.69
06:23:33 PM      5.97  38088.56
06:23:35 PM      6.03  37881.41
06:23:37 PM      6.00  32026.00
06:23:39 PM      6.09  37079.70
06:23:41 PM      6.57  32480.30
06:23:43 PM      4.52  37069.35
06:23:45 PM      4.50  32775.50
06:23:47 PM      6.09  33682.74
06:23:49 PM      6.03  37276.88
06:23:51 PM      8.08  33146.97
06:23:53 PM      7.14  31288.27
06:23:55 PM      7.54  34584.92
06:23:57 PM     17.26  33340.10
06:23:59 PM      8.59  27244.95
06:24:01 PM      7.46  37487.56
06:24:03 PM      7.54  29264.82
06:24:05 PM     15.66  32557.58
06:24:07 PM     11.68  32319.80
06:24:09 PM      7.58  32293.43
06:24:11 PM     13.27  38207.14
06:24:13 PM     11.56  33691.46
06:24:15 PM     14.50  33175.00
06:24:17 PM      8.54  29342.21
06:24:19 PM      8.63  38293.91
06:24:21 PM      6.06  38468.18
06:24:23 PM      4.52  33556.78
06:24:25 PM      6.06  38689.39
06:24:27 PM      6.06  32789.90
06:24:29 PM      6.03  33226.13
06:24:31 PM      7.61  37716.75
06:24:33 PM      6.12  31953.57
06:24:35 PM      6.03  32194.47
06:24:37 PM      6.09  33815.74
06:24:39 PM      6.03  38500.50
06:24:41 PM      6.50  37633.50
06:24:43 PM      6.03  34419.10
06:24:45 PM      6.06  30340.40
06:24:47 PM      6.03  28171.36
06:24:49 PM      6.00  32875.00
06:24:51 PM      7.58  33582.32
06:24:53 PM      6.00  37059.50
06:24:55 PM      7.58  32923.23
06:24:57 PM     17.09  33416.08
06:24:59 PM      7.04  37865.33
06:25:01 PM      6.63  31173.47
06:25:03 PM      7.61  31202.03
06:25:05 PM     12.06  37827.14
06:25:07 PM     12.00  31828.50
06:25:09 PM      7.58  32430.81
06:25:11 PM     11.62  33066.16
06:25:13 PM     13.20  39111.17
06:25:15 PM     14.80  38323.98
06:25:17 PM      8.54  37877.89
06:25:19 PM      8.59  37055.56
06:25:21 PM      8.08  33722.22
06:25:23 PM      6.06  36912.63
06:25:25 PM      6.00  32689.50
06:25:27 PM      6.06  35190.91
06:25:29 PM      6.09  34844.16
06:25:31 PM      7.69  37173.85
06:25:33 PM      6.06  35011.11
06:25:35 PM      6.06  36866.67
06:25:37 PM      6.09  36942.13
06:25:39 PM      4.52  37025.13
06:25:41 PM      5.58  36243.15
06:25:43 PM      6.09  37271.07
06:25:45 PM      6.00  36998.50
06:25:47 PM      6.09  37566.50
06:25:49 PM      6.06  37674.75
06:25:51 PM      7.65  33398.98
06:25:53 PM      6.03  37478.89
06:25:55 PM      7.69  38273.33
06:25:57 PM     17.17  32451.01
06:25:59 PM      8.50  32014.00
06:26:01 PM      8.08  41825.25
06:26:03 PM      7.46  33719.40
06:26:05 PM     11.73  37942.35
06:26:07 PM     12.06  37579.90
06:26:09 PM      7.54  37115.08
06:26:11 PM     11.73  37966.33
06:26:13 PM     13.13  38837.88
06:26:15 PM     14.57  29643.22
06:26:17 PM      7.04  35370.35
06:26:19 PM      7.61  37624.37
06:26:21 PM      8.08  36868.18
06:26:23 PM      6.06  37407.58
06:26:25 PM      6.03  37465.83
06:26:27 PM      6.03  36546.73
06:26:29 PM      6.00  37483.50
06:26:31 PM      7.61  37859.90
06:26:33 PM      6.00  32831.50
06:26:35 PM      6.57  32584.85
06:26:37 PM      6.06  34386.36
06:26:39 PM      6.03  33122.11
06:26:41 PM      6.60  37430.46
06:26:43 PM      5.97  37647.76
06:26:45 PM      6.03  37101.01
06:26:47 PM      6.06  37151.52
06:26:49 PM      7.07  36468.18
06:26:51 PM      7.58  37504.55
06:26:53 PM      6.53  37183.42
06:26:55 PM      6.57  37539.90
06:26:57 PM     15.82  38308.16
06:26:59 PM      8.54  34659.30
06:27:01 PM      7.61  38279.70
06:27:03 PM      7.65  38894.90
06:27:05 PM     11.44  37580.10
06:27:07 PM     11.62  33154.55
06:27:09 PM      7.58  37718.69
06:27:11 PM     13.00  33339.50
06:27:13 PM     11.62  37393.94
06:27:15 PM     14.72  33510.66
06:27:17 PM      8.59  38505.56
06:27:19 PM      8.63  33247.72
06:27:21 PM      7.50  36121.00
06:27:23 PM      6.03  38096.48
06:27:25 PM      6.06  37406.57
06:27:27 PM      6.09  37789.34
06:27:29 PM      6.57  37502.53
06:27:31 PM      7.61  37641.12
06:27:33 PM      6.15  32753.85
06:27:35 PM      7.07  32436.87
06:27:37 PM      5.08  37349.75
06:27:39 PM      2.99  37347.76
06:27:41 PM      6.03  32337.19
06:27:43 PM      6.50  29894.50
06:27:45 PM      6.06  32512.63
06:27:47 PM      6.06  32561.11
06:27:49 PM      6.03  37219.60
06:27:51 PM      8.16  35204.59
06:27:53 PM      6.09  29977.16
06:27:55 PM      7.61  33120.30
06:27:57 PM     17.17  37126.77
06:27:59 PM      8.59  37412.63
06:28:01 PM      7.61  33303.05
06:28:03 PM      7.50  29852.00
06:28:05 PM     11.56  32209.55
06:28:07 PM     11.62  34865.66
06:28:09 PM      7.58  32069.70
06:28:11 PM     11.68  38004.57
06:28:13 PM     13.20  38046.70
06:28:15 PM     13.20  36744.67
06:28:17 PM      7.07  36960.10
06:28:19 PM      8.63  35340.61
06:28:21 PM      7.50  29719.50
06:28:23 PM      6.53  36575.38
06:28:25 PM      6.03  35998.49
06:28:27 PM      6.03  35616.58
06:28:29 PM      6.03  37416.08
06:28:31 PM      6.09  37351.27
06:28:33 PM      6.00  37465.50
06:28:35 PM      6.12  38482.14
06:28:37 PM      6.03  37852.26
06:28:39 PM      6.06  33151.01
06:28:41 PM      6.53  38300.50
06:28:43 PM      6.09  32639.09
06:28:45 PM      6.12  35452.04
06:28:47 PM      6.60  35539.09
06:28:49 PM      6.06  37352.02
06:28:51 PM      8.08  37544.95
06:28:53 PM      3.52  36053.77
06:28:55 PM      7.00  36833.00
06:28:57 PM     17.09  40170.85
06:28:59 PM      8.63  38808.12
06:29:01 PM      8.08  38561.11
06:29:03 PM      7.58  38872.22
06:29:05 PM     16.33  37443.88
06:29:07 PM     12.06  36905.03
06:29:09 PM      7.58  37883.33
06:29:11 PM     11.56  38745.73
06:29:13 PM     13.13  36667.17
06:29:15 PM     14.72  32713.20
06:29:17 PM      8.72  36542.56
06:29:19 PM      8.50  34713.50
06:29:21 PM      8.08  33490.91
06:29:23 PM      6.03  32867.34
06:29:25 PM      6.12  38047.45
06:29:27 PM      6.00  37387.50
06:29:29 PM      6.00  37186.00
06:29:31 PM      7.61  38358.38
06:29:33 PM      4.52  38576.38
06:29:35 PM      4.57  36384.26
06:29:37 PM      6.03  35064.82
06:29:39 PM      6.09  37653.30
06:29:41 PM      6.03  37918.09
06:29:43 PM      6.09  38446.70
06:29:45 PM      6.09  35523.35
06:29:47 PM      6.00  33241.50
06:29:49 PM      6.00  41502.50
06:29:51 PM      7.61  29740.10
06:29:53 PM      6.03  33734.67
06:29:55 PM      7.61  39482.23
06:29:57 PM     17.00  30136.00
06:29:59 PM      8.54  41906.03
06:30:01 PM      8.54  31523.62
06:30:03 PM      7.50  36181.00
06:30:05 PM     12.06  25623.62
06:30:07 PM     11.56  36485.93
06:30:09 PM      7.58  34911.62
06:30:11 PM     10.20  34071.94
06:30:13 PM     11.56  38438.19
06:30:15 PM     15.31  38681.12
06:30:17 PM      8.46  37136.82
06:30:19 PM      8.59  33362.12
06:30:21 PM      8.54  32464.32
06:30:23 PM      6.60  36764.97
06:30:25 PM      6.09  27628.43
06:30:27 PM      6.06  35435.35
06:30:29 PM      6.06  37564.65
06:30:31 PM      7.65  33342.86
06:30:33 PM      6.00  36975.50
06:30:35 PM      6.06  36818.69
06:30:37 PM      6.06  38115.15
06:30:39 PM      5.97  38276.12
06:30:41 PM      6.57  38175.76
06:30:43 PM      6.06  36975.25
06:30:45 PM      6.03  34995.48
06:30:47 PM      6.06  35995.96
06:30:49 PM      6.03  39059.80
06:30:51 PM      6.03  37836.18
06:30:53 PM      4.52  37124.12
06:30:55 PM      7.50  37091.50
06:30:57 PM     17.44  38084.62
06:30:59 PM      8.63  38714.21
06:31:01 PM      8.08  36383.84
06:31:03 PM      7.58  32235.86
06:31:05 PM     11.68  34711.17
06:31:07 PM     11.50  37035.50
06:31:09 PM      7.58  36945.45
06:31:11 PM     11.62  38296.97
06:31:13 PM     13.07  39156.78
06:31:15 PM     14.65  32879.29
06:31:17 PM      8.59  37303.54
06:31:19 PM      9.18  37508.16
06:31:21 PM      8.00  37135.00
06:31:23 PM      6.09  38279.70
06:31:25 PM     46.23  33579.90
06:31:27 PM     65.50   7408.50
06:31:29 PM      6.09    935.53
06:31:31 PM      6.50    999.50
06:31:33 PM      4.52    940.70
