22:18:49
0
22:18:51
0
22:18:53
0
22:18:55
0
22:18:58
0
22:19:00
0
22:19:02
0
22:19:04
0
22:19:06
0
22:19:08
0
22:19:10
0
22:19:12
0
22:19:15
0
22:19:17
0
22:19:19
0
22:19:21
0
22:19:23
0
22:19:25
0
22:19:27
0
22:19:29
0
22:19:31
0
22:19:34
0
22:19:36
0
22:19:38
0
22:19:40
0
22:19:42
0
22:19:44
0
22:19:46
0
22:19:48
0
22:19:50
0
22:19:52
0
22:19:55
0
22:19:57
0
22:19:59
0
22:20:01
0
22:20:03
0
22:20:05
0
22:20:07
0
22:20:09
0
22:20:11
0
22:20:14
0
22:20:16
0
22:20:18
0
22:20:20
0
22:20:22
0
22:20:24
0
22:20:26
0
22:20:28
0
22:20:30
0
22:20:32
0
22:20:35
0
22:20:37
0
22:20:39
0
22:20:41
0
22:20:43
0
22:20:45
0
22:20:47
0
22:20:49
0
22:20:51
0
22:20:53
0
22:20:56
0
22:20:58
0
22:21:00
0
22:21:02
0
22:21:04
0
22:21:06
0
22:21:08
0
22:21:10
0
22:21:12
0
22:21:15
0
22:21:17
0
22:21:19
0
22:21:21
0
22:21:23
0
22:21:25
0
22:21:27
0
22:21:29
0
22:21:31
0
22:21:33
0
22:21:36
0
22:21:38
0
22:21:40
0
22:21:42
0
22:21:44
0
22:21:46
0
22:21:48
0
22:21:50
0
22:21:52
0
22:21:54
0
22:21:57
0
22:21:59
0
22:22:01
0
22:22:03
0
22:22:05
0
22:22:07
0
22:22:09
0
22:22:11
0
22:22:13
0
22:22:16
0
22:22:18
0
22:22:20
0
22:22:22
0
22:22:24
0
22:22:26
0
22:22:28
0
22:22:30
0
22:22:32
0
22:22:35
0
22:22:37
0
22:22:39
0
22:22:41
0
22:22:43
0
22:22:45
0
22:22:47
0
22:22:49
0
22:22:51
0
22:22:54
0
22:22:56
0
22:22:58
0
22:23:00
0
22:23:02
0
22:23:04
0
22:23:06
0
22:23:08
0
22:23:10
0
22:23:13
0
22:23:15
0
22:23:17
0
22:23:19
0
22:23:21
0
22:23:23
0
22:23:25
0
22:23:27
0
22:23:30
0
22:23:32
0
22:23:34
0
22:23:36
0
22:23:38
0
22:23:40
0
22:23:42
0
22:23:44
0
22:23:46
0
22:23:49
0
22:23:51
0
22:23:53
0
22:23:55
0
22:23:57
0
22:23:59
0
22:24:01
0
22:24:03
0
22:24:05
0
22:24:08
0
22:24:10
0
22:24:12
0
22:24:14
0
22:24:16
0
22:24:18
0
22:24:20
0
22:24:22
0
22:24:24
0
22:24:26
0
22:24:29
0
22:24:31
0
22:24:33
0
22:24:35
0
22:24:37
0
22:24:39
0
22:24:41
0
22:24:43
0
22:24:45
0
22:24:47
0
22:24:50
0
22:24:52
0
22:24:54
0
22:24:56
0
22:24:58
0
22:25:00
0
22:25:02
0
22:25:04
0
22:25:06
0
22:25:09
0
22:25:11
0
22:25:13
0
22:25:15
0
22:25:17
0
22:25:19
0
22:25:21
0
22:25:23
0
22:25:25
0
22:25:28
0
22:25:30
0
22:25:32
0
22:25:34
0
22:25:36
0
22:25:38
0
22:25:40
0
22:25:42
0
22:25:44
0
22:25:46
0
22:25:49
0
22:25:51
0
22:25:53
0
22:25:55
0
22:25:57
0
22:25:59
0
22:26:01
0
22:26:03
0
22:26:05
0
22:26:07
0
22:26:10
0
22:26:12
0
22:26:14
0
22:26:16
0
22:26:18
0
22:26:20
0
22:26:22
0
22:26:24
0
22:26:26
0
22:26:29
0
22:26:31
0
22:26:33
0
22:26:35
0
22:26:37
0
22:26:39
0
22:26:41
0
22:26:43
0
22:26:45
0
22:26:48
0
22:26:50
0
22:26:52
0
22:26:54
0
22:26:56
0
22:26:58
0
22:27:00
0
22:27:02
0
22:27:04
0
22:27:06
0
22:27:09
0
22:27:11
0
22:27:13
0
22:27:15
0
22:27:17
0
22:27:19
0
22:27:21
0
22:27:23
0
22:27:25
0
22:27:28
0
22:27:30
0
22:27:32
0
22:27:34
0
22:27:36
0
22:27:38
0
22:27:40
0
22:27:42
0
22:27:44
0
22:27:47
0
22:27:49
0
22:27:51
0
22:27:53
0
22:27:55
0
22:27:57
0
22:27:59
0
22:28:01
0
22:28:03
0
22:28:06
0
22:28:08
0
22:28:10
0
22:28:12
0
22:28:14
0
22:28:16
0
22:28:18
0
22:28:20
0
22:28:22
0
22:28:24
0
22:28:27
0
22:28:29
0
22:28:31
0
22:28:33
0
22:28:35
0
22:28:37
0
22:28:39
0
22:28:41
0
22:28:43
0
22:28:46
0
22:28:48
0
22:28:50
0
22:28:52
0
22:28:54
0
22:28:56
0
22:28:58
0
22:29:00
0
22:29:02
0
22:29:05
0
22:29:07
0
22:29:09
0
22:29:11
0
22:29:13
0
22:29:15
0
22:29:17
0
22:29:19
0
22:29:21
0
22:29:24
0
22:29:26
0
22:29:28
0
22:29:30
0
22:29:32
0
22:29:34
0
22:29:36
0
22:29:38
0
22:29:40
0
22:29:42
0
22:29:45
0
22:29:47
0
22:29:49
0
22:29:51
0
22:29:53
0
22:29:55
0
22:29:57
0
22:29:59
0
22:30:01
0
22:30:04
0
22:30:06
0
22:30:08
0
22:30:10
0
22:30:12
0
22:30:14
0
22:30:16
0
22:30:18
0
22:30:20
0
22:30:23
0
22:30:25
0
22:30:27
0
22:30:29
0
22:30:31
0
22:30:33
0
22:30:35
0
22:30:37
0
22:30:39
0
22:30:41
0
22:30:44
0
22:30:46
0
22:30:48
0
22:30:50
0
22:30:52
0
22:30:54
0
22:30:56
0
22:30:58
0
22:31:00
0
22:31:03
0
22:31:05
0
22:31:07
0
22:31:09
0
22:31:11
0
22:31:13
0
22:31:15
0
22:31:17
0
22:31:19
0
22:31:21
0
22:31:24
0
22:31:26
0
22:31:28
0
22:31:30
0
22:31:32
0
22:31:34
0
22:31:36
0
22:31:38
0
22:31:41
0
22:31:43
0
22:31:45
0
22:31:47
0
22:31:49
0
22:31:51
0
22:31:53
0
22:31:55
0
22:31:57
0
22:32:00
0
22:32:02
0
22:32:04
0
22:32:06
0
22:32:08
0
22:32:10
0
22:32:12
0
22:32:14
0
22:32:16
0
22:32:18
0
22:32:21
0
22:32:23
0
22:32:25
0
22:32:27
0
22:32:29
0
22:32:31
0
22:32:33
0
22:32:35
0
22:32:37
0
22:32:40
0
22:32:42
0
22:32:44
0
22:32:46
0
22:32:48
0
22:32:50
0
22:32:52
0
22:32:54
0
22:32:56
0
22:32:59
0
22:33:01
0
22:33:03
0
22:33:05
0
22:33:07
0
22:33:09
0
22:33:11
0
22:33:13
0
22:33:15
0
22:33:18
0
22:33:20
0
22:33:22
0
22:33:24
0
22:33:26
0
22:33:28
0
22:33:30
0
22:33:32
0
22:33:35
0
22:33:37
0
22:33:39
0
22:33:41
0
22:33:43
0
22:33:45
0
22:33:47
0
22:33:49
0
22:33:51
0
22:33:54
0
22:33:56
0
22:33:58
0
22:34:00
0
22:34:02
0
22:34:04
0
22:34:06
0
22:34:08
0
22:34:10
0
22:34:12
0
22:34:15
0
22:34:17
0
22:34:19
0
22:34:21
0
22:34:23
0
22:34:25
0
22:34:27
0
22:34:29
0
22:34:31
0
22:34:34
0
22:34:36
0
22:34:38
0
22:34:40
0
22:34:42
0
22:34:44
0
22:34:46
0
22:34:48
0
22:34:50
0
22:34:52
0
22:34:55
0
22:34:57
0
22:34:59
0
22:35:01
0
22:35:03
0
22:35:05
0
22:35:07
0
22:35:09
0
22:35:11
0
22:35:14
0
22:35:16
0
22:35:18
0
22:35:20
0
22:35:22
0
22:35:24
0
22:35:26
0
22:35:28
0
22:35:30
0
22:35:32
0
22:35:35
0
22:35:37
0
22:35:39
0
22:35:41
0
22:35:43
0
22:35:45
0
22:35:47
0
22:35:49
0
22:35:51
0
22:35:54
0
22:35:56
0
22:35:58
0
22:36:00
0
22:36:02
0
22:36:04
0
22:36:06
0
22:36:08
0
22:36:10
0
22:36:13
0
22:36:15
0
22:36:17
0
22:36:19
0
22:36:21
0
22:36:23
0
22:36:25
0
22:36:27
0
22:36:29
0
22:36:31
0
22:36:34
0
22:36:36
0
22:36:38
0
22:36:40
0
22:36:42
0
22:36:44
0
22:36:46
0
22:36:48
0
22:36:50
0
22:36:52
0
22:36:55
0
22:36:57
0
22:36:59
0
22:37:01
0
22:37:03
0
22:37:05
0
22:37:07
0
22:37:09
0
22:37:11
0
22:37:14
0
22:37:16
0
22:37:18
0
22:37:20
0
22:37:22
0
22:37:24
0
22:37:26
0
22:37:28
0
22:37:30
0
22:37:33
0
22:37:35
0
22:37:37
0
22:37:39
0
22:37:41
0
22:37:43
0
22:37:45
0
22:37:47
0
22:37:49
0
22:37:52
0
22:37:54
0
22:37:56
0
22:37:58
0
22:38:00
0
22:38:02
0
22:38:04
0
22:38:06
0
22:38:08
0
22:38:11
0
22:38:13
0
22:38:15
0
22:38:17
0
22:38:19
0
22:38:21
0
22:38:23
0
22:38:25
0
22:38:27
0
22:38:29
0
22:38:32
0
22:38:34
0
22:38:36
0
22:38:38
0
22:38:40
0
22:38:42
0
22:38:44
0
22:38:46
0
22:38:48
0
22:38:50
0
22:38:53
0
22:38:55
0
22:38:57
0
22:38:59
0
22:39:01
0
22:39:03
0
22:39:05
0
22:39:07
0
22:39:09
0
22:39:12
0
22:39:14
0
22:39:16
0
22:39:18
0
22:39:20
0
22:39:22
0
22:39:24
0
22:39:26
0
22:39:28
0
22:39:31
0
22:39:33
0
22:39:35
0
22:39:37
0
22:39:39
0
22:39:41
0
22:39:43
0
22:39:45
0
22:39:47
0
22:39:49
0
22:39:51
0
22:39:54
0
22:39:56
0
22:39:58
0
22:40:00
0
22:40:02
0
22:40:04
0
22:40:06
0
22:40:08
0
22:40:10
0
22:40:13
0
22:40:15
0
22:40:17
0
22:40:19
0
22:40:21
0
22:40:23
0
22:40:25
0
22:40:27
0
22:40:29
0
22:40:31
0
22:40:34
0
22:40:36
0
22:40:38
0
22:40:40
0
22:40:42
0
22:40:44
0
22:40:46
0
22:40:48
0
22:40:50
0
22:40:52
0
22:40:55
0
22:40:57
0
22:40:59
0
22:41:01
0
22:41:03
0
22:41:05
0
22:41:07
0
22:41:09
0
22:41:11
0
22:41:14
0
22:41:16
0
22:41:18
0
22:41:20
0
22:41:22
0
22:41:24
0
22:41:26
0
22:41:28
0
22:41:30
0
22:41:32
0
22:41:35
0
22:41:37
0
22:41:39
0
22:41:41
0
22:41:43
0
22:41:45
0
22:41:47
0
22:41:49
0
22:41:51
0
22:41:54
0
22:41:56
0
22:41:58
0
22:42:00
0
22:42:02
0
22:42:04
0
22:42:06
0
22:42:08
0
22:42:10
0
22:42:12
0
22:42:15
0
22:42:17
0
22:42:19
0
22:42:21
0
22:42:23
0
22:42:25
0
22:42:27
0
22:42:29
0
22:42:31
0
22:42:33
0
22:42:36
0
22:42:38
0
22:42:40
0
22:42:42
0
22:42:44
0
22:42:46
0
22:42:48
0
22:42:50
0
22:42:52
0
22:42:54
0
22:42:57
0
22:42:59
0
22:43:01
0
22:43:03
0
22:43:05
0
22:43:07
0
22:43:09
0
22:43:11
0
22:43:13
0
22:43:15
0
22:43:18
0
22:43:20
0
22:43:22
0
22:43:24
0
22:43:26
0
22:43:28
0
22:43:30
0
22:43:32
0
22:43:34
0
22:43:37
0
22:43:39
0
22:43:41
0
22:43:43
0
22:43:45
0
22:43:47
0
22:43:49
0
22:43:51
0
22:43:53
0
22:43:55
0
22:43:58
0
22:44:00
0
22:44:02
0
22:44:04
0
22:44:06
0
22:44:08
0
22:44:10
0
22:44:12
0
22:44:14
0
22:44:16
0
22:44:19
0
22:44:21
0
22:44:23
0
22:44:25
0
22:44:27
0
22:44:29
0
22:44:31
0
22:44:33
0
22:44:35
0
22:44:37
0
22:44:40
0
22:44:42
0
22:44:44
0
22:44:46
0
22:44:48
0
22:44:50
0
22:44:52
0
22:44:54
0
22:44:56
0
22:44:58
0
22:45:01
0
22:45:03
0
22:45:05
0
22:45:07
0
22:45:09
0
22:45:11
0
22:45:13
0
22:45:15
0
22:45:17
0
22:45:20
0
22:45:22
0
22:45:24
0
22:45:26
0
22:45:28
0
22:45:30
0
22:45:32
0
22:45:34
0
22:45:36
0
22:45:39
0
22:45:41
0
22:45:43
0
22:45:45
0
22:45:47
0
22:45:49
0
22:45:51
0
22:45:53
0
22:45:55
0
22:45:57
0
22:46:00
0
22:46:02
0
22:46:04
0
22:46:06
0
22:46:08
0
22:46:10
0
22:46:12
0
22:46:14
0
22:46:16
0
22:46:19
0
22:46:21
0
22:46:23
0
22:46:25
0
22:46:27
0
22:46:29
0
22:46:31
0
22:46:33
0
22:46:35
0
22:46:38
0
22:46:40
0
22:46:42
0
22:46:44
0
22:46:46
0
22:46:48
0
22:46:50
0
22:46:52
0
22:46:54
0
22:46:56
0
22:46:59
0
22:47:01
0
22:47:03
0
22:47:05
0
22:47:07
0
22:47:09
0
22:47:11
0
22:47:13
0
22:47:15
0
22:47:18
0
22:47:20
0
22:47:22
0
22:47:24
0
22:47:26
0
22:47:28
0
22:47:30
0
22:47:32
0
22:47:34
0
22:47:36
0
22:47:39
0
22:47:41
0
22:47:43
0
22:47:45
0
22:47:47
0
22:47:49
0
22:47:51
0
22:47:53
0
22:47:55
0
22:47:57
0
22:48:00
0
22:48:02
0
22:48:04
0
22:48:06
0
22:48:08
0
22:48:10
0
22:48:12
0
22:48:14
0
22:48:16
0
22:48:19
0
22:48:21
0
22:48:23
0
22:48:25
0
22:48:27
0
22:48:29
0
22:48:31
0
22:48:33
0
22:48:35
0
22:48:38
0
22:48:40
0
22:48:42
0
22:48:44
0
22:48:46
0
22:48:48
0
22:48:50
0
22:48:52
0
22:48:54
0
22:48:56
0
22:48:59
0
22:49:01
0
22:49:03
0
22:49:05
0
22:49:07
0
22:49:09
0
22:49:11
0
22:49:13
0
22:49:15
0
22:49:18
0
22:49:20
0
22:49:22
0
22:49:24
0
22:49:26
0
22:49:28
0
22:49:30
0
22:49:32
0
22:49:34
0
22:49:36
0
22:49:39
0
22:49:41
0
22:49:43
0
22:49:45
0
22:49:47
0
22:49:49
0
22:49:51
0
22:49:53
0
22:49:55
0
22:49:58
0
22:50:00
0
22:50:02
0
22:50:04
0
22:50:06
0
22:50:08
0
22:50:10
0
22:50:12
0
22:50:14
0
22:50:16
0
22:50:19
0
22:50:21
0
22:50:23
0
22:50:25
0
22:50:27
0
22:50:29
0
22:50:31
0
22:50:33
0
22:50:35
0
22:50:38
0
22:50:40
0
22:50:42
0
22:50:44
0
22:50:46
0
22:50:48
0
22:50:50
0
22:50:52
0
22:50:54
0
22:50:56
0
22:50:59
0
22:51:01
0
22:51:03
0
22:51:05
0
22:51:07
0
22:51:09
0
22:51:11
0
22:51:13
0
22:51:15
0
22:51:18
0
22:51:20
0
22:51:22
0
22:51:24
0
22:51:26
0
22:51:28
0
22:51:30
0
22:51:32
0
22:51:34
0
22:51:36
0
22:51:39
0
22:51:41
0
22:51:43
0
22:51:45
0
22:51:47
0
22:51:49
0
22:51:51
0
22:51:53
0
22:51:55
0
22:51:57
0
22:52:00
0
22:52:02
0
22:52:04
0
22:52:06
0
22:52:08
0
22:52:10
0
22:52:12
0
22:52:14
0
22:52:17
0
22:52:19
0
22:52:21
0
22:52:23
0
22:52:25
0
22:52:27
0
22:52:29
0
22:52:31
0
22:52:33
0
22:52:35
0
22:52:38
0
22:52:40
0
22:52:42
0
22:52:44
0
22:52:46
0
22:52:48
0
22:52:50
0
22:52:52
0
22:52:54
0
22:52:57
0
22:52:59
0
22:53:01
0
22:53:03
0
22:53:05
0
22:53:07
0
22:53:09
0
22:53:11
0
22:53:13
0
22:53:15
0
22:53:18
0
22:53:20
0
22:53:22
0
22:53:24
0
22:53:26
0
22:53:28
0
22:53:30
0
22:53:32
0
22:53:34
0
22:53:37
0
22:53:39
0
22:53:41
0
22:53:43
0
22:53:45
0
22:53:47
0
22:53:49
0
22:53:51
0
22:53:53
0
22:53:56
0
22:53:58
0
22:54:00
0
22:54:02
0
22:54:04
0
22:54:06
0
22:54:08
0
22:54:10
0
22:54:12
0
22:54:15
0
22:54:17
0
22:54:19
0
22:54:21
0
22:54:23
0
22:54:25
0
22:54:27
0
22:54:29
0
22:54:32
0
22:54:34
0
22:54:36
0
22:54:38
0
22:54:40
0
22:54:42
0
22:54:44
0
22:54:46
0
22:54:48
0
22:54:51
0
22:54:53
0
22:54:55
0
22:54:57
0
22:54:59
0
22:55:01
0
22:55:03
0
22:55:05
0
22:55:07
0
22:55:09
0
22:55:12
0
22:55:14
0
22:55:16
0
22:55:18
0
22:55:20
0
22:55:22
0
22:55:24
0
22:55:26
0
22:55:28
0
22:55:30
0
22:55:33
0
22:55:35
0
22:55:37
0
22:55:39
0
22:55:41
0
22:55:43
0
22:55:45
0
22:55:47
0
22:55:49
0
22:55:52
0
22:55:54
0
22:55:56
0
22:55:58
0
22:56:00
0
22:56:02
0
22:56:04
0
22:56:06
0
22:56:09
0
22:56:11
0
22:56:13
0
22:56:15
0
22:56:17
0
22:56:19
0
22:56:21
0
22:56:23
0
22:56:25
0
22:56:28
0
22:56:30
0
22:56:32
0
22:56:34
0
22:56:36
0
22:56:38
0
22:56:40
0
22:56:42
0
22:56:44
0
22:56:47
0
22:56:49
0
22:56:51
0
22:56:53
0
22:56:55
0
22:56:57
0
22:56:59
0
22:57:01
0
22:57:03
0
22:57:05
0
22:57:08
0
22:57:10
0
22:57:12
0
22:57:14
0
22:57:16
0
22:57:18
0
22:57:20
0
22:57:22
0
22:57:24
0
22:57:27
0
22:57:29
0
22:57:31
0
22:57:33
0
22:57:35
0
22:57:37
0
22:57:39
0
22:57:41
0
22:57:43
0
22:57:46
0
22:57:48
0
22:57:50
0
22:57:52
0
22:57:54
0
22:57:56
0
22:57:58
0
22:58:00
0
22:58:02
0
22:58:05
0
22:58:07
0
22:58:09
0
22:58:11
0
22:58:13
0
22:58:15
0
22:58:17
0
22:58:19
0
22:58:21
0
22:58:23
0
22:58:26
0
22:58:28
0
22:58:30
0
22:58:32
0
22:58:34
0
22:58:36
0
22:58:38
0
22:58:40
0
22:58:42
0
22:58:45
0
22:58:47
0
22:58:49
0
22:58:51
0
22:58:53
0
22:58:55
0
22:58:57
0
22:58:59
0
22:59:01
0
22:59:03
0
22:59:06
0
22:59:08
0
22:59:10
0
22:59:12
0
22:59:14
0
22:59:16
0
22:59:18
0
22:59:20
0
22:59:22
0
22:59:24
0
22:59:27
0
22:59:29
0
22:59:31
0
22:59:33
0
22:59:35
0
22:59:37
0
22:59:39
0
22:59:41
0
22:59:43
0
22:59:46
0
22:59:48
0
22:59:50
0
22:59:52
0
22:59:54
0
22:59:56
0
22:59:58
0
23:00:00
0
23:00:02
0
23:00:05
0
23:00:07
0
23:00:09
0
23:00:11
0
23:00:13
0
23:00:15
0
23:00:17
0
23:00:19
0
23:00:21
0
23:00:24
0
23:00:26
0
23:00:28
0
23:00:30
0
23:00:32
0
23:00:34
0
23:00:36
0
23:00:38
0
23:00:40
0
23:00:43
0
23:00:45
0
23:00:47
0
23:00:49
0
23:00:51
0
23:00:53
0
23:00:55
0
23:00:57
0
23:01:00
0
23:01:02
0
23:01:04
0
23:01:06
0
23:01:08
0
23:01:10
0
23:01:12
0
23:01:14
0
23:01:16
0
23:01:19
0
23:01:21
0
23:01:23
0
23:01:25
0
23:01:27
0
23:01:29
0
23:01:31
0
23:01:33
0
23:01:35
0
23:01:38
0
23:01:40
0
23:01:42
0
23:01:44
0
23:01:46
0
23:01:48
0
23:01:50
0
23:01:52
0
23:01:54
0
23:01:56
0
23:01:59
0
23:02:01
0
23:02:03
0
23:02:05
0
23:02:07
0
23:02:09
0
23:02:11
0
23:02:13
0
23:02:16
0
23:02:18
0
23:02:20
0
23:02:22
0
23:02:24
0
23:02:26
0
23:02:28
0
23:02:30
0
23:02:32
0
23:02:34
0
23:02:36
0
23:02:39
0
23:02:41
0
23:02:43
0
23:02:45
0
23:02:47
0
23:02:49
0
23:02:51
0
23:02:53
0
23:02:55
0
23:02:58
0
23:03:00
0
23:03:02
0
23:03:04
0
23:03:06
0
23:03:08
0
23:03:10
0
23:03:12
0
23:03:14
0
23:03:17
0
23:03:19
0
23:03:21
0
23:03:23
0
23:03:25
0
23:03:27
0
23:03:29
0
23:03:31
0
23:03:33
0
23:03:35
0
23:03:37
0
23:03:40
0
23:03:42
0
23:03:44
0
23:03:46
0
23:03:48
0
23:03:50
0
23:03:52
0
23:03:54
0
23:03:56
0
23:03:59
0
23:04:01
0
23:04:03
0
23:04:05
0
23:04:07
0
23:04:09
0
23:04:11
0
23:04:13
0
23:04:15
0
23:04:17
0
23:04:20
0
23:04:22
0
23:04:24
0
23:04:26
0
23:04:28
0
23:04:30
0
23:04:32
0
23:04:34
0
23:04:36
0
23:04:39
0
23:04:41
0
23:04:43
0
23:04:45
0
23:04:47
0
23:04:49
0
23:04:51
0
23:04:53
0
23:04:55
0
23:04:58
0
23:05:00
0
23:05:02
0
23:05:04
0
23:05:06
0
23:05:08
0
23:05:10
0
23:05:12
0
23:05:14
0
23:05:17
0
23:05:19
0
23:05:21
0
23:05:23
0
23:05:25
0
23:05:27
0
23:05:29
0
23:05:31
0
23:05:33
0
23:05:36
0
23:05:38
0
23:05:40
0
23:05:42
0
23:05:44
0
23:05:46
0
23:05:48
0
23:05:50
0
23:05:52
0
23:05:54
0
23:05:57
0
23:05:59
0
23:06:01
0
23:06:03
0
23:06:05
0
23:06:07
0
23:06:09
0
23:06:11
0
23:06:13
0
23:06:15
0
23:06:18
0
23:06:20
0
23:06:22
0
23:06:24
0
23:06:26
0
23:06:28
0
23:06:30
0
23:06:32
0
23:06:34
0
23:06:37
0
23:06:39
0
23:06:41
0
23:06:43
0
23:06:45
0
23:06:47
0
23:06:49
0
23:06:51
0
23:06:53
0
23:06:55
0
23:06:58
0
23:07:00
0
23:07:02
0
23:07:04
0
23:07:06
0
23:07:08
0
23:07:10
0
23:07:12
0
23:07:14
0
23:07:17
0
23:07:19
0
23:07:21
0
23:07:23
0
23:07:25
0
23:07:27
0
23:07:29
0
23:07:31
0
23:07:33
0
23:07:36
0
23:07:38
0
23:07:40
0
23:07:42
0
23:07:44
0
23:07:46
0
23:07:48
0
23:07:50
0
23:07:52
0
23:07:55
0
23:07:57
0
23:07:59
0
23:08:01
0
23:08:03
0
23:08:05
0
23:08:07
0
23:08:09
0
23:08:12
0
23:08:14
0
23:08:16
0
23:08:18
0
23:08:20
0
23:08:22
0
23:08:24
0
23:08:26
0
23:08:28
0
23:08:30
0
23:08:33
0
23:08:35
0
23:08:37
0
23:08:39
0
23:08:41
0
23:08:43
0
23:08:45
0
23:08:47
0
23:08:49
0
23:08:52
0
23:08:54
0
23:08:56
0
23:08:58
0
23:09:00
0
23:09:02
0
23:09:04
0
23:09:06
0
23:09:08
0
23:09:11
0
23:09:13
0
23:09:15
0
23:09:17
0
23:09:19
0
23:09:21
0
23:09:23
0
23:09:25
0
23:09:27
0
23:09:29
0
23:09:32
0
23:09:34
0
23:09:36
0
23:09:38
0
23:09:40
0
23:09:42
0
23:09:44
0
23:09:46
0
23:09:48
0
23:09:50
0
23:09:53
0
23:09:55
0
23:09:57
0
23:09:59
0
23:10:01
0
23:10:03
0
23:10:05
0
23:10:07
0
23:10:09
0
23:10:12
0
23:10:14
0
23:10:16
0
23:10:18
0
23:10:20
0
23:10:22
0
23:10:24
0
23:10:26
0
23:10:28
0
23:10:31
0
23:10:33
0
23:10:35
0
23:10:37
0
23:10:39
0
23:10:41
0
23:10:43
0
23:10:45
0
23:10:47
0
23:10:49
0
23:10:52
0
23:10:54
0
23:10:56
0
23:10:58
0
23:11:00
0
23:11:02
0
23:11:04
0
23:11:06
0
23:11:08
0
23:11:10
0
23:11:13
0
23:11:15
0
23:11:17
0
23:11:19
0
23:11:21
0
23:11:23
0
23:11:25
0
23:11:27
0
23:11:29
0
23:11:32
0
23:11:34
0
23:11:36
0
23:11:38
0
23:11:40
0
23:11:42
0
23:11:44
0
23:11:46
0
23:11:48
0
23:11:50
0
23:11:53
0
23:11:55
0
23:11:57
0
23:11:59
0
23:12:01
0
23:12:03
0
23:12:05
0
23:12:07
0
23:12:09
0
23:12:12
0
23:12:14
0
23:12:16
0
23:12:18
0
23:12:20
0
23:12:22
0
23:12:24
0
23:12:26
0
23:12:28
0
23:12:31
0
23:12:33
0
23:12:35
0
23:12:37
0
23:12:39
0
23:12:41
0
23:12:43
0
23:12:45
0
23:12:47
0
23:12:50
0
23:12:52
0
23:12:54
0
23:12:56
0
23:12:58
0
23:13:00
0
23:13:02
0
23:13:04
0
23:13:06
0
23:13:08
0
23:13:11
0
23:13:13
0
23:13:15
0
23:13:17
0
23:13:19
0
23:13:21
0
23:13:23
0
23:13:25
0
23:13:27
0
23:13:29
0
23:13:32
0
23:13:34
0
23:13:36
0
23:13:38
0
23:13:40
0
23:13:42
0
23:13:44
0
23:13:46
0
23:13:48
0
23:13:51
0
23:13:53
0
23:13:55
0
23:13:57
0
23:13:59
0
23:14:01
0
23:14:03
0
23:14:05
0
23:14:07
0
23:14:09
0
23:14:12
0
23:14:14
0
23:14:16
0
23:14:18
0
23:14:20
0
23:14:22
0
23:14:24
0
23:14:26
0
23:14:28
0
23:14:30
0
23:14:33
0
23:14:35
0
23:14:37
0
23:14:39
0
23:14:41
0
23:14:43
0
23:14:45
0
23:14:47
0
23:14:50
0
23:14:52
0
23:14:54
0
23:14:56
0
23:14:58
0
23:15:00
0
23:15:02
0
23:15:04
0
23:15:06
0
23:15:09
0
23:15:11
0
23:15:13
0
23:15:15
0
23:15:17
0
23:15:19
0
23:15:21
0
23:15:23
0
23:15:25
0
23:15:28
0
23:15:30
0
23:15:32
0
23:15:34
0
23:15:36
0
23:15:38
0
23:15:40
0
23:15:42
0
23:15:44
0
23:15:46
0
23:15:49
0
23:15:51
0
23:15:53
0
23:15:55
0
23:15:57
0
23:15:59
0
23:16:01
0
23:16:03
0
23:16:06
0
23:16:08
0
23:16:10
0
23:16:12
0
23:16:14
0
23:16:16
0
23:16:18
0
23:16:20
0
23:16:22
0
23:16:24
0
23:16:27
0
23:16:29
0
23:16:31
0
23:16:33
0
23:16:35
0
23:16:37
0
23:16:39
0
23:16:41
0
23:16:43
0
23:16:46
0
23:16:48
0
23:16:50
0
23:16:52
0
23:16:54
0
23:16:56
0
23:16:58
0
23:17:00
0
23:17:02
0
23:17:05
0
23:17:07
0
23:17:09
0
23:17:11
0
23:17:13
0
23:17:15
0
23:17:17
0
23:17:19
0
23:17:21
0
23:17:24
0
23:17:26
0
23:17:28
0
23:17:30
0
23:17:32
0
23:17:34
0
23:17:36
0
23:17:38
0
23:17:40
0
23:17:42
0
23:17:45
0
23:17:47
0
23:17:49
0
23:17:51
0
23:17:53
0
23:17:55
0
23:17:57
0
23:17:59
0
23:18:01
0
23:18:04
0
23:18:06
0
23:18:08
0
23:18:10
0
23:18:12
0
23:18:14
0
23:18:16
0
23:18:18
0
23:18:20
0
23:18:23
0
23:18:25
0
23:18:27
0
23:18:29
0
23:18:31
0
23:18:33
0
23:18:35
0
23:18:37
0
23:18:39
0
23:18:41
0
23:18:44
0
23:18:46
0
23:18:48
0
23:18:50
0
23:18:52
0
23:18:54
0
23:18:56
0
23:18:58
0
23:19:00
0
23:19:03
0
23:19:05
0
23:19:07
0
23:19:09
0
23:19:11
0
23:19:13
0
23:19:15
0
23:19:17
0
23:19:19
0
23:19:21
0
23:19:24
0
23:19:26
0
23:19:28
0
23:19:30
0
23:19:32
0
23:19:34
0
23:19:36
0
23:19:38
0
23:19:41
0
23:19:43
0
23:19:45
0
23:19:47
0
23:19:49
0
23:19:51
0
23:19:53
0
23:19:55
0
23:19:57
0
23:20:00
0
23:20:02
0
23:20:04
0
23:20:06
0
23:20:08
0
23:20:10
0
23:20:12
0
23:20:14
0
23:20:17
0
23:20:19
0
23:20:21
0
23:20:23
0
23:20:25
0
23:20:27
0
23:20:29
0
23:20:31
0
23:20:33
0
23:20:36
0
23:20:38
0
23:20:40
0
23:20:42
0
23:20:44
0
23:20:46
0
23:20:48
0
23:20:50
0
23:20:52
0
23:20:54
0
23:20:57
0
23:20:59
0
23:21:01
0
23:21:03
0
23:21:05
0
23:21:07
0
23:21:09
0
23:21:11
0
23:21:13
0
23:21:16
0
23:21:18
0
23:21:20
0
23:21:22
0
23:21:24
0
23:21:26
0
23:21:28
0
23:21:30
0
23:21:33
0
23:21:35
0
23:21:37
0
23:21:39
0
23:21:41
0
23:21:43
0
23:21:45
0
23:21:47
0
23:21:49
0
23:21:52
0
23:21:54
0
23:21:56
0
23:21:58
0
23:22:00
0
23:22:02
0
23:22:04
0
23:22:06
0
23:22:08
0
23:22:10
0
23:22:13
0
23:22:15
0
23:22:17
0
23:22:19
0
23:22:21
0
23:22:23
0
23:22:25
0
23:22:27
0
23:22:29
0
23:22:31
0
23:22:34
0
23:22:36
0
23:22:38
0
23:22:40
0
23:22:42
0
23:22:44
0
23:22:46
0
23:22:48
0
23:22:50
0
23:22:53
0
23:22:55
0
23:22:57
0
23:22:59
0
23:23:01
0
23:23:03
0
23:23:05
0
23:23:07
0
23:23:09
0
23:23:12
0
23:23:14
0
23:23:16
0
23:23:18
0
23:23:20
0
23:23:22
0
23:23:24
0
23:23:26
0
23:23:28
0
23:23:30
0
23:23:33
0
23:23:35
0
23:23:37
0
23:23:39
0
23:23:41
0
23:23:43
0
23:23:45
0
23:23:47
0
23:23:49
0
23:23:52
0
23:23:54
0
23:23:56
0
23:23:58
0
23:24:00
0
23:24:02
0
23:24:04
0
23:24:06
0
23:24:09
0
23:24:11
0
23:24:13
0
23:24:15
0
23:24:17
0
23:24:19
0
23:24:21
0
23:24:23
0
23:24:25
0
23:24:27
0
23:24:30
0
23:24:32
0
23:24:34
0
23:24:36
0
23:24:38
0
23:24:40
0
23:24:42
0
23:24:44
0
23:24:46
0
23:24:48
0
23:24:51
0
23:24:53
0
23:24:55
0
23:24:57
0
23:24:59
0
23:25:01
0
23:25:03
0
23:25:05
0
23:25:08
0
23:25:10
0
23:25:12
0
23:25:14
0
23:25:16
0
23:25:18
0
23:25:20
0
23:25:22
0
23:25:24
0
23:25:26
0
23:25:29
0
23:25:31
0
23:25:33
0
23:25:35
0
23:25:37
0
23:25:39
0
23:25:41
0
23:25:43
0
23:25:45
0
23:25:47
0
23:25:50
0
23:25:52
0
23:25:54
0
23:25:56
0
23:25:58
0
23:26:00
0
23:26:02
0
23:26:04
0
23:26:07
0
23:26:09
0
23:26:11
0
23:26:13
0
23:26:15
0
23:26:17
0
23:26:19
0
23:26:21
0
23:26:23
0
23:26:26
0
23:26:28
0
23:26:30
0
23:26:32
0
23:26:34
0
23:26:36
0
23:26:38
0
23:26:40
0
23:26:42
0
23:26:45
0
23:26:47
0
23:26:49
0
23:26:51
0
23:26:53
0
23:26:55
0
23:26:57
0
23:26:59
0
23:27:01
0
23:27:03
0
23:27:06
0
23:27:08
0
23:27:10
0
23:27:12
0
23:27:14
0
23:27:16
0
23:27:18
0
23:27:20
0
23:27:22
0
23:27:24
0
23:27:27
0
23:27:29
0
23:27:31
0
23:27:33
0
23:27:35
0
23:27:37
0
23:27:39
0
23:27:41
0
23:27:43
0
23:27:46
0
23:27:48
0
23:27:50
0
23:27:52
0
23:27:54
0
23:27:56
0
23:27:58
0
23:28:00
0
23:28:02
0
23:28:05
0
23:28:07
0
23:28:09
0
23:28:11
0
23:28:13
0
23:28:15
0
23:28:17
0
23:28:19
0
23:28:21
0
23:28:24
0
23:28:26
0
23:28:28
0
23:28:30
0
23:28:32
0
23:28:34
0
23:28:36
0
23:28:38
0
23:28:40
0
23:28:43
0
23:28:45
0
23:28:47
0
23:28:49
0
23:28:51
0
23:28:53
0
23:28:55
0
23:28:57
0
23:28:59
0
23:29:02
0
23:29:04
0
23:29:06
0
23:29:08
0
23:29:10
0
23:29:12
0
23:29:14
0
23:29:16
0
23:29:18
0
23:29:20
0
23:29:23
0
23:29:25
0
23:29:27
0
23:29:29
0
23:29:31
0
23:29:33
0
23:29:35
0
23:29:37
0
23:29:39
0
23:29:42
0
23:29:44
0
23:29:46
0
23:29:48
0
23:29:50
0
23:29:52
0
23:29:54
0
23:29:56
0
23:29:58
0
23:30:00
0
23:30:03
0
23:30:05
0
23:30:07
0
23:30:09
0
23:30:11
0
23:30:13
0
23:30:15
0
23:30:17
0
23:30:19
0
23:30:22
0
23:30:24
0
23:30:26
0
23:30:28
0
23:30:30
0
23:30:32
0
23:30:34
0
23:30:36
0
23:30:38
0
23:30:41
0
23:30:43
0
23:30:45
0
23:30:47
0
23:30:49
0
23:30:51
0
23:30:53
0
23:30:55
0
23:30:57
0
23:30:59
0
23:31:02
0
23:31:04
0
23:31:06
0
23:31:08
0
23:31:10
0
23:31:12
0
23:31:14
0
23:31:16
0
23:31:18
0
23:31:21
0
23:31:23
0
23:31:25
0
23:31:27
0
23:31:29
0
23:31:31
0
23:31:33
0
